#
# There is insufficient memory for the Java Runtime Environment to continue.
# Native memory allocation (malloc) failed to allocate 32744 bytes for ChunkPool::allocate
# Possible reasons:
#   The system is out of physical RAM or swap space
#   In 32 bit mode, the process size limit was hit
# Possible solutions:
#   Reduce memory load on the system
#   Increase physical memory or swap space
#   Check if swap backing store is full
#   Use 64 bit Java on a 64 bit OS
#   Decrease Java heap size (-Xmx/-Xms)
#   Decrease number of Java threads
#   Decrease Java thread stack sizes (-Xss)
#   Set larger code cache with -XX:ReservedCodeCacheSize=
# This output file may be truncated or incomplete.
#
#  Out of Memory Error (allocation.cpp:273), pid=29324, tid=29768
#
# JRE version: Java(TM) SE Runtime Environment (8.0_31-b13) (build 1.8.0_31-b13)
# Java VM: Java HotSpot(TM) 64-Bit Server VM (25.31-b07 mixed mode windows-amd64 compressed oops)
# Failed to write core dump. Minidumps are not enabled by default on client versions of Windows
#

---------------  T H R E A D  ---------------

Current thread (0x0000000017054000):  JavaThread "C1 CompilerThread2" daemon [_thread_in_native, id=29768, stack(0x0000000017500000,0x0000000017600000)]

Stack: [0x0000000017500000,0x0000000017600000]
Native frames: (J=compiled Java code, j=interpreted, Vv=VM code, C=native code)
V  [jvm.dll+0x3169ba]
V  [jvm.dll+0x2674c3]
V  [jvm.dll+0x268103]
V  [jvm.dll+0x25f8f5]
V  [jvm.dll+0xbed81]
V  [jvm.dll+0xbf4cc]
V  [jvm.dll+0x405424]
V  [jvm.dll+0x40edaa]
V  [jvm.dll+0x3ed980]
V  [jvm.dll+0x3edd50]
V  [jvm.dll+0x3ede82]
V  [jvm.dll+0x3ee04e]
V  [jvm.dll+0x3ee24f]
V  [jvm.dll+0x988e2]
V  [jvm.dll+0x990d3]
V  [jvm.dll+0x22c194]
V  [jvm.dll+0x28576a]
C  [msvcr100.dll+0x21d9f]
C  [msvcr100.dll+0x21e3b]
C  [KERNEL32.DLL+0x8364]
C  [ntdll.dll+0x670d1]


Current CompileTask:
C1:    117   55  s!   3       sun.misc.URLClassPath::getLoader (154 bytes)


---------------  P R O C E S S  ---------------

Java Threads: ( => current thread )
  0x0000000017075000 JavaThread "Service Thread" daemon [_thread_blocked, id=21068, stack(0x0000000017600000,0x0000000017700000)]
=>0x0000000017054000 JavaThread "C1 CompilerThread2" daemon [_thread_in_native, id=29768, stack(0x0000000017500000,0x0000000017600000)]
  0x00000000159fc800 JavaThread "C2 CompilerThread1" daemon [_thread_blocked, id=43676, stack(0x0000000017400000,0x0000000017500000)]
  0x00000000159f9000 JavaThread "C2 CompilerThread0" daemon [_thread_blocked, id=42396, stack(0x0000000016f00000,0x0000000017000000)]
  0x00000000159f8800 JavaThread "Attach Listener" daemon [_thread_blocked, id=25184, stack(0x0000000016e00000,0x0000000016f00000)]
  0x00000000159ac800 JavaThread "Signal Dispatcher" daemon [_thread_blocked, id=48504, stack(0x0000000016d00000,0x0000000016e00000)]
  0x00000000032bf000 JavaThread "Finalizer" daemon [_thread_blocked, id=50356, stack(0x0000000016c00000,0x0000000016d00000)]
  0x0000000015968800 JavaThread "Reference Handler" daemon [_thread_blocked, id=6076, stack(0x0000000016b00000,0x0000000016c00000)]
  0x00000000031d1000 JavaThread "main" [_thread_in_Java, id=46840, stack(0x00000000030d0000,0x00000000031d0000)]

Other Threads:
  0x0000000015966800 VMThread [stack: 0x0000000016a00000,0x0000000016b00000] [id=38156]
  0x0000000017077000 WatcherThread [stack: 0x0000000017700000,0x0000000017800000] [id=17508]

VM state:not at safepoint (normal execution)

VM Mutex/Monitor currently owned by a thread:  ([mutex/lock_event])
[0x0000000002c6be60] AdapterHandlerLibrary_lock - owner thread: 0x0000000000000000

Heap:
 PSYoungGen      total 38400K, used 3335K [0x00000000eab00000, 0x00000000ed580000, 0x0000000100000000)
  eden space 33280K, 10% used [0x00000000eab00000,0x00000000eae41cc0,0x00000000ecb80000)
  from space 5120K, 0% used [0x00000000ed080000,0x00000000ed080000,0x00000000ed580000)
  to   space 5120K, 0% used [0x00000000ecb80000,0x00000000ecb80000,0x00000000ed080000)
 ParOldGen       total 87552K, used 0K [0x00000000c0000000, 0x00000000c5580000, 0x00000000eab00000)
  object space 87552K, 0% used [0x00000000c0000000,0x00000000c0000000,0x00000000c5580000)
 Metaspace       used 3109K, capacity 4656K, committed 4864K, reserved 1056768K
  class space    used 335K, capacity 424K, committed 512K, reserved 1048576K

Card table byte_map: [0x0000000012690000,0x00000000128a0000] byte_map_base: 0x0000000012090000

Marking Bits: (ParMarkBitMap*) 0x00000000652ad4f0
 Begin Bits: [0x0000000012e00000, 0x0000000013e00000)
 End Bits:   [0x0000000013e00000, 0x0000000014e00000)

Polling page: 0x0000000001150000

CodeCache: size=245760Kb used=1163Kb max_used=1165Kb free=244596Kb
 bounds [0x00000000032d0000, 0x0000000003540000, 0x00000000122d0000]
 total_blobs=296 nmethods=54 adapters=156
 compilation: enabled

Compilation events (10 events):
Event: 0.097 Thread 0x0000000017054000 nmethod 49 0x00000000033f0d50 code [0x00000000033f0ec0, 0x00000000033f1048]
Event: 0.098 Thread 0x0000000017054000   50       3       java.util.concurrent.ConcurrentHashMap::setTabAt (19 bytes)
Event: 0.098 Thread 0x0000000017054000 nmethod 50 0x00000000033f0650 code [0x00000000033f07a0, 0x00000000033f0910]
Event: 0.103 Thread 0x0000000017054000   52       1       java.net.URL::getHost (5 bytes)
Event: 0.103 Thread 0x0000000017054000 nmethod 52 0x00000000033f0390 code [0x00000000033f04e0, 0x00000000033f05f0]
Event: 0.103 Thread 0x0000000017054000   53       1       java.net.URL::getProtocol (5 bytes)
Event: 0.103 Thread 0x0000000017054000 nmethod 53 0x00000000033f00d0 code [0x00000000033f0220, 0x00000000033f0330]
Event: 0.104 Thread 0x0000000017054000   54       3       java.lang.AbstractStringBuilder::expandCapacity (50 bytes)
Event: 0.104 Thread 0x0000000017054000 nmethod 54 0x00000000033ef850 code [0x00000000033ef9e0, 0x00000000033eff18]
Event: 0.104 Thread 0x0000000017054000   55  s!   3       sun.misc.URLClassPath::getLoader (154 bytes)

GC Heap History (0 events):
No events

Deoptimization events (0 events):
No events

Internal exceptions (10 events):
Event: 0.095 Thread 0x00000000031d1000 Exception <a 'java/security/PrivilegedActionException'> (0x00000000ead62690) thrown at [C:\workspace\8-2-build-windows-amd64-cygwin\jdk8u31\2394\hotspot\src\share\vm\prims\jvm.cpp, line 1312]
Event: 0.096 Thread 0x00000000031d1000 Exception <a 'java/security/PrivilegedActionException'> (0x00000000ead739f8) thrown at [C:\workspace\8-2-build-windows-amd64-cygwin\jdk8u31\2394\hotspot\src\share\vm\prims\jvm.cpp, line 1312]
Event: 0.096 Thread 0x00000000031d1000 Exception <a 'java/security/PrivilegedActionException'> (0x00000000ead76678) thrown at [C:\workspace\8-2-build-windows-amd64-cygwin\jdk8u31\2394\hotspot\src\share\vm\prims\jvm.cpp, line 1312]
Event: 0.097 Thread 0x00000000031d1000 Exception <a 'java/security/PrivilegedActionException'> (0x00000000ead7f000) thrown at [C:\workspace\8-2-build-windows-amd64-cygwin\jdk8u31\2394\hotspot\src\share\vm\prims\jvm.cpp, line 1312]
Event: 0.098 Thread 0x00000000031d1000 Exception <a 'java/security/PrivilegedActionException'> (0x00000000ead83510) thrown at [C:\workspace\8-2-build-windows-amd64-cygwin\jdk8u31\2394\hotspot\src\share\vm\prims\jvm.cpp, line 1312]
Event: 0.098 Thread 0x00000000031d1000 Exception <a 'java/security/PrivilegedActionException'> (0x00000000ead86418) thrown at [C:\workspace\8-2-build-windows-amd64-cygwin\jdk8u31\2394\hotspot\src\share\vm\prims\jvm.cpp, line 1312]
Event: 0.103 Thread 0x00000000031d1000 Exception <a 'java/security/PrivilegedActionException'> (0x00000000ead885f8) thrown at [C:\workspace\8-2-build-windows-amd64-cygwin\jdk8u31\2394\hotspot\src\share\vm\prims\jvm.cpp, line 1312]
Event: 0.104 Thread 0x00000000031d1000 Exception <a 'java/security/PrivilegedActionException'> (0x00000000ead8a568) thrown at [C:\workspace\8-2-build-windows-amd64-cygwin\jdk8u31\2394\hotspot\src\share\vm\prims\jvm.cpp, line 1312]
Event: 0.104 Thread 0x00000000031d1000 Exception <a 'java/security/PrivilegedActionException'> (0x00000000ead92640) thrown at [C:\workspace\8-2-build-windows-amd64-cygwin\jdk8u31\2394\hotspot\src\share\vm\prims\jvm.cpp, line 1312]
Event: 0.104 Thread 0x00000000031d1000 Exception <a 'java/security/PrivilegedActionException'> (0x00000000ead94770) thrown at [C:\workspace\8-2-build-windows-amd64-cygwin\jdk8u31\2394\hotspot\src\share\vm\prims\jvm.cpp, line 1312]

Events (10 events):
Event: 0.098 loading class com/android/dx/dex/cf/CfOptions
Event: 0.098 loading class com/android/dx/dex/cf/CfOptions done
Event: 0.103 loading class com/android/dx/command/DxConsole
Event: 0.103 loading class com/android/dx/command/DxConsole done
Event: 0.104 loading class com/android/dx/command/DxConsole$1
Event: 0.104 loading class com/android/dx/command/DxConsole$1 done
Event: 0.104 loading class com/android/dx/dex/DexOptions
Event: 0.104 loading class com/android/dx/dex/DexOptions done
Event: 0.104 loading class com/android/dx/dex/file/DexFile
Event: 0.104 loading class com/android/dx/dex/file/DexFile done


Dynamic libraries:
0x00007ff61d850000 - 0x00007ff61d884000 	C:\Program Files\Java\jdk1.8.0_31\bin\java.exe
0x00007ffa8d2a0000 - 0x00007ffa8d471000 	C:\WINDOWS\SYSTEM32\ntdll.dll
0x00007ffa8b1a0000 - 0x00007ffa8b24c000 	C:\WINDOWS\System32\KERNEL32.DLL
0x00007ffa8a1e0000 - 0x00007ffa8a3fd000 	C:\WINDOWS\System32\KERNELBASE.dll
0x00007ffa8b330000 - 0x00007ffa8b3d2000 	C:\WINDOWS\System32\ADVAPI32.dll
0x00007ffa8d0d0000 - 0x00007ffa8d16e000 	C:\WINDOWS\System32\msvcrt.dll
0x00007ffa8ab90000 - 0x00007ffa8abe9000 	C:\WINDOWS\System32\sechost.dll
0x00007ffa8d170000 - 0x00007ffa8d291000 	C:\WINDOWS\System32\RPCRT4.dll
0x00007ffa8b020000 - 0x00007ffa8b185000 	C:\WINDOWS\System32\USER32.dll
0x00007ffa8a470000 - 0x00007ffa8a48e000 	C:\WINDOWS\System32\win32u.dll
0x00007ffa8b250000 - 0x00007ffa8b284000 	C:\WINDOWS\System32\GDI32.dll
0x00007ffa8a490000 - 0x00007ffa8a612000 	C:\WINDOWS\System32\gdi32full.dll
0x00007ffa7c4b0000 - 0x00007ffa7c72a000 	C:\WINDOWS\WinSxS\amd64_microsoft.windows.common-controls_6595b64144ccf1df_6.0.14393.953_none_42151e83c686086b\COMCTL32.dll
0x00007ffa8a860000 - 0x00007ffa8ab28000 	C:\WINDOWS\System32\combase.dll
0x00007ffa8a620000 - 0x00007ffa8a715000 	C:\WINDOWS\System32\ucrtbase.dll
0x00007ffa8a400000 - 0x00007ffa8a46a000 	C:\WINDOWS\System32\bcryptPrimitives.dll
0x00007ffa8a830000 - 0x00007ffa8a85e000 	C:\WINDOWS\System32\IMM32.DLL
0x0000000065330000 - 0x0000000065402000 	C:\Program Files\Java\jdk1.8.0_31\jre\bin\msvcr100.dll
0x0000000064ad0000 - 0x000000006532a000 	C:\Program Files\Java\jdk1.8.0_31\jre\bin\server\jvm.dll
0x00007ffa8b190000 - 0x00007ffa8b198000 	C:\WINDOWS\System32\PSAPI.DLL
0x00007ffa86a30000 - 0x00007ffa86a39000 	C:\WINDOWS\SYSTEM32\WSOCK32.dll
0x00007ffa8b580000 - 0x00007ffa8b5ea000 	C:\WINDOWS\System32\WS2_32.dll
0x00007ffa87700000 - 0x00007ffa87723000 	C:\WINDOWS\SYSTEM32\WINMM.dll
0x00007ffa876a0000 - 0x00007ffa876cb000 	C:\WINDOWS\SYSTEM32\WINMMBASE.dll
0x00007ffa8a190000 - 0x00007ffa8a1d2000 	C:\WINDOWS\System32\cfgmgr32.dll
0x0000000066170000 - 0x000000006617f000 	C:\Program Files\Java\jdk1.8.0_31\jre\bin\verify.dll
0x0000000066140000 - 0x0000000066168000 	C:\Program Files\Java\jdk1.8.0_31\jre\bin\java.dll
0x0000000066120000 - 0x0000000066136000 	C:\Program Files\Java\jdk1.8.0_31\jre\bin\zip.dll
0x00007ffa8b690000 - 0x00007ffa8cb98000 	C:\WINDOWS\System32\SHELL32.dll
0x00007ffa89790000 - 0x00007ffa89e6a000 	C:\WINDOWS\System32\windows.storage.dll
0x00007ffa89700000 - 0x00007ffa8974c000 	C:\WINDOWS\System32\powrprof.dll
0x00007ffa8cd70000 - 0x00007ffa8cdc2000 	C:\WINDOWS\System32\shlwapi.dll
0x00007ffa89780000 - 0x00007ffa8978f000 	C:\WINDOWS\System32\kernel.appcore.dll
0x00007ffa8a0e0000 - 0x00007ffa8a189000 	C:\WINDOWS\System32\shcore.dll
0x00007ffa89760000 - 0x00007ffa89774000 	C:\WINDOWS\System32\profapi.dll
0x00007ffa6d060000 - 0x00007ffa6d1f2000 	C:\WINDOWS\SYSTEM32\dbghelp.dll

VM Arguments:
jvm_args: -Djava.awt.headless=true -Xmx1024M -Dfile.encoding=GBK -Duser.country=CN -Duser.language=zh -Duser.variant 
java_command: com.android.dx.command.Main --dex --num-threads=4 --output G:\BaiduNetdiskDownload\BaseProject\BaseProject\app\build\intermediates\pre-dexed\debug\gifdecoder-4.0.0-RC0_0a5d3c58c7b085ea3ecd7ba540aebb870a49c336.jar C:\Users\SEELE\.gradle\caches\modules-2\files-2.1\com.github.bumptech.glide\gifdecoder\4.0.0-RC0\c64f5d4805b528de434a5a8bb9a8091b6f9cd1a7\gifdecoder-4.0.0-RC0.jar
java_class_path (initial): E:\AndroidStudio\Sdk\build-tools\25.0.0\lib\dx.jar
Launcher Type: SUN_STANDARD

Environment Variables:
JAVA_HOME=C:\Program Files\Java\jdk1.8.0_31
CLASSPATH=.;C:\Program Files\Java\jdk1.8.0_31\lib\dt.jar;C:\Program Files\Java\jdk1.8.0_31\lib\tools.jar;
PATH=C:\ProgramData\Oracle\Java\javapath;C:\WINDOWS\system32;C:\WINDOWS;C:\WINDOWS\System32\Wbem;C:\WINDOWS\System32\WindowsPowerShell\v1.0\;C:\Program Files\Java\jdk1.8.0_73\bin;C:\Program Files\TortoiseSVN\bin;E:\VisualSVN Server\bin;C:\Program Files\Java\jdk1.8.0_31\bin;G:\java\jdk\bin
USERNAME=SEELE
OS=Windows_NT
PROCESSOR_IDENTIFIER=Intel64 Family 6 Model 158 Stepping 9, GenuineIntel



---------------  S Y S T E M  ---------------

OS: Windows 8.1 , 64 bit Build 9600 

CPU:total 4 (4 cores per cpu, 1 threads per core) family 6 model 158 stepping 9, cmov, cx8, fxsr, mmx, sse, sse2, sse3, ssse3, sse4.1, sse4.2, popcnt, avx, avx2, aes, clmul, erms, rtm, lzcnt, tsc, tscinvbit, bmi1, bmi2

Memory: 4k page, physical 8305452k(1133112k free), swap 14798260k(2552k free)

vm_info: Java HotSpot(TM) 64-Bit Server VM (25.31-b07) for windows-amd64 JRE (1.8.0_31-b13), built on Dec 17 2014 21:00:28 by "java_re" with MS VC++ 10.0 (VS2010)

time: Tue Jul 18 20:20:45 2017
elapsed time: 0 seconds (0d 0h 0m 0s)

