#
# There is insufficient memory for the Java Runtime Environment to continue.
# Native memory allocation (malloc) failed to allocate 32744 bytes for ChunkPool::allocate
# Possible reasons:
#   The system is out of physical RAM or swap space
#   In 32 bit mode, the process size limit was hit
# Possible solutions:
#   Reduce memory load on the system
#   Increase physical memory or swap space
#   Check if swap backing store is full
#   Use 64 bit Java on a 64 bit OS
#   Decrease Java heap size (-Xmx/-Xms)
#   Decrease number of Java threads
#   Decrease Java thread stack sizes (-Xss)
#   Set larger code cache with -XX:ReservedCodeCacheSize=
# This output file may be truncated or incomplete.
#
#  Out of Memory Error (allocation.cpp:273), pid=17964, tid=40128
#
# JRE version: Java(TM) SE Runtime Environment (8.0_31-b13) (build 1.8.0_31-b13)
# Java VM: Java HotSpot(TM) 64-Bit Server VM (25.31-b07 mixed mode windows-amd64 compressed oops)
# Failed to write core dump. Minidumps are not enabled by default on client versions of Windows
#

---------------  T H R E A D  ---------------

Current thread (0x0000000015719800):  JavaThread "C2 CompilerThread0" daemon [_thread_in_native, id=40128, stack(0x0000000016c20000,0x0000000016d20000)]

Stack: [0x0000000016c20000,0x0000000016d20000]
Native frames: (J=compiled Java code, j=interpreted, Vv=VM code, C=native code)
V  [jvm.dll+0x3169ba]
V  [jvm.dll+0x2674c3]
V  [jvm.dll+0x268103]
V  [jvm.dll+0x25f8f5]
V  [jvm.dll+0xbed81]
V  [jvm.dll+0xbf4cc]
V  [jvm.dll+0xbf774]
V  [jvm.dll+0x4cf918]
V  [jvm.dll+0x42f2d7]
V  [jvm.dll+0x4c59bb]
V  [jvm.dll+0x4c6a72]
V  [jvm.dll+0x46d31d]
V  [jvm.dll+0x471cfe]
V  [jvm.dll+0x4dfc96]
V  [jvm.dll+0x4e2a37]
V  [jvm.dll+0x4db697]
V  [jvm.dll+0x4dba19]
V  [jvm.dll+0x4dbf86]
V  [jvm.dll+0x438b71]
V  [jvm.dll+0x45cdd4]
V  [jvm.dll+0x4e2b98]
V  [jvm.dll+0x4db697]
V  [jvm.dll+0x4dba19]
V  [jvm.dll+0x4dbf86]
V  [jvm.dll+0x438b71]
V  [jvm.dll+0x45cdd4]
V  [jvm.dll+0x4e2b98]
V  [jvm.dll+0x4db697]
V  [jvm.dll+0x4dba19]
V  [jvm.dll+0x4dbf86]
V  [jvm.dll+0x438b71]
V  [jvm.dll+0x45cdd4]
V  [jvm.dll+0x4e2b98]
V  [jvm.dll+0x4db697]
V  [jvm.dll+0x4dba19]
V  [jvm.dll+0x4dbf86]
V  [jvm.dll+0x438b71]
V  [jvm.dll+0x439282]
V  [jvm.dll+0x45cdd4]
V  [jvm.dll+0x4e2b98]
V  [jvm.dll+0x4db697]
V  [jvm.dll+0x4dba19]
V  [jvm.dll+0x4dbf86]
V  [jvm.dll+0x438b71]
V  [jvm.dll+0x439282]
V  [jvm.dll+0x45cdd4]
V  [jvm.dll+0x4e2b98]
V  [jvm.dll+0x4db697]
V  [jvm.dll+0x4dba19]
V  [jvm.dll+0x4dbf86]
V  [jvm.dll+0x438b71]
V  [jvm.dll+0x453f2b]
V  [jvm.dll+0x437c62]
V  [jvm.dll+0x988e2]
V  [jvm.dll+0x990d3]
V  [jvm.dll+0x22c194]
V  [jvm.dll+0x28576a]
C  [msvcr100.dll+0x21d9f]
C  [msvcr100.dll+0x21e3b]
C  [KERNEL32.DLL+0x8364]
C  [ntdll.dll+0x670d1]


Current CompileTask:
C2:    256  613       4       com.android.dx.ssa.SsaBasicBlock::forEachInsn (37 bytes)


---------------  P R O C E S S  ---------------

Java Threads: ( => current thread )
  0x0000000016f21000 JavaThread "pool-1-thread-4" [_thread_blocked, id=9608, stack(0x0000000017920000,0x0000000017a20000)]
  0x0000000016f28000 JavaThread "pool-1-thread-3" [_thread_blocked, id=40320, stack(0x0000000017820000,0x0000000017920000)]
  0x0000000016f12800 JavaThread "pool-1-thread-2" [_thread_in_Java, id=5512, stack(0x0000000017720000,0x0000000017820000)]
  0x0000000016f11000 JavaThread "pool-2-thread-1" [_thread_blocked, id=23088, stack(0x0000000017620000,0x0000000017720000)]
  0x0000000016eff800 JavaThread "pool-1-thread-1" [_thread_blocked, id=29972, stack(0x0000000017520000,0x0000000017620000)]
  0x0000000016d8e000 JavaThread "Service Thread" daemon [_thread_blocked, id=5988, stack(0x0000000017320000,0x0000000017420000)]
  0x0000000016d25000 JavaThread "C1 CompilerThread2" daemon [_thread_in_native, id=31668, stack(0x0000000017220000,0x0000000017320000)]
  0x0000000016d20800 JavaThread "C2 CompilerThread1" daemon [_thread_in_native, id=16712, stack(0x0000000017120000,0x0000000017220000)]
=>0x0000000015719800 JavaThread "C2 CompilerThread0" daemon [_thread_in_native, id=40128, stack(0x0000000016c20000,0x0000000016d20000)]
  0x00000000156cf000 JavaThread "Attach Listener" daemon [_thread_blocked, id=42292, stack(0x0000000016b20000,0x0000000016c20000)]
  0x00000000156ce000 JavaThread "Signal Dispatcher" daemon [_thread_blocked, id=25596, stack(0x0000000016a20000,0x0000000016b20000)]
  0x0000000015688800 JavaThread "Finalizer" daemon [_thread_blocked, id=8016, stack(0x0000000016920000,0x0000000016a20000)]
  0x0000000002fde800 JavaThread "Reference Handler" daemon [_thread_blocked, id=40612, stack(0x0000000016820000,0x0000000016920000)]
  0x0000000002ef1000 JavaThread "main" [_thread_blocked, id=30092, stack(0x0000000002df0000,0x0000000002ef0000)]

Other Threads:
  0x0000000015686000 VMThread [stack: 0x0000000016720000,0x0000000016820000] [id=35548]
  0x0000000016d98800 WatcherThread [stack: 0x0000000017420000,0x0000000017520000] [id=9064]

VM state:not at safepoint (normal execution)

VM Mutex/Monitor currently owned by a thread: None

Heap:
 PSYoungGen      total 38400K, used 18027K [0x00000000eab00000, 0x00000000ed580000, 0x0000000100000000)
  eden space 33280K, 54% used [0x00000000eab00000,0x00000000ebc9ac58,0x00000000ecb80000)
  from space 5120K, 0% used [0x00000000ed080000,0x00000000ed080000,0x00000000ed580000)
  to   space 5120K, 0% used [0x00000000ecb80000,0x00000000ecb80000,0x00000000ed080000)
 ParOldGen       total 87552K, used 0K [0x00000000c0000000, 0x00000000c5580000, 0x00000000eab00000)
  object space 87552K, 0% used [0x00000000c0000000,0x00000000c0000000,0x00000000c5580000)
 Metaspace       used 5624K, capacity 6640K, committed 6784K, reserved 1056768K
  class space    used 590K, capacity 616K, committed 640K, reserved 1048576K

Card table byte_map: [0x00000000123b0000,0x00000000125c0000] byte_map_base: 0x0000000011db0000

Marking Bits: (ParMarkBitMap*) 0x00000000652ad4f0
 Begin Bits: [0x0000000012b20000, 0x0000000013b20000)
 End Bits:   [0x0000000013b20000, 0x0000000014b20000)

Polling page: 0x00000000011e0000

CodeCache: size=245760Kb used=2240Kb max_used=2240Kb free=243519Kb
 bounds [0x0000000002ff0000, 0x0000000003260000, 0x0000000011ff0000]
 total_blobs=886 nmethods=619 adapters=181
 compilation: enabled

Compilation events (10 events):
Event: 0.239 Thread 0x0000000016d25000  632       3       java.util.ArrayList::subListRangeCheck (110 bytes)
Event: 0.240 Thread 0x0000000016d25000 nmethod 632 0x000000000321e810 code [0x000000000321eb20, 0x00000000032203a8]
Event: 0.240 Thread 0x0000000016d25000  645       3       com.android.dx.rop.cst.Constant::compareTo (9 bytes)
Event: 0.240 Thread 0x0000000016d20800  649       4       java.util.ArrayList::remove (69 bytes)
Event: 0.240 Thread 0x0000000016d25000 nmethod 645 0x000000000321bdd0 code [0x000000000321bfa0, 0x000000000321c8b8]
Event: 0.240 Thread 0x0000000016d25000  642       3       com.android.dx.rop.code.InsnList::getLast (11 bytes)
Event: 0.240 Thread 0x0000000016d25000 nmethod 642 0x0000000003220e90 code [0x0000000003221020, 0x00000000032214c8]
Event: 0.240 Thread 0x0000000016d25000  641   !   3       com.android.dx.rop.code.LocalVariableInfo::getStarts0 (18 bytes)
Event: 0.240 Thread 0x0000000016d25000 nmethod 641 0x0000000003221610 code [0x0000000003221780, 0x00000000032219a8]
Event: 0.240 Thread 0x0000000016d25000  643       3       com.android.dx.dex.code.CodeAddress::<init> (7 bytes)

GC Heap History (0 events):
No events

Deoptimization events (0 events):
No events

Internal exceptions (10 events):
Event: 0.200 Thread 0x0000000016f12800 Exception <a 'java/security/PrivilegedActionException'> (0x00000000eb5b73b0) thrown at [C:\workspace\8-2-build-windows-amd64-cygwin\jdk8u31\2394\hotspot\src\share\vm\prims\jvm.cpp, line 1312]
Event: 0.201 Thread 0x0000000002ef1000 Exception <a 'java/security/PrivilegedActionException'> (0x00000000eb691ff8) thrown at [C:\workspace\8-2-build-windows-amd64-cygwin\jdk8u31\2394\hotspot\src\share\vm\prims\jvm.cpp, line 1312]
Event: 0.202 Thread 0x0000000016f21000 Exception <a 'java/security/PrivilegedActionException'> (0x00000000eb3ff0b8) thrown at [C:\workspace\8-2-build-windows-amd64-cygwin\jdk8u31\2394\hotspot\src\share\vm\prims\jvm.cpp, line 1312]
Event: 0.202 Thread 0x0000000016f21000 Exception <a 'java/security/PrivilegedActionException'> (0x00000000eb405168) thrown at [C:\workspace\8-2-build-windows-amd64-cygwin\jdk8u31\2394\hotspot\src\share\vm\prims\jvm.cpp, line 1312]
Event: 0.203 Thread 0x0000000016f21000 Exception <a 'java/security/PrivilegedActionException'> (0x00000000eb409928) thrown at [C:\workspace\8-2-build-windows-amd64-cygwin\jdk8u31\2394\hotspot\src\share\vm\prims\jvm.cpp, line 1312]
Event: 0.204 Thread 0x0000000016f21000 Exception <a 'java/security/PrivilegedActionException'> (0x00000000eb412bf8) thrown at [C:\workspace\8-2-build-windows-amd64-cygwin\jdk8u31\2394\hotspot\src\share\vm\prims\jvm.cpp, line 1312]
Event: 0.208 Thread 0x0000000016eff800 Exception <a 'java/security/PrivilegedActionException'> (0x00000000eb52e070) thrown at [C:\workspace\8-2-build-windows-amd64-cygwin\jdk8u31\2394\hotspot\src\share\vm\prims\jvm.cpp, line 1312]
Event: 0.208 Thread 0x0000000016eff800 Exception <a 'java/security/PrivilegedActionException'> (0x00000000eb533f88) thrown at [C:\workspace\8-2-build-windows-amd64-cygwin\jdk8u31\2394\hotspot\src\share\vm\prims\jvm.cpp, line 1312]
Event: 0.209 Thread 0x0000000002ef1000 Exception <a 'java/security/PrivilegedActionException'> (0x00000000eb77a148) thrown at [C:\workspace\8-2-build-windows-amd64-cygwin\jdk8u31\2394\hotspot\src\share\vm\prims\jvm.cpp, line 1312]
Event: 0.229 Thread 0x0000000016f28000 Exception <a 'java/security/PrivilegedActionException'> (0x00000000eb709b18) thrown at [C:\workspace\8-2-build-windows-amd64-cygwin\jdk8u31\2394\hotspot\src\share\vm\prims\jvm.cpp, line 1312]

Events (10 events):
Event: 0.209 loading class com/android/dx/dex/file/FieldAnnotationStruct
Event: 0.209 loading class com/android/dx/dex/file/FieldAnnotationStruct done
Event: 0.210 loading class java/util/HashMap$Values
Event: 0.210 loading class java/util/HashMap$Values done
Event: 0.210 loading class java/util/HashMap$ValueIterator
Event: 0.212 loading class java/util/HashMap$ValueIterator done
Event: 0.229 loading class com/android/dx/dex/file/MethodAnnotationStruct
Event: 0.229 loading class com/android/dx/dex/file/MethodAnnotationStruct done
Event: 0.235 loading class java/util/ArrayList$1
Event: 0.235 loading class java/util/ArrayList$1 done


Dynamic libraries:
0x00007ff61d850000 - 0x00007ff61d884000 	C:\Program Files\Java\jdk1.8.0_31\bin\java.exe
0x00007ffa8d2a0000 - 0x00007ffa8d471000 	C:\WINDOWS\SYSTEM32\ntdll.dll
0x00007ffa8b1a0000 - 0x00007ffa8b24c000 	C:\WINDOWS\System32\KERNEL32.DLL
0x00007ffa8a1e0000 - 0x00007ffa8a3fd000 	C:\WINDOWS\System32\KERNELBASE.dll
0x00007ffa8b330000 - 0x00007ffa8b3d2000 	C:\WINDOWS\System32\ADVAPI32.dll
0x00007ffa8d0d0000 - 0x00007ffa8d16e000 	C:\WINDOWS\System32\msvcrt.dll
0x00007ffa8ab90000 - 0x00007ffa8abe9000 	C:\WINDOWS\System32\sechost.dll
0x00007ffa8d170000 - 0x00007ffa8d291000 	C:\WINDOWS\System32\RPCRT4.dll
0x00007ffa8b020000 - 0x00007ffa8b185000 	C:\WINDOWS\System32\USER32.dll
0x00007ffa8a470000 - 0x00007ffa8a48e000 	C:\WINDOWS\System32\win32u.dll
0x00007ffa8b250000 - 0x00007ffa8b284000 	C:\WINDOWS\System32\GDI32.dll
0x00007ffa8a490000 - 0x00007ffa8a612000 	C:\WINDOWS\System32\gdi32full.dll
0x00007ffa7c4b0000 - 0x00007ffa7c72a000 	C:\WINDOWS\WinSxS\amd64_microsoft.windows.common-controls_6595b64144ccf1df_6.0.14393.953_none_42151e83c686086b\COMCTL32.dll
0x00007ffa8a860000 - 0x00007ffa8ab28000 	C:\WINDOWS\System32\combase.dll
0x00007ffa8a620000 - 0x00007ffa8a715000 	C:\WINDOWS\System32\ucrtbase.dll
0x00007ffa8a400000 - 0x00007ffa8a46a000 	C:\WINDOWS\System32\bcryptPrimitives.dll
0x00007ffa8a830000 - 0x00007ffa8a85e000 	C:\WINDOWS\System32\IMM32.DLL
0x0000000065330000 - 0x0000000065402000 	C:\Program Files\Java\jdk1.8.0_31\jre\bin\msvcr100.dll
0x0000000064ad0000 - 0x000000006532a000 	C:\Program Files\Java\jdk1.8.0_31\jre\bin\server\jvm.dll
0x00007ffa8b190000 - 0x00007ffa8b198000 	C:\WINDOWS\System32\PSAPI.DLL
0x00007ffa87700000 - 0x00007ffa87723000 	C:\WINDOWS\SYSTEM32\WINMM.dll
0x00007ffa86a30000 - 0x00007ffa86a39000 	C:\WINDOWS\SYSTEM32\WSOCK32.dll
0x00007ffa8b580000 - 0x00007ffa8b5ea000 	C:\WINDOWS\System32\WS2_32.dll
0x00000000011b0000 - 0x00000000011db000 	C:\WINDOWS\SYSTEM32\WINMMBASE.dll
0x00007ffa8a190000 - 0x00007ffa8a1d2000 	C:\WINDOWS\System32\cfgmgr32.dll
0x0000000066170000 - 0x000000006617f000 	C:\Program Files\Java\jdk1.8.0_31\jre\bin\verify.dll
0x0000000066140000 - 0x0000000066168000 	C:\Program Files\Java\jdk1.8.0_31\jre\bin\java.dll
0x0000000066120000 - 0x0000000066136000 	C:\Program Files\Java\jdk1.8.0_31\jre\bin\zip.dll
0x00007ffa8b690000 - 0x00007ffa8cb98000 	C:\WINDOWS\System32\SHELL32.dll
0x00007ffa89790000 - 0x00007ffa89e6a000 	C:\WINDOWS\System32\windows.storage.dll
0x00007ffa89700000 - 0x00007ffa8974c000 	C:\WINDOWS\System32\powrprof.dll
0x00007ffa8cd70000 - 0x00007ffa8cdc2000 	C:\WINDOWS\System32\shlwapi.dll
0x00007ffa89780000 - 0x00007ffa8978f000 	C:\WINDOWS\System32\kernel.appcore.dll
0x00007ffa8a0e0000 - 0x00007ffa8a189000 	C:\WINDOWS\System32\shcore.dll
0x00007ffa89760000 - 0x00007ffa89774000 	C:\WINDOWS\System32\profapi.dll
0x00007ffa6d060000 - 0x00007ffa6d1f2000 	C:\WINDOWS\SYSTEM32\dbghelp.dll

VM Arguments:
jvm_args: -Djava.awt.headless=true -Xmx1024M -Dfile.encoding=GBK -Duser.country=CN -Duser.language=zh -Duser.variant 
java_command: com.android.dx.command.Main --dex --num-threads=4 --output G:\BaiduNetdiskDownload\BaseProject\BaseProject\app\build\intermediates\pre-dexed\debug\com.android.support-support-core-utils-25.3.1_20161b4bcba785956489a4086c70f732f221bedd.jar G:\BaiduNetdiskDownload\BaseProject\BaseProject\app\build\intermediates\exploded-aar\com.android.support\support-core-utils\25.3.1\jars\classes.jar
java_class_path (initial): E:\AndroidStudio\Sdk\build-tools\25.0.0\lib\dx.jar
Launcher Type: SUN_STANDARD

Environment Variables:
JAVA_HOME=C:\Program Files\Java\jdk1.8.0_31
CLASSPATH=.;C:\Program Files\Java\jdk1.8.0_31\lib\dt.jar;C:\Program Files\Java\jdk1.8.0_31\lib\tools.jar;
PATH=C:\ProgramData\Oracle\Java\javapath;C:\WINDOWS\system32;C:\WINDOWS;C:\WINDOWS\System32\Wbem;C:\WINDOWS\System32\WindowsPowerShell\v1.0\;C:\Program Files\Java\jdk1.8.0_73\bin;C:\Program Files\TortoiseSVN\bin;E:\VisualSVN Server\bin;C:\Program Files\Java\jdk1.8.0_31\bin;G:\java\jdk\bin
USERNAME=SEELE
OS=Windows_NT
PROCESSOR_IDENTIFIER=Intel64 Family 6 Model 158 Stepping 9, GenuineIntel



---------------  S Y S T E M  ---------------

OS: Windows 8.1 , 64 bit Build 9600 

CPU:total 4 (4 cores per cpu, 1 threads per core) family 6 model 158 stepping 9, cmov, cx8, fxsr, mmx, sse, sse2, sse3, ssse3, sse4.1, sse4.2, popcnt, avx, avx2, aes, clmul, erms, rtm, lzcnt, tsc, tscinvbit, bmi1, bmi2

Memory: 4k page, physical 8305452k(1123932k free), swap 14798260k(188508k free)

vm_info: Java HotSpot(TM) 64-Bit Server VM (25.31-b07) for windows-amd64 JRE (1.8.0_31-b13), built on Dec 17 2014 21:00:28 by "java_re" with MS VC++ 10.0 (VS2010)

time: Tue Jul 18 20:20:50 2017
elapsed time: 0 seconds (0d 0h 0m 0s)

