#
# There is insufficient memory for the Java Runtime Environment to continue.
# Native memory allocation (malloc) failed to allocate 32744 bytes for ChunkPool::allocate
# Possible reasons:
#   The system is out of physical RAM or swap space
#   In 32 bit mode, the process size limit was hit
# Possible solutions:
#   Reduce memory load on the system
#   Increase physical memory or swap space
#   Check if swap backing store is full
#   Use 64 bit Java on a 64 bit OS
#   Decrease Java heap size (-Xmx/-Xms)
#   Decrease number of Java threads
#   Decrease Java thread stack sizes (-Xss)
#   Set larger code cache with -XX:ReservedCodeCacheSize=
# This output file may be truncated or incomplete.
#
#  Out of Memory Error (allocation.cpp:273), pid=30808, tid=13252
#
# JRE version: Java(TM) SE Runtime Environment (8.0_31-b13) (build 1.8.0_31-b13)
# Java VM: Java HotSpot(TM) 64-Bit Server VM (25.31-b07 mixed mode windows-amd64 compressed oops)
# Failed to write core dump. Minidumps are not enabled by default on client versions of Windows
#

---------------  T H R E A D  ---------------

Current thread (0x00000000169a0000):  JavaThread "C2 CompilerThread1" daemon [_thread_in_native, id=13252, stack(0x0000000016d50000,0x0000000016e50000)]

Stack: [0x0000000016d50000,0x0000000016e50000]
Native frames: (J=compiled Java code, j=interpreted, Vv=VM code, C=native code)
V  [jvm.dll+0x3169ba]


Current CompileTask:
C2:    848  543       4       com.android.dx.rop.cst.CstString::utf8BytesToString (391 bytes)


---------------  P R O C E S S  ---------------

Java Threads: ( => current thread )
  0x0000000016b6b000 JavaThread "pool-1-thread-4" [_thread_blocked, id=4464, stack(0x0000000017550000,0x0000000017650000)]
  0x0000000016b6a000 JavaThread "pool-1-thread-3" [_thread_blocked, id=39032, stack(0x0000000017450000,0x0000000017550000)]
  0x0000000016b67000 JavaThread "pool-1-thread-2" [_thread_blocked, id=18372, stack(0x0000000017350000,0x0000000017450000)]
  0x0000000016b5e000 JavaThread "pool-2-thread-1" [_thread_blocked, id=43704, stack(0x0000000017250000,0x0000000017350000)]
  0x0000000016b1d000 JavaThread "pool-1-thread-1" [_thread_in_Java, id=38228, stack(0x0000000017150000,0x0000000017250000)]
  0x00000000169a7800 JavaThread "Service Thread" daemon [_thread_blocked, id=23812, stack(0x0000000016f50000,0x0000000017050000)]
  0x00000000169a2800 JavaThread "C1 CompilerThread2" daemon [_thread_in_native, id=23996, stack(0x0000000016e50000,0x0000000016f50000)]
=>0x00000000169a0000 JavaThread "C2 CompilerThread1" daemon [_thread_in_native, id=13252, stack(0x0000000016d50000,0x0000000016e50000)]
  0x0000000015339000 JavaThread "C2 CompilerThread0" daemon [_thread_blocked, id=21484, stack(0x0000000016850000,0x0000000016950000)]
  0x0000000015338800 JavaThread "Attach Listener" daemon [_thread_blocked, id=36756, stack(0x0000000016750000,0x0000000016850000)]
  0x00000000152ec800 JavaThread "Signal Dispatcher" daemon [_thread_blocked, id=46828, stack(0x0000000016650000,0x0000000016750000)]
  0x0000000002bff000 JavaThread "Finalizer" daemon [_thread_blocked, id=8316, stack(0x0000000016550000,0x0000000016650000)]
  0x00000000152a8800 JavaThread "Reference Handler" daemon [_thread_blocked, id=18728, stack(0x0000000016450000,0x0000000016550000)]
  0x0000000002b11000 JavaThread "main" [_thread_blocked, id=15552, stack(0x0000000002670000,0x0000000002770000)]

Other Threads:
  0x00000000152a6800 VMThread [stack: 0x0000000016350000,0x0000000016450000] [id=22832]
  0x00000000169aa800 WatcherThread [stack: 0x0000000017050000,0x0000000017150000] [id=6508]

VM state:not at safepoint (normal execution)

VM Mutex/Monitor currently owned by a thread: None

Heap:
 PSYoungGen      total 38400K, used 13985K [0x00000000eab00000, 0x00000000ed580000, 0x0000000100000000)
  eden space 33280K, 42% used [0x00000000eab00000,0x00000000eb8a8728,0x00000000ecb80000)
  from space 5120K, 0% used [0x00000000ed080000,0x00000000ed080000,0x00000000ed580000)
  to   space 5120K, 0% used [0x00000000ecb80000,0x00000000ecb80000,0x00000000ed080000)
 ParOldGen       total 87552K, used 0K [0x00000000c0000000, 0x00000000c5580000, 0x00000000eab00000)
  object space 87552K, 0% used [0x00000000c0000000,0x00000000c0000000,0x00000000c5580000)
 Metaspace       used 5474K, capacity 6512K, committed 6784K, reserved 1058816K
  class space    used 589K, capacity 616K, committed 640K, reserved 1048576K

Card table byte_map: [0x0000000011fd0000,0x00000000121e0000] byte_map_base: 0x00000000119d0000

Marking Bits: (ParMarkBitMap*) 0x00000000652ad4f0
 Begin Bits: [0x0000000012740000, 0x0000000013740000)
 End Bits:   [0x0000000013740000, 0x0000000014740000)

Polling page: 0x0000000000e70000

CodeCache: size=245760Kb used=2134Kb max_used=2134Kb free=243625Kb
 bounds [0x0000000002c10000, 0x0000000002e80000, 0x0000000011c10000]
 total_blobs=812 nmethods=543 adapters=181
 compilation: enabled

Compilation events (10 events):
Event: 0.834 Thread 0x00000000169a2800  545       3       com.android.dx.util.IntList::binarysearch (124 bytes)
Event: 0.834 Thread 0x0000000015339000 nmethod 535 0x0000000002e24890 code [0x0000000002e249e0, 0x0000000002e24c58]
Event: 0.834 Thread 0x00000000169a2800 nmethod 545 0x0000000002e23f90 code [0x0000000002e24120, 0x0000000002e245d0]
Event: 0.834 Thread 0x00000000169a2800  546       3       com.android.dx.rop.code.InsnList::forEach (28 bytes)
Event: 0.834 Thread 0x00000000169a2800 nmethod 546 0x0000000002e23590 code [0x0000000002e23740, 0x0000000002e23d78]
Event: 0.834 Thread 0x00000000169a2800  542       3       com.android.dx.rop.code.RegisterSpec::make (7 bytes)
Event: 0.835 Thread 0x00000000169a2800 nmethod 542 0x0000000002e23210 code [0x0000000002e23380, 0x0000000002e234e8]
Event: 0.835 Thread 0x00000000169a2800  541       3       com.android.dx.rop.code.RegisterSpecList::set (7 bytes)
Event: 0.835 Thread 0x00000000169a2800 nmethod 541 0x0000000002e1cc10 code [0x0000000002e1cde0, 0x0000000002e1d588]
Event: 0.835 Thread 0x00000000169a2800  540   !   3       com.android.dx.cf.code.BytecodeArray::parseInstruction (2764 bytes)

GC Heap History (0 events):
No events

Deoptimization events (0 events):
No events

Internal exceptions (10 events):
Event: 0.821 Thread 0x0000000002b11000 Exception <a 'java/security/PrivilegedActionException'> (0x00000000eb4a18b8) thrown at [C:\workspace\8-2-build-windows-amd64-cygwin\jdk8u31\2394\hotspot\src\share\vm\prims\jvm.cpp, line 1312]
Event: 0.822 Thread 0x0000000002b11000 Exception <a 'java/security/PrivilegedActionException'> (0x00000000eb4a7460) thrown at [C:\workspace\8-2-build-windows-amd64-cygwin\jdk8u31\2394\hotspot\src\share\vm\prims\jvm.cpp, line 1312]
Event: 0.822 Thread 0x0000000002b11000 Exception <a 'java/security/PrivilegedActionException'> (0x00000000eb4b0038) thrown at [C:\workspace\8-2-build-windows-amd64-cygwin\jdk8u31\2394\hotspot\src\share\vm\prims\jvm.cpp, line 1312]
Event: 0.822 Thread 0x0000000002b11000 Exception <a 'java/security/PrivilegedActionException'> (0x00000000eb4b5820) thrown at [C:\workspace\8-2-build-windows-amd64-cygwin\jdk8u31\2394\hotspot\src\share\vm\prims\jvm.cpp, line 1312]
Event: 0.825 Thread 0x0000000002b11000 Exception <a 'java/security/PrivilegedActionException'> (0x00000000eb6bbc20) thrown at [C:\workspace\8-2-build-windows-amd64-cygwin\jdk8u31\2394\hotspot\src\share\vm\prims\jvm.cpp, line 1312]
Event: 0.826 Thread 0x0000000002b11000 Exception <a 'java/security/PrivilegedActionException'> (0x00000000eb6c1778) thrown at [C:\workspace\8-2-build-windows-amd64-cygwin\jdk8u31\2394\hotspot\src\share\vm\prims\jvm.cpp, line 1312]
Event: 0.827 Thread 0x0000000002b11000 Exception <a 'java/security/PrivilegedActionException'> (0x00000000eb6c7050) thrown at [C:\workspace\8-2-build-windows-amd64-cygwin\jdk8u31\2394\hotspot\src\share\vm\prims\jvm.cpp, line 1312]
Event: 0.829 Thread 0x0000000002b11000 Exception <a 'java/security/PrivilegedActionException'> (0x00000000eb6e1488) thrown at [C:\workspace\8-2-build-windows-amd64-cygwin\jdk8u31\2394\hotspot\src\share\vm\prims\jvm.cpp, line 1312]
Event: 0.830 Thread 0x0000000016b67000 Exception <a 'java/security/PrivilegedActionException'> (0x00000000eb65fae0) thrown at [C:\workspace\8-2-build-windows-amd64-cygwin\jdk8u31\2394\hotspot\src\share\vm\prims\jvm.cpp, line 1312]
Event: 0.835 Thread 0x0000000002b11000 Exception <a 'java/security/PrivilegedActionException'> (0x00000000eb7177e0) thrown at [C:\workspace\8-2-build-windows-amd64-cygwin\jdk8u31\2394\hotspot\src\share\vm\prims\jvm.cpp, line 1312]

Events (10 events):
Event: 0.826 loading class com/android/dx/dex/file/UniformListItem
Event: 0.826 loading class com/android/dx/dex/file/UniformListItem done
Event: 0.826 loading class com/android/dx/dex/file/AnnotationSetRefItem
Event: 0.826 loading class com/android/dx/dex/file/AnnotationSetRefItem done
Event: 0.829 loading class com/android/dx/dex/file/MethodAnnotationStruct
Event: 0.829 loading class com/android/dx/dex/file/MethodAnnotationStruct done
Event: 0.830 loading class com/android/dx/cf/code/BytecodeArray$ConstantParserVisitor
Event: 0.830 loading class com/android/dx/cf/code/BytecodeArray$ConstantParserVisitor done
Event: 0.835 loading class com/android/dx/dex/file/AnnotationUtils
Event: 0.835 loading class com/android/dx/dex/file/AnnotationUtils done


Dynamic libraries:
0x00007ff61d850000 - 0x00007ff61d884000 	C:\Program Files\Java\jdk1.8.0_31\bin\java.exe
0x00007ffa8d2a0000 - 0x00007ffa8d471000 	C:\WINDOWS\SYSTEM32\ntdll.dll
0x00007ffa8b1a0000 - 0x00007ffa8b24c000 	C:\WINDOWS\System32\KERNEL32.DLL
0x00007ffa8a1e0000 - 0x00007ffa8a3fd000 	C:\WINDOWS\System32\KERNELBASE.dll
0x00007ffa8b330000 - 0x00007ffa8b3d2000 	C:\WINDOWS\System32\ADVAPI32.dll
0x00007ffa8d0d0000 - 0x00007ffa8d16e000 	C:\WINDOWS\System32\msvcrt.dll
0x00007ffa8ab90000 - 0x00007ffa8abe9000 	C:\WINDOWS\System32\sechost.dll
0x00007ffa8d170000 - 0x00007ffa8d291000 	C:\WINDOWS\System32\RPCRT4.dll
0x00007ffa8b020000 - 0x00007ffa8b185000 	C:\WINDOWS\System32\USER32.dll
0x00007ffa8a470000 - 0x00007ffa8a48e000 	C:\WINDOWS\System32\win32u.dll
0x00007ffa8b250000 - 0x00007ffa8b284000 	C:\WINDOWS\System32\GDI32.dll
0x00007ffa8a490000 - 0x00007ffa8a612000 	C:\WINDOWS\System32\gdi32full.dll
0x00007ffa7c4b0000 - 0x00007ffa7c72a000 	C:\WINDOWS\WinSxS\amd64_microsoft.windows.common-controls_6595b64144ccf1df_6.0.14393.953_none_42151e83c686086b\COMCTL32.dll
0x00007ffa8a860000 - 0x00007ffa8ab28000 	C:\WINDOWS\System32\combase.dll
0x00007ffa8a620000 - 0x00007ffa8a715000 	C:\WINDOWS\System32\ucrtbase.dll
0x00007ffa8a400000 - 0x00007ffa8a46a000 	C:\WINDOWS\System32\bcryptPrimitives.dll
0x00007ffa8a830000 - 0x00007ffa8a85e000 	C:\WINDOWS\System32\IMM32.DLL
0x0000000065330000 - 0x0000000065402000 	C:\Program Files\Java\jdk1.8.0_31\jre\bin\msvcr100.dll
0x0000000064ad0000 - 0x000000006532a000 	C:\Program Files\Java\jdk1.8.0_31\jre\bin\server\jvm.dll
0x00007ffa8b190000 - 0x00007ffa8b198000 	C:\WINDOWS\System32\PSAPI.DLL
0x00007ffa86a30000 - 0x00007ffa86a39000 	C:\WINDOWS\SYSTEM32\WSOCK32.dll
0x00007ffa8b580000 - 0x00007ffa8b5ea000 	C:\WINDOWS\System32\WS2_32.dll
0x00007ffa87700000 - 0x00007ffa87723000 	C:\WINDOWS\SYSTEM32\WINMM.dll
0x00007ffa876a0000 - 0x00007ffa876cb000 	C:\WINDOWS\SYSTEM32\WINMMBASE.dll
0x00007ffa8a190000 - 0x00007ffa8a1d2000 	C:\WINDOWS\System32\cfgmgr32.dll
0x0000000066170000 - 0x000000006617f000 	C:\Program Files\Java\jdk1.8.0_31\jre\bin\verify.dll
0x0000000066140000 - 0x0000000066168000 	C:\Program Files\Java\jdk1.8.0_31\jre\bin\java.dll
0x0000000066120000 - 0x0000000066136000 	C:\Program Files\Java\jdk1.8.0_31\jre\bin\zip.dll
0x00007ffa8b690000 - 0x00007ffa8cb98000 	C:\WINDOWS\System32\SHELL32.dll
0x00007ffa89790000 - 0x00007ffa89e6a000 	C:\WINDOWS\System32\windows.storage.dll
0x00007ffa89700000 - 0x00007ffa8974c000 	C:\WINDOWS\System32\powrprof.dll
0x00007ffa8cd70000 - 0x00007ffa8cdc2000 	C:\WINDOWS\System32\shlwapi.dll
0x00007ffa89780000 - 0x00007ffa8978f000 	C:\WINDOWS\System32\kernel.appcore.dll
0x00007ffa8a0e0000 - 0x00007ffa8a189000 	C:\WINDOWS\System32\shcore.dll
0x00007ffa89760000 - 0x00007ffa89774000 	C:\WINDOWS\System32\profapi.dll
0x00007ffa6d060000 - 0x00007ffa6d1f2000 	C:\WINDOWS\SYSTEM32\dbghelp.dll

VM Arguments:
jvm_args: -Djava.awt.headless=true -Xmx1024M -Dfile.encoding=GBK -Duser.country=CN -Duser.language=zh -Duser.variant 
java_command: com.android.dx.command.Main --dex --num-threads=4 --output G:\BaiduNetdiskDownload\BaseProject\BaseProject\app\build\intermediates\pre-dexed\debug\com.android.support-transition-25.3.1_e8251884656c3bf60a4f8f7e1443668e876d79cd.jar G:\BaiduNetdiskDownload\BaseProject\BaseProject\app\build\intermediates\exploded-aar\com.android.support\transition\25.3.1\jars\classes.jar
java_class_path (initial): E:\AndroidStudio\Sdk\build-tools\25.0.0\lib\dx.jar
Launcher Type: SUN_STANDARD

Environment Variables:
JAVA_HOME=C:\Program Files\Java\jdk1.8.0_31
CLASSPATH=.;C:\Program Files\Java\jdk1.8.0_31\lib\dt.jar;C:\Program Files\Java\jdk1.8.0_31\lib\tools.jar;
PATH=C:\ProgramData\Oracle\Java\javapath;C:\WINDOWS\system32;C:\WINDOWS;C:\WINDOWS\System32\Wbem;C:\WINDOWS\System32\WindowsPowerShell\v1.0\;C:\Program Files\Java\jdk1.8.0_73\bin;C:\Program Files\TortoiseSVN\bin;E:\VisualSVN Server\bin;C:\Program Files\Java\jdk1.8.0_31\bin;G:\java\jdk\bin
USERNAME=SEELE
OS=Windows_NT
PROCESSOR_IDENTIFIER=Intel64 Family 6 Model 158 Stepping 9, GenuineIntel



---------------  S Y S T E M  ---------------

OS: Windows 8.1 , 64 bit Build 9600 

CPU:total 4 (4 cores per cpu, 1 threads per core) family 6 model 158 stepping 9, cmov, cx8, fxsr, mmx, sse, sse2, sse3, ssse3, sse4.1, sse4.2, popcnt, avx, avx2, aes, clmul, erms, rtm, lzcnt, tsc, tscinvbit, bmi1, bmi2

Memory: 4k page, physical 8305452k(1393388k free), swap 14798260k(3784k free)

vm_info: Java HotSpot(TM) 64-Bit Server VM (25.31-b07) for windows-amd64 JRE (1.8.0_31-b13), built on Dec 17 2014 21:00:28 by "java_re" with MS VC++ 10.0 (VS2010)

time: Tue Jul 18 20:19:41 2017
elapsed time: 0 seconds (0d 0h 0m 0s)

