#
# There is insufficient memory for the Java Runtime Environment to continue.
# Native memory allocation (malloc) failed to allocate 16384 bytes for AllocateHeap
# Possible reasons:
#   The system is out of physical RAM or swap space
#   In 32 bit mode, the process size limit was hit
# Possible solutions:
#   Reduce memory load on the system
#   Increase physical memory or swap space
#   Check if swap backing store is full
#   Use 64 bit Java on a 64 bit OS
#   Decrease Java heap size (-Xmx/-Xms)
#   Decrease number of Java threads
#   Decrease Java thread stack sizes (-Xss)
#   Set larger code cache with -XX:ReservedCodeCacheSize=
# This output file may be truncated or incomplete.
#
#  Out of Memory Error (memory/allocation.inline.hpp:62), pid=37708, tid=38996
#
# JRE version: Java(TM) SE Runtime Environment (8.0_31-b13) (build 1.8.0_31-b13)
# Java VM: Java HotSpot(TM) 64-Bit Server VM (25.31-b07 mixed mode windows-amd64 compressed oops)
# Failed to write core dump. Minidumps are not enabled by default on client versions of Windows
#

---------------  T H R E A D  ---------------

Current thread (0x0000000002701000):  JavaThread "main" [_thread_in_vm, id=38996, stack(0x0000000002600000,0x0000000002700000)]

Stack: [0x0000000002600000,0x0000000002700000]
Native frames: (J=compiled Java code, j=interpreted, Vv=VM code, C=native code)
V  [jvm.dll+0x3169ba]

Java frames: (J=compiled Java code, j=interpreted, Vv=VM code)
j  java.lang.ClassLoader.defineClass1(Ljava/lang/String;[BIILjava/security/ProtectionDomain;Ljava/lang/String;)Ljava/lang/Class;+0
j  java.lang.ClassLoader.defineClass(Ljava/lang/String;[BIILjava/security/ProtectionDomain;)Ljava/lang/Class;+27
j  java.security.SecureClassLoader.defineClass(Ljava/lang/String;[BIILjava/security/CodeSource;)Ljava/lang/Class;+12
j  java.net.URLClassLoader.defineClass(Ljava/lang/String;Lsun/misc/Resource;)Ljava/lang/Class;+220
j  java.net.URLClassLoader.access$100(Ljava/net/URLClassLoader;Ljava/lang/String;Lsun/misc/Resource;)Ljava/lang/Class;+3
j  java.net.URLClassLoader$1.run()Ljava/lang/Class;+43
j  java.net.URLClassLoader$1.run()Ljava/lang/Object;+1
v  ~StubRoutines::call_stub
j  java.security.AccessController.doPrivileged(Ljava/security/PrivilegedExceptionAction;Ljava/security/AccessControlContext;)Ljava/lang/Object;+0
j  java.net.URLClassLoader.findClass(Ljava/lang/String;)Ljava/lang/Class;+13
j  java.lang.ClassLoader.loadClass(Ljava/lang/String;Z)Ljava/lang/Class;+70
j  sun.misc.Launcher$AppClassLoader.loadClass(Ljava/lang/String;Z)Ljava/lang/Class;+36
j  java.lang.ClassLoader.loadClass(Ljava/lang/String;)Ljava/lang/Class;+3
j  sun.launcher.LauncherHelper.checkAndLoadMain(ZILjava/lang/String;)Ljava/lang/Class;+93
v  ~StubRoutines::call_stub

---------------  P R O C E S S  ---------------

Java Threads: ( => current thread )
  0x0000000016578000 JavaThread "Service Thread" daemon [_thread_blocked, id=46956, stack(0x0000000016b20000,0x0000000016c20000)]
  0x0000000016573000 JavaThread "C1 CompilerThread2" daemon [_thread_blocked, id=45896, stack(0x0000000016a20000,0x0000000016b20000)]
  0x0000000016572000 JavaThread "C2 CompilerThread1" daemon [_thread_blocked, id=24488, stack(0x0000000016920000,0x0000000016a20000)]
  0x0000000014f29000 JavaThread "C2 CompilerThread0" daemon [_thread_blocked, id=45552, stack(0x0000000016420000,0x0000000016520000)]
  0x0000000014f28800 JavaThread "Attach Listener" daemon [_thread_blocked, id=27340, stack(0x0000000016320000,0x0000000016420000)]
  0x0000000014edc000 JavaThread "Signal Dispatcher" daemon [_thread_blocked, id=37132, stack(0x0000000016220000,0x0000000016320000)]
  0x00000000027f4800 JavaThread "Finalizer" daemon [_thread_blocked, id=14132, stack(0x0000000016120000,0x0000000016220000)]
  0x00000000027ec800 JavaThread "Reference Handler" daemon [_thread_blocked, id=32044, stack(0x0000000016020000,0x0000000016120000)]
=>0x0000000002701000 JavaThread "main" [_thread_in_vm, id=38996, stack(0x0000000002600000,0x0000000002700000)]

Other Threads:
  0x0000000014e96800 VMThread [stack: 0x0000000015f20000,0x0000000016020000] [id=948]
  0x000000001657a000 WatcherThread [stack: 0x0000000016c20000,0x0000000016d20000] [id=35888]

VM state:not at safepoint (normal execution)

VM Mutex/Monitor currently owned by a thread:  ([mutex/lock_event])
[0x0000000000acc970] SystemDictionary_lock - owner thread: 0x0000000002701000

Heap:
 PSYoungGen      total 38400K, used 2662K [0x00000000eab00000, 0x00000000ed580000, 0x0000000100000000)
  eden space 33280K, 8% used [0x00000000eab00000,0x00000000ead99a50,0x00000000ecb80000)
  from space 5120K, 0% used [0x00000000ed080000,0x00000000ed080000,0x00000000ed580000)
  to   space 5120K, 0% used [0x00000000ecb80000,0x00000000ecb80000,0x00000000ed080000)
 ParOldGen       total 87552K, used 0K [0x00000000c0000000, 0x00000000c5580000, 0x00000000eab00000)
  object space 87552K, 0% used [0x00000000c0000000,0x00000000c0000000,0x00000000c5580000)
 Metaspace       used 2916K, capacity 4486K, committed 4864K, reserved 1056768K
  class space    used 310K, capacity 386K, committed 512K, reserved 1048576K

Card table byte_map: [0x0000000011bc0000,0x0000000011dd0000] byte_map_base: 0x00000000115c0000

Marking Bits: (ParMarkBitMap*) 0x00000000652ad4f0
 Begin Bits: [0x0000000012330000, 0x0000000013330000)
 End Bits:   [0x0000000013330000, 0x0000000014330000)

Polling page: 0x0000000000ab0000

CodeCache: size=245760Kb used=1148Kb max_used=1157Kb free=244611Kb
 bounds [0x0000000002800000, 0x0000000002a70000, 0x0000000011800000]
 total_blobs=282 nmethods=40 adapters=156
 compilation: enabled

Compilation events (10 events):
Event: 0.113 Thread 0x0000000016573000 nmethod 34 0x000000000291d3d0 code [0x000000000291d560, 0x000000000291d9f0]
Event: 0.113 Thread 0x0000000016573000   36       1       java.lang.Object::<init> (1 bytes)
Event: 0.113 Thread 0x0000000016573000 nmethod 36 0x000000000291dad0 code [0x000000000291dc20, 0x000000000291dd30]
Event: 0.113 Thread 0x0000000016573000   35       3       java.util.jar.Attributes$Name::isAlpha (30 bytes)
Event: 0.113 Thread 0x0000000016573000 nmethod 35 0x000000000291dd90 code [0x000000000291df00, 0x000000000291e130]
Event: 0.114 Thread 0x0000000016572000   37       4       sun.misc.ASCIICaseInsensitiveComparator::toLower (16 bytes)
Event: 0.115 Thread 0x0000000016572000 nmethod 37 0x0000000002921210 code [0x0000000002921340, 0x0000000002921398]
Event: 0.115 Thread 0x0000000014f29000   38       4       sun.misc.ASCIICaseInsensitiveComparator::isUpper (18 bytes)
Event: 0.115 Thread 0x0000000014f29000 nmethod 38 0x000000000291fb10 code [0x000000000291fc40, 0x000000000291fc98]
Event: 0.119 Thread 0x0000000016573000   39       3       java.util.HashMap::newNode (13 bytes)

GC Heap History (0 events):
No events

Deoptimization events (0 events):
No events

Internal exceptions (3 events):
Event: 0.028 Thread 0x0000000002701000 Exception <a 'java/lang/NoSuchMethodError': Method sun.misc.Unsafe.defineClass(Ljava/lang/String;[BII)Ljava/lang/Class; name or signature does not match> (0x00000000eab121c0) thrown at [C:\workspace\8-2-build-windows-amd64-cygwin\jdk8u31\2394\hotspot\src\s˚-XÆ¡îú?
Event: 0.028 Thread 0x0000000002701000 Exception <a 'java/lang/NoSuchMethodError': Method sun.misc.Unsafe.prefetchRead(Ljava/lang/Object;J)V name or signature does not match> (0x00000000eab12450) thrown at [C:\workspace\8-2-build-windows-amd64-cygwin\jdk8u31\2394\hotspot\src\share\vm\prims\jni.èW(Êã,≤?
Event: 0.071 Thread 0x0000000002701000 Exception <a 'java/security/PrivilegedActionException'> (0x00000000eacf4ac0) thrown at [C:\workspace\8-2-build-windows-amd64-cygwin\jdk8u31\2394\hotspot\src\share\vm\prims\jvm.cpp, line 1312]

Events (10 events):
Event: 0.118 loading class java/io/FilePermission$1
Event: 0.118 loading class java/io/FilePermission$1 done
Event: 0.118 loading class java/io/FilePermissionCollection
Event: 0.118 loading class java/io/FilePermissionCollection done
Event: 0.118 loading class java/security/AllPermission
Event: 0.118 loading class java/security/AllPermission done
Event: 0.118 loading class java/security/UnresolvedPermission
Event: 0.119 loading class java/security/UnresolvedPermission done
Event: 0.119 loading class java/security/BasicPermissionCollection
Event: 0.119 loading class java/security/BasicPermissionCollection done


Dynamic libraries:
0x00007ff61d850000 - 0x00007ff61d884000 	C:\Program Files\Java\jdk1.8.0_31\bin\java.exe
0x00007ffa8d2a0000 - 0x00007ffa8d471000 	C:\WINDOWS\SYSTEM32\ntdll.dll
0x00007ffa8b1a0000 - 0x00007ffa8b24c000 	C:\WINDOWS\System32\KERNEL32.DLL
0x00007ffa8a1e0000 - 0x00007ffa8a3fd000 	C:\WINDOWS\System32\KERNELBASE.dll
0x00007ffa8b330000 - 0x00007ffa8b3d2000 	C:\WINDOWS\System32\ADVAPI32.dll
0x00007ffa8d0d0000 - 0x00007ffa8d16e000 	C:\WINDOWS\System32\msvcrt.dll
0x00007ffa8ab90000 - 0x00007ffa8abe9000 	C:\WINDOWS\System32\sechost.dll
0x00007ffa8d170000 - 0x00007ffa8d291000 	C:\WINDOWS\System32\RPCRT4.dll
0x00007ffa8b020000 - 0x00007ffa8b185000 	C:\WINDOWS\System32\USER32.dll
0x00007ffa8a470000 - 0x00007ffa8a48e000 	C:\WINDOWS\System32\win32u.dll
0x00007ffa8b250000 - 0x00007ffa8b284000 	C:\WINDOWS\System32\GDI32.dll
0x00007ffa8a490000 - 0x00007ffa8a612000 	C:\WINDOWS\System32\gdi32full.dll
0x00007ffa7c4b0000 - 0x00007ffa7c72a000 	C:\WINDOWS\WinSxS\amd64_microsoft.windows.common-controls_6595b64144ccf1df_6.0.14393.953_none_42151e83c686086b\COMCTL32.dll
0x00007ffa8a860000 - 0x00007ffa8ab28000 	C:\WINDOWS\System32\combase.dll
0x00007ffa8a620000 - 0x00007ffa8a715000 	C:\WINDOWS\System32\ucrtbase.dll
0x00007ffa8a400000 - 0x00007ffa8a46a000 	C:\WINDOWS\System32\bcryptPrimitives.dll
0x00007ffa8a830000 - 0x00007ffa8a85e000 	C:\WINDOWS\System32\IMM32.DLL
0x0000000065330000 - 0x0000000065402000 	C:\Program Files\Java\jdk1.8.0_31\jre\bin\msvcr100.dll
0x0000000064ad0000 - 0x000000006532a000 	C:\Program Files\Java\jdk1.8.0_31\jre\bin\server\jvm.dll
0x00007ffa8b190000 - 0x00007ffa8b198000 	C:\WINDOWS\System32\PSAPI.DLL
0x00007ffa86a30000 - 0x00007ffa86a39000 	C:\WINDOWS\SYSTEM32\WSOCK32.dll
0x00007ffa8b580000 - 0x00007ffa8b5ea000 	C:\WINDOWS\System32\WS2_32.dll
0x00007ffa87700000 - 0x00007ffa87723000 	C:\WINDOWS\SYSTEM32\WINMM.dll
0x00007ffa876a0000 - 0x00007ffa876cb000 	C:\WINDOWS\SYSTEM32\WINMMBASE.dll
0x00007ffa8a190000 - 0x00007ffa8a1d2000 	C:\WINDOWS\System32\cfgmgr32.dll
0x0000000066170000 - 0x000000006617f000 	C:\Program Files\Java\jdk1.8.0_31\jre\bin\verify.dll
0x0000000066140000 - 0x0000000066168000 	C:\Program Files\Java\jdk1.8.0_31\jre\bin\java.dll
0x0000000066120000 - 0x0000000066136000 	C:\Program Files\Java\jdk1.8.0_31\jre\bin\zip.dll
0x00007ffa8b690000 - 0x00007ffa8cb98000 	C:\WINDOWS\System32\SHELL32.dll
0x00007ffa89790000 - 0x00007ffa89e6a000 	C:\WINDOWS\System32\windows.storage.dll
0x00007ffa89700000 - 0x00007ffa8974c000 	C:\WINDOWS\System32\powrprof.dll
0x00007ffa8cd70000 - 0x00007ffa8cdc2000 	C:\WINDOWS\System32\shlwapi.dll
0x00007ffa89780000 - 0x00007ffa8978f000 	C:\WINDOWS\System32\kernel.appcore.dll
0x00007ffa8a0e0000 - 0x00007ffa8a189000 	C:\WINDOWS\System32\shcore.dll
0x00007ffa89760000 - 0x00007ffa89774000 	C:\WINDOWS\System32\profapi.dll

VM Arguments:
jvm_args: -Djava.awt.headless=true -Xmx1024M -Dfile.encoding=GBK -Duser.country=CN -Duser.language=zh -Duser.variant 
java_command: com.android.dx.command.Main --dex --num-threads=4 --output G:\BaiduNetdiskDownload\BaseProject\BaseProject\app\build\intermediates\pre-dexed\debug\com.android.support-support-compat-25.3.1_1b36ed4fee603471889ca0d5c62acdfe247bc5e3.jar G:\BaiduNetdiskDownload\BaseProject\BaseProject\app\build\intermediates\exploded-aar\com.android.support\support-compat\25.3.1\jars\classes.jar
java_class_path (initial): E:\AndroidStudio\Sdk\build-tools\25.0.0\lib\dx.jar
Launcher Type: SUN_STANDARD

Environment Variables:
JAVA_HOME=C:\Program Files\Java\jdk1.8.0_31
CLASSPATH=.;C:\Program Files\Java\jdk1.8.0_31\lib\dt.jar;C:\Program Files\Java\jdk1.8.0_31\lib\tools.jar;
PATH=C:\ProgramData\Oracle\Java\javapath;C:\WINDOWS\system32;C:\WINDOWS;C:\WINDOWS\System32\Wbem;C:\WINDOWS\System32\WindowsPowerShell\v1.0\;C:\Program Files\Java\jdk1.8.0_73\bin;C:\Program Files\TortoiseSVN\bin;E:\VisualSVN Server\bin;C:\Program Files\Java\jdk1.8.0_31\bin;G:\java\jdk\bin
USERNAME=SEELE
OS=Windows_NT
PROCESSOR_IDENTIFIER=Intel64 Family 6 Model 158 Stepping 9, GenuineIntel



---------------  S Y S T E M  ---------------

OS: Windows 8.1 , 64 bit Build 9600 

CPU:total 4 (4 cores per cpu, 1 threads per core) family 6 model 158 stepping 9, cmov, cx8, fxsr, mmx, sse, sse2, sse3, ssse3, sse4.1, sse4.2, popcnt, avx, avx2, aes, clmul, erms, rtm, lzcnt, tsc, tscinvbit, bmi1, bmi2

Memory: 4k page, physical 8305452k(1133420k free), swap 14798260k(2348k free)

vm_info: Java HotSpot(TM) 64-Bit Server VM (25.31-b07) for windows-amd64 JRE (1.8.0_31-b13), built on Dec 17 2014 21:00:28 by "java_re" with MS VC++ 10.0 (VS2010)

time: Tue Jul 18 20:20:45 2017
elapsed time: 0 seconds (0d 0h 0m 0s)

