#
# There is insufficient memory for the Java Runtime Environment to continue.
# Native memory allocation (malloc) failed to allocate 850736 bytes for Chunk::new
# Possible reasons:
#   The system is out of physical RAM or swap space
#   In 32 bit mode, the process size limit was hit
# Possible solutions:
#   Reduce memory load on the system
#   Increase physical memory or swap space
#   Check if swap backing store is full
#   Use 64 bit Java on a 64 bit OS
#   Decrease Java heap size (-Xmx/-Xms)
#   Decrease number of Java threads
#   Decrease Java thread stack sizes (-Xss)
#   Set larger code cache with -XX:ReservedCodeCacheSize=
# This output file may be truncated or incomplete.
#
#  Out of Memory Error (allocation.cpp:390), pid=30688, tid=29364
#
# JRE version: Java(TM) SE Runtime Environment (8.0_31-b13) (build 1.8.0_31-b13)
# Java VM: Java HotSpot(TM) 64-Bit Server VM (25.31-b07 mixed mode windows-amd64 compressed oops)
# Failed to write core dump. Minidumps are not enabled by default on client versions of Windows
#

---------------  T H R E A D  ---------------

Current thread (0x0000000017042800):  JavaThread "C2 CompilerThread0" daemon [_thread_in_native, id=29364, stack(0x0000000017600000,0x0000000017700000)]

Stack: [0x0000000017600000,0x0000000017700000]
Native frames: (J=compiled Java code, j=interpreted, Vv=VM code, C=native code)
V  [jvm.dll+0x3169ba]


Current CompileTask:
C2:    807 1372       4      
[error occurred during error reporting (printing current compile task), id 0xe0000001]


---------------  P R O C E S S  ---------------

Java Threads: ( => current thread )
  0x00000000172b8000 JavaThread "pool-1-thread-4" [_thread_in_Java, id=28220, stack(0x0000000018700000,0x0000000018800000)]
  0x00000000172b7000 JavaThread "pool-1-thread-3" [_thread_in_Java, id=37804, stack(0x0000000018600000,0x0000000018700000)]
  0x00000000172b5800 JavaThread "pool-1-thread-2" [_thread_in_Java, id=29292, stack(0x0000000018500000,0x0000000018600000)]
  0x00000000172af000 JavaThread "pool-2-thread-1" [_thread_blocked, id=14232, stack(0x0000000018400000,0x0000000018500000)]
  0x00000000172ef800 JavaThread "pool-1-thread-1" [_thread_blocked, id=19488, stack(0x0000000018300000,0x0000000018400000)]
  0x0000000017059000 JavaThread "Service Thread" daemon [_thread_blocked, id=27948, stack(0x0000000017900000,0x0000000017a00000)]
  0x0000000017054000 JavaThread "C1 CompilerThread2" daemon [_thread_blocked, id=11096, stack(0x0000000017800000,0x0000000017900000)]
  0x0000000015ceb000 JavaThread "C2 CompilerThread1" daemon [_thread_in_native, id=47396, stack(0x0000000017700000,0x0000000017800000)]
=>0x0000000017042800 JavaThread "C2 CompilerThread0" daemon [_thread_in_native, id=29364, stack(0x0000000017600000,0x0000000017700000)]
  0x0000000015ca0800 JavaThread "Attach Listener" daemon [_thread_blocked, id=21948, stack(0x0000000017500000,0x0000000017600000)]
  0x0000000015c9f800 JavaThread "Signal Dispatcher" daemon [_thread_blocked, id=11408, stack(0x0000000017400000,0x0000000017500000)]
  0x00000000035b7000 JavaThread "Finalizer" daemon [_thread_blocked, id=26768, stack(0x0000000016f00000,0x0000000017000000)]
  0x00000000035ae000 JavaThread "Reference Handler" daemon [_thread_blocked, id=20792, stack(0x0000000016e00000,0x0000000016f00000)]
  0x00000000034c1000 JavaThread "main" [_thread_in_Java, id=20012, stack(0x0000000002ff0000,0x00000000030f0000)]

Other Threads:
  0x0000000015c56800 VMThread [stack: 0x0000000016d00000,0x0000000016e00000] [id=17224]
  0x000000001705c000 WatcherThread [stack: 0x0000000017a00000,0x0000000017b00000] [id=43024]

VM state:not at safepoint (normal execution)

VM Mutex/Monitor currently owned by a thread: None

Heap:
 PSYoungGen      total 38400K, used 35546K [0x00000000eab00000, 0x00000000ed580000, 0x0000000100000000)
  eden space 33280K, 91% used [0x00000000eab00000,0x00000000ec8c3d98,0x00000000ecb80000)
  from space 5120K, 98% used [0x00000000ecb80000,0x00000000ed072be0,0x00000000ed080000)
  to   space 5120K, 0% used [0x00000000ed080000,0x00000000ed080000,0x00000000ed580000)
 ParOldGen       total 87552K, used 16K [0x00000000c0000000, 0x00000000c5580000, 0x00000000eab00000)
  object space 87552K, 0% used [0x00000000c0000000,0x00000000c0004000,0x00000000c5580000)
 Metaspace       used 6195K, capacity 7088K, committed 7296K, reserved 1056768K
  class space    used 598K, capacity 616K, committed 640K, reserved 1048576K

Card table byte_map: [0x0000000012980000,0x0000000012b90000] byte_map_base: 0x0000000012380000

Marking Bits: (ParMarkBitMap*) 0x00000000652ad4f0
 Begin Bits: [0x00000000130f0000, 0x00000000140f0000)
 End Bits:   [0x00000000140f0000, 0x00000000150f0000)

Polling page: 0x0000000001350000

CodeCache: size=245760Kb used=5316Kb max_used=5327Kb free=240443Kb
 bounds [0x00000000035c0000, 0x0000000003b00000, 0x00000000125c0000]
 total_blobs=1646 nmethods=1378 adapters=181
 compilation: enabled

Compilation events (10 events):
Event: 0.793 Thread 0x0000000015ceb000 nmethod 1392 0x0000000003af42d0 code [0x0000000003af4440, 0x0000000003af46d8]
Event: 0.793 Thread 0x0000000015ceb000 1405   !   4       com.android.dx.rop.code.BasicBlock::<init> (273 bytes)
Event: 0.798 Thread 0x0000000015ceb000 nmethod 1405 0x0000000003af6910 code [0x0000000003af6a80, 0x0000000003af6fd8]
Event: 0.798 Thread 0x0000000015ceb000 1407       4       com.android.dx.ssa.SsaMethod::updateOneDefinition (70 bytes)
Event: 0.799 Thread 0x0000000015ceb000 nmethod 1407 0x0000000003aee090 code [0x0000000003aee1e0, 0x0000000003aee2f8]
Event: 0.799 Thread 0x0000000015ceb000 1400       4       com.android.dx.rop.code.RegisterSpec::make (7 bytes)
Event: 0.799 Thread 0x0000000015ceb000 nmethod 1400 0x0000000003aed350 code [0x0000000003aed4a0, 0x0000000003aed508]
Event: 0.799 Thread 0x0000000015ceb000 1399       4       com.android.dx.rop.code.RopMethod::labelToPredecessors (54 bytes)
Event: 0.800 Thread 0x0000000015ceb000 nmethod 1399 0x0000000003af78d0 code [0x0000000003af7a20, 0x0000000003af7ae8]
Event: 0.800 Thread 0x0000000015ceb000 1385   !   4       com.android.dx.cf.code.BytecodeArray::parseInstruction (2764 bytes)

GC Heap History (2 events):
Event: 0.543 GC heap before
{Heap before GC invocations=1 (full 0):
 PSYoungGen      total 38400K, used 33280K [0x00000000eab00000, 0x00000000ed580000, 0x0000000100000000)
  eden space 33280K, 100% used [0x00000000eab00000,0x00000000ecb80000,0x00000000ecb80000)
  from space 5120K, 0% used [0x00000000ed080000,0x00000000ed080000,0x00000000ed580000)
  to   space 5120K, 0% used [0x00000000ecb80000,0x00000000ecb80000,0x00000000ed080000)
 ParOldGen       total 87552K, used 0K [0x00000000c0000000, 0x00000000c5580000, 0x00000000eab00000)
  object space 87552K, 0% used [0x00000000c0000000,0x00000000c0000000,0x00000000c5580000)
 Metaspace       used 5904K, capacity 6832K, committed 7040K, reserved 1056768K
  class space    used 593K, capacity 616K, committed 640K, reserved 1048576K
Event: 0.636 GC heap after
Heap after GC invocations=1 (full 0):
 PSYoungGen      total 38400K, used 5066K [0x00000000eab00000, 0x00000000ed580000, 0x0000000100000000)
  eden space 33280K, 0% used [0x00000000eab00000,0x00000000eab00000,0x00000000ecb80000)
  from space 5120K, 98% used [0x00000000ecb80000,0x00000000ed072be0,0x00000000ed080000)
  to   space 5120K, 0% used [0x00000000ed080000,0x00000000ed080000,0x00000000ed580000)
 ParOldGen       total 87552K, used 16K [0x00000000c0000000, 0x00000000c5580000, 0x00000000eab00000)
  object space 87552K, 0% used [0x00000000c0000000,0x00000000c0004000,0x00000000c5580000)
 Metaspace       used 5904K, capacity 6832K, committed 7040K, reserved 1056768K
  class space    used 593K, capacity 616K, committed 640K, reserved 1048576K
}

Deoptimization events (10 events):
Event: 0.647 Thread 0x00000000172b5800 Uncommon trap: reason=class_check action=maybe_recompile pc=0x00000000038535cc method=com.android.dx.ssa.NormalSsaInsn.accept(Lcom/android/dx/ssa/SsaInsn$Visitor;)V @ 9
Event: 0.649 Thread 0x00000000172b8000 Uncommon trap: reason=class_check action=maybe_recompile pc=0x00000000038438b0 method=com.android.dx.ssa.NormalSsaInsn.accept(Lcom/android/dx/ssa/SsaInsn$Visitor;)V @ 9
Event: 0.681 Thread 0x00000000172ef800 Uncommon trap: reason=class_check action=maybe_recompile pc=0x00000000039a8bfc method=com.android.dx.rop.type.Type.equals(Ljava/lang/Object;)Z @ 8
Event: 0.681 Thread 0x00000000172ef800 Uncommon trap: reason=class_check action=maybe_recompile pc=0x00000000039a8bfc method=com.android.dx.rop.type.Type.equals(Ljava/lang/Object;)Z @ 8
Event: 0.681 Thread 0x00000000172ef800 Uncommon trap: reason=class_check action=maybe_recompile pc=0x00000000039a8bfc method=com.android.dx.rop.type.Type.equals(Ljava/lang/Object;)Z @ 8
Event: 0.681 Thread 0x00000000172ef800 Uncommon trap: reason=class_check action=maybe_recompile pc=0x00000000039a8bfc method=com.android.dx.rop.type.Type.equals(Ljava/lang/Object;)Z @ 8
Event: 0.682 Thread 0x00000000172ef800 Uncommon trap: reason=class_check action=maybe_recompile pc=0x000000000391350c method=com.android.dx.rop.type.Type.equals(Ljava/lang/Object;)Z @ 8
Event: 0.685 Thread 0x00000000172b5800 Uncommon trap: reason=class_check action=maybe_recompile pc=0x000000000384e0b8 method=com.android.dx.rop.type.Type.equals(Ljava/lang/Object;)Z @ 8
Event: 0.692 Thread 0x00000000172b5800 Uncommon trap: reason=unreached action=reinterpret pc=0x000000000394791c method=com.android.dx.rop.cst.Constant.compareTo(Lcom/android/dx/rop/cst/Constant;)I @ 12
Event: 0.700 Thread 0x00000000172ef800 Uncommon trap: reason=unreached action=reinterpret pc=0x00000000039a855c method=com.android.dx.ssa.SsaMethod.updateOneDefinition(Lcom/android/dx/ssa/SsaInsn;Lcom/android/dx/rop/code/RegisterSpec;)V @ 4

Internal exceptions (10 events):
Event: 0.377 Thread 0x00000000034c1000 Exception <a 'java/security/PrivilegedActionException'> (0x00000000ec30b990) thrown at [C:\workspace\8-2-build-windows-amd64-cygwin\jdk8u31\2394\hotspot\src\share\vm\prims\jvm.cpp, line 1312]
Event: 0.378 Thread 0x00000000172b8000 Exception <a 'java/security/PrivilegedActionException'> (0x00000000ec06fee8) thrown at [C:\workspace\8-2-build-windows-amd64-cygwin\jdk8u31\2394\hotspot\src\share\vm\prims\jvm.cpp, line 1312]
Event: 0.385 Thread 0x00000000034c1000 Exception <a 'java/security/PrivilegedActionException'> (0x00000000ec334190) thrown at [C:\workspace\8-2-build-windows-amd64-cygwin\jdk8u31\2394\hotspot\src\share\vm\prims\jvm.cpp, line 1312]
Event: 0.395 Thread 0x00000000172b5800 Exception <a 'java/security/PrivilegedActionException'> (0x00000000ec388c50) thrown at [C:\workspace\8-2-build-windows-amd64-cygwin\jdk8u31\2394\hotspot\src\share\vm\prims\jvm.cpp, line 1312]
Event: 0.421 Thread 0x00000000172ef800 Exception <a 'java/security/PrivilegedActionException'> (0x00000000ec6219b0) thrown at [C:\workspace\8-2-build-windows-amd64-cygwin\jdk8u31\2394\hotspot\src\share\vm\prims\jvm.cpp, line 1312]
Event: 0.422 Thread 0x00000000172ef800 Exception <a 'java/security/PrivilegedActionException'> (0x00000000ec6271e8) thrown at [C:\workspace\8-2-build-windows-amd64-cygwin\jdk8u31\2394\hotspot\src\share\vm\prims\jvm.cpp, line 1312]
Event: 0.423 Thread 0x00000000172ef800 Exception <a 'java/security/PrivilegedActionException'> (0x00000000ec62c6e0) thrown at [C:\workspace\8-2-build-windows-amd64-cygwin\jdk8u31\2394\hotspot\src\share\vm\prims\jvm.cpp, line 1312]
Event: 0.685 Thread 0x00000000172b5800 Exception <a 'java/security/PrivilegedActionException'> (0x00000000eaf9fc10) thrown at [C:\workspace\8-2-build-windows-amd64-cygwin\jdk8u31\2394\hotspot\src\share\vm\prims\jvm.cpp, line 1312]
Event: 0.699 Thread 0x00000000172ef800 Exception <a 'java/security/PrivilegedActionException'> (0x00000000eb2a0fd8) thrown at [C:\workspace\8-2-build-windows-amd64-cygwin\jdk8u31\2394\hotspot\src\share\vm\prims\jvm.cpp, line 1312]
Event: 0.705 Thread 0x00000000034c1000 Exception <a 'java/security/PrivilegedActionException'> (0x00000000eb136d28) thrown at [C:\workspace\8-2-build-windows-amd64-cygwin\jdk8u31\2394\hotspot\src\share\vm\prims\jvm.cpp, line 1312]

Events (10 events):
Event: 0.700 Thread 0x00000000172ef800 DEOPT PACKING pc=0x00000000039a855c sp=0x00000000183fe430
Event: 0.700 Thread 0x00000000172ef800 DEOPT UNPACKING pc=0x000000000360556a sp=0x00000000183fe3d8 mode 2
Event: 0.705 loading class com/android/dx/cf/attrib/AttRuntimeVisibleAnnotations
Event: 0.705 loading class com/android/dx/cf/attrib/AttRuntimeVisibleAnnotations done
Event: 0.708 loading class java/util/TreeMap$EntrySet
Event: 0.708 loading class java/util/TreeMap$EntrySet done
Event: 0.708 loading class java/util/TreeMap$EntryIterator
Event: 0.708 loading class java/util/TreeMap$EntryIterator done
Event: 0.708 Executing VM operation: Deoptimize
Event: 0.709 Executing VM operation: Deoptimize done


Dynamic libraries:
0x00007ff61d850000 - 0x00007ff61d884000 	C:\Program Files\Java\jdk1.8.0_31\bin\java.exe
0x00007ffa8d2a0000 - 0x00007ffa8d471000 	C:\WINDOWS\SYSTEM32\ntdll.dll
0x00007ffa8b1a0000 - 0x00007ffa8b24c000 	C:\WINDOWS\System32\KERNEL32.DLL
0x00007ffa8a1e0000 - 0x00007ffa8a3fd000 	C:\WINDOWS\System32\KERNELBASE.dll
0x00007ffa8b330000 - 0x00007ffa8b3d2000 	C:\WINDOWS\System32\ADVAPI32.dll
0x00007ffa8d0d0000 - 0x00007ffa8d16e000 	C:\WINDOWS\System32\msvcrt.dll
0x00007ffa8ab90000 - 0x00007ffa8abe9000 	C:\WINDOWS\System32\sechost.dll
0x00007ffa8d170000 - 0x00007ffa8d291000 	C:\WINDOWS\System32\RPCRT4.dll
0x00007ffa8b020000 - 0x00007ffa8b185000 	C:\WINDOWS\System32\USER32.dll
0x00007ffa8a470000 - 0x00007ffa8a48e000 	C:\WINDOWS\System32\win32u.dll
0x00007ffa8b250000 - 0x00007ffa8b284000 	C:\WINDOWS\System32\GDI32.dll
0x00007ffa8a490000 - 0x00007ffa8a612000 	C:\WINDOWS\System32\gdi32full.dll
0x00007ffa7c4b0000 - 0x00007ffa7c72a000 	C:\WINDOWS\WinSxS\amd64_microsoft.windows.common-controls_6595b64144ccf1df_6.0.14393.953_none_42151e83c686086b\COMCTL32.dll
0x00007ffa8a860000 - 0x00007ffa8ab28000 	C:\WINDOWS\System32\combase.dll
0x00007ffa8a620000 - 0x00007ffa8a715000 	C:\WINDOWS\System32\ucrtbase.dll
0x00007ffa8a400000 - 0x00007ffa8a46a000 	C:\WINDOWS\System32\bcryptPrimitives.dll
0x00007ffa8a830000 - 0x00007ffa8a85e000 	C:\WINDOWS\System32\IMM32.DLL
0x0000000065330000 - 0x0000000065402000 	C:\Program Files\Java\jdk1.8.0_31\jre\bin\msvcr100.dll
0x0000000064ad0000 - 0x000000006532a000 	C:\Program Files\Java\jdk1.8.0_31\jre\bin\server\jvm.dll
0x00007ffa8b190000 - 0x00007ffa8b198000 	C:\WINDOWS\System32\PSAPI.DLL
0x00007ffa86a30000 - 0x00007ffa86a39000 	C:\WINDOWS\SYSTEM32\WSOCK32.dll
0x00007ffa8b580000 - 0x00007ffa8b5ea000 	C:\WINDOWS\System32\WS2_32.dll
0x00007ffa87700000 - 0x00007ffa87723000 	C:\WINDOWS\SYSTEM32\WINMM.dll
0x00007ffa876a0000 - 0x00007ffa876cb000 	C:\WINDOWS\SYSTEM32\WINMMBASE.dll
0x00007ffa8a190000 - 0x00007ffa8a1d2000 	C:\WINDOWS\System32\cfgmgr32.dll
0x0000000066170000 - 0x000000006617f000 	C:\Program Files\Java\jdk1.8.0_31\jre\bin\verify.dll
0x0000000066140000 - 0x0000000066168000 	C:\Program Files\Java\jdk1.8.0_31\jre\bin\java.dll
0x0000000066120000 - 0x0000000066136000 	C:\Program Files\Java\jdk1.8.0_31\jre\bin\zip.dll
0x00007ffa8b690000 - 0x00007ffa8cb98000 	C:\WINDOWS\System32\SHELL32.dll
0x00007ffa89790000 - 0x00007ffa89e6a000 	C:\WINDOWS\System32\windows.storage.dll
0x00007ffa89700000 - 0x00007ffa8974c000 	C:\WINDOWS\System32\powrprof.dll
0x00007ffa8cd70000 - 0x00007ffa8cdc2000 	C:\WINDOWS\System32\shlwapi.dll
0x00007ffa89780000 - 0x00007ffa8978f000 	C:\WINDOWS\System32\kernel.appcore.dll
0x00007ffa8a0e0000 - 0x00007ffa8a189000 	C:\WINDOWS\System32\shcore.dll
0x00007ffa89760000 - 0x00007ffa89774000 	C:\WINDOWS\System32\profapi.dll

VM Arguments:
jvm_args: -Djava.awt.headless=true -Xmx1024M -Dfile.encoding=GBK -Duser.country=CN -Duser.language=zh -Duser.variant 
java_command: com.android.dx.command.Main --dex --num-threads=4 --output G:\BaiduNetdiskDownload\BaseProject\BaseProject\app\build\intermediates\pre-dexed\debug\com.android.support-support-compat-25.3.1_1b36ed4fee603471889ca0d5c62acdfe247bc5e3.jar G:\BaiduNetdiskDownload\BaseProject\BaseProject\app\build\intermediates\exploded-aar\com.android.support\support-compat\25.3.1\jars\classes.jar
java_class_path (initial): E:\AndroidStudio\Sdk\build-tools\25.0.0\lib\dx.jar
Launcher Type: SUN_STANDARD

Environment Variables:
JAVA_HOME=C:\Program Files\Java\jdk1.8.0_31
CLASSPATH=.;C:\Program Files\Java\jdk1.8.0_31\lib\dt.jar;C:\Program Files\Java\jdk1.8.0_31\lib\tools.jar;
PATH=C:\ProgramData\Oracle\Java\javapath;C:\WINDOWS\system32;C:\WINDOWS;C:\WINDOWS\System32\Wbem;C:\WINDOWS\System32\WindowsPowerShell\v1.0\;C:\Program Files\Java\jdk1.8.0_73\bin;C:\Program Files\TortoiseSVN\bin;E:\VisualSVN Server\bin;C:\Program Files\Java\jdk1.8.0_31\bin;G:\java\jdk\bin
USERNAME=SEELE
OS=Windows_NT
PROCESSOR_IDENTIFIER=Intel64 Family 6 Model 158 Stepping 9, GenuineIntel



---------------  S Y S T E M  ---------------

OS: Windows 8.1 , 64 bit Build 9600 

CPU:total 4 (4 cores per cpu, 1 threads per core) family 6 model 158 stepping 9, cmov, cx8, fxsr, mmx, sse, sse2, sse3, ssse3, sse4.1, sse4.2, popcnt, avx, avx2, aes, clmul, erms, rtm, lzcnt, tsc, tscinvbit, bmi1, bmi2

Memory: 4k page, physical 8305452k(1396268k free), swap 14798260k(5136k free)

vm_info: Java HotSpot(TM) 64-Bit Server VM (25.31-b07) for windows-amd64 JRE (1.8.0_31-b13), built on Dec 17 2014 21:00:28 by "java_re" with MS VC++ 10.0 (VS2010)

time: Tue Jul 18 20:19:41 2017
elapsed time: 0 seconds (0d 0h 0m 0s)

