#
# There is insufficient memory for the Java Runtime Environment to continue.
# Native memory allocation (malloc) failed to allocate 71536 bytes for Chunk::new
# Possible reasons:
#   The system is out of physical RAM or swap space
#   In 32 bit mode, the process size limit was hit
# Possible solutions:
#   Reduce memory load on the system
#   Increase physical memory or swap space
#   Check if swap backing store is full
#   Use 64 bit Java on a 64 bit OS
#   Decrease Java heap size (-Xmx/-Xms)
#   Decrease number of Java threads
#   Decrease Java thread stack sizes (-Xss)
#   Set larger code cache with -XX:ReservedCodeCacheSize=
# This output file may be truncated or incomplete.
#
#  Out of Memory Error (allocation.cpp:390), pid=31916, tid=27212
#
# JRE version: Java(TM) SE Runtime Environment (8.0_31-b13) (build 1.8.0_31-b13)
# Java VM: Java HotSpot(TM) 64-Bit Server VM (25.31-b07 mixed mode windows-amd64 compressed oops)
# Failed to write core dump. Minidumps are not enabled by default on client versions of Windows
#

---------------  T H R E A D  ---------------

Current thread (0x0000000014f69000):  JavaThread "C2 CompilerThread0" daemon [_thread_in_native, id=27212, stack(0x0000000016480000,0x0000000016580000)]

Stack: [0x0000000016480000,0x0000000016580000]
Native frames: (J=compiled Java code, j=interpreted, Vv=VM code, C=native code)
V  [jvm.dll+0x3169ba]


Current CompileTask:
C2:   1026 1155 %     4       com.android.dx.rop.cst.CstString::utf8BytesToString @ 14 (391 bytes)


---------------  P R O C E S S  ---------------

Java Threads: ( => current thread )
  0x0000000016724800 JavaThread "pool-1-thread-4" [_thread_blocked, id=1276, stack(0x0000000017180000,0x0000000017280000)]
  0x0000000016721800 JavaThread "pool-1-thread-3" [_thread_blocked, id=23776, stack(0x0000000017080000,0x0000000017180000)]
  0x0000000016711800 JavaThread "pool-1-thread-2" [_thread_in_Java, id=20584, stack(0x0000000016f80000,0x0000000017080000)]
  0x000000001673e800 JavaThread "pool-2-thread-1" [_thread_blocked, id=31476, stack(0x0000000016e80000,0x0000000016f80000)]
  0x000000001673c000 JavaThread "pool-1-thread-1" [_thread_blocked, id=43124, stack(0x0000000016d80000,0x0000000016e80000)]
  0x00000000165f0800 JavaThread "Service Thread" daemon [_thread_blocked, id=22080, stack(0x0000000016b80000,0x0000000016c80000)]
  0x00000000165c6800 JavaThread "C1 CompilerThread2" daemon [_thread_in_native, id=2676, stack(0x0000000016a80000,0x0000000016b80000)]
  0x0000000016580800 JavaThread "C2 CompilerThread1" daemon [_thread_in_native, id=41388, stack(0x0000000016980000,0x0000000016a80000)]
=>0x0000000014f69000 JavaThread "C2 CompilerThread0" daemon [_thread_in_native, id=27212, stack(0x0000000016480000,0x0000000016580000)]
  0x0000000014f68800 JavaThread "Attach Listener" daemon [_thread_blocked, id=21520, stack(0x0000000016380000,0x0000000016480000)]
  0x0000000014f1c000 JavaThread "Signal Dispatcher" daemon [_thread_blocked, id=45040, stack(0x0000000016280000,0x0000000016380000)]
  0x00000000027fe800 JavaThread "Finalizer" daemon [_thread_blocked, id=50880, stack(0x0000000016170000,0x0000000016270000)]
  0x0000000014ed8800 JavaThread "Reference Handler" daemon [_thread_blocked, id=43940, stack(0x0000000016070000,0x0000000016170000)]
  0x0000000002711000 JavaThread "main" [_thread_in_Java, id=51044, stack(0x00000000025e0000,0x00000000026e0000)]

Other Threads:
  0x0000000014ed6800 VMThread [stack: 0x0000000015f70000,0x0000000016070000] [id=21112]
  0x00000000165f3000 WatcherThread [stack: 0x0000000016c80000,0x0000000016d80000] [id=50000]

VM state:not at safepoint (normal execution)

VM Mutex/Monitor currently owned by a thread: None

Heap:
 PSYoungGen      total 38400K, used 32049K [0x00000000eab00000, 0x00000000ed580000, 0x0000000100000000)
  eden space 33280K, 96% used [0x00000000eab00000,0x00000000eca4c798,0x00000000ecb80000)
  from space 5120K, 0% used [0x00000000ed080000,0x00000000ed080000,0x00000000ed580000)
  to   space 5120K, 0% used [0x00000000ecb80000,0x00000000ecb80000,0x00000000ed080000)
 ParOldGen       total 87552K, used 0K [0x00000000c0000000, 0x00000000c5580000, 0x00000000eab00000)
  object space 87552K, 0% used [0x00000000c0000000,0x00000000c0000000,0x00000000c5580000)
 Metaspace       used 5977K, capacity 6896K, committed 7040K, reserved 1056768K
  class space    used 596K, capacity 616K, committed 640K, reserved 1048576K

Card table byte_map: [0x0000000011be0000,0x0000000011df0000] byte_map_base: 0x00000000115e0000

Marking Bits: (ParMarkBitMap*) 0x00000000652ad4f0
 Begin Bits: [0x0000000012350000, 0x0000000013350000)
 End Bits:   [0x0000000013350000, 0x0000000014350000)

Polling page: 0x00000000026f0000

CodeCache: size=245760Kb used=4734Kb max_used=4734Kb free=241025Kb
 bounds [0x0000000002820000, 0x0000000002cd0000, 0x0000000011820000]
 total_blobs=1467 nmethods=1200 adapters=181
 compilation: enabled

Compilation events (10 events):
Event: 1.023 Thread 0x00000000165c6800 nmethod 1177 0x0000000002cb32d0 code [0x0000000002cb3440, 0x0000000002cb3768]
Event: 1.023 Thread 0x00000000165c6800 1180       3       com.android.dx.ssa.SsaBasicBlock::addMoveToEnd (172 bytes)
Event: 1.024 Thread 0x00000000165c6800 nmethod 1180 0x0000000002cb3850 code [0x0000000002cb3bc0, 0x0000000002cb5a48]
Event: 1.024 Thread 0x00000000165c6800 1195       3       com.android.dx.rop.code.BasicBlockList::getRegCount (34 bytes)
Event: 1.024 Thread 0x00000000165c6800 nmethod 1195 0x0000000002cb6e90 code [0x0000000002cb7000, 0x0000000002cb7388]
Event: 1.024 Thread 0x00000000165c6800 1197       3       com.android.dx.cf.code.BaseMachine::popArgs (72 bytes)
Event: 1.025 Thread 0x00000000165c6800 nmethod 1197 0x0000000002cb74d0 code [0x0000000002cb7720, 0x0000000002cb84c8]
Event: 1.025 Thread 0x00000000165c6800 1187       3       java.util.TreeMap::values (27 bytes)
Event: 1.025 Thread 0x00000000165c6800 nmethod 1187 0x0000000002cb8b50 code [0x0000000002cb8cc0, 0x0000000002cb9010]
Event: 1.025 Thread 0x00000000165c6800 1188       3       java.util.TreeMap$ValueIterator::<init> (12 bytes)

GC Heap History (0 events):
No events

Deoptimization events (2 events):
Event: 0.658 Thread 0x0000000016724800 Uncommon trap: reason=null_check action=make_not_entrant pc=0x0000000002ac6dd0 method=com.android.dx.ssa.SsaRenamer.getLocalForNewReg(I)Lcom/android/dx/rop/code/LocalItem; @ 19
Event: 0.658 Thread 0x0000000016724800 Uncommon trap: reason=null_check action=make_not_entrant pc=0x0000000002ab9184 method=com.android.dx.ssa.SsaRenamer.getLocalForNewReg(I)Lcom/android/dx/rop/code/LocalItem; @ 19

Internal exceptions (10 events):
Event: 0.399 Thread 0x0000000002711000 Exception <a 'java/security/PrivilegedActionException'> (0x00000000eb67bda0) thrown at [C:\workspace\8-2-build-windows-amd64-cygwin\jdk8u31\2394\hotspot\src\share\vm\prims\jvm.cpp, line 1312]
Event: 0.658 Thread 0x0000000016724800 Implicit null exception at 0x0000000002ac4b67 to 0x0000000002ac6da9
Event: 0.658 Thread 0x0000000016724800 Implicit null exception at 0x0000000002ab6940 to 0x0000000002ab9161
Event: 0.770 Thread 0x0000000002711000 Exception <a 'java/security/PrivilegedActionException'> (0x00000000ec146278) thrown at [C:\workspace\8-2-build-windows-amd64-cygwin\jdk8u31\2394\hotspot\src\share\vm\prims\jvm.cpp, line 1312]
Event: 0.785 Thread 0x0000000016711800 Exception <a 'java/security/PrivilegedActionException'> (0x00000000ec3ae5d0) thrown at [C:\workspace\8-2-build-windows-amd64-cygwin\jdk8u31\2394\hotspot\src\share\vm\prims\jvm.cpp, line 1312]
Event: 0.845 Thread 0x0000000002711000 Exception <a 'java/security/PrivilegedActionException'> (0x00000000ec159198) thrown at [C:\workspace\8-2-build-windows-amd64-cygwin\jdk8u31\2394\hotspot\src\share\vm\prims\jvm.cpp, line 1312]
Event: 0.846 Thread 0x0000000002711000 Exception <a 'java/security/PrivilegedActionException'> (0x00000000ec15b950) thrown at [C:\workspace\8-2-build-windows-amd64-cygwin\jdk8u31\2394\hotspot\src\share\vm\prims\jvm.cpp, line 1312]
Event: 0.881 Thread 0x000000001673c000 Exception <a 'java/security/PrivilegedActionException'> (0x00000000ec83b0a0) thrown at [C:\workspace\8-2-build-windows-amd64-cygwin\jdk8u31\2394\hotspot\src\share\vm\prims\jvm.cpp, line 1312]
Event: 0.882 Thread 0x000000001673c000 Exception <a 'java/security/PrivilegedActionException'> (0x00000000ec8408d8) thrown at [C:\workspace\8-2-build-windows-amd64-cygwin\jdk8u31\2394\hotspot\src\share\vm\prims\jvm.cpp, line 1312]
Event: 0.882 Thread 0x000000001673c000 Exception <a 'java/security/PrivilegedActionException'> (0x00000000ec845ea0) thrown at [C:\workspace\8-2-build-windows-amd64-cygwin\jdk8u31\2394\hotspot\src\share\vm\prims\jvm.cpp, line 1312]

Events (10 events):
Event: 0.845 loading class com/android/dx/cf/attrib/BaseParameterAnnotations
Event: 0.845 loading class com/android/dx/cf/attrib/BaseParameterAnnotations done
Event: 0.881 loading class com/android/dx/dex/file/ParameterAnnotationStruct
Event: 0.881 loading class com/android/dx/dex/file/ParameterAnnotationStruct done
Event: 0.881 loading class com/android/dx/dex/file/UniformListItem
Event: 0.881 loading class com/android/dx/dex/file/UniformListItem done
Event: 0.882 loading class com/android/dx/dex/file/AnnotationSetRefItem
Event: 0.882 loading class com/android/dx/dex/file/AnnotationSetRefItem done
Event: 0.939 Executing VM operation: ForceSafepoint
Event: 1.019 Executing VM operation: ForceSafepoint done


Dynamic libraries:
0x00007ff68bf40000 - 0x00007ff68bf74000 	C:\Program Files\Java\jdk1.8.0_31\bin\java.exe
0x00007ffa8d2a0000 - 0x00007ffa8d471000 	C:\WINDOWS\SYSTEM32\ntdll.dll
0x00007ffa8b1a0000 - 0x00007ffa8b24c000 	C:\WINDOWS\System32\KERNEL32.DLL
0x00007ffa8a1e0000 - 0x00007ffa8a3fd000 	C:\WINDOWS\System32\KERNELBASE.dll
0x00007ffa8b330000 - 0x00007ffa8b3d2000 	C:\WINDOWS\System32\ADVAPI32.dll
0x00007ffa8d0d0000 - 0x00007ffa8d16e000 	C:\WINDOWS\System32\msvcrt.dll
0x00007ffa8ab90000 - 0x00007ffa8abe9000 	C:\WINDOWS\System32\sechost.dll
0x00007ffa8d170000 - 0x00007ffa8d291000 	C:\WINDOWS\System32\RPCRT4.dll
0x00007ffa8b020000 - 0x00007ffa8b185000 	C:\WINDOWS\System32\USER32.dll
0x00007ffa8a470000 - 0x00007ffa8a48e000 	C:\WINDOWS\System32\win32u.dll
0x00007ffa8b250000 - 0x00007ffa8b284000 	C:\WINDOWS\System32\GDI32.dll
0x00007ffa8a490000 - 0x00007ffa8a612000 	C:\WINDOWS\System32\gdi32full.dll
0x00007ffa7c4b0000 - 0x00007ffa7c72a000 	C:\WINDOWS\WinSxS\amd64_microsoft.windows.common-controls_6595b64144ccf1df_6.0.14393.953_none_42151e83c686086b\COMCTL32.dll
0x00007ffa8a860000 - 0x00007ffa8ab28000 	C:\WINDOWS\System32\combase.dll
0x00007ffa8a620000 - 0x00007ffa8a715000 	C:\WINDOWS\System32\ucrtbase.dll
0x00007ffa8a400000 - 0x00007ffa8a46a000 	C:\WINDOWS\System32\bcryptPrimitives.dll
0x00007ffa8a830000 - 0x00007ffa8a85e000 	C:\WINDOWS\System32\IMM32.DLL
0x0000000065330000 - 0x0000000065402000 	C:\Program Files\Java\jdk1.8.0_31\jre\bin\msvcr100.dll
0x0000000064ad0000 - 0x000000006532a000 	C:\Program Files\Java\jdk1.8.0_31\jre\bin\server\jvm.dll
0x00007ffa8b190000 - 0x00007ffa8b198000 	C:\WINDOWS\System32\PSAPI.DLL
0x00007ffa7ff90000 - 0x00007ffa7ff99000 	C:\WINDOWS\SYSTEM32\WSOCK32.dll
0x00007ffa8b580000 - 0x00007ffa8b5ea000 	C:\WINDOWS\System32\WS2_32.dll
0x00007ffa87700000 - 0x00007ffa87723000 	C:\WINDOWS\SYSTEM32\WINMM.dll
0x00007ffa876a0000 - 0x00007ffa876cb000 	C:\WINDOWS\SYSTEM32\WINMMBASE.dll
0x00007ffa8a190000 - 0x00007ffa8a1d2000 	C:\WINDOWS\System32\cfgmgr32.dll
0x0000000064ac0000 - 0x0000000064acf000 	C:\Program Files\Java\jdk1.8.0_31\jre\bin\verify.dll
0x0000000064a90000 - 0x0000000064ab8000 	C:\Program Files\Java\jdk1.8.0_31\jre\bin\java.dll
0x0000000064a70000 - 0x0000000064a86000 	C:\Program Files\Java\jdk1.8.0_31\jre\bin\zip.dll
0x00007ffa8b690000 - 0x00007ffa8cb98000 	C:\WINDOWS\System32\SHELL32.dll
0x00007ffa89790000 - 0x00007ffa89e6a000 	C:\WINDOWS\System32\windows.storage.dll
0x00007ffa89700000 - 0x00007ffa8974c000 	C:\WINDOWS\System32\powrprof.dll
0x00007ffa8cd70000 - 0x00007ffa8cdc2000 	C:\WINDOWS\System32\shlwapi.dll
0x00007ffa89780000 - 0x00007ffa8978f000 	C:\WINDOWS\System32\kernel.appcore.dll
0x00007ffa8a0e0000 - 0x00007ffa8a189000 	C:\WINDOWS\System32\shcore.dll
0x00007ffa89760000 - 0x00007ffa89774000 	C:\WINDOWS\System32\profapi.dll

VM Arguments:
jvm_args: -Djava.awt.headless=true -Xmx1024M -Dfile.encoding=GBK -Duser.country=CN -Duser.language=zh -Duser.variant 
java_command: com.android.dx.command.Main --dex --num-threads=4 --output G:\BaiduNetdiskDownload\BaseProject\BaseProject\app\build\intermediates\pre-dexed\debug\com.android.support-support-core-utils-25.3.1_20161b4bcba785956489a4086c70f732f221bedd.jar G:\BaiduNetdiskDownload\BaseProject\BaseProject\app\build\intermediates\exploded-aar\com.android.support\support-core-utils\25.3.1\jars\classes.jar
java_class_path (initial): E:\AndroidStudio\Sdk\build-tools\25.0.0\lib\dx.jar
Launcher Type: SUN_STANDARD

Environment Variables:
JAVA_HOME=C:\Program Files\Java\jdk1.8.0_31
CLASSPATH=.;C:\Program Files\Java\jdk1.8.0_31\lib\dt.jar;C:\Program Files\Java\jdk1.8.0_31\lib\tools.jar;
PATH=C:\ProgramData\Oracle\Java\javapath;C:\WINDOWS\system32;C:\WINDOWS;C:\WINDOWS\System32\Wbem;C:\WINDOWS\System32\WindowsPowerShell\v1.0\;C:\Program Files\Java\jdk1.8.0_73\bin;C:\Program Files\TortoiseSVN\bin;E:\VisualSVN Server\bin;C:\Program Files\Java\jdk1.8.0_31\bin;G:\java\jdk\bin
USERNAME=SEELE
OS=Windows_NT
PROCESSOR_IDENTIFIER=Intel64 Family 6 Model 158 Stepping 9, GenuineIntel



---------------  S Y S T E M  ---------------

OS: Windows 8.1 , 64 bit Build 9600 

CPU:total 4 (4 cores per cpu, 1 threads per core) family 6 model 158 stepping 9, cmov, cx8, fxsr, mmx, sse, sse2, sse3, ssse3, sse4.1, sse4.2, popcnt, avx, avx2, aes, clmul, erms, rtm, lzcnt, tsc, tscinvbit, bmi1, bmi2

Memory: 4k page, physical 8305452k(1084004k free), swap 14798260k(4424k free)

vm_info: Java HotSpot(TM) 64-Bit Server VM (25.31-b07) for windows-amd64 JRE (1.8.0_31-b13), built on Dec 17 2014 21:00:28 by "java_re" with MS VC++ 10.0 (VS2010)

time: Thu Jul 20 11:36:42 2017
elapsed time: 1 seconds (0d 0h 0m 1s)

