#
# There is insufficient memory for the Java Runtime Environment to continue.
# Native memory allocation (malloc) failed to allocate 1345936 bytes for Chunk::new
# Possible reasons:
#   The system is out of physical RAM or swap space
#   In 32 bit mode, the process size limit was hit
# Possible solutions:
#   Reduce memory load on the system
#   Increase physical memory or swap space
#   Check if swap backing store is full
#   Use 64 bit Java on a 64 bit OS
#   Decrease Java heap size (-Xmx/-Xms)
#   Decrease number of Java threads
#   Decrease Java thread stack sizes (-Xss)
#   Set larger code cache with -XX:ReservedCodeCacheSize=
# This output file may be truncated or incomplete.
#
#  Out of Memory Error (allocation.cpp:390), pid=12960, tid=43836
#
# JRE version: Java(TM) SE Runtime Environment (8.0_31-b13) (build 1.8.0_31-b13)
# Java VM: Java HotSpot(TM) 64-Bit Server VM (25.31-b07 mixed mode windows-amd64 compressed oops)
# Failed to write core dump. Minidumps are not enabled by default on client versions of Windows
#

---------------  T H R E A D  ---------------

Current thread (0x00000000167e8800):  JavaThread "C2 CompilerThread1" daemon [_thread_in_native, id=43836, stack(0x0000000016ba0000,0x0000000016ca0000)]

Stack: [0x0000000016ba0000,0x0000000016ca0000]
Native frames: (J=compiled Java code, j=interpreted, Vv=VM code, C=native code)
V  [jvm.dll+0x3169ba]
V  [jvm.dll+0x2674c3]
V  [jvm.dll+0x268103]
V  [jvm.dll+0x25f8f5]
V  [jvm.dll+0xbf025]
V  [jvm.dll+0xbf4cc]
V  [jvm.dll+0x45df82]
V  [jvm.dll+0x49f21f]
V  [jvm.dll+0x452b35]
V  [jvm.dll+0x454124]
V  [jvm.dll+0x437c62]
V  [jvm.dll+0x988e2]
V  [jvm.dll+0x990d3]
V  [jvm.dll+0x22c194]
V  [jvm.dll+0x28576a]
C  [msvcr100.dll+0x21d9f]
C  [msvcr100.dll+0x21e3b]
C  [KERNEL32.DLL+0x8364]
C  [ntdll.dll+0x670d1]


Current CompileTask:
C2:   1009 1404   !   4       com.android.dx.cf.cst.ConstantPoolParser::parse0 (731 bytes)


---------------  P R O C E S S  ---------------

Java Threads: ( => current thread )
  0x0000000016a96800 JavaThread "pool-1-thread-4" [_thread_in_Java, id=18572, stack(0x0000000017ba0000,0x0000000017ca0000)]
  0x0000000016a95800 JavaThread "pool-1-thread-3" [_thread_blocked, id=14536, stack(0x0000000017aa0000,0x0000000017ba0000)]
  0x0000000016a95000 JavaThread "pool-1-thread-2" [_thread_blocked, id=26036, stack(0x00000000179a0000,0x0000000017aa0000)]
  0x0000000016a93000 JavaThread "pool-2-thread-1" [_thread_blocked, id=39164, stack(0x00000000178a0000,0x00000000179a0000)]
  0x0000000016acc000 JavaThread "pool-1-thread-1" [_thread_in_Java, id=21532, stack(0x00000000177a0000,0x00000000178a0000)]
  0x00000000167f9000 JavaThread "Service Thread" daemon [_thread_blocked, id=11472, stack(0x0000000016da0000,0x0000000016ea0000)]
  0x00000000167f3800 JavaThread "C1 CompilerThread2" daemon [_thread_in_native, id=5376, stack(0x0000000016ca0000,0x0000000016da0000)]
=>0x00000000167e8800 JavaThread "C2 CompilerThread1" daemon [_thread_in_native, id=43836, stack(0x0000000016ba0000,0x0000000016ca0000)]
  0x000000001519a800 JavaThread "C2 CompilerThread0" daemon [_thread_in_native, id=1928, stack(0x00000000166a0000,0x00000000167a0000)]
  0x000000001514f000 JavaThread "Attach Listener" daemon [_thread_blocked, id=33452, stack(0x00000000165a0000,0x00000000166a0000)]
  0x000000001514e000 JavaThread "Signal Dispatcher" daemon [_thread_blocked, id=34800, stack(0x00000000164a0000,0x00000000165a0000)]
  0x0000000002a66000 JavaThread "Finalizer" daemon [_thread_blocked, id=26552, stack(0x00000000163a0000,0x00000000164a0000)]
  0x0000000002a5d800 JavaThread "Reference Handler" daemon [_thread_blocked, id=5360, stack(0x00000000162a0000,0x00000000163a0000)]
  0x0000000002971000 JavaThread "main" [_thread_blocked, id=51124, stack(0x0000000002870000,0x0000000002970000)]

Other Threads:
  0x0000000015106800 VMThread [stack: 0x00000000161a0000,0x00000000162a0000] [id=27500]
  0x00000000167fc000 WatcherThread [stack: 0x0000000016ea0000,0x0000000016fa0000] [id=23720]

VM state:not at safepoint (normal execution)

VM Mutex/Monitor currently owned by a thread: None

Heap:
 PSYoungGen      total 38400K, used 27633K [0x00000000eab00000, 0x00000000ed580000, 0x0000000100000000)
  eden space 33280K, 67% used [0x00000000eab00000,0x00000000ec103f18,0x00000000ecb80000)
  from space 5120K, 99% used [0x00000000ecb80000,0x00000000ed078800,0x00000000ed080000)
  to   space 5120K, 0% used [0x00000000ed080000,0x00000000ed080000,0x00000000ed580000)
 ParOldGen       total 87552K, used 732K [0x00000000c0000000, 0x00000000c5580000, 0x00000000eab00000)
  object space 87552K, 0% used [0x00000000c0000000,0x00000000c00b7130,0x00000000c5580000)
 Metaspace       used 6142K, capacity 7024K, committed 7296K, reserved 1056768K
  class space    used 596K, capacity 616K, committed 640K, reserved 1048576K

Card table byte_map: [0x0000000011e30000,0x0000000012040000] byte_map_base: 0x0000000011830000

Marking Bits: (ParMarkBitMap*) 0x00000000652ad4f0
 Begin Bits: [0x00000000125a0000, 0x00000000135a0000)
 End Bits:   [0x00000000135a0000, 0x00000000145a0000)

Polling page: 0x0000000000ca0000

CodeCache: size=245760Kb used=5978Kb max_used=5978Kb free=239781Kb
 bounds [0x0000000002a70000, 0x0000000003050000, 0x0000000011a70000]
 total_blobs=1733 nmethods=1466 adapters=181
 compilation: enabled

Compilation events (10 events):
Event: 1.000 Thread 0x00000000167f3800 nmethod 1454 0x000000000301d050 code [0x000000000301d3c0, 0x000000000301f248]
Event: 1.000 Thread 0x00000000167f3800 1457       3       com.android.dx.dex.cf.AttributeTranslator::getAnnotations (22 bytes)
Event: 1.001 Thread 0x00000000167f3800 nmethod 1457 0x0000000003020690 code [0x00000000030208a0, 0x0000000003021308]
Event: 1.001 Thread 0x00000000167f3800 1458       3       com.android.dx.dex.cf.AttributeTranslator::getSignature (26 bytes)
Event: 1.001 Thread 0x00000000167f3800 nmethod 1458 0x0000000003021850 code [0x00000000030219e0, 0x0000000003021d98]
Event: 1.001 Thread 0x00000000167f3800 1455       3       com.android.dx.dex.cf.AttributeTranslator::getParameterAnnotations (69 bytes)
Event: 1.001 Thread 0x00000000167f3800 nmethod 1455 0x0000000003021ed0 code [0x00000000030220c0, 0x0000000003022998]
Event: 1.001 Thread 0x00000000167f3800 1459       3       com.android.dx.ssa.SCCP::replaceBranches (142 bytes)
Event: 1.001 Thread 0x00000000167f3800 nmethod 1459 0x0000000003022c90 code [0x0000000003022ee0, 0x0000000003023e88]
Event: 1.001 Thread 0x00000000167f3800 1460       3       com.android.dx.cf.code.Ropper::addSetupBlocks (535 bytes)

GC Heap History (2 events):
Event: 0.765 GC heap before
{Heap before GC invocations=1 (full 0):
 PSYoungGen      total 38400K, used 33280K [0x00000000eab00000, 0x00000000ed580000, 0x0000000100000000)
  eden space 33280K, 100% used [0x00000000eab00000,0x00000000ecb80000,0x00000000ecb80000)
  from space 5120K, 0% used [0x00000000ed080000,0x00000000ed080000,0x00000000ed580000)
  to   space 5120K, 0% used [0x00000000ecb80000,0x00000000ecb80000,0x00000000ed080000)
 ParOldGen       total 87552K, used 0K [0x00000000c0000000, 0x00000000c5580000, 0x00000000eab00000)
  object space 87552K, 0% used [0x00000000c0000000,0x00000000c0000000,0x00000000c5580000)
 Metaspace       used 5978K, capacity 6896K, committed 7040K, reserved 1056768K
  class space    used 596K, capacity 616K, committed 640K, reserved 1048576K
Event: 0.848 GC heap after
Heap after GC invocations=1 (full 0):
 PSYoungGen      total 38400K, used 5090K [0x00000000eab00000, 0x00000000ed580000, 0x0000000100000000)
  eden space 33280K, 0% used [0x00000000eab00000,0x00000000eab00000,0x00000000ecb80000)
  from space 5120K, 99% used [0x00000000ecb80000,0x00000000ed078800,0x00000000ed080000)
  to   space 5120K, 0% used [0x00000000ed080000,0x00000000ed080000,0x00000000ed580000)
 ParOldGen       total 87552K, used 732K [0x00000000c0000000, 0x00000000c5580000, 0x00000000eab00000)
  object space 87552K, 0% used [0x00000000c0000000,0x00000000c00b7130,0x00000000c5580000)
 Metaspace       used 5978K, capacity 6896K, committed 7040K, reserved 1056768K
  class space    used 596K, capacity 616K, committed 640K, reserved 1048576K
}

Deoptimization events (8 events):
Event: 0.502 Thread 0x0000000016a95800 Uncommon trap: reason=class_check action=maybe_recompile pc=0x0000000002cc1540 method=com.android.dx.rop.type.Type.equals(Ljava/lang/Object;)Z @ 8
Event: 0.502 Thread 0x0000000016a95800 Uncommon trap: reason=class_check action=maybe_recompile pc=0x0000000002cc1540 method=com.android.dx.rop.type.Type.equals(Ljava/lang/Object;)Z @ 8
Event: 0.525 Thread 0x0000000002971000 Uncommon trap: reason=unreached action=reinterpret pc=0x0000000002df48e8 method=com.android.dx.rop.code.LocalItem.hashCode()I @ 25
Event: 0.526 Thread 0x0000000002971000 Uncommon trap: reason=unreached action=reinterpret pc=0x0000000002daf15c method=com.android.dx.rop.code.LocalItem.hashCode()I @ 25
Event: 0.537 Thread 0x0000000016a96800 Uncommon trap: reason=bimorphic action=maybe_recompile pc=0x0000000002cc14f8 method=java.util.HashMap.getNode(ILjava/lang/Object;)Ljava/util/HashMap$Node; @ 126
Event: 0.679 Thread 0x0000000016a95000 Uncommon trap: reason=bimorphic action=maybe_recompile pc=0x0000000002cc14f8 method=java.util.HashMap.getNode(ILjava/lang/Object;)Ljava/util/HashMap$Node; @ 126
Event: 0.963 Thread 0x0000000016acc000 Uncommon trap: reason=bimorphic action=maybe_recompile pc=0x0000000002f6b850 method=com.android.dx.cf.code.BytecodeArray.parseInstruction(ILcom/android/dx/cf/code/BytecodeArray$Visitor;)I @ 2484
Event: 0.963 Thread 0x0000000016acc000 Uncommon trap: reason=bimorphic action=maybe_recompile pc=0x0000000002f6b850 method=com.android.dx.cf.code.BytecodeArray.parseInstruction(ILcom/android/dx/cf/code/BytecodeArray$Visitor;)I @ 2484

Internal exceptions (10 events):
Event: 0.283 Thread 0x0000000016a95800 Exception <a 'java/security/PrivilegedActionException'> (0x00000000ebc872c0) thrown at [C:\workspace\8-2-build-windows-amd64-cygwin\jdk8u31\2394\hotspot\src\share\vm\prims\jvm.cpp, line 1312]
Event: 0.284 Thread 0x0000000016a95800 Exception <a 'java/security/PrivilegedActionException'> (0x00000000ebc8caf8) thrown at [C:\workspace\8-2-build-windows-amd64-cygwin\jdk8u31\2394\hotspot\src\share\vm\prims\jvm.cpp, line 1312]
Event: 0.284 Thread 0x0000000016a95800 Exception <a 'java/security/PrivilegedActionException'> (0x00000000ebc92e68) thrown at [C:\workspace\8-2-build-windows-amd64-cygwin\jdk8u31\2394\hotspot\src\share\vm\prims\jvm.cpp, line 1312]
Event: 0.300 Thread 0x0000000016a95000 Exception <a 'java/security/PrivilegedActionException'> (0x00000000eb922220) thrown at [C:\workspace\8-2-build-windows-amd64-cygwin\jdk8u31\2394\hotspot\src\share\vm\prims\jvm.cpp, line 1312]
Event: 0.303 Thread 0x0000000016a95000 Exception <a 'java/security/PrivilegedActionException'> (0x00000000eb9452c0) thrown at [C:\workspace\8-2-build-windows-amd64-cygwin\jdk8u31\2394\hotspot\src\share\vm\prims\jvm.cpp, line 1312]
Event: 0.454 Thread 0x0000000016a95800 Exception <a 'java/security/PrivilegedActionException'> (0x00000000ebd220e0) thrown at [C:\workspace\8-2-build-windows-amd64-cygwin\jdk8u31\2394\hotspot\src\share\vm\prims\jvm.cpp, line 1312]
Event: 0.491 Thread 0x0000000016acc000 Exception <a 'java/security/PrivilegedActionException'> (0x00000000ebeac400) thrown at [C:\workspace\8-2-build-windows-amd64-cygwin\jdk8u31\2394\hotspot\src\share\vm\prims\jvm.cpp, line 1312]
Event: 0.502 Thread 0x0000000002971000 Exception <a 'java/security/PrivilegedActionException'> (0x00000000ec13b558) thrown at [C:\workspace\8-2-build-windows-amd64-cygwin\jdk8u31\2394\hotspot\src\share\vm\prims\jvm.cpp, line 1312]
Event: 0.506 Thread 0x0000000002971000 Exception <a 'java/security/PrivilegedActionException'> (0x00000000ec14eff0) thrown at [C:\workspace\8-2-build-windows-amd64-cygwin\jdk8u31\2394\hotspot\src\share\vm\prims\jvm.cpp, line 1312]
Event: 0.520 Thread 0x0000000016a95000 Exception <a 'java/security/PrivilegedActionException'> (0x00000000ec24b040) thrown at [C:\workspace\8-2-build-windows-amd64-cygwin\jdk8u31\2394\hotspot\src\share\vm\prims\jvm.cpp, line 1312]

Events (10 events):
Event: 0.859 Thread 0x0000000016acc000 DEOPT PACKING pc=0x0000000002d2a2f5 sp=0x000000001789e3f0
Event: 0.859 Thread 0x0000000016acc000 DEOPT UNPACKING pc=0x0000000002ab75bf sp=0x000000001789e1d0 mode 0
Event: 0.948 Thread 0x0000000016a95000 DEOPT PACKING pc=0x0000000002d891c3 sp=0x0000000017a9ed90
Event: 0.948 Thread 0x0000000016a95000 DEOPT UNPACKING pc=0x0000000002ab75bf sp=0x0000000017a9eb58 mode 0
Event: 0.963 Thread 0x0000000016acc000 Uncommon trap: trap_request=0xffffffc6 fr.pc=0x0000000002f6b850
Event: 0.963 Thread 0x0000000016acc000 DEOPT PACKING pc=0x0000000002f6b850 sp=0x000000001789e4a0
Event: 0.963 Thread 0x0000000016acc000 DEOPT UNPACKING pc=0x0000000002ab556a sp=0x000000001789e448 mode 2
Event: 0.963 Thread 0x0000000016acc000 Uncommon trap: trap_request=0xffffffc6 fr.pc=0x0000000002f6b850
Event: 0.963 Thread 0x0000000016acc000 DEOPT PACKING pc=0x0000000002f6b850 sp=0x000000001789e260
Event: 0.963 Thread 0x0000000016acc000 DEOPT UNPACKING pc=0x0000000002ab556a sp=0x000000001789e208 mode 2


Dynamic libraries:
0x00007ff68bf40000 - 0x00007ff68bf74000 	C:\Program Files\Java\jdk1.8.0_31\bin\java.exe
0x00007ffa8d2a0000 - 0x00007ffa8d471000 	C:\WINDOWS\SYSTEM32\ntdll.dll
0x00007ffa8b1a0000 - 0x00007ffa8b24c000 	C:\WINDOWS\System32\KERNEL32.DLL
0x00007ffa8a1e0000 - 0x00007ffa8a3fd000 	C:\WINDOWS\System32\KERNELBASE.dll
0x00007ffa8b330000 - 0x00007ffa8b3d2000 	C:\WINDOWS\System32\ADVAPI32.dll
0x00007ffa8d0d0000 - 0x00007ffa8d16e000 	C:\WINDOWS\System32\msvcrt.dll
0x00007ffa8ab90000 - 0x00007ffa8abe9000 	C:\WINDOWS\System32\sechost.dll
0x00007ffa8d170000 - 0x00007ffa8d291000 	C:\WINDOWS\System32\RPCRT4.dll
0x00007ffa8b020000 - 0x00007ffa8b185000 	C:\WINDOWS\System32\USER32.dll
0x00007ffa8a470000 - 0x00007ffa8a48e000 	C:\WINDOWS\System32\win32u.dll
0x00007ffa8b250000 - 0x00007ffa8b284000 	C:\WINDOWS\System32\GDI32.dll
0x00007ffa8a490000 - 0x00007ffa8a612000 	C:\WINDOWS\System32\gdi32full.dll
0x00007ffa7c4b0000 - 0x00007ffa7c72a000 	C:\WINDOWS\WinSxS\amd64_microsoft.windows.common-controls_6595b64144ccf1df_6.0.14393.953_none_42151e83c686086b\COMCTL32.dll
0x00007ffa8a860000 - 0x00007ffa8ab28000 	C:\WINDOWS\System32\combase.dll
0x00007ffa8a620000 - 0x00007ffa8a715000 	C:\WINDOWS\System32\ucrtbase.dll
0x00007ffa8a400000 - 0x00007ffa8a46a000 	C:\WINDOWS\System32\bcryptPrimitives.dll
0x00007ffa8a830000 - 0x00007ffa8a85e000 	C:\WINDOWS\System32\IMM32.DLL
0x0000000065330000 - 0x0000000065402000 	C:\Program Files\Java\jdk1.8.0_31\jre\bin\msvcr100.dll
0x0000000064ad0000 - 0x000000006532a000 	C:\Program Files\Java\jdk1.8.0_31\jre\bin\server\jvm.dll
0x00007ffa8b190000 - 0x00007ffa8b198000 	C:\WINDOWS\System32\PSAPI.DLL
0x00007ffa7ff90000 - 0x00007ffa7ff99000 	C:\WINDOWS\SYSTEM32\WSOCK32.dll
0x00007ffa8b580000 - 0x00007ffa8b5ea000 	C:\WINDOWS\System32\WS2_32.dll
0x00007ffa87700000 - 0x00007ffa87723000 	C:\WINDOWS\SYSTEM32\WINMM.dll
0x00007ffa876a0000 - 0x00007ffa876cb000 	C:\WINDOWS\SYSTEM32\WINMMBASE.dll
0x00007ffa8a190000 - 0x00007ffa8a1d2000 	C:\WINDOWS\System32\cfgmgr32.dll
0x0000000064ac0000 - 0x0000000064acf000 	C:\Program Files\Java\jdk1.8.0_31\jre\bin\verify.dll
0x0000000064a90000 - 0x0000000064ab8000 	C:\Program Files\Java\jdk1.8.0_31\jre\bin\java.dll
0x0000000064a70000 - 0x0000000064a86000 	C:\Program Files\Java\jdk1.8.0_31\jre\bin\zip.dll
0x00007ffa8b690000 - 0x00007ffa8cb98000 	C:\WINDOWS\System32\SHELL32.dll
0x00007ffa89790000 - 0x00007ffa89e6a000 	C:\WINDOWS\System32\windows.storage.dll
0x00007ffa89700000 - 0x00007ffa8974c000 	C:\WINDOWS\System32\powrprof.dll
0x00007ffa8cd70000 - 0x00007ffa8cdc2000 	C:\WINDOWS\System32\shlwapi.dll
0x00007ffa89780000 - 0x00007ffa8978f000 	C:\WINDOWS\System32\kernel.appcore.dll
0x00007ffa8a0e0000 - 0x00007ffa8a189000 	C:\WINDOWS\System32\shcore.dll
0x00007ffa89760000 - 0x00007ffa89774000 	C:\WINDOWS\System32\profapi.dll
0x00007ffa6d060000 - 0x00007ffa6d1f2000 	C:\WINDOWS\SYSTEM32\dbghelp.dll

VM Arguments:
jvm_args: -Djava.awt.headless=true -Xmx1024M -Dfile.encoding=GBK -Duser.country=CN -Duser.language=zh -Duser.variant 
java_command: com.android.dx.command.Main --dex --num-threads=4 --output G:\BaiduNetdiskDownload\BaseProject\BaseProject\app\build\intermediates\pre-dexed\debug\com.android.support-appcompat-v7-25.3.1_4694909b8df168a8c28c85c28c7dd3315a7c4033.jar G:\BaiduNetdiskDownload\BaseProject\BaseProject\app\build\intermediates\exploded-aar\com.android.support\appcompat-v7\25.3.1\jars\classes.jar
java_class_path (initial): E:\AndroidStudio\Sdk\build-tools\25.0.0\lib\dx.jar
Launcher Type: SUN_STANDARD

Environment Variables:
JAVA_HOME=C:\Program Files\Java\jdk1.8.0_31
CLASSPATH=.;C:\Program Files\Java\jdk1.8.0_31\lib\dt.jar;C:\Program Files\Java\jdk1.8.0_31\lib\tools.jar;
PATH=C:\ProgramData\Oracle\Java\javapath;C:\WINDOWS\system32;C:\WINDOWS;C:\WINDOWS\System32\Wbem;C:\WINDOWS\System32\WindowsPowerShell\v1.0\;C:\Program Files\Java\jdk1.8.0_73\bin;C:\Program Files\TortoiseSVN\bin;E:\VisualSVN Server\bin;C:\Program Files\Java\jdk1.8.0_31\bin;G:\java\jdk\bin
USERNAME=SEELE
OS=Windows_NT
PROCESSOR_IDENTIFIER=Intel64 Family 6 Model 158 Stepping 9, GenuineIntel



---------------  S Y S T E M  ---------------

OS: Windows 8.1 , 64 bit Build 9600 

CPU:total 4 (4 cores per cpu, 1 threads per core) family 6 model 158 stepping 9, cmov, cx8, fxsr, mmx, sse, sse2, sse3, ssse3, sse4.1, sse4.2, popcnt, avx, avx2, aes, clmul, erms, rtm, lzcnt, tsc, tscinvbit, bmi1, bmi2

Memory: 4k page, physical 8305452k(1085648k free), swap 14798260k(5524k free)

vm_info: Java HotSpot(TM) 64-Bit Server VM (25.31-b07) for windows-amd64 JRE (1.8.0_31-b13), built on Dec 17 2014 21:00:28 by "java_re" with MS VC++ 10.0 (VS2010)

time: Thu Jul 20 11:36:42 2017
elapsed time: 1 seconds (0d 0h 0m 1s)

