#
# There is insufficient memory for the Java Runtime Environment to continue.
# Native memory allocation (malloc) failed to allocate 78160 bytes for Chunk::new
# Possible reasons:
#   The system is out of physical RAM or swap space
#   In 32 bit mode, the process size limit was hit
# Possible solutions:
#   Reduce memory load on the system
#   Increase physical memory or swap space
#   Check if swap backing store is full
#   Use 64 bit Java on a 64 bit OS
#   Decrease Java heap size (-Xmx/-Xms)
#   Decrease number of Java threads
#   Decrease Java thread stack sizes (-Xss)
#   Set larger code cache with -XX:ReservedCodeCacheSize=
# This output file may be truncated or incomplete.
#
#  Out of Memory Error (allocation.cpp:390), pid=23424, tid=7588
#
# JRE version: Java(TM) SE Runtime Environment (8.0_31-b13) (build 1.8.0_31-b13)
# Java VM: Java HotSpot(TM) 64-Bit Server VM (25.31-b07 mixed mode windows-amd64 compressed oops)
# Failed to write core dump. Minidumps are not enabled by default on client versions of Windows
#

---------------  T H R E A D  ---------------

Current thread (0x0000000016af2000):  JavaThread "C2 CompilerThread1" daemon [_thread_in_native, id=7588, stack(0x0000000016ea0000,0x0000000016fa0000)]

Stack: [0x0000000016ea0000,0x0000000016fa0000]
Native frames: (J=compiled Java code, j=interpreted, Vv=VM code, C=native code)
V  [jvm.dll+0x3169ba]


Current CompileTask:
C2:    927  416       4       sun.misc.MetaIndex::mayContain (51 bytes)


---------------  P R O C E S S  ---------------

Java Threads: ( => current thread )
  0x0000000016d68000 JavaThread "pool-1-thread-4" [_thread_in_vm, id=11228, stack(0x00000000176a0000,0x00000000177a0000)]
  0x0000000016d67000 JavaThread "pool-1-thread-3" [_thread_in_vm, id=22368, stack(0x00000000175a0000,0x00000000176a0000)]
  0x0000000016d66800 JavaThread "pool-1-thread-2" [_thread_blocked, id=34984, stack(0x00000000174a0000,0x00000000175a0000)]
  0x0000000016cf3800 JavaThread "pool-2-thread-1" [_thread_blocked, id=19200, stack(0x00000000173a0000,0x00000000174a0000)]
  0x0000000016d80800 JavaThread "pool-1-thread-1" [_thread_in_vm, id=18980, stack(0x00000000172a0000,0x00000000173a0000)]
  0x0000000016af8000 JavaThread "Service Thread" daemon [_thread_blocked, id=44760, stack(0x00000000170a0000,0x00000000171a0000)]
  0x0000000016af3000 JavaThread "C1 CompilerThread2" daemon [_thread_in_native, id=33728, stack(0x0000000016fa0000,0x00000000170a0000)]
=>0x0000000016af2000 JavaThread "C2 CompilerThread1" daemon [_thread_in_native, id=7588, stack(0x0000000016ea0000,0x0000000016fa0000)]
  0x0000000015489000 JavaThread "C2 CompilerThread0" daemon [_thread_blocked, id=38432, stack(0x00000000169a0000,0x0000000016aa0000)]
  0x0000000015488800 JavaThread "Attach Listener" daemon [_thread_blocked, id=820, stack(0x00000000168a0000,0x00000000169a0000)]
  0x000000001543c000 JavaThread "Signal Dispatcher" daemon [_thread_blocked, id=41404, stack(0x00000000167a0000,0x00000000168a0000)]
  0x0000000002d4f000 JavaThread "Finalizer" daemon [_thread_blocked, id=50352, stack(0x00000000166a0000,0x00000000167a0000)]
  0x0000000002d4c800 JavaThread "Reference Handler" daemon [_thread_blocked, id=22880, stack(0x00000000165a0000,0x00000000166a0000)]
  0x0000000002c61000 JavaThread "main" [_thread_blocked, id=26976, stack(0x0000000002b60000,0x0000000002c60000)]

Other Threads:
  0x00000000153f6800 VMThread [stack: 0x00000000164a0000,0x00000000165a0000] [id=48372]
  0x0000000016afa800 WatcherThread [stack: 0x00000000171a0000,0x00000000172a0000] [id=28388]

VM state:not at safepoint (normal execution)

VM Mutex/Monitor currently owned by a thread:  ([mutex/lock_event])
[0x000000000272c070] SymbolTable_lock - owner thread: 0x0000000016d80800

Heap:
 PSYoungGen      total 38400K, used 16000K [0x00000000eab00000, 0x00000000ed580000, 0x0000000100000000)
  eden space 33280K, 48% used [0x00000000eab00000,0x00000000ebaa00b0,0x00000000ecb80000)
  from space 5120K, 0% used [0x00000000ed080000,0x00000000ed080000,0x00000000ed580000)
  to   space 5120K, 0% used [0x00000000ecb80000,0x00000000ecb80000,0x00000000ed080000)
 ParOldGen       total 87552K, used 0K [0x00000000c0000000, 0x00000000c5580000, 0x00000000eab00000)
  object space 87552K, 0% used [0x00000000c0000000,0x00000000c0000000,0x00000000c5580000)
 Metaspace       used 5081K, capacity 6096K, committed 6272K, reserved 1056768K
  class space    used 552K, capacity 584K, committed 640K, reserved 1048576K

Card table byte_map: [0x0000000012120000,0x0000000012330000] byte_map_base: 0x0000000011b20000

Marking Bits: (ParMarkBitMap*) 0x00000000652ad4f0
 Begin Bits: [0x0000000012890000, 0x0000000013890000)
 End Bits:   [0x0000000013890000, 0x0000000014890000)

Polling page: 0x0000000000c80000

CodeCache: size=245760Kb used=2091Kb max_used=2092Kb free=243668Kb
 bounds [0x0000000002d60000, 0x0000000002fd0000, 0x0000000011d60000]
 total_blobs=709 nmethods=445 adapters=178
 compilation: enabled

Compilation events (10 events):
Event: 0.925 Thread 0x0000000016af3000 nmethod 403 0x0000000002f54890 code [0x0000000002f549e0, 0x0000000002f54af0]
Event: 0.925 Thread 0x0000000016af3000  407       1       com.android.dx.ssa.SsaBasicBlock::getPredecessors (5 bytes)
Event: 0.925 Thread 0x0000000016af3000 nmethod 407 0x0000000002f545d0 code [0x0000000002f54720, 0x0000000002f54830]
Event: 0.925 Thread 0x0000000016af3000  417       1       com.android.dx.ssa.SsaRenamer::access$000 (5 bytes)
Event: 0.925 Thread 0x0000000016af3000 nmethod 417 0x0000000002f54310 code [0x0000000002f54460, 0x0000000002f54550]
Event: 0.925 Thread 0x0000000016af3000  404       3       com.android.dx.rop.type.Type::getType (2 bytes)
Event: 0.926 Thread 0x0000000016af3000 nmethod 404 0x0000000002f53fd0 code [0x0000000002f54120, 0x0000000002f54270]
Event: 0.926 Thread 0x0000000016af3000  406       1       com.android.dx.rop.code.BasicBlock::getSuccessors (5 bytes)
Event: 0.926 Thread 0x0000000016af3000 nmethod 406 0x0000000002f53cd0 code [0x0000000002f53e20, 0x0000000002f53f30]
Event: 0.926 Thread 0x0000000016af3000  410       3       com.android.dx.rop.type.Type::getCategory (36 bytes)

GC Heap History (0 events):
No events

Deoptimization events (0 events):
No events

Internal exceptions (10 events):
Event: 0.922 Thread 0x0000000016d80800 Exception <a 'java/security/PrivilegedActionException'> (0x00000000eb8aeea8) thrown at [C:\workspace\8-2-build-windows-amd64-cygwin\jdk8u31\2394\hotspot\src\share\vm\prims\jvm.cpp, line 1312]
Event: 0.922 Thread 0x0000000016d67000 Exception <a 'java/security/PrivilegedActionException'> (0x00000000eb8151f0) thrown at [C:\workspace\8-2-build-windows-amd64-cygwin\jdk8u31\2394\hotspot\src\share\vm\prims\jvm.cpp, line 1312]
Event: 0.922 Thread 0x0000000002c61000 Exception <a 'java/security/PrivilegedActionException'> (0x00000000eb60dc48) thrown at [C:\workspace\8-2-build-windows-amd64-cygwin\jdk8u31\2394\hotspot\src\share\vm\prims\jvm.cpp, line 1312]
Event: 0.923 Thread 0x0000000002c61000 Exception <a 'java/security/PrivilegedActionException'> (0x00000000eb610db8) thrown at [C:\workspace\8-2-build-windows-amd64-cygwin\jdk8u31\2394\hotspot\src\share\vm\prims\jvm.cpp, line 1312]
Event: 0.923 Thread 0x0000000002c61000 Exception <a 'java/security/PrivilegedActionException'> (0x00000000eb9fa690) thrown at [C:\workspace\8-2-build-windows-amd64-cygwin\jdk8u31\2394\hotspot\src\share\vm\prims\jvm.cpp, line 1312]
Event: 0.924 Thread 0x0000000016d66800 Exception <a 'java/security/PrivilegedActionException'> (0x00000000eb77d418) thrown at [C:\workspace\8-2-build-windows-amd64-cygwin\jdk8u31\2394\hotspot\src\share\vm\prims\jvm.cpp, line 1312]
Event: 0.924 Thread 0x0000000002c61000 Exception <a 'java/security/PrivilegedActionException'> (0x00000000eb9fe160) thrown at [C:\workspace\8-2-build-windows-amd64-cygwin\jdk8u31\2394\hotspot\src\share\vm\prims\jvm.cpp, line 1312]
Event: 0.924 Thread 0x0000000002c61000 Exception <a 'java/security/PrivilegedActionException'> (0x00000000eba02ff0) thrown at [C:\workspace\8-2-build-windows-amd64-cygwin\jdk8u31\2394\hotspot\src\share\vm\prims\jvm.cpp, line 1312]
Event: 0.925 Thread 0x0000000002c61000 Exception <a 'java/security/PrivilegedActionException'> (0x00000000eba066e8) thrown at [C:\workspace\8-2-build-windows-amd64-cygwin\jdk8u31\2394\hotspot\src\share\vm\prims\jvm.cpp, line 1312]
Event: 0.925 Thread 0x0000000002c61000 Exception <a 'java/security/PrivilegedActionException'> (0x00000000eba096c0) thrown at [C:\workspace\8-2-build-windows-amd64-cygwin\jdk8u31\2394\hotspot\src\share\vm\prims\jvm.cpp, line 1312]

Events (10 events):
Event: 0.924 loading class com/android/dx/ssa/back/FirstFitLocalCombiningAllocator$1
Event: 0.924 loading class com/android/dx/ssa/back/FirstFitLocalCombiningAllocator$1 done
Event: 0.924 loading class com/android/dx/ssa/back/FirstFitLocalCombiningAllocator$Alignment
Event: 0.924 loading class com/android/dx/ssa/back/FirstFitLocalCombiningAllocator$Alignment done
Event: 0.925 loading class com/android/dx/ssa/back/FirstFitLocalCombiningAllocator$Alignment$1
Event: 0.925 loading class com/android/dx/ssa/back/FirstFitLocalCombiningAllocator$Alignment$1 done
Event: 0.925 loading class com/android/dx/ssa/back/FirstFitLocalCombiningAllocator$Alignment$2
Event: 0.925 loading class com/android/dx/ssa/back/FirstFitLocalCombiningAllocator$Alignment$2 done
Event: 0.926 loading class com/android/dx/ssa/back/FirstFitLocalCombiningAllocator$Alignment$3
Event: 0.926 loading class com/android/dx/ssa/back/FirstFitLocalCombiningAllocator$Alignment$3 done


Dynamic libraries:
0x00007ff61d850000 - 0x00007ff61d884000 	C:\Program Files\Java\jdk1.8.0_31\bin\java.exe
0x00007ffa8d2a0000 - 0x00007ffa8d471000 	C:\WINDOWS\SYSTEM32\ntdll.dll
0x00007ffa8b1a0000 - 0x00007ffa8b24c000 	C:\WINDOWS\System32\KERNEL32.DLL
0x00007ffa8a1e0000 - 0x00007ffa8a3fd000 	C:\WINDOWS\System32\KERNELBASE.dll
0x00007ffa8b330000 - 0x00007ffa8b3d2000 	C:\WINDOWS\System32\ADVAPI32.dll
0x00007ffa8d0d0000 - 0x00007ffa8d16e000 	C:\WINDOWS\System32\msvcrt.dll
0x00007ffa8ab90000 - 0x00007ffa8abe9000 	C:\WINDOWS\System32\sechost.dll
0x00007ffa8d170000 - 0x00007ffa8d291000 	C:\WINDOWS\System32\RPCRT4.dll
0x00007ffa8b020000 - 0x00007ffa8b185000 	C:\WINDOWS\System32\USER32.dll
0x00007ffa8a470000 - 0x00007ffa8a48e000 	C:\WINDOWS\System32\win32u.dll
0x00007ffa8b250000 - 0x00007ffa8b284000 	C:\WINDOWS\System32\GDI32.dll
0x00007ffa8a490000 - 0x00007ffa8a612000 	C:\WINDOWS\System32\gdi32full.dll
0x00007ffa7c4b0000 - 0x00007ffa7c72a000 	C:\WINDOWS\WinSxS\amd64_microsoft.windows.common-controls_6595b64144ccf1df_6.0.14393.953_none_42151e83c686086b\COMCTL32.dll
0x00007ffa8a860000 - 0x00007ffa8ab28000 	C:\WINDOWS\System32\combase.dll
0x00007ffa8a620000 - 0x00007ffa8a715000 	C:\WINDOWS\System32\ucrtbase.dll
0x00007ffa8a400000 - 0x00007ffa8a46a000 	C:\WINDOWS\System32\bcryptPrimitives.dll
0x00007ffa8a830000 - 0x00007ffa8a85e000 	C:\WINDOWS\System32\IMM32.DLL
0x0000000065330000 - 0x0000000065402000 	C:\Program Files\Java\jdk1.8.0_31\jre\bin\msvcr100.dll
0x0000000064ad0000 - 0x000000006532a000 	C:\Program Files\Java\jdk1.8.0_31\jre\bin\server\jvm.dll
0x00007ffa8b190000 - 0x00007ffa8b198000 	C:\WINDOWS\System32\PSAPI.DLL
0x00007ffa86a30000 - 0x00007ffa86a39000 	C:\WINDOWS\SYSTEM32\WSOCK32.dll
0x00007ffa8b580000 - 0x00007ffa8b5ea000 	C:\WINDOWS\System32\WS2_32.dll
0x00007ffa87700000 - 0x00007ffa87723000 	C:\WINDOWS\SYSTEM32\WINMM.dll
0x0000000000c30000 - 0x0000000000c5b000 	C:\WINDOWS\SYSTEM32\WINMMBASE.dll
0x00007ffa8a190000 - 0x00007ffa8a1d2000 	C:\WINDOWS\System32\cfgmgr32.dll
0x0000000066170000 - 0x000000006617f000 	C:\Program Files\Java\jdk1.8.0_31\jre\bin\verify.dll
0x0000000066140000 - 0x0000000066168000 	C:\Program Files\Java\jdk1.8.0_31\jre\bin\java.dll
0x0000000066120000 - 0x0000000066136000 	C:\Program Files\Java\jdk1.8.0_31\jre\bin\zip.dll
0x00007ffa8b690000 - 0x00007ffa8cb98000 	C:\WINDOWS\System32\SHELL32.dll
0x00007ffa89790000 - 0x00007ffa89e6a000 	C:\WINDOWS\System32\windows.storage.dll
0x00007ffa89700000 - 0x00007ffa8974c000 	C:\WINDOWS\System32\powrprof.dll
0x00007ffa8cd70000 - 0x00007ffa8cdc2000 	C:\WINDOWS\System32\shlwapi.dll
0x00007ffa89780000 - 0x00007ffa8978f000 	C:\WINDOWS\System32\kernel.appcore.dll
0x00007ffa8a0e0000 - 0x00007ffa8a189000 	C:\WINDOWS\System32\shcore.dll
0x00007ffa89760000 - 0x00007ffa89774000 	C:\WINDOWS\System32\profapi.dll

VM Arguments:
jvm_args: -Djava.awt.headless=true -Xmx1024M -Dfile.encoding=GBK -Duser.country=CN -Duser.language=zh -Duser.variant 
java_command: com.android.dx.command.Main --dex --num-threads=4 --output G:\BaiduNetdiskDownload\BaseProject\BaseProject\app\build\intermediates\pre-dexed\debug\com.android.support-support-media-compat-25.3.1_97bdf6ed1c9cf893252459052c0dd94c680c7ee6.jar G:\BaiduNetdiskDownload\BaseProject\BaseProject\app\build\intermediates\exploded-aar\com.android.support\support-media-compat\25.3.1\jars\classes.jar
java_class_path (initial): E:\AndroidStudio\Sdk\build-tools\25.0.0\lib\dx.jar
Launcher Type: SUN_STANDARD

Environment Variables:
JAVA_HOME=C:\Program Files\Java\jdk1.8.0_31
CLASSPATH=.;C:\Program Files\Java\jdk1.8.0_31\lib\dt.jar;C:\Program Files\Java\jdk1.8.0_31\lib\tools.jar;
PATH=C:\ProgramData\Oracle\Java\javapath;C:\WINDOWS\system32;C:\WINDOWS;C:\WINDOWS\System32\Wbem;C:\WINDOWS\System32\WindowsPowerShell\v1.0\;C:\Program Files\Java\jdk1.8.0_73\bin;C:\Program Files\TortoiseSVN\bin;E:\VisualSVN Server\bin;C:\Program Files\Java\jdk1.8.0_31\bin;G:\java\jdk\bin
USERNAME=SEELE
OS=Windows_NT
PROCESSOR_IDENTIFIER=Intel64 Family 6 Model 158 Stepping 9, GenuineIntel



---------------  S Y S T E M  ---------------

OS: Windows 8.1 , 64 bit Build 9600 

CPU:total 4 (4 cores per cpu, 1 threads per core) family 6 model 158 stepping 9, cmov, cx8, fxsr, mmx, sse, sse2, sse3, ssse3, sse4.1, sse4.2, popcnt, avx, avx2, aes, clmul, erms, rtm, lzcnt, tsc, tscinvbit, bmi1, bmi2

Memory: 4k page, physical 8305452k(1410980k free), swap 14798260k(4088k free)

vm_info: Java HotSpot(TM) 64-Bit Server VM (25.31-b07) for windows-amd64 JRE (1.8.0_31-b13), built on Dec 17 2014 21:00:28 by "java_re" with MS VC++ 10.0 (VS2010)

time: Tue Jul 18 20:19:42 2017
elapsed time: 0 seconds (0d 0h 0m 0s)

