#
# There is insufficient memory for the Java Runtime Environment to continue.
# Native memory allocation (malloc) failed to allocate 32744 bytes for ChunkPool::allocate
# Possible reasons:
#   The system is out of physical RAM or swap space
#   In 32 bit mode, the process size limit was hit
# Possible solutions:
#   Reduce memory load on the system
#   Increase physical memory or swap space
#   Check if swap backing store is full
#   Use 64 bit Java on a 64 bit OS
#   Decrease Java heap size (-Xmx/-Xms)
#   Decrease number of Java threads
#   Decrease Java thread stack sizes (-Xss)
#   Set larger code cache with -XX:ReservedCodeCacheSize=
# This output file may be truncated or incomplete.
#
#  Out of Memory Error (allocation.cpp:273), pid=13792, tid=16732
#
# JRE version: Java(TM) SE Runtime Environment (8.0_31-b13) (build 1.8.0_31-b13)
# Java VM: Java HotSpot(TM) 64-Bit Server VM (25.31-b07 mixed mode windows-amd64 compressed oops)
# Failed to write core dump. Minidumps are not enabled by default on client versions of Windows
#

---------------  T H R E A D  ---------------

Current thread (0x0000000015b3d800):  JavaThread "C1 CompilerThread2" daemon [_thread_in_native, id=16732, stack(0x0000000017660000,0x0000000017760000)]

Stack: [0x0000000017660000,0x0000000017760000]
Native frames: (J=compiled Java code, j=interpreted, Vv=VM code, C=native code)
V  [jvm.dll+0x3169ba]
V  [jvm.dll+0x2674c3]
V  [jvm.dll+0x268103]
V  [jvm.dll+0x25f8f5]
V  [jvm.dll+0xbed81]
V  [jvm.dll+0xbf4cc]
V  [jvm.dll+0x3f3885]
V  [jvm.dll+0x3fef84]
V  [jvm.dll+0x3ff538]
V  [jvm.dll+0x3fb24f]
V  [jvm.dll+0x3fdc37]
V  [jvm.dll+0x3fe52d]
V  [jvm.dll+0x3fe922]
V  [jvm.dll+0x4039e5]
V  [jvm.dll+0x403af0]
V  [jvm.dll+0x3eda58]
V  [jvm.dll+0x3edcc1]
V  [jvm.dll+0x3ede82]
V  [jvm.dll+0x3ee04e]
V  [jvm.dll+0x3ee24f]
V  [jvm.dll+0x988e2]
V  [jvm.dll+0x990d3]
V  [jvm.dll+0x22c194]
V  [jvm.dll+0x28576a]
C  [msvcr100.dll+0x21d9f]
C  [msvcr100.dll+0x21e3b]
C  [KERNEL32.DLL+0x8364]
C  [ntdll.dll+0x670d1]


Current CompileTask:
C1:    928 1211       2       com.android.dx.ssa.DomFront::run (264 bytes)


---------------  P R O C E S S  ---------------

Java Threads: ( => current thread )
  0x00000000170c7800 JavaThread "pool-1-thread-4" [_thread_blocked, id=30776, stack(0x0000000017d60000,0x0000000017e60000)]
  0x000000001709d800 JavaThread "pool-1-thread-3" [_thread_in_Java, id=34400, stack(0x0000000017c60000,0x0000000017d60000)]
  0x000000001709c800 JavaThread "pool-1-thread-2" [_thread_in_Java, id=8940, stack(0x0000000017b60000,0x0000000017c60000)]
  0x0000000017087000 JavaThread "pool-2-thread-1" [_thread_blocked, id=29192, stack(0x0000000017a60000,0x0000000017b60000)]
  0x000000001707f800 JavaThread "pool-1-thread-1" [_thread_in_Java, id=12804, stack(0x0000000017960000,0x0000000017a60000)]
  0x0000000016eb8000 JavaThread "Service Thread" daemon [_thread_blocked, id=18276, stack(0x0000000017760000,0x0000000017860000)]
=>0x0000000015b3d800 JavaThread "C1 CompilerThread2" daemon [_thread_in_native, id=16732, stack(0x0000000017660000,0x0000000017760000)]
  0x0000000015afb000 JavaThread "C2 CompilerThread1" daemon [_thread_in_native, id=41740, stack(0x0000000017560000,0x0000000017660000)]
  0x0000000016ea2800 JavaThread "C2 CompilerThread0" daemon [_thread_in_native, id=15136, stack(0x0000000017460000,0x0000000017560000)]
  0x0000000015aee000 JavaThread "Attach Listener" daemon [_thread_blocked, id=24944, stack(0x0000000017360000,0x0000000017460000)]
  0x0000000015aed000 JavaThread "Signal Dispatcher" daemon [_thread_blocked, id=2044, stack(0x0000000017260000,0x0000000017360000)]
  0x0000000003404800 JavaThread "Finalizer" daemon [_thread_blocked, id=31884, stack(0x0000000016d60000,0x0000000016e60000)]
  0x0000000015aa8800 JavaThread "Reference Handler" daemon [_thread_blocked, id=8012, stack(0x0000000016c60000,0x0000000016d60000)]
  0x0000000003311000 JavaThread "main" [_thread_in_Java, id=51028, stack(0x0000000003210000,0x0000000003310000)]

Other Threads:
  0x0000000015aa6800 VMThread [stack: 0x0000000016b60000,0x0000000016c60000] [id=31796]
  0x0000000016eba800 WatcherThread [stack: 0x0000000017860000,0x0000000017960000] [id=9288]

VM state:not at safepoint (normal execution)

VM Mutex/Monitor currently owned by a thread: None

Heap:
 PSYoungGen      total 38400K, used 33280K [0x00000000eab00000, 0x00000000ed580000, 0x0000000100000000)
  eden space 33280K, 100% used [0x00000000eab00000,0x00000000ecb80000,0x00000000ecb80000)
  from space 5120K, 0% used [0x00000000ed080000,0x00000000ed080000,0x00000000ed580000)
  to   space 5120K, 0% used [0x00000000ecb80000,0x00000000ecb80000,0x00000000ed080000)
 ParOldGen       total 87552K, used 0K [0x00000000c0000000, 0x00000000c5580000, 0x00000000eab00000)
  object space 87552K, 0% used [0x00000000c0000000,0x00000000c0000000,0x00000000c5580000)
 Metaspace       used 5996K, capacity 6896K, committed 7040K, reserved 1056768K
  class space    used 597K, capacity 616K, committed 640K, reserved 1048576K

Card table byte_map: [0x00000000127d0000,0x00000000129e0000] byte_map_base: 0x00000000121d0000

Marking Bits: (ParMarkBitMap*) 0x00000000652ad4f0
 Begin Bits: [0x0000000012f40000, 0x0000000013f40000)
 End Bits:   [0x0000000013f40000, 0x0000000014f40000)

Polling page: 0x0000000001740000

CodeCache: size=245760Kb used=4511Kb max_used=4529Kb free=241248Kb
 bounds [0x0000000003410000, 0x0000000003880000, 0x0000000012410000]
 total_blobs=1461 nmethods=1194 adapters=181
 compilation: enabled

Compilation events (10 events):
Event: 0.915 Thread 0x0000000015b3d800 nmethod 1205 0x0000000003875910 code [0x0000000003875a80, 0x0000000003875c08]
Event: 0.916 Thread 0x0000000015b3d800 1206       2       java.util.TreeMap$EntryIterator::next (5 bytes)
Event: 0.916 Thread 0x0000000015b3d800 nmethod 1206 0x0000000003875cd0 code [0x0000000003875e40, 0x0000000003875fa8]
Event: 0.916 Thread 0x0000000015b3d800 1207       2       com.android.dx.dex.code.RopTranslator$1::visitPlainCstInsn (64 bytes)
Event: 0.917 Thread 0x0000000015b3d800 nmethod 1207 0x0000000003876050 code [0x00000000038761c0, 0x00000000038763f0]
Event: 0.917 Thread 0x0000000015b3d800 1208       2       com.android.dx.dex.code.RopTranslator$LocalVariableAwareTranslationVisitor::visitPlainCstInsn (11 bytes)
Event: 0.917 Thread 0x0000000015b3d800 nmethod 1208 0x00000000038765d0 code [0x0000000003876780, 0x0000000003876b78]
Event: 0.917 Thread 0x0000000015b3d800 1210       2       com.android.dx.ssa.DomFront::<init> (60 bytes)
Event: 0.917 Thread 0x0000000015b3d800 nmethod 1210 0x0000000003876fd0 code [0x0000000003877140, 0x00000000038774d0]
Event: 0.917 Thread 0x0000000015b3d800 1211       2       com.android.dx.ssa.DomFront::run (264 bytes)

GC Heap History (0 events):
No events

Deoptimization events (9 events):
Event: 0.844 Thread 0x00000000170c7800 Uncommon trap: reason=class_check action=maybe_recompile pc=0x00000000037cbed0 method=com.android.dx.ssa.NormalSsaInsn.accept(Lcom/android/dx/ssa/SsaInsn$Visitor;)V @ 9
Event: 0.844 Thread 0x00000000170c7800 Uncommon trap: reason=class_check action=maybe_recompile pc=0x00000000036f32f0 method=com.android.dx.ssa.NormalSsaInsn.accept(Lcom/android/dx/ssa/SsaInsn$Visitor;)V @ 9
Event: 0.844 Thread 0x00000000170c7800 Uncommon trap: reason=class_check action=maybe_recompile pc=0x00000000036f32f0 method=com.android.dx.ssa.NormalSsaInsn.accept(Lcom/android/dx/ssa/SsaInsn$Visitor;)V @ 9
Event: 0.844 Thread 0x00000000170c7800 Uncommon trap: reason=class_check action=maybe_recompile pc=0x00000000036f32f0 method=com.android.dx.ssa.NormalSsaInsn.accept(Lcom/android/dx/ssa/SsaInsn$Visitor;)V @ 9
Event: 0.844 Thread 0x00000000170c7800 Uncommon trap: reason=class_check action=maybe_recompile pc=0x00000000037cbed0 method=com.android.dx.ssa.NormalSsaInsn.accept(Lcom/android/dx/ssa/SsaInsn$Visitor;)V @ 9
Event: 0.849 Thread 0x000000001709d800 Uncommon trap: reason=class_check action=maybe_recompile pc=0x000000000373924c method=com.android.dx.rop.type.Type.equals(Ljava/lang/Object;)Z @ 8
Event: 0.849 Thread 0x000000001709d800 Uncommon trap: reason=class_check action=maybe_recompile pc=0x000000000373924c method=com.android.dx.rop.type.Type.equals(Ljava/lang/Object;)Z @ 8
Event: 0.850 Thread 0x000000001709d800 Uncommon trap: reason=class_check action=maybe_recompile pc=0x000000000373924c method=com.android.dx.rop.type.Type.equals(Ljava/lang/Object;)Z @ 8
Event: 0.850 Thread 0x000000001709d800 Uncommon trap: reason=class_check action=maybe_recompile pc=0x000000000373924c method=com.android.dx.rop.type.Type.equals(Ljava/lang/Object;)Z @ 8

Internal exceptions (10 events):
Event: 0.515 Thread 0x0000000003311000 Exception <a 'java/security/PrivilegedActionException'> (0x00000000eb7baff8) thrown at [C:\workspace\8-2-build-windows-amd64-cygwin\jdk8u31\2394\hotspot\src\share\vm\prims\jvm.cpp, line 1312]
Event: 0.522 Thread 0x000000001707f800 Exception <a 'java/security/PrivilegedActionException'> (0x00000000eb702938) thrown at [C:\workspace\8-2-build-windows-amd64-cygwin\jdk8u31\2394\hotspot\src\share\vm\prims\jvm.cpp, line 1312]
Event: 0.524 Thread 0x000000001707f800 Exception <a 'java/security/PrivilegedActionException'> (0x00000000eb71c6a8) thrown at [C:\workspace\8-2-build-windows-amd64-cygwin\jdk8u31\2394\hotspot\src\share\vm\prims\jvm.cpp, line 1312]
Event: 0.527 Thread 0x000000001707f800 Exception <a 'java/security/PrivilegedActionException'> (0x00000000eb735310) thrown at [C:\workspace\8-2-build-windows-amd64-cygwin\jdk8u31\2394\hotspot\src\share\vm\prims\jvm.cpp, line 1312]
Event: 0.527 Thread 0x000000001707f800 Exception <a 'java/security/PrivilegedActionException'> (0x00000000eb73a080) thrown at [C:\workspace\8-2-build-windows-amd64-cygwin\jdk8u31\2394\hotspot\src\share\vm\prims\jvm.cpp, line 1312]
Event: 0.527 Thread 0x000000001707f800 Exception <a 'java/security/PrivilegedActionException'> (0x00000000eb73f8b8) thrown at [C:\workspace\8-2-build-windows-amd64-cygwin\jdk8u31\2394\hotspot\src\share\vm\prims\jvm.cpp, line 1312]
Event: 0.528 Thread 0x000000001707f800 Exception <a 'java/security/PrivilegedActionException'> (0x00000000eb744db8) thrown at [C:\workspace\8-2-build-windows-amd64-cygwin\jdk8u31\2394\hotspot\src\share\vm\prims\jvm.cpp, line 1312]
Event: 0.701 Thread 0x00000000170c7800 Exception <a 'java/security/PrivilegedActionException'> (0x00000000ebaa4860) thrown at [C:\workspace\8-2-build-windows-amd64-cygwin\jdk8u31\2394\hotspot\src\share\vm\prims\jvm.cpp, line 1312]
Event: 0.715 Thread 0x000000001707f800 Exception <a 'java/security/PrivilegedActionException'> (0x00000000ebc0a9b0) thrown at [C:\workspace\8-2-build-windows-amd64-cygwin\jdk8u31\2394\hotspot\src\share\vm\prims\jvm.cpp, line 1312]
Event: 0.780 Thread 0x000000001709d800 Exception <a 'java/security/PrivilegedActionException'> (0x00000000ebb6c158) thrown at [C:\workspace\8-2-build-windows-amd64-cygwin\jdk8u31\2394\hotspot\src\share\vm\prims\jvm.cpp, line 1312]

Events (10 events):
Event: 0.849 Thread 0x000000001709d800 DEOPT UNPACKING pc=0x000000000345556a sp=0x0000000017d5e5a8 mode 2
Event: 0.849 Thread 0x000000001709d800 Uncommon trap: trap_request=0xffffffde fr.pc=0x000000000373924c
Event: 0.849 Thread 0x000000001709d800 DEOPT PACKING pc=0x000000000373924c sp=0x0000000017d5e6e0
Event: 0.849 Thread 0x000000001709d800 DEOPT UNPACKING pc=0x000000000345556a sp=0x0000000017d5e458 mode 2
Event: 0.850 Thread 0x000000001709d800 Uncommon trap: trap_request=0xffffffde fr.pc=0x000000000373924c
Event: 0.850 Thread 0x000000001709d800 DEOPT PACKING pc=0x000000000373924c sp=0x0000000017d5e7b0
Event: 0.850 Thread 0x000000001709d800 DEOPT UNPACKING pc=0x000000000345556a sp=0x0000000017d5e528 mode 2
Event: 0.850 Thread 0x000000001709d800 Uncommon trap: trap_request=0xffffffde fr.pc=0x000000000373924c
Event: 0.850 Thread 0x000000001709d800 DEOPT PACKING pc=0x000000000373924c sp=0x0000000017d5e660
Event: 0.850 Thread 0x000000001709d800 DEOPT UNPACKING pc=0x000000000345556a sp=0x0000000017d5e3d8 mode 2


Dynamic libraries:
0x00007ff61d850000 - 0x00007ff61d884000 	C:\Program Files\Java\jdk1.8.0_31\bin\java.exe
0x00007ffa8d2a0000 - 0x00007ffa8d471000 	C:\WINDOWS\SYSTEM32\ntdll.dll
0x00007ffa8b1a0000 - 0x00007ffa8b24c000 	C:\WINDOWS\System32\KERNEL32.DLL
0x00007ffa8a1e0000 - 0x00007ffa8a3fd000 	C:\WINDOWS\System32\KERNELBASE.dll
0x00007ffa8b330000 - 0x00007ffa8b3d2000 	C:\WINDOWS\System32\ADVAPI32.dll
0x00007ffa8d0d0000 - 0x00007ffa8d16e000 	C:\WINDOWS\System32\msvcrt.dll
0x00007ffa8ab90000 - 0x00007ffa8abe9000 	C:\WINDOWS\System32\sechost.dll
0x00007ffa8d170000 - 0x00007ffa8d291000 	C:\WINDOWS\System32\RPCRT4.dll
0x00007ffa8b020000 - 0x00007ffa8b185000 	C:\WINDOWS\System32\USER32.dll
0x00007ffa8a470000 - 0x00007ffa8a48e000 	C:\WINDOWS\System32\win32u.dll
0x00007ffa8b250000 - 0x00007ffa8b284000 	C:\WINDOWS\System32\GDI32.dll
0x00007ffa8a490000 - 0x00007ffa8a612000 	C:\WINDOWS\System32\gdi32full.dll
0x00007ffa7c4b0000 - 0x00007ffa7c72a000 	C:\WINDOWS\WinSxS\amd64_microsoft.windows.common-controls_6595b64144ccf1df_6.0.14393.953_none_42151e83c686086b\COMCTL32.dll
0x00007ffa8a860000 - 0x00007ffa8ab28000 	C:\WINDOWS\System32\combase.dll
0x00007ffa8a620000 - 0x00007ffa8a715000 	C:\WINDOWS\System32\ucrtbase.dll
0x00007ffa8a400000 - 0x00007ffa8a46a000 	C:\WINDOWS\System32\bcryptPrimitives.dll
0x00007ffa8a830000 - 0x00007ffa8a85e000 	C:\WINDOWS\System32\IMM32.DLL
0x0000000065330000 - 0x0000000065402000 	C:\Program Files\Java\jdk1.8.0_31\jre\bin\msvcr100.dll
0x0000000064ad0000 - 0x000000006532a000 	C:\Program Files\Java\jdk1.8.0_31\jre\bin\server\jvm.dll
0x00007ffa8b190000 - 0x00007ffa8b198000 	C:\WINDOWS\System32\PSAPI.DLL
0x00007ffa86a30000 - 0x00007ffa86a39000 	C:\WINDOWS\SYSTEM32\WSOCK32.dll
0x00007ffa8b580000 - 0x00007ffa8b5ea000 	C:\WINDOWS\System32\WS2_32.dll
0x00007ffa87700000 - 0x00007ffa87723000 	C:\WINDOWS\SYSTEM32\WINMM.dll
0x00007ffa876a0000 - 0x00007ffa876cb000 	C:\WINDOWS\SYSTEM32\WINMMBASE.dll
0x00007ffa8a190000 - 0x00007ffa8a1d2000 	C:\WINDOWS\System32\cfgmgr32.dll
0x0000000066170000 - 0x000000006617f000 	C:\Program Files\Java\jdk1.8.0_31\jre\bin\verify.dll
0x0000000066140000 - 0x0000000066168000 	C:\Program Files\Java\jdk1.8.0_31\jre\bin\java.dll
0x0000000066120000 - 0x0000000066136000 	C:\Program Files\Java\jdk1.8.0_31\jre\bin\zip.dll
0x00007ffa8b690000 - 0x00007ffa8cb98000 	C:\WINDOWS\System32\SHELL32.dll
0x00007ffa89790000 - 0x00007ffa89e6a000 	C:\WINDOWS\System32\windows.storage.dll
0x00007ffa89700000 - 0x00007ffa8974c000 	C:\WINDOWS\System32\powrprof.dll
0x00007ffa8cd70000 - 0x00007ffa8cdc2000 	C:\WINDOWS\System32\shlwapi.dll
0x00007ffa89780000 - 0x00007ffa8978f000 	C:\WINDOWS\System32\kernel.appcore.dll
0x00007ffa8a0e0000 - 0x00007ffa8a189000 	C:\WINDOWS\System32\shcore.dll
0x00007ffa89760000 - 0x00007ffa89774000 	C:\WINDOWS\System32\profapi.dll
0x00007ffa6d060000 - 0x00007ffa6d1f2000 	C:\WINDOWS\SYSTEM32\dbghelp.dll

VM Arguments:
jvm_args: -Djava.awt.headless=true -Xmx1024M -Dfile.encoding=GBK -Duser.country=CN -Duser.language=zh -Duser.variant 
java_command: com.android.dx.command.Main --dex --num-threads=4 --output G:\BaiduNetdiskDownload\BaseProject\BaseProject\app\build\intermediates\pre-dexed\debug\com.android.support-support-fragment-25.3.1_cee05b44fa8a600a975e11793c938f9dd0ea65ee.jar G:\BaiduNetdiskDownload\BaseProject\BaseProject\app\build\intermediates\exploded-aar\com.android.support\support-fragment\25.3.1\jars\classes.jar
java_class_path (initial): E:\AndroidStudio\Sdk\build-tools\25.0.0\lib\dx.jar
Launcher Type: SUN_STANDARD

Environment Variables:
JAVA_HOME=C:\Program Files\Java\jdk1.8.0_31
CLASSPATH=.;C:\Program Files\Java\jdk1.8.0_31\lib\dt.jar;C:\Program Files\Java\jdk1.8.0_31\lib\tools.jar;
PATH=C:\ProgramData\Oracle\Java\javapath;C:\WINDOWS\system32;C:\WINDOWS;C:\WINDOWS\System32\Wbem;C:\WINDOWS\System32\WindowsPowerShell\v1.0\;C:\Program Files\Java\jdk1.8.0_73\bin;C:\Program Files\TortoiseSVN\bin;E:\VisualSVN Server\bin;C:\Program Files\Java\jdk1.8.0_31\bin;G:\java\jdk\bin
USERNAME=SEELE
OS=Windows_NT
PROCESSOR_IDENTIFIER=Intel64 Family 6 Model 158 Stepping 9, GenuineIntel



---------------  S Y S T E M  ---------------

OS: Windows 8.1 , 64 bit Build 9600 

CPU:total 4 (4 cores per cpu, 1 threads per core) family 6 model 158 stepping 9, cmov, cx8, fxsr, mmx, sse, sse2, sse3, ssse3, sse4.1, sse4.2, popcnt, avx, avx2, aes, clmul, erms, rtm, lzcnt, tsc, tscinvbit, bmi1, bmi2

Memory: 4k page, physical 8305452k(1415396k free), swap 14798260k(5536k free)

vm_info: Java HotSpot(TM) 64-Bit Server VM (25.31-b07) for windows-amd64 JRE (1.8.0_31-b13), built on Dec 17 2014 21:00:28 by "java_re" with MS VC++ 10.0 (VS2010)

time: Tue Jul 18 20:19:42 2017
elapsed time: 0 seconds (0d 0h 0m 0s)

