#
# There is insufficient memory for the Java Runtime Environment to continue.
# Native memory allocation (malloc) failed to allocate 46016 bytes for Chunk::new
# Possible reasons:
#   The system is out of physical RAM or swap space
#   In 32 bit mode, the process size limit was hit
# Possible solutions:
#   Reduce memory load on the system
#   Increase physical memory or swap space
#   Check if swap backing store is full
#   Use 64 bit Java on a 64 bit OS
#   Decrease Java heap size (-Xmx/-Xms)
#   Decrease number of Java threads
#   Decrease Java thread stack sizes (-Xss)
#   Set larger code cache with -XX:ReservedCodeCacheSize=
# This output file may be truncated or incomplete.
#
#  Out of Memory Error (allocation.cpp:390), pid=39948, tid=27240
#
# JRE version: Java(TM) SE Runtime Environment (8.0_31-b13) (build 1.8.0_31-b13)
# Java VM: Java HotSpot(TM) 64-Bit Server VM (25.31-b07 mixed mode windows-amd64 compressed oops)
# Failed to write core dump. Minidumps are not enabled by default on client versions of Windows
#

---------------  T H R E A D  ---------------

Current thread (0x00000000155ec800):  JavaThread "C2 CompilerThread1" daemon [_thread_in_native, id=27240, stack(0x0000000016fe0000,0x00000000170e0000)]

Stack: [0x0000000016fe0000,0x00000000170e0000]
Native frames: (J=compiled Java code, j=interpreted, Vv=VM code, C=native code)
V  [jvm.dll+0x3169ba]


Current CompileTask:
C2:    261  289       4       java.lang.String::equals (81 bytes)


---------------  P R O C E S S  ---------------

Java Threads: ( => current thread )
  0x0000000016e42800 JavaThread "pool-1-thread-4" [_thread_blocked, id=14052, stack(0x00000000179e0000,0x0000000017ae0000)]
  0x0000000016dbd800 JavaThread "pool-1-thread-3" [_thread_blocked, id=7692, stack(0x00000000178e0000,0x00000000179e0000)]
  0x0000000016dc3000 JavaThread "pool-1-thread-2" [_thread_in_vm, id=40576, stack(0x00000000177e0000,0x00000000178e0000)]
  0x0000000016e84800 JavaThread "pool-2-thread-1" [_thread_blocked, id=24848, stack(0x00000000176e0000,0x00000000177e0000)]
  0x0000000016e83800 JavaThread "pool-1-thread-1" [_thread_blocked, id=9660, stack(0x00000000175e0000,0x00000000176e0000)]
  0x0000000016c37800 JavaThread "Service Thread" daemon [_thread_blocked, id=44404, stack(0x00000000171e0000,0x00000000172e0000)]
  0x0000000016c2e800 JavaThread "C1 CompilerThread2" daemon [_thread_in_vm, id=28764, stack(0x00000000170e0000,0x00000000171e0000)]
=>0x00000000155ec800 JavaThread "C2 CompilerThread1" daemon [_thread_in_native, id=27240, stack(0x0000000016fe0000,0x00000000170e0000)]
  0x00000000155e9000 JavaThread "C2 CompilerThread0" daemon [_thread_blocked, id=50400, stack(0x0000000016ae0000,0x0000000016be0000)]
  0x00000000155e8800 JavaThread "Attach Listener" daemon [_thread_blocked, id=8480, stack(0x00000000169e0000,0x0000000016ae0000)]
  0x000000001559c800 JavaThread "Signal Dispatcher" daemon [_thread_blocked, id=43884, stack(0x00000000168e0000,0x00000000169e0000)]
  0x0000000002eaf000 JavaThread "Finalizer" daemon [_thread_blocked, id=14480, stack(0x00000000167e0000,0x00000000168e0000)]
  0x0000000015558800 JavaThread "Reference Handler" daemon [_thread_blocked, id=42560, stack(0x00000000166e0000,0x00000000167e0000)]
  0x0000000002dc1000 JavaThread "main" [_thread_in_vm, id=35048, stack(0x0000000002bf0000,0x0000000002cf0000)]

Other Threads:
  0x0000000015556800 VMThread [stack: 0x00000000165e0000,0x00000000166e0000] [id=22372]
  0x0000000016c3a800 WatcherThread [stack: 0x00000000172e0000,0x00000000173e0000] [id=11040]

VM state:not at safepoint (normal execution)

VM Mutex/Monitor currently owned by a thread: None

Heap:
 PSYoungGen      total 38400K, used 10653K [0x00000000eab00000, 0x00000000ed580000, 0x0000000100000000)
  eden space 33280K, 32% used [0x00000000eab00000,0x00000000eb567698,0x00000000ecb80000)
  from space 5120K, 0% used [0x00000000ed080000,0x00000000ed080000,0x00000000ed580000)
  to   space 5120K, 0% used [0x00000000ecb80000,0x00000000ecb80000,0x00000000ed080000)
 ParOldGen       total 87552K, used 0K [0x00000000c0000000, 0x00000000c5580000, 0x00000000eab00000)
  object space 87552K, 0% used [0x00000000c0000000,0x00000000c0000000,0x00000000c5580000)
 Metaspace       used 4524K, capacity 5648K, committed 6016K, reserved 1060864K
  class space    used 494K, capacity 520K, committed 640K, reserved 1048576K

Card table byte_map: [0x0000000012280000,0x0000000012490000] byte_map_base: 0x0000000011c80000

Marking Bits: (ParMarkBitMap*) 0x00000000652ad4f0
 Begin Bits: [0x00000000129f0000, 0x00000000139f0000)
 End Bits:   [0x00000000139f0000, 0x00000000149f0000)

Polling page: 0x0000000000d40000

CodeCache: size=245760Kb used=1665Kb max_used=1665Kb free=244094Kb
 bounds [0x0000000002ec0000, 0x0000000003130000, 0x0000000011ec0000]
 total_blobs=554 nmethods=291 adapters=177
 compilation: enabled

Compilation events (10 events):
Event: 0.252 Thread 0x0000000016c2e800 nmethod 284 0x0000000003059350 code [0x00000000030594c0, 0x00000000030598a8]
Event: 0.252 Thread 0x0000000016c2e800  285       3       java.util.jar.JarFile::maybeInstantiateVerifier (96 bytes)
Event: 0.252 Thread 0x0000000016c2e800 nmethod 285 0x0000000003059950 code [0x0000000003059b80, 0x000000000305a808]
Event: 0.252 Thread 0x0000000016c2e800  286       3       java.security.CodeSource::getCertificates (98 bytes)
Event: 0.253 Thread 0x0000000016c2e800 nmethod 286 0x000000000305ae50 code [0x000000000305b080, 0x000000000305bc38]
Event: 0.253 Thread 0x0000000016c2e800  287  s!   3       java.net.URLStreamHandler::getHostAddress (54 bytes)
Event: 0.253 Thread 0x0000000016c2e800 nmethod 287 0x000000000305c050 code [0x000000000305c1e0, 0x000000000305c8b8]
Event: 0.255 Thread 0x0000000016c2e800  288   !   3       java.lang.ClassLoader::getPackage (118 bytes)
Event: 0.255 Thread 0x0000000016c2e800 nmethod 288 0x000000000305ca50 code [0x000000000305cc60, 0x000000000305d998]
Event: 0.258 Thread 0x00000000155ec800  289       4       java.lang.String::equals (81 bytes)

GC Heap History (0 events):
No events

Deoptimization events (0 events):
No events

Internal exceptions (10 events):
Event: 0.254 Thread 0x0000000016dbd800 Exception <a 'java/security/PrivilegedActionException'> (0x00000000eb3260e8) thrown at [C:\workspace\8-2-build-windows-amd64-cygwin\jdk8u31\2394\hotspot\src\share\vm\prims\jvm.cpp, line 1312]
Event: 0.254 Thread 0x0000000016dc3000 Exception <a 'java/security/PrivilegedActionException'> (0x00000000eb2569c8) thrown at [C:\workspace\8-2-build-windows-amd64-cygwin\jdk8u31\2394\hotspot\src\share\vm\prims\jvm.cpp, line 1312]
Event: 0.255 Thread 0x0000000016dc3000 Exception <a 'java/security/PrivilegedActionException'> (0x00000000eb25bf40) thrown at [C:\workspace\8-2-build-windows-amd64-cygwin\jdk8u31\2394\hotspot\src\share\vm\prims\jvm.cpp, line 1312]
Event: 0.255 Thread 0x0000000016dc3000 Exception <a 'java/security/PrivilegedActionException'> (0x00000000eb25ebc8) thrown at [C:\workspace\8-2-build-windows-amd64-cygwin\jdk8u31\2394\hotspot\src\share\vm\prims\jvm.cpp, line 1312]
Event: 0.255 Thread 0x0000000016e83800 Exception <a 'java/security/PrivilegedActionException'> (0x00000000eb0d3158) thrown at [C:\workspace\8-2-build-windows-amd64-cygwin\jdk8u31\2394\hotspot\src\share\vm\prims\jvm.cpp, line 1312]
Event: 0.255 Thread 0x0000000016e83800 Exception <a 'java/security/PrivilegedActionException'> (0x00000000eb0d6328) thrown at [C:\workspace\8-2-build-windows-amd64-cygwin\jdk8u31\2394\hotspot\src\share\vm\prims\jvm.cpp, line 1312]
Event: 0.256 Thread 0x0000000016e42800 Exception <a 'java/security/PrivilegedActionException'> (0x00000000eb376eb8) thrown at [C:\workspace\8-2-build-windows-amd64-cygwin\jdk8u31\2394\hotspot\src\share\vm\prims\jvm.cpp, line 1312]
Event: 0.256 Thread 0x0000000016e42800 Exception <a 'java/security/PrivilegedActionException'> (0x00000000eb37a0e8) thrown at [C:\workspace\8-2-build-windows-amd64-cygwin\jdk8u31\2394\hotspot\src\share\vm\prims\jvm.cpp, line 1312]
Event: 0.257 Thread 0x0000000016e42800 Exception <a 'java/security/PrivilegedActionException'> (0x00000000eb383498) thrown at [C:\workspace\8-2-build-windows-amd64-cygwin\jdk8u31\2394\hotspot\src\share\vm\prims\jvm.cpp, line 1312]
Event: 0.258 Thread 0x0000000016e42800 Exception <a 'java/security/PrivilegedActionException'> (0x00000000eb3877a8) thrown at [C:\workspace\8-2-build-windows-amd64-cygwin\jdk8u31\2394\hotspot\src\share\vm\prims\jvm.cpp, line 1312]

Events (10 events):
Event: 0.255 loading class com/android/dx/rop/code/InsnList
Event: 0.255 loading class com/android/dx/rop/code/InsnList done
Event: 0.256 loading class com/android/dx/rop/code/LocalItem
Event: 0.256 loading class com/android/dx/rop/code/LocalItem done
Event: 0.256 loading class com/android/dx/rop/code/RegisterSpec
Event: 0.256 loading class com/android/dx/rop/code/RegisterSpec done
Event: 0.257 loading class com/android/dx/rop/code/RegisterSpec$ForComparison
Event: 0.257 loading class com/android/dx/rop/code/RegisterSpec$ForComparison done
Event: 0.257 loading class com/android/dx/rop/code/Rops
Event: 0.257 loading class com/android/dx/rop/code/Rops done


Dynamic libraries:
0x00007ff61d850000 - 0x00007ff61d884000 	C:\Program Files\Java\jdk1.8.0_31\bin\java.exe
0x00007ffa8d2a0000 - 0x00007ffa8d471000 	C:\WINDOWS\SYSTEM32\ntdll.dll
0x00007ffa8b1a0000 - 0x00007ffa8b24c000 	C:\WINDOWS\System32\KERNEL32.DLL
0x00007ffa8a1e0000 - 0x00007ffa8a3fd000 	C:\WINDOWS\System32\KERNELBASE.dll
0x00007ffa8b330000 - 0x00007ffa8b3d2000 	C:\WINDOWS\System32\ADVAPI32.dll
0x00007ffa8d0d0000 - 0x00007ffa8d16e000 	C:\WINDOWS\System32\msvcrt.dll
0x00007ffa8ab90000 - 0x00007ffa8abe9000 	C:\WINDOWS\System32\sechost.dll
0x00007ffa8d170000 - 0x00007ffa8d291000 	C:\WINDOWS\System32\RPCRT4.dll
0x00007ffa8b020000 - 0x00007ffa8b185000 	C:\WINDOWS\System32\USER32.dll
0x00007ffa8a470000 - 0x00007ffa8a48e000 	C:\WINDOWS\System32\win32u.dll
0x00007ffa8b250000 - 0x00007ffa8b284000 	C:\WINDOWS\System32\GDI32.dll
0x00007ffa8a490000 - 0x00007ffa8a612000 	C:\WINDOWS\System32\gdi32full.dll
0x00007ffa7c4b0000 - 0x00007ffa7c72a000 	C:\WINDOWS\WinSxS\amd64_microsoft.windows.common-controls_6595b64144ccf1df_6.0.14393.953_none_42151e83c686086b\COMCTL32.dll
0x00007ffa8a860000 - 0x00007ffa8ab28000 	C:\WINDOWS\System32\combase.dll
0x00007ffa8a620000 - 0x00007ffa8a715000 	C:\WINDOWS\System32\ucrtbase.dll
0x00007ffa8a400000 - 0x00007ffa8a46a000 	C:\WINDOWS\System32\bcryptPrimitives.dll
0x00007ffa8a830000 - 0x00007ffa8a85e000 	C:\WINDOWS\System32\IMM32.DLL
0x0000000065330000 - 0x0000000065402000 	C:\Program Files\Java\jdk1.8.0_31\jre\bin\msvcr100.dll
0x0000000064ad0000 - 0x000000006532a000 	C:\Program Files\Java\jdk1.8.0_31\jre\bin\server\jvm.dll
0x00007ffa8b190000 - 0x00007ffa8b198000 	C:\WINDOWS\System32\PSAPI.DLL
0x00007ffa86a30000 - 0x00007ffa86a39000 	C:\WINDOWS\SYSTEM32\WSOCK32.dll
0x00007ffa8b580000 - 0x00007ffa8b5ea000 	C:\WINDOWS\System32\WS2_32.dll
0x00007ffa87700000 - 0x00007ffa87723000 	C:\WINDOWS\SYSTEM32\WINMM.dll
0x00007ffa876a0000 - 0x00007ffa876cb000 	C:\WINDOWS\SYSTEM32\WINMMBASE.dll
0x00007ffa8a190000 - 0x00007ffa8a1d2000 	C:\WINDOWS\System32\cfgmgr32.dll
0x0000000066170000 - 0x000000006617f000 	C:\Program Files\Java\jdk1.8.0_31\jre\bin\verify.dll
0x0000000066140000 - 0x0000000066168000 	C:\Program Files\Java\jdk1.8.0_31\jre\bin\java.dll
0x0000000066120000 - 0x0000000066136000 	C:\Program Files\Java\jdk1.8.0_31\jre\bin\zip.dll
0x00007ffa8b690000 - 0x00007ffa8cb98000 	C:\WINDOWS\System32\SHELL32.dll
0x00007ffa89790000 - 0x00007ffa89e6a000 	C:\WINDOWS\System32\windows.storage.dll
0x00007ffa89700000 - 0x00007ffa8974c000 	C:\WINDOWS\System32\powrprof.dll
0x00007ffa8cd70000 - 0x00007ffa8cdc2000 	C:\WINDOWS\System32\shlwapi.dll
0x00007ffa89780000 - 0x00007ffa8978f000 	C:\WINDOWS\System32\kernel.appcore.dll
0x00007ffa8a0e0000 - 0x00007ffa8a189000 	C:\WINDOWS\System32\shcore.dll
0x00007ffa89760000 - 0x00007ffa89774000 	C:\WINDOWS\System32\profapi.dll
0x00007ffa6d060000 - 0x00007ffa6d1f2000 	C:\WINDOWS\SYSTEM32\dbghelp.dll

VM Arguments:
jvm_args: -Djava.awt.headless=true -Xmx1024M -Dfile.encoding=GBK -Duser.country=CN -Duser.language=zh -Duser.variant 
java_command: com.android.dx.command.Main --dex --num-threads=4 --output G:\BaiduNetdiskDownload\BaseProject\BaseProject\app\build\intermediates\pre-dexed\debug\com.android.support-transition-25.3.1_e8251884656c3bf60a4f8f7e1443668e876d79cd.jar G:\BaiduNetdiskDownload\BaseProject\BaseProject\app\build\intermediates\exploded-aar\com.android.support\transition\25.3.1\jars\classes.jar
java_class_path (initial): E:\AndroidStudio\Sdk\build-tools\25.0.0\lib\dx.jar
Launcher Type: SUN_STANDARD

Environment Variables:
JAVA_HOME=C:\Program Files\Java\jdk1.8.0_31
CLASSPATH=.;C:\Program Files\Java\jdk1.8.0_31\lib\dt.jar;C:\Program Files\Java\jdk1.8.0_31\lib\tools.jar;
PATH=C:\ProgramData\Oracle\Java\javapath;C:\WINDOWS\system32;C:\WINDOWS;C:\WINDOWS\System32\Wbem;C:\WINDOWS\System32\WindowsPowerShell\v1.0\;C:\Program Files\Java\jdk1.8.0_73\bin;C:\Program Files\TortoiseSVN\bin;E:\VisualSVN Server\bin;C:\Program Files\Java\jdk1.8.0_31\bin;G:\java\jdk\bin
USERNAME=SEELE
OS=Windows_NT
PROCESSOR_IDENTIFIER=Intel64 Family 6 Model 158 Stepping 9, GenuineIntel



---------------  S Y S T E M  ---------------

OS: Windows 8.1 , 64 bit Build 9600 

CPU:total 4 (4 cores per cpu, 1 threads per core) family 6 model 158 stepping 9, cmov, cx8, fxsr, mmx, sse, sse2, sse3, ssse3, sse4.1, sse4.2, popcnt, avx, avx2, aes, clmul, erms, rtm, lzcnt, tsc, tscinvbit, bmi1, bmi2

Memory: 4k page, physical 8305452k(1120288k free), swap 14798260k(844k free)

vm_info: Java HotSpot(TM) 64-Bit Server VM (25.31-b07) for windows-amd64 JRE (1.8.0_31-b13), built on Dec 17 2014 21:00:28 by "java_re" with MS VC++ 10.0 (VS2010)

time: Tue Jul 18 20:20:45 2017
elapsed time: 0 seconds (0d 0h 0m 0s)

