#
# There is insufficient memory for the Java Runtime Environment to continue.
# Native memory allocation (malloc) failed to allocate 35968 bytes for Chunk::new
# Possible reasons:
#   The system is out of physical RAM or swap space
#   In 32 bit mode, the process size limit was hit
# Possible solutions:
#   Reduce memory load on the system
#   Increase physical memory or swap space
#   Check if swap backing store is full
#   Use 64 bit Java on a 64 bit OS
#   Decrease Java heap size (-Xmx/-Xms)
#   Decrease number of Java threads
#   Decrease Java thread stack sizes (-Xss)
#   Set larger code cache with -XX:ReservedCodeCacheSize=
# This output file may be truncated or incomplete.
#
#  Out of Memory Error (allocation.cpp:390), pid=42280, tid=20236
#
# JRE version: Java(TM) SE Runtime Environment (8.0_31-b13) (build 1.8.0_31-b13)
# Java VM: Java HotSpot(TM) 64-Bit Server VM (25.31-b07 mixed mode windows-amd64 compressed oops)
# Failed to write core dump. Minidumps are not enabled by default on client versions of Windows
#

---------------  T H R E A D  ---------------

Current thread (0x0000000016b22000):  JavaThread "C2 CompilerThread1" daemon [_thread_in_native, id=20236, stack(0x0000000016ed0000,0x0000000016fd0000)]

Stack: [0x0000000016ed0000,0x0000000016fd0000]
Native frames: (J=compiled Java code, j=interpreted, Vv=VM code, C=native code)
V  [jvm.dll+0x3169ba]


Current CompileTask:
C2:    710  203       4       java.lang.String::replace (127 bytes)


---------------  P R O C E S S  ---------------

Java Threads: ( => current thread )
  0x0000000016cc2800 JavaThread "pool-2-thread-1" [_thread_new, id=25004, stack(0x0000000000000000,0x0000000000000000)]
  0x0000000016cc2000 JavaThread "pool-1-thread-1" [_thread_new, id=5912, stack(0x0000000000000000,0x0000000000000000)]
  0x0000000016b2f000 JavaThread "Service Thread" daemon [_thread_blocked, id=24116, stack(0x00000000170d0000,0x00000000171d0000)]
  0x0000000016b24800 JavaThread "C1 CompilerThread2" daemon [_thread_in_native, id=44476, stack(0x0000000016fd0000,0x00000000170d0000)]
=>0x0000000016b22000 JavaThread "C2 CompilerThread1" daemon [_thread_in_native, id=20236, stack(0x0000000016ed0000,0x0000000016fd0000)]
  0x00000000154b9000 JavaThread "C2 CompilerThread0" daemon [_thread_blocked, id=10164, stack(0x00000000169d0000,0x0000000016ad0000)]
  0x00000000154b8800 JavaThread "Attach Listener" daemon [_thread_blocked, id=16300, stack(0x00000000168d0000,0x00000000169d0000)]
  0x000000001546c000 JavaThread "Signal Dispatcher" daemon [_thread_blocked, id=30496, stack(0x00000000167d0000,0x00000000168d0000)]
  0x0000000002d7f000 JavaThread "Finalizer" daemon [_thread_blocked, id=22000, stack(0x00000000166d0000,0x00000000167d0000)]
  0x0000000002d7c800 JavaThread "Reference Handler" daemon [_thread_blocked, id=39148, stack(0x00000000165d0000,0x00000000166d0000)]
  0x0000000002c91000 JavaThread "main" [_thread_in_vm, id=49300, stack(0x00000000026c0000,0x00000000027c0000)]

Other Threads:
  0x0000000015426800 VMThread [stack: 0x00000000164d0000,0x00000000165d0000] [id=12652]
  0x0000000016b31800 WatcherThread [stack: 0x00000000171d0000,0x00000000172d0000] [id=34220]

VM state:synchronizing (normal execution)

VM Mutex/Monitor currently owned by a thread:  ([mutex/lock_event])
[0x0000000002c8c5f0] Safepoint_lock - owner thread: 0x0000000015426800
[0x0000000002c8c6f0] Threads_lock - owner thread: 0x0000000015426800
[0x0000000002c8cb70] Heap_lock - owner thread: 0x0000000002c91000
[0x0000000002c8cc80] MethodData_lock - owner thread: 0x0000000002c91000

Heap:
 PSYoungGen      total 38400K, used 5335K [0x00000000eab00000, 0x00000000ed580000, 0x0000000100000000)
  eden space 33280K, 16% used [0x00000000eab00000,0x00000000eb035c48,0x00000000ecb80000)
  from space 5120K, 0% used [0x00000000ed080000,0x00000000ed080000,0x00000000ed580000)
  to   space 5120K, 0% used [0x00000000ecb80000,0x00000000ecb80000,0x00000000ed080000)
 ParOldGen       total 87552K, used 0K [0x00000000c0000000, 0x00000000c5580000, 0x00000000eab00000)
  object space 87552K, 0% used [0x00000000c0000000,0x00000000c0000000,0x00000000c5580000)
 Metaspace       used 3877K, capacity 5040K, committed 5120K, reserved 1058816K
  class space    used 431K, capacity 488K, committed 512K, reserved 1048576K

Card table byte_map: [0x0000000012150000,0x0000000012360000] byte_map_base: 0x0000000011b50000

Marking Bits: (ParMarkBitMap*) 0x00000000652ad4f0
 Begin Bits: [0x00000000128c0000, 0x00000000138c0000)
 End Bits:   [0x00000000138c0000, 0x00000000148c0000)

Polling page: 0x0000000000f80000

CodeCache: size=245760Kb used=1458Kb max_used=1461Kb free=244301Kb
 bounds [0x0000000002d90000, 0x0000000003000000, 0x0000000011d90000]
 total_blobs=461 nmethods=207 adapters=168
 compilation: enabled

Compilation events (10 events):
Event: 0.705 Thread 0x0000000016b24800 nmethod 204 0x0000000002ef9910 code [0x0000000002ef9a80, 0x0000000002ef9d68]
Event: 0.705 Thread 0x0000000016b24800  205   !   3       com.android.dx.rop.cst.StdConstantPool::getOrNull (13 bytes)
Event: 0.706 Thread 0x0000000016b24800 nmethod 205 0x0000000002ef9f10 code [0x0000000002efa100, 0x0000000002efa9c8]
Event: 0.706 Thread 0x0000000016b24800  211       3       java.util.HashMap::putVal (300 bytes)
Event: 0.706 Thread 0x00000000154b9000  212       4       com.android.dx.util.ByteArray::checkOffsets (66 bytes)
Event: 0.706 Thread 0x00000000154b9000 nmethod 212 0x0000000002ef6d90 code [0x0000000002ef6ec0, 0x0000000002ef6f58]
Event: 0.706 Thread 0x0000000016b24800 nmethod 211 0x0000000002efbf90 code [0x0000000002efc200, 0x0000000002efd4b8]
Event: 0.706 Thread 0x0000000016b24800  206       3       com.android.dx.util.MutabilityControl::throwIfImmutable (18 bytes)
Event: 0.706 Thread 0x0000000016b24800 nmethod 206 0x0000000002efbb10 code [0x0000000002efbc80, 0x0000000002efbec8]
Event: 0.706 Thread 0x0000000016b24800  207   !   3       com.android.dx.cf.cst.ConstantPoolParser::parse0 (731 bytes)

GC Heap History (0 events):
No events

Deoptimization events (0 events):
No events

Internal exceptions (10 events):
Event: 0.696 Thread 0x0000000002c91000 Exception <a 'java/security/PrivilegedActionException'> (0x00000000eaff42c0) thrown at [C:\workspace\8-2-build-windows-amd64-cygwin\jdk8u31\2394\hotspot\src\share\vm\prims\jvm.cpp, line 1312]
Event: 0.696 Thread 0x0000000002c91000 Exception <a 'java/security/PrivilegedActionException'> (0x00000000eaff8ac8) thrown at [C:\workspace\8-2-build-windows-amd64-cygwin\jdk8u31\2394\hotspot\src\share\vm\prims\jvm.cpp, line 1312]
Event: 0.696 Thread 0x0000000002c91000 Exception <a 'java/security/PrivilegedActionException'> (0x00000000eaffaeb8) thrown at [C:\workspace\8-2-build-windows-amd64-cygwin\jdk8u31\2394\hotspot\src\share\vm\prims\jvm.cpp, line 1312]
Event: 0.696 Thread 0x0000000002c91000 Exception <a 'java/security/PrivilegedActionException'> (0x00000000eaffdbc0) thrown at [C:\workspace\8-2-build-windows-amd64-cygwin\jdk8u31\2394\hotspot\src\share\vm\prims\jvm.cpp, line 1312]
Event: 0.697 Thread 0x0000000002c91000 Exception <a 'java/security/PrivilegedActionException'> (0x00000000eb000e30) thrown at [C:\workspace\8-2-build-windows-amd64-cygwin\jdk8u31\2394\hotspot\src\share\vm\prims\jvm.cpp, line 1312]
Event: 0.698 Thread 0x0000000002c91000 Exception <a 'java/security/PrivilegedActionException'> (0x00000000eb003a18) thrown at [C:\workspace\8-2-build-windows-amd64-cygwin\jdk8u31\2394\hotspot\src\share\vm\prims\jvm.cpp, line 1312]
Event: 0.699 Thread 0x0000000002c91000 Exception <a 'java/security/PrivilegedActionException'> (0x00000000eb0088f8) thrown at [C:\workspace\8-2-build-windows-amd64-cygwin\jdk8u31\2394\hotspot\src\share\vm\prims\jvm.cpp, line 1312]
Event: 0.700 Thread 0x0000000002c91000 Exception <a 'java/security/PrivilegedActionException'> (0x00000000eb00daf8) thrown at [C:\workspace\8-2-build-windows-amd64-cygwin\jdk8u31\2394\hotspot\src\share\vm\prims\jvm.cpp, line 1312]
Event: 0.701 Thread 0x0000000002c91000 Exception <a 'java/security/PrivilegedActionException'> (0x00000000eb00fe50) thrown at [C:\workspace\8-2-build-windows-amd64-cygwin\jdk8u31\2394\hotspot\src\share\vm\prims\jvm.cpp, line 1312]
Event: 0.704 Thread 0x0000000002c91000 Exception <a 'java/security/PrivilegedActionException'> (0x00000000eb013c98) thrown at [C:\workspace\8-2-build-windows-amd64-cygwin\jdk8u31\2394\hotspot\src\share\vm\prims\jvm.cpp, line 1312]

Events (10 events):
Event: 0.703 loading class java/util/concurrent/RunnableFuture done
Event: 0.703 loading class java/util/concurrent/FutureTask done
Event: 0.704 loading class java/util/concurrent/FutureTask$WaitNode
Event: 0.704 loading class java/util/concurrent/FutureTask$WaitNode done
Event: 0.704 loading class java/util/concurrent/ThreadPoolExecutor$Worker
Event: 0.704 loading class java/util/concurrent/ThreadPoolExecutor$Worker done
Event: 0.704 Thread 0x0000000016cc2000 Thread added: 0x0000000016cc2000
Event: 0.704 loading class com/android/dx/command/dexer/Main$ClassDefItemConsumer
Event: 0.704 loading class com/android/dx/command/dexer/Main$ClassDefItemConsumer done
Event: 0.704 Thread 0x0000000016cc2800 Thread added: 0x0000000016cc2800


Dynamic libraries:
0x00007ff61d850000 - 0x00007ff61d884000 	C:\Program Files\Java\jdk1.8.0_31\bin\java.exe
0x00007ffa8d2a0000 - 0x00007ffa8d471000 	C:\WINDOWS\SYSTEM32\ntdll.dll
0x00007ffa8b1a0000 - 0x00007ffa8b24c000 	C:\WINDOWS\System32\KERNEL32.DLL
0x00007ffa8a1e0000 - 0x00007ffa8a3fd000 	C:\WINDOWS\System32\KERNELBASE.dll
0x00007ffa8b330000 - 0x00007ffa8b3d2000 	C:\WINDOWS\System32\ADVAPI32.dll
0x00007ffa8d0d0000 - 0x00007ffa8d16e000 	C:\WINDOWS\System32\msvcrt.dll
0x00007ffa8ab90000 - 0x00007ffa8abe9000 	C:\WINDOWS\System32\sechost.dll
0x00007ffa8d170000 - 0x00007ffa8d291000 	C:\WINDOWS\System32\RPCRT4.dll
0x00007ffa8b020000 - 0x00007ffa8b185000 	C:\WINDOWS\System32\USER32.dll
0x00007ffa8a470000 - 0x00007ffa8a48e000 	C:\WINDOWS\System32\win32u.dll
0x00007ffa8b250000 - 0x00007ffa8b284000 	C:\WINDOWS\System32\GDI32.dll
0x00007ffa8a490000 - 0x00007ffa8a612000 	C:\WINDOWS\System32\gdi32full.dll
0x00007ffa7c4b0000 - 0x00007ffa7c72a000 	C:\WINDOWS\WinSxS\amd64_microsoft.windows.common-controls_6595b64144ccf1df_6.0.14393.953_none_42151e83c686086b\COMCTL32.dll
0x00007ffa8a860000 - 0x00007ffa8ab28000 	C:\WINDOWS\System32\combase.dll
0x00007ffa8a620000 - 0x00007ffa8a715000 	C:\WINDOWS\System32\ucrtbase.dll
0x00007ffa8a400000 - 0x00007ffa8a46a000 	C:\WINDOWS\System32\bcryptPrimitives.dll
0x00007ffa8a830000 - 0x00007ffa8a85e000 	C:\WINDOWS\System32\IMM32.DLL
0x0000000065330000 - 0x0000000065402000 	C:\Program Files\Java\jdk1.8.0_31\jre\bin\msvcr100.dll
0x0000000064ad0000 - 0x000000006532a000 	C:\Program Files\Java\jdk1.8.0_31\jre\bin\server\jvm.dll
0x00007ffa8b190000 - 0x00007ffa8b198000 	C:\WINDOWS\System32\PSAPI.DLL
0x00007ffa86a30000 - 0x00007ffa86a39000 	C:\WINDOWS\SYSTEM32\WSOCK32.dll
0x00007ffa8b580000 - 0x00007ffa8b5ea000 	C:\WINDOWS\System32\WS2_32.dll
0x00007ffa87700000 - 0x00007ffa87723000 	C:\WINDOWS\SYSTEM32\WINMM.dll
0x00007ffa876a0000 - 0x00007ffa876cb000 	C:\WINDOWS\SYSTEM32\WINMMBASE.dll
0x00007ffa8a190000 - 0x00007ffa8a1d2000 	C:\WINDOWS\System32\cfgmgr32.dll
0x0000000066170000 - 0x000000006617f000 	C:\Program Files\Java\jdk1.8.0_31\jre\bin\verify.dll
0x0000000066140000 - 0x0000000066168000 	C:\Program Files\Java\jdk1.8.0_31\jre\bin\java.dll
0x0000000066120000 - 0x0000000066136000 	C:\Program Files\Java\jdk1.8.0_31\jre\bin\zip.dll
0x00007ffa8b690000 - 0x00007ffa8cb98000 	C:\WINDOWS\System32\SHELL32.dll
0x00007ffa89790000 - 0x00007ffa89e6a000 	C:\WINDOWS\System32\windows.storage.dll
0x00007ffa89700000 - 0x00007ffa8974c000 	C:\WINDOWS\System32\powrprof.dll
0x00007ffa8cd70000 - 0x00007ffa8cdc2000 	C:\WINDOWS\System32\shlwapi.dll
0x00007ffa89780000 - 0x00007ffa8978f000 	C:\WINDOWS\System32\kernel.appcore.dll
0x00007ffa8a0e0000 - 0x00007ffa8a189000 	C:\WINDOWS\System32\shcore.dll
0x00007ffa89760000 - 0x00007ffa89774000 	C:\WINDOWS\System32\profapi.dll

VM Arguments:
jvm_args: -Djava.awt.headless=true -Xmx1024M -Dfile.encoding=GBK -Duser.country=CN -Duser.language=zh -Duser.variant 
java_command: com.android.dx.command.Main --dex --num-threads=4 --output G:\BaiduNetdiskDownload\BaseProject\BaseProject\app\build\intermediates\pre-dexed\debug\com.android.support-support-fragment-25.3.1_cee05b44fa8a600a975e11793c938f9dd0ea65ee.jar G:\BaiduNetdiskDownload\BaseProject\BaseProject\app\build\intermediates\exploded-aar\com.android.support\support-fragment\25.3.1\jars\classes.jar
java_class_path (initial): E:\AndroidStudio\Sdk\build-tools\25.0.0\lib\dx.jar
Launcher Type: SUN_STANDARD

Environment Variables:
JAVA_HOME=C:\Program Files\Java\jdk1.8.0_31
CLASSPATH=.;C:\Program Files\Java\jdk1.8.0_31\lib\dt.jar;C:\Program Files\Java\jdk1.8.0_31\lib\tools.jar;
PATH=C:\ProgramData\Oracle\Java\javapath;C:\WINDOWS\system32;C:\WINDOWS;C:\WINDOWS\System32\Wbem;C:\WINDOWS\System32\WindowsPowerShell\v1.0\;C:\Program Files\Java\jdk1.8.0_73\bin;C:\Program Files\TortoiseSVN\bin;E:\VisualSVN Server\bin;C:\Program Files\Java\jdk1.8.0_31\bin;G:\java\jdk\bin
USERNAME=SEELE
OS=Windows_NT
PROCESSOR_IDENTIFIER=Intel64 Family 6 Model 158 Stepping 9, GenuineIntel



---------------  S Y S T E M  ---------------

OS: Windows 8.1 , 64 bit Build 9600 

CPU:total 4 (4 cores per cpu, 1 threads per core) family 6 model 158 stepping 9, cmov, cx8, fxsr, mmx, sse, sse2, sse3, ssse3, sse4.1, sse4.2, popcnt, avx, avx2, aes, clmul, erms, rtm, lzcnt, tsc, tscinvbit, bmi1, bmi2

Memory: 4k page, physical 8305452k(1102904k free), swap 14798260k(5136k free)

vm_info: Java HotSpot(TM) 64-Bit Server VM (25.31-b07) for windows-amd64 JRE (1.8.0_31-b13), built on Dec 17 2014 21:00:28 by "java_re" with MS VC++ 10.0 (VS2010)

time: Tue Jul 18 20:20:47 2017
elapsed time: 0 seconds (0d 0h 0m 0s)

