#
# There is insufficient memory for the Java Runtime Environment to continue.
# Native memory allocation (malloc) failed to allocate 32744 bytes for ChunkPool::allocate
# Possible reasons:
#   The system is out of physical RAM or swap space
#   In 32 bit mode, the process size limit was hit
# Possible solutions:
#   Reduce memory load on the system
#   Increase physical memory or swap space
#   Check if swap backing store is full
#   Use 64 bit Java on a 64 bit OS
#   Decrease Java heap size (-Xmx/-Xms)
#   Decrease number of Java threads
#   Decrease Java thread stack sizes (-Xss)
#   Set larger code cache with -XX:ReservedCodeCacheSize=
# This output file may be truncated or incomplete.
#
#  Out of Memory Error (allocation.cpp:273), pid=44856, tid=7580
#
# JRE version: Java(TM) SE Runtime Environment (8.0_31-b13) (build 1.8.0_31-b13)
# Java VM: Java HotSpot(TM) 64-Bit Server VM (25.31-b07 mixed mode windows-amd64 compressed oops)
# Failed to write core dump. Minidumps are not enabled by default on client versions of Windows
#

---------------  T H R E A D  ---------------

Current thread (0x00000000167c6800):  JavaThread "C2 CompilerThread1" daemon [_thread_in_native, id=7580, stack(0x0000000016b90000,0x0000000016c90000)]

Stack: [0x0000000016b90000,0x0000000016c90000]
Native frames: (J=compiled Java code, j=interpreted, Vv=VM code, C=native code)
V  [jvm.dll+0x3169ba]


Current CompileTask:
C2:   1220 1062   !   4       com.android.dx.cf.code.BytecodeArray::parseInstruction (2764 bytes)


---------------  P R O C E S S  ---------------

Java Threads: ( => current thread )
  0x0000000016af9000 JavaThread "pool-1-thread-4" [_thread_blocked, id=14004, stack(0x0000000017b90000,0x0000000017c90000)]
  0x0000000016af8000 JavaThread "pool-1-thread-3" [_thread_blocked, id=32948, stack(0x0000000017a90000,0x0000000017b90000)]
  0x0000000016ab2000 JavaThread "pool-1-thread-2" [_thread_blocked, id=36836, stack(0x0000000017990000,0x0000000017a90000)]
  0x00000000169e1800 JavaThread "pool-2-thread-1" [_thread_blocked, id=49788, stack(0x0000000017890000,0x0000000017990000)]
  0x00000000169e0800 JavaThread "pool-1-thread-1" [_thread_in_vm, id=49260, stack(0x0000000017790000,0x0000000017890000)]
  0x00000000167e5800 JavaThread "Service Thread" daemon [_thread_blocked, id=17076, stack(0x0000000016d90000,0x0000000016e90000)]
  0x00000000167df800 JavaThread "C1 CompilerThread2" daemon [_thread_in_native, id=30324, stack(0x0000000016c90000,0x0000000016d90000)]
=>0x00000000167c6800 JavaThread "C2 CompilerThread1" daemon [_thread_in_native, id=7580, stack(0x0000000016b90000,0x0000000016c90000)]
  0x0000000015179000 JavaThread "C2 CompilerThread0" daemon [_thread_in_native, id=15096, stack(0x0000000016690000,0x0000000016790000)]
  0x0000000015178800 JavaThread "Attach Listener" daemon [_thread_blocked, id=34764, stack(0x0000000016590000,0x0000000016690000)]
  0x000000001512c000 JavaThread "Signal Dispatcher" daemon [_thread_blocked, id=44488, stack(0x0000000016490000,0x0000000016590000)]
  0x0000000002a3f000 JavaThread "Finalizer" daemon [_thread_blocked, id=4992, stack(0x0000000016390000,0x0000000016490000)]
  0x0000000002a3c800 JavaThread "Reference Handler" daemon [_thread_blocked, id=23012, stack(0x0000000016290000,0x0000000016390000)]
  0x0000000002951000 JavaThread "main" [_thread_blocked, id=6056, stack(0x0000000002770000,0x0000000002870000)]

Other Threads:
  0x00000000150e6800 VMThread [stack: 0x0000000016190000,0x0000000016290000] [id=31260]
  0x00000000167e8000 WatcherThread [stack: 0x0000000016e90000,0x0000000016f90000] [id=33232]

VM state:not at safepoint (normal execution)

VM Mutex/Monitor currently owned by a thread: None

Heap:
 PSYoungGen      total 38400K, used 7048K [0x00000000eab00000, 0x00000000ed580000, 0x0000000100000000)
  eden space 33280K, 5% used [0x00000000eab00000,0x00000000eace5e28,0x00000000ecb80000)
  from space 5120K, 99% used [0x00000000ecb80000,0x00000000ed07c480,0x00000000ed080000)
  to   space 5120K, 0% used [0x00000000ed080000,0x00000000ed080000,0x00000000ed580000)
 ParOldGen       total 87552K, used 1436K [0x00000000c0000000, 0x00000000c5580000, 0x00000000eab00000)
  object space 87552K, 1% used [0x00000000c0000000,0x00000000c0167320,0x00000000c5580000)
 Metaspace       used 5954K, capacity 6896K, committed 7040K, reserved 1056768K
  class space    used 594K, capacity 616K, committed 640K, reserved 1048576K

Card table byte_map: [0x0000000011e10000,0x0000000012020000] byte_map_base: 0x0000000011810000

Marking Bits: (ParMarkBitMap*) 0x00000000652ad4f0
 Begin Bits: [0x0000000012580000, 0x0000000013580000)
 End Bits:   [0x0000000013580000, 0x0000000014580000)

Polling page: 0x0000000000c60000

CodeCache: size=245760Kb used=4520Kb max_used=4520Kb free=241239Kb
 bounds [0x0000000002a50000, 0x0000000002ec0000, 0x0000000011a50000]
 total_blobs=1429 nmethods=1160 adapters=181
 compilation: enabled

Compilation events (10 events):
Event: 1.125 Thread 0x00000000167df800 nmethod 1153 0x0000000002eb3210 code [0x0000000002eb33e0, 0x0000000002eb3b88]
Event: 1.125 Thread 0x00000000167df800 1165       3       com.android.dx.cf.code.BaseMachine::popArgs (72 bytes)
Event: 1.125 Thread 0x00000000167df800 nmethod 1165 0x0000000002eb4090 code [0x0000000002eb42e0, 0x0000000002eb5088]
Event: 1.125 Thread 0x00000000167df800 1169       3       com.android.dx.cf.code.ConcreteMethod::getCode (8 bytes)
Event: 1.125 Thread 0x00000000167df800 nmethod 1169 0x0000000002eb5710 code [0x0000000002eb5860, 0x0000000002eb5a50]
Event: 1.125 Thread 0x00000000167df800 1170       1       com.android.dx.cf.code.BaseMachine::auxType (6 bytes)
Event: 1.125 Thread 0x00000000167df800 nmethod 1170 0x0000000002e85890 code [0x0000000002e859e0, 0x0000000002e85b10]
Event: 1.125 Thread 0x00000000167df800 1163       3       com.android.dx.ssa.SsaMethod::onInsnsChanged (16 bytes)
Event: 1.125 Thread 0x00000000167df800 nmethod 1163 0x0000000002eb5b10 code [0x0000000002eb5c60, 0x0000000002eb5df0]
Event: 1.125 Thread 0x00000000167df800 1166       3       com.android.dx.dex.file.StringIdsSection::intern (13 bytes)

GC Heap History (2 events):
Event: 1.173 GC heap before
{Heap before GC invocations=1 (full 0):
 PSYoungGen      total 38400K, used 33280K [0x00000000eab00000, 0x00000000ed580000, 0x0000000100000000)
  eden space 33280K, 100% used [0x00000000eab00000,0x00000000ecb80000,0x00000000ecb80000)
  from space 5120K, 0% used [0x00000000ed080000,0x00000000ed080000,0x00000000ed580000)
  to   space 5120K, 0% used [0x00000000ecb80000,0x00000000ecb80000,0x00000000ed080000)
 ParOldGen       total 87552K, used 0K [0x00000000c0000000, 0x00000000c5580000, 0x00000000eab00000)
  object space 87552K, 0% used [0x00000000c0000000,0x00000000c0000000,0x00000000c5580000)
 Metaspace       used 5947K, capacity 6896K, committed 7040K, reserved 1056768K
  class space    used 594K, capacity 616K, committed 640K, reserved 1048576K
Event: 1.211 GC heap after
Heap after GC invocations=1 (full 0):
 PSYoungGen      total 38400K, used 5105K [0x00000000eab00000, 0x00000000ed580000, 0x0000000100000000)
  eden space 33280K, 0% used [0x00000000eab00000,0x00000000eab00000,0x00000000ecb80000)
  from space 5120K, 99% used [0x00000000ecb80000,0x00000000ed07c480,0x00000000ed080000)
  to   space 5120K, 0% used [0x00000000ed080000,0x00000000ed080000,0x00000000ed580000)
 ParOldGen       total 87552K, used 1436K [0x00000000c0000000, 0x00000000c5580000, 0x00000000eab00000)
  object space 87552K, 1% used [0x00000000c0000000,0x00000000c0167320,0x00000000c5580000)
 Metaspace       used 5947K, capacity 6896K, committed 7040K, reserved 1056768K
  class space    used 594K, capacity 616K, committed 640K, reserved 1048576K
}

Deoptimization events (2 events):
Event: 0.736 Thread 0x00000000169e0800 Uncommon trap: reason=unloaded action=reinterpret pc=0x0000000002d3d610 method=com.android.dx.ssa.SsaRenamer$BlockRenamer.visitMoveInsn(Lcom/android/dx/ssa/NormalSsaInsn;)V @ 208
Event: 0.743 Thread 0x0000000002951000 Uncommon trap: reason=unloaded action=reinterpret pc=0x0000000002d43ee4 method=com.android.dx.ssa.SsaRenamer$BlockRenamer.visitMoveInsn(Lcom/android/dx/ssa/NormalSsaInsn;)V @ 208

Internal exceptions (10 events):
Event: 0.588 Thread 0x0000000016ab2000 Exception <a 'java/security/PrivilegedActionException'> (0x00000000eb905768) thrown at [C:\workspace\8-2-build-windows-amd64-cygwin\jdk8u31\2394\hotspot\src\share\vm\prims\jvm.cpp, line 1312]
Event: 0.594 Thread 0x0000000016ab2000 Exception <a 'java/security/PrivilegedActionException'> (0x00000000eb93f9c0) thrown at [C:\workspace\8-2-build-windows-amd64-cygwin\jdk8u31\2394\hotspot\src\share\vm\prims\jvm.cpp, line 1312]
Event: 0.594 Thread 0x0000000016ab2000 Exception <a 'java/security/PrivilegedActionException'> (0x00000000eb9451f8) thrown at [C:\workspace\8-2-build-windows-amd64-cygwin\jdk8u31\2394\hotspot\src\share\vm\prims\jvm.cpp, line 1312]
Event: 0.595 Thread 0x0000000016ab2000 Exception <a 'java/security/PrivilegedActionException'> (0x00000000eb94a770) thrown at [C:\workspace\8-2-build-windows-amd64-cygwin\jdk8u31\2394\hotspot\src\share\vm\prims\jvm.cpp, line 1312]
Event: 0.733 Thread 0x0000000002951000 Exception <a 'java/security/PrivilegedActionException'> (0x00000000ebd18688) thrown at [C:\workspace\8-2-build-windows-amd64-cygwin\jdk8u31\2394\hotspot\src\share\vm\prims\jvm.cpp, line 1312]
Event: 0.742 Thread 0x0000000002951000 Exception <a 'java/security/PrivilegedActionException'> (0x00000000ebd555e8) thrown at [C:\workspace\8-2-build-windows-amd64-cygwin\jdk8u31\2394\hotspot\src\share\vm\prims\jvm.cpp, line 1312]
Event: 0.933 Thread 0x00000000169e0800 Exception <a 'java/security/PrivilegedActionException'> (0x00000000ebdeb3a0) thrown at [C:\workspace\8-2-build-windows-amd64-cygwin\jdk8u31\2394\hotspot\src\share\vm\prims\jvm.cpp, line 1312]
Event: 1.046 Thread 0x0000000016af8000 Exception <a 'java/security/PrivilegedActionException'> (0x00000000ec4af850) thrown at [C:\workspace\8-2-build-windows-amd64-cygwin\jdk8u31\2394\hotspot\src\share\vm\prims\jvm.cpp, line 1312]
Event: 1.063 Thread 0x0000000002951000 Exception <a 'java/security/PrivilegedActionException'> (0x00000000ec55ace8) thrown at [C:\workspace\8-2-build-windows-amd64-cygwin\jdk8u31\2394\hotspot\src\share\vm\prims\jvm.cpp, line 1312]
Event: 1.069 Thread 0x0000000002951000 Exception <a 'java/security/PrivilegedActionException'> (0x00000000ec574d50) thrown at [C:\workspace\8-2-build-windows-amd64-cygwin\jdk8u31\2394\hotspot\src\share\vm\prims\jvm.cpp, line 1312]

Events (10 events):
Event: 1.041 loading class java/util/DualPivotQuicksort
Event: 1.042 loading class java/util/DualPivotQuicksort done
Event: 1.046 loading class com/android/dx/cf/code/SwitchList
Event: 1.046 loading class com/android/dx/cf/code/SwitchList done
Event: 1.063 loading class com/android/dx/cf/attrib/AttRuntimeVisibleAnnotations
Event: 1.063 loading class com/android/dx/cf/attrib/AttRuntimeVisibleAnnotations done
Event: 1.069 loading class com/android/dx/cf/attrib/AttExceptions
Event: 1.069 loading class com/android/dx/cf/attrib/AttExceptions done
Event: 1.125 Executing VM operation: ParallelGCFailedAllocation
Event: 1.211 Executing VM operation: ParallelGCFailedAllocation done


Dynamic libraries:
0x00007ff68bf40000 - 0x00007ff68bf74000 	C:\Program Files\Java\jdk1.8.0_31\bin\java.exe
0x00007ffa8d2a0000 - 0x00007ffa8d471000 	C:\WINDOWS\SYSTEM32\ntdll.dll
0x00007ffa8b1a0000 - 0x00007ffa8b24c000 	C:\WINDOWS\System32\KERNEL32.DLL
0x00007ffa8a1e0000 - 0x00007ffa8a3fd000 	C:\WINDOWS\System32\KERNELBASE.dll
0x00007ffa8b330000 - 0x00007ffa8b3d2000 	C:\WINDOWS\System32\ADVAPI32.dll
0x00007ffa8d0d0000 - 0x00007ffa8d16e000 	C:\WINDOWS\System32\msvcrt.dll
0x00007ffa8ab90000 - 0x00007ffa8abe9000 	C:\WINDOWS\System32\sechost.dll
0x00007ffa8d170000 - 0x00007ffa8d291000 	C:\WINDOWS\System32\RPCRT4.dll
0x00007ffa8b020000 - 0x00007ffa8b185000 	C:\WINDOWS\System32\USER32.dll
0x00007ffa8a470000 - 0x00007ffa8a48e000 	C:\WINDOWS\System32\win32u.dll
0x00007ffa8b250000 - 0x00007ffa8b284000 	C:\WINDOWS\System32\GDI32.dll
0x00007ffa8a490000 - 0x00007ffa8a612000 	C:\WINDOWS\System32\gdi32full.dll
0x00007ffa7c4b0000 - 0x00007ffa7c72a000 	C:\WINDOWS\WinSxS\amd64_microsoft.windows.common-controls_6595b64144ccf1df_6.0.14393.953_none_42151e83c686086b\COMCTL32.dll
0x00007ffa8a860000 - 0x00007ffa8ab28000 	C:\WINDOWS\System32\combase.dll
0x00007ffa8a620000 - 0x00007ffa8a715000 	C:\WINDOWS\System32\ucrtbase.dll
0x00007ffa8a400000 - 0x00007ffa8a46a000 	C:\WINDOWS\System32\bcryptPrimitives.dll
0x00007ffa8a830000 - 0x00007ffa8a85e000 	C:\WINDOWS\System32\IMM32.DLL
0x0000000065330000 - 0x0000000065402000 	C:\Program Files\Java\jdk1.8.0_31\jre\bin\msvcr100.dll
0x0000000064ad0000 - 0x000000006532a000 	C:\Program Files\Java\jdk1.8.0_31\jre\bin\server\jvm.dll
0x00007ffa8b190000 - 0x00007ffa8b198000 	C:\WINDOWS\System32\PSAPI.DLL
0x00007ffa7ff90000 - 0x00007ffa7ff99000 	C:\WINDOWS\SYSTEM32\WSOCK32.dll
0x00007ffa8b580000 - 0x00007ffa8b5ea000 	C:\WINDOWS\System32\WS2_32.dll
0x00007ffa87700000 - 0x00007ffa87723000 	C:\WINDOWS\SYSTEM32\WINMM.dll
0x00007ffa876a0000 - 0x00007ffa876cb000 	C:\WINDOWS\SYSTEM32\WINMMBASE.dll
0x00007ffa8a190000 - 0x00007ffa8a1d2000 	C:\WINDOWS\System32\cfgmgr32.dll
0x0000000064ac0000 - 0x0000000064acf000 	C:\Program Files\Java\jdk1.8.0_31\jre\bin\verify.dll
0x0000000064a90000 - 0x0000000064ab8000 	C:\Program Files\Java\jdk1.8.0_31\jre\bin\java.dll
0x0000000064a70000 - 0x0000000064a86000 	C:\Program Files\Java\jdk1.8.0_31\jre\bin\zip.dll
0x00007ffa8b690000 - 0x00007ffa8cb98000 	C:\WINDOWS\System32\SHELL32.dll
0x00007ffa89790000 - 0x00007ffa89e6a000 	C:\WINDOWS\System32\windows.storage.dll
0x00007ffa89700000 - 0x00007ffa8974c000 	C:\WINDOWS\System32\powrprof.dll
0x00007ffa8cd70000 - 0x00007ffa8cdc2000 	C:\WINDOWS\System32\shlwapi.dll
0x00007ffa89780000 - 0x00007ffa8978f000 	C:\WINDOWS\System32\kernel.appcore.dll
0x00007ffa8a0e0000 - 0x00007ffa8a189000 	C:\WINDOWS\System32\shcore.dll
0x00007ffa89760000 - 0x00007ffa89774000 	C:\WINDOWS\System32\profapi.dll
0x00007ffa6d060000 - 0x00007ffa6d1f2000 	C:\WINDOWS\SYSTEM32\dbghelp.dll

VM Arguments:
jvm_args: -Djava.awt.headless=true -Xmx1024M -Dfile.encoding=GBK -Duser.country=CN -Duser.language=zh -Duser.variant 
java_command: com.android.dx.command.Main --dex --num-threads=4 --output G:\BaiduNetdiskDownload\BaseProject\BaseProject\app\build\intermediates\pre-dexed\debug\com.android.support-support-media-compat-25.3.1_97bdf6ed1c9cf893252459052c0dd94c680c7ee6.jar G:\BaiduNetdiskDownload\BaseProject\BaseProject\app\build\intermediates\exploded-aar\com.android.support\support-media-compat\25.3.1\jars\classes.jar
java_class_path (initial): E:\AndroidStudio\Sdk\build-tools\25.0.0\lib\dx.jar
Launcher Type: SUN_STANDARD

Environment Variables:
JAVA_HOME=C:\Program Files\Java\jdk1.8.0_31
CLASSPATH=.;C:\Program Files\Java\jdk1.8.0_31\lib\dt.jar;C:\Program Files\Java\jdk1.8.0_31\lib\tools.jar;
PATH=C:\ProgramData\Oracle\Java\javapath;C:\WINDOWS\system32;C:\WINDOWS;C:\WINDOWS\System32\Wbem;C:\WINDOWS\System32\WindowsPowerShell\v1.0\;C:\Program Files\Java\jdk1.8.0_73\bin;C:\Program Files\TortoiseSVN\bin;E:\VisualSVN Server\bin;C:\Program Files\Java\jdk1.8.0_31\bin;G:\java\jdk\bin
USERNAME=SEELE
OS=Windows_NT
PROCESSOR_IDENTIFIER=Intel64 Family 6 Model 158 Stepping 9, GenuineIntel



---------------  S Y S T E M  ---------------

OS: Windows 8.1 , 64 bit Build 9600 

CPU:total 4 (4 cores per cpu, 1 threads per core) family 6 model 158 stepping 9, cmov, cx8, fxsr, mmx, sse, sse2, sse3, ssse3, sse4.1, sse4.2, popcnt, avx, avx2, aes, clmul, erms, rtm, lzcnt, tsc, tscinvbit, bmi1, bmi2

Memory: 4k page, physical 8305452k(1034132k free), swap 14798260k(4160k free)

vm_info: Java HotSpot(TM) 64-Bit Server VM (25.31-b07) for windows-amd64 JRE (1.8.0_31-b13), built on Dec 17 2014 21:00:28 by "java_re" with MS VC++ 10.0 (VS2010)

time: Thu Jul 20 11:36:39 2017
elapsed time: 1 seconds (0d 0h 0m 1s)

