#
# There is insufficient memory for the Java Runtime Environment to continue.
# Native memory allocation (malloc) failed to allocate 16777232 bytes for Chunk::new
# Possible reasons:
#   The system is out of physical RAM or swap space
#   In 32 bit mode, the process size limit was hit
# Possible solutions:
#   Reduce memory load on the system
#   Increase physical memory or swap space
#   Check if swap backing store is full
#   Use 64 bit Java on a 64 bit OS
#   Decrease Java heap size (-Xmx/-Xms)
#   Decrease number of Java threads
#   Decrease Java thread stack sizes (-Xss)
#   Set larger code cache with -XX:ReservedCodeCacheSize=
# This output file may be truncated or incomplete.
#
#  Out of Memory Error (allocation.cpp:390), pid=49280, tid=27968
#
# JRE version: Java(TM) SE Runtime Environment (8.0_31-b13) (build 1.8.0_31-b13)
# Java VM: Java HotSpot(TM) 64-Bit Server VM (25.31-b07 mixed mode windows-amd64 compressed oops)
# Failed to write core dump. Minidumps are not enabled by default on client versions of Windows
#

---------------  T H R E A D  ---------------

Current thread (0x0000000015328800):  
[error occurred during error reporting (printing current thread), id 0xc0000005]

Stack: [0x0000000016840000,0x0000000016940000]
Native frames: (J=compiled Java code, j=interpreted, Vv=VM code, C=native code)
V  [jvm.dll+0x3169ba]
V  [jvm.dll+0x2674c3]
V  [jvm.dll+0x268103]
V  [jvm.dll+0x280d66]
V  [jvm.dll+0x28492c]
V  [jvm.dll+0x5af20f]
C  [msvcr100.dll+0x712e3]
V  [jvm.dll+0x5ae90d]
C  [ntdll.dll+0xaab9d]
C  [ntdll.dll+0x49913]
C  [ntdll.dll+0xa9cba]
V  [jvm.dll+0x229a2a]
V  [jvm.dll+0x229f8e]
V  [jvm.dll+0x2672a4]
V  [jvm.dll+0x268103]
V  [jvm.dll+0x25f8f5]
V  [jvm.dll+0xbf025]
V  [jvm.dll+0xbf4cc]
V  [jvm.dll+0x431938]
V  [jvm.dll+0x45f9c0]
V  [jvm.dll+0x45fc7a]
V  [jvm.dll+0x460b5f]
V  [jvm.dll+0x462f0a]
V  [jvm.dll+0x465055]
V  [jvm.dll+0x4659dc]
V  [jvm.dll+0x465d23]
V  [jvm.dll+0x452b83]
V  [jvm.dll+0x454124]
V  [jvm.dll+0x437c62]
V  [jvm.dll+0x988e2]
V  [jvm.dll+0x990d3]
V  [jvm.dll+0x22c194]
V  [jvm.dll+0x28576a]
C  [msvcr100.dll+0x21d9f]
C  [msvcr100.dll+0x21e3b]
C  [KERNEL32.DLL+0x8364]
C  [ntdll.dll+0x670d1]


Current CompileTask:
C2:   3468 2139   !   4       com.android.dx.cf.code.Ropper::processBlock (1101 bytes)


---------------  P R O C E S S  ---------------

Java Threads: ( => current thread )
  0x0000000016c39800 JavaThread "" daemon [_thread_blocked, id=13468, stack(0x0000000017d40000,0x0000000017e40000)]
  0x0000000016c3c800 JavaThread "" daemon [_thread_blocked, id=45080, stack(0x0000000017c40000,0x0000000017d40000)]
  0x0000000016c3d800 JavaThread "Unknown thread" [_thread_blocked, id=50728, stack(0x0000000017b40000,0x0000000017c40000)]
  0x00000000172e5800 JavaThread "Unknown thread" daemon [_thread_blocked, id=41548, stack(0x0000000017a40000,0x0000000017b40000)]
  0x0000000016ab1000 JavaThread "Unknown thread" [_thread_blocked, id=13504, stack(0x0000000017940000,0x0000000017a40000)]
  0x00000000169bc000 
[error occurred during error reporting (printing all threads), id 0xc0000005]

VM state:at safepoint (normal execution)

VM Mutex/Monitor currently owned by a thread:  ([mutex/lock_event])
[0x0000000000e5bcd0] Threads_lock - owner thread: 0x0000000015296800
[0x0000000000e5be50] Heap_lock - owner thread: 0x0000000016c3c800

Heap:
 PSYoungGen      total 261120K, used 50148K [0x00000000eab00000, 0x0000000100000000, 0x0000000100000000)
  eden space 210944K, 0% used [0x00000000eab00000,0x00000000eab00000,0x00000000f7900000)
  from space 50176K, 99% used [0x00000000fcf00000,0x00000000ffff9388,0x0000000100000000)
  to   space 69120K, 0% used [0x00000000f7900000,0x00000000f7900000,0x00000000fbc80000)
 ParOldGen       total 87552K, used 81909K [0x00000000c0000000, 0x00000000c5580000, 0x00000000eab00000)
  object space 87552K, 93% used [0x00000000c0000000,0x00000000c4ffd6b0,0x00000000c5580000)
 Metaspace       used 6572K, capacity 7320K, committed 7680K, reserved 1056768K
  class space    used 619K, capacity 656K, committed 768K, reserved 1048576K

Card table byte_map: [0x0000000011fc0000,0x00000000121d0000] byte_map_base: 0x00000000119c0000

Marking Bits: (ParMarkBitMap*) 0x00000000652ad4f0
 Begin Bits: [0x0000000012730000, 0x0000000013730000)
 End Bits:   [0x0000000013730000, 0x0000000014730000)

Polling page: 0x0000000000e10000

CodeCache: size=245760Kb used=8948Kb max_used=8948Kb free=236812Kb
 bounds [0x0000000002c00000, 0x00000000034d0000, 0x0000000011c00000]
 total_blobs=2434 nmethods=2166 adapters=181
 compilation: enabled

Compilation events (10 events):
Event: 3.196 Thread 0x0000000016946800 2263       3       com.android.dx.cf.code.Frame::initializeWithParameters (49 bytes)
Event: 3.196 Thread 0x0000000016946800 nmethod 2263 0x000000000348fbd0 code [0x000000000348fd80, 0x00000000034904a8]
Event: 3.202 Thread 0x0000000016946800 2264       2       com.android.dx.dex.file.AnnotationUtils::makeCstArray (57 bytes)
Event: 3.202 Thread 0x0000000016946800 nmethod 2264 0x000000000348c350 code [0x000000000348c540, 0x000000000348cbd8]
Event: 3.204 Thread 0x0000000016946800 2265       2       com.android.dx.dex.file.AnnotationsDirectoryItem::addFieldAnnotations (44 bytes)
Event: 3.204 Thread 0x0000000016946800 nmethod 2265 0x000000000348f2d0 code [0x000000000348f460, 0x000000000348f8a8]
Event: 3.209 Thread 0x0000000016946800 2266 %     3       com.android.dx.ssa.PhiInsn::mapSourceRegisters @ 8 (78 bytes)
Event: 3.210 Thread 0x0000000016946800 nmethod 2266% 0x000000000348b250 code [0x000000000348b440, 0x000000000348bed8]
Event: 3.210 Thread 0x0000000016946800 2267       3       com.android.dx.ssa.PhiInsn::mapSourceRegisters (78 bytes)
Event: 3.210 Thread 0x0000000016946800 nmethod 2267 0x000000000348a290 code [0x000000000348a480, 0x000000000348ae28]

GC Heap History (10 events):
Event: 0.915 GC heap after
Heap after GC invocations=4 (full 0):
 PSYoungGen      total 138240K, used 5104K [0x00000000eab00000, 0x00000000f3700000, 0x0000000100000000)
  eden space 133120K, 0% used [0x00000000eab00000,0x00000000eab00000,0x00000000f2d00000)
  from space 5120K, 99% used [0x00000000f3200000,0x00000000f36fc180,0x00000000f3700000)
  to   space 5120K, 0% used [0x00000000f2d00000,0x00000000f2d00000,0x00000000f3200000)
 ParOldGen       total 87552K, used 19478K [0x00000000c0000000, 0x00000000c5580000, 0x00000000eab00000)
  object space 87552K, 22% used [0x00000000c0000000,0x00000000c13059a8,0x00000000c5580000)
 Metaspace       used 6413K, capacity 7192K, committed 7424K, reserved 1056768K
  class space    used 618K, capacity 656K, committed 768K, reserved 1048576K
}
Event: 1.406 GC heap before
{Heap before GC invocations=5 (full 0):
 PSYoungGen      total 138240K, used 138224K [0x00000000eab00000, 0x00000000f3700000, 0x0000000100000000)
  eden space 133120K, 100% used [0x00000000eab00000,0x00000000f2d00000,0x00000000f2d00000)
  from space 5120K, 99% used [0x00000000f3200000,0x00000000f36fc180,0x00000000f3700000)
  to   space 5120K, 0% used [0x00000000f2d00000,0x00000000f2d00000,0x00000000f3200000)
 ParOldGen       total 87552K, used 19478K [0x00000000c0000000, 0x00000000c5580000, 0x00000000eab00000)
  object space 87552K, 22% used [0x00000000c0000000,0x00000000c13059a8,0x00000000c5580000)
 Metaspace       used 6509K, capacity 7256K, committed 7424K, reserved 1056768K
  class space    used 618K, capacity 656K, committed 768K, reserved 1048576K
Event: 1.444 GC heap after
Heap after GC invocations=5 (full 0):
 PSYoungGen      total 138240K, used 5099K [0x00000000eab00000, 0x00000000fe900000, 0x0000000100000000)
  eden space 133120K, 0% used [0x00000000eab00000,0x00000000eab00000,0x00000000f2d00000)
  from space 5120K, 99% used [0x00000000f2d00000,0x00000000f31fac90,0x00000000f3200000)
  to   space 29696K, 0% used [0x00000000fcc00000,0x00000000fcc00000,0x00000000fe900000)
 ParOldGen       total 87552K, used 40251K [0x00000000c0000000, 0x00000000c5580000, 0x00000000eab00000)
  object space 87552K, 45% used [0x00000000c0000000,0x00000000c274ec70,0x00000000c5580000)
 Metaspace       used 6509K, capacity 7256K, committed 7424K, reserved 1056768K
  class space    used 618K, capacity 656K, committed 768K, reserved 1048576K
}
Event: 1.879 GC heap before
{Heap before GC invocations=6 (full 0):
 PSYoungGen      total 138240K, used 138219K [0x00000000eab00000, 0x00000000fe900000, 0x0000000100000000)
  eden space 133120K, 100% used [0x00000000eab00000,0x00000000f2d00000,0x00000000f2d00000)
  from space 5120K, 99% used [0x00000000f2d00000,0x00000000f31fac90,0x00000000f3200000)
  to   space 29696K, 0% used [0x00000000fcc00000,0x00000000fcc00000,0x00000000fe900000)
 ParOldGen       total 87552K, used 40251K [0x00000000c0000000, 0x00000000c5580000, 0x00000000eab00000)
  object space 87552K, 45% used [0x00000000c0000000,0x00000000c274ec70,0x00000000c5580000)
 Metaspace       used 6543K, capacity 7256K, committed 7424K, reserved 1056768K
  class space    used 618K, capacity 656K, committed 768K, reserved 1048576K
Event: 1.918 GC heap after
Heap after GC invocations=6 (full 0):
 PSYoungGen      total 292352K, used 23535K [0x00000000eab00000, 0x00000000ff000000, 0x0000000100000000)
  eden space 262656K, 0% used [0x00000000eab00000,0x00000000eab00000,0x00000000fab80000)
  from space 29696K, 79% used [0x00000000fcc00000,0x00000000fe2fbcc0,0x00000000fe900000)
  to   space 33280K, 0% used [0x00000000fab80000,0x00000000fab80000,0x00000000fcc00000)
 ParOldGen       total 87552K, used 40251K [0x00000000c0000000, 0x00000000c5580000, 0x00000000eab00000)
  object space 87552K, 45% used [0x00000000c0000000,0x00000000c274ec70,0x00000000c5580000)
 Metaspace       used 6543K, capacity 7256K, committed 7424K, reserved 1056768K
  class space    used 618K, capacity 656K, committed 768K, reserved 1048576K
}
Event: 2.433 GC heap before
{Heap before GC invocations=7 (full 0):
 PSYoungGen      total 292352K, used 286191K [0x00000000eab00000, 0x00000000ff000000, 0x0000000100000000)
  eden space 262656K, 100% used [0x00000000eab00000,0x00000000fab80000,0x00000000fab80000)
  from space 29696K, 79% used [0x00000000fcc00000,0x00000000fe2fbcc0,0x00000000fe900000)
  to   space 33280K, 0% used [0x00000000fab80000,0x00000000fab80000,0x00000000fcc00000)
 ParOldGen       total 87552K, used 40251K [0x00000000c0000000, 0x00000000c5580000, 0x00000000eab00000)
  object space 87552K, 45% used [0x00000000c0000000,0x00000000c274ec70,0x00000000c5580000)
 Metaspace       used 6565K, capacity 7320K, committed 7680K, reserved 1056768K
  class space    used 619K, capacity 656K, committed 768K, reserved 1048576K
Event: 2.492 GC heap after
Heap after GC invocations=7 (full 0):
 PSYoungGen      total 295936K, used 33262K [0x00000000eab00000, 0x0000000100000000, 0x0000000100000000)
  eden space 262656K, 0% used [0x00000000eab00000,0x00000000eab00000,0x00000000fab80000)
  from space 33280K, 99% used [0x00000000fab80000,0x00000000fcbfb8e0,0x00000000fcc00000)
  to   space 50176K, 0% used [0x00000000fcf00000,0x00000000fcf00000,0x0000000100000000)
 ParOldGen       total 87552K, used 60215K [0x00000000c0000000, 0x00000000c5580000, 0x00000000eab00000)
  object space 87552K, 68% used [0x00000000c0000000,0x00000000c3acde78,0x00000000c5580000)
 Metaspace       used 6565K, capacity 7320K, committed 7680K, reserved 1056768K
  class space    used 619K, capacity 656K, committed 768K, reserved 1048576K
}
Event: 3.230 GC heap before
{Heap before GC invocations=8 (full 0):
 PSYoungGen      total 295936K, used 295918K [0x00000000eab00000, 0x0000000100000000, 0x0000000100000000)
  eden space 262656K, 100% used [0x00000000eab00000,0x00000000fab80000,0x00000000fab80000)
  from space 33280K, 99% used [0x00000000fab80000,0x00000000fcbfb8e0,0x00000000fcc00000)
  to   space 50176K, 0% used [0x00000000fcf00000,0x00000000fcf00000,0x0000000100000000)
 ParOldGen       total 87552K, used 60215K [0x00000000c0000000, 0x00000000c5580000, 0x00000000eab00000)
  object space 87552K, 68% used [0x00000000c0000000,0x00000000c3acde78,0x00000000c5580000)
 Metaspace       used 6572K, capacity 7320K, committed 7680K, reserved 1056768K
  class space    used 619K, capacity 656K, committed 768K, reserved 1048576K
Event: 3.310 GC heap after
Heap after GC invocations=8 (full 0):
 PSYoungGen      total 261120K, used 50148K [0x00000000eab00000, 0x0000000100000000, 0x0000000100000000)
  eden space 210944K, 0% used [0x00000000eab00000,0x00000000eab00000,0x00000000f7900000)
  from space 50176K, 99% used [0x00000000fcf00000,0x00000000ffff9388,0x0000000100000000)
  to   space 69120K, 0% used [0x00000000f7900000,0x00000000f7900000,0x00000000fbc80000)
 ParOldGen       total 87552K, used 81909K [0x00000000c0000000, 0x00000000c5580000, 0x00000000eab00000)
  object space 87552K, 93% used [0x00000000c0000000,0x00000000c4ffd6b0,0x00000000c5580000)
 Metaspace       used 6572K, capacity 7320K, committed 7680K, reserved 1056768K
  class space    used 619K, capacity 656K, committed 768K, reserved 1048576K
}
Event: 3.310 GC heap before
{Heap before GC invocations=9 (full 1):
 PSYoungGen      total 261120K, used 50148K [0x00000000eab00000, 0x0000000100000000, 0x0000000100000000)
  eden space 210944K, 0% used [0x00000000eab00000,0x00000000eab00000,0x00000000f7900000)
  from space 50176K, 99% used [0x00000000fcf00000,0x00000000ffff9388,0x0000000100000000)
  to   space 69120K, 0% used [0x00000000f7900000,0x00000000f7900000,0x00000000fbc80000)
 ParOldGen       total 87552K, used 81909K [0x00000000c0000000, 0x00000000c5580000, 0x00000000eab00000)
  object space 87552K, 93% used [0x00000000c0000000,0x00000000c4ffd6b0,0x00000000c5580000)
 Metaspace       used 6572K, capacity 7320K, committed 7680K, reserved 1056768K
  class space    used 619K, capacity 656K, committed 768K, reserved 1048576K

Deoptimization events (10 events):
Event: 1.039 Thread 0x0000000016c3d800 Uncommon trap: reason=class_check action=maybe_recompile pc=0x00000000032d1ae8 method=com.android.dx.cf.code.BytecodeArray.parseInstruction(ILcom/android/dx/cf/code/BytecodeArray$Visitor;)I @ 1258
Event: 1.104 Thread 0x0000000016c3d800 Uncommon trap: reason=class_check action=maybe_recompile pc=0x00000000032d1ae8 method=com.android.dx.cf.code.BytecodeArray.parseInstruction(ILcom/android/dx/cf/code/BytecodeArray$Visitor;)I @ 1258
Event: 1.113 Thread 0x0000000016c3d800 Uncommon trap: reason=class_check action=maybe_recompile pc=0x00000000032d1ae8 method=com.android.dx.cf.code.BytecodeArray.parseInstruction(ILcom/android/dx/cf/code/BytecodeArray$Visitor;)I @ 1258
Event: 1.113 Thread 0x0000000016c3d800 Uncommon trap: reason=class_check action=maybe_recompile pc=0x00000000032d1ae8 method=com.android.dx.cf.code.BytecodeArray.parseInstruction(ILcom/android/dx/cf/code/BytecodeArray$Visitor;)I @ 1258
Event: 1.297 Thread 0x0000000016c39800 Uncommon trap: reason=unreached action=reinterpret pc=0x0000000002fcc95c method=com.android.dx.ssa.SsaMethod.updateOneDefinition(Lcom/android/dx/ssa/SsaInsn;Lcom/android/dx/rop/code/RegisterSpec;)V @ 4
Event: 1.592 Thread 0x0000000002b01000 Uncommon trap: reason=bimorphic action=maybe_recompile pc=0x0000000003384b34 method=com.android.dx.cf.code.BytecodeArray.parseInstruction(ILcom/android/dx/cf/code/BytecodeArray$Visitor;)I @ 1357
Event: 1.592 Thread 0x0000000002b01000 Uncommon trap: reason=bimorphic action=maybe_recompile pc=0x0000000003384b34 method=com.android.dx.cf.code.BytecodeArray.parseInstruction(ILcom/android/dx/cf/code/BytecodeArray$Visitor;)I @ 1357
Event: 2.062 Thread 0x0000000016c3c800 Uncommon trap: reason=unreached action=reinterpret pc=0x00000000033ab8f0 method=java.util.HashMap.putVal(ILjava/lang/Object;Ljava/lang/Object;ZZ)Ljava/lang/Object; @ 109
Event: 2.598 Thread 0x0000000016ab1000 Uncommon trap: reason=bimorphic action=maybe_recompile pc=0x0000000003426538 method=com.android.dx.cf.code.BytecodeArray.parseInstruction(ILcom/android/dx/cf/code/BytecodeArray$Visitor;)I @ 1417
Event: 2.598 Thread 0x0000000016ab1000 Uncommon trap: reason=bimorphic action=maybe_recompile pc=0x0000000003426538 method=com.android.dx.cf.code.BytecodeArray.parseInstruction(ILcom/android/dx/cf/code/BytecodeArray$Visitor;)I @ 1417

Internal exceptions (10 events):
Event: 0.328 Thread 0x0000000016c3d800 Exception <a 'java/security/PrivilegedActionException'> (0x00000000eac52da0) thrown at [C:\workspace\8-2-build-windows-amd64-cygwin\jdk8u31\2394\hotspot\src\share\vm\prims\jvm.cpp, line 1312]
Event: 0.382 Thread 0x0000000016c3c800 Implicit null exception at 0x0000000002f557a2 to 0x0000000002f55895
Event: 0.604 Thread 0x0000000016ab1000 Exception <a 'java/security/PrivilegedActionException'> (0x00000000ed6f0090) thrown at [C:\workspace\8-2-build-windows-amd64-cygwin\jdk8u31\2394\hotspot\src\share\vm\prims\jvm.cpp, line 1312]
Event: 0.705 Thread 0x0000000016c3d800 Implicit null exception at 0x0000000003249bb8 to 0x0000000003249ea5
Event: 0.749 Thread 0x0000000002b01000 Exception <a 'java/security/PrivilegedActionException'> (0x00000000eb5fec38) thrown at [C:\workspace\8-2-build-windows-amd64-cygwin\jdk8u31\2394\hotspot\src\share\vm\prims\jvm.cpp, line 1312]
Event: 0.768 Thread 0x0000000016c39800 Exception <a 'java/lang/ArrayIndexOutOfBoundsException': 18> (0x00000000ec49b560) thrown at [C:\workspace\8-2-build-windows-amd64-cygwin\jdk8u31\2394\hotspot\src\share\vm\interpreter\interpreterRuntime.cpp, line 366]
Event: 0.768 Thread 0x0000000016c39800 Exception <a 'java/lang/ArrayIndexOutOfBoundsException': 145> (0x00000000ec49cff8) thrown at [C:\workspace\8-2-build-windows-amd64-cygwin\jdk8u31\2394\hotspot\src\share\vm\interpreter\interpreterRuntime.cpp, line 366]
Event: 0.769 Thread 0x0000000016c39800 Exception <a 'java/lang/ArrayIndexOutOfBoundsException'> (0x00000000ec49e210) thrown at [C:\workspace\8-2-build-windows-amd64-cygwin\jdk8u31\2394\hotspot\src\share\vm\runtime\sharedRuntime.cpp, line 604]
Event: 1.297 Thread 0x0000000016c39800 Exception <a 'java/security/PrivilegedActionException'> (0x00000000f01a0610) thrown at [C:\workspace\8-2-build-windows-amd64-cygwin\jdk8u31\2394\hotspot\src\share\vm\prims\jvm.cpp, line 1312]
Event: 2.375 Thread 0x0000000002b01000 Exception <a 'java/security/PrivilegedActionException'> (0x00000000f6da8920) thrown at [C:\workspace\8-2-build-windows-amd64-cygwin\jdk8u31\2394\hotspot\src\share\vm\prims\jvm.cpp, line 1312]

Events (10 events):
Event: 2.936 Thread 0x0000000016ab1000 DEOPT UNPACKING pc=0x0000000002c475bf sp=0x0000000017a3e740 mode 0
Event: 3.032 Thread 0x0000000016c3d800 DEOPT PACKING pc=0x0000000003007dfd sp=0x0000000017c3ea60
Event: 3.032 Thread 0x0000000016c3d800 DEOPT UNPACKING pc=0x0000000002c475bf sp=0x0000000017c3e800 mode 0
Event: 3.118 Thread 0x0000000002b01000 DEOPT PACKING pc=0x0000000003007dfd sp=0x0000000002afe270
Event: 3.118 Thread 0x0000000002b01000 DEOPT UNPACKING pc=0x0000000002c475bf sp=0x0000000002afe010 mode 0
Event: 3.184 Thread 0x0000000016c3c800 DEOPT PACKING pc=0x0000000003007dfd sp=0x0000000017d3ebd0
Event: 3.184 Thread 0x0000000016c3c800 DEOPT UNPACKING pc=0x0000000002c475bf sp=0x0000000017d3e970 mode 0
Event: 3.210 Thread 0x0000000016c39800 DEOPT PACKING pc=0x000000000321c02a sp=0x0000000017e3eac0
Event: 3.210 Thread 0x0000000016c39800 DEOPT UNPACKING pc=0x0000000002c475bf sp=0x0000000017e3e858 mode 0
Event: 3.228 Executing VM operation: ParallelGCFailedAllocation


Dynamic libraries:
0x00007ff68bf40000 - 0x00007ff68bf74000 	C:\Program Files\Java\jdk1.8.0_31\bin\java.exe
0x00007ffa8d2a0000 - 0x00007ffa8d471000 	C:\WINDOWS\SYSTEM32\ntdll.dll
0x00007ffa8b1a0000 - 0x00007ffa8b24c000 	C:\WINDOWS\System32\KERNEL32.DLL
0x00007ffa8a1e0000 - 0x00007ffa8a3fd000 	C:\WINDOWS\System32\KERNELBASE.dll
0x00007ffa8b330000 - 0x00007ffa8b3d2000 	C:\WINDOWS\System32\ADVAPI32.dll
0x00007ffa8d0d0000 - 0x00007ffa8d16e000 	C:\WINDOWS\System32\msvcrt.dll
0x00007ffa8ab90000 - 0x00007ffa8abe9000 	C:\WINDOWS\System32\sechost.dll
0x00007ffa8d170000 - 0x00007ffa8d291000 	C:\WINDOWS\System32\RPCRT4.dll
0x00007ffa8b020000 - 0x00007ffa8b185000 	C:\WINDOWS\System32\USER32.dll
0x00007ffa8a470000 - 0x00007ffa8a48e000 	C:\WINDOWS\System32\win32u.dll
0x00007ffa8b250000 - 0x00007ffa8b284000 	C:\WINDOWS\System32\GDI32.dll
0x00007ffa8a490000 - 0x00007ffa8a612000 	C:\WINDOWS\System32\gdi32full.dll
0x00007ffa7c4b0000 - 0x00007ffa7c72a000 	C:\WINDOWS\WinSxS\amd64_microsoft.windows.common-controls_6595b64144ccf1df_6.0.14393.953_none_42151e83c686086b\COMCTL32.dll
0x00007ffa8a860000 - 0x00007ffa8ab28000 	C:\WINDOWS\System32\combase.dll
0x00007ffa8a620000 - 0x00007ffa8a715000 	C:\WINDOWS\System32\ucrtbase.dll
0x00007ffa8a400000 - 0x00007ffa8a46a000 	C:\WINDOWS\System32\bcryptPrimitives.dll
0x00007ffa8a830000 - 0x00007ffa8a85e000 	C:\WINDOWS\System32\IMM32.DLL
0x0000000065330000 - 0x0000000065402000 	C:\Program Files\Java\jdk1.8.0_31\jre\bin\msvcr100.dll
0x0000000064ad0000 - 0x000000006532a000 	C:\Program Files\Java\jdk1.8.0_31\jre\bin\server\jvm.dll
0x00007ffa8b190000 - 0x00007ffa8b198000 	C:\WINDOWS\System32\PSAPI.DLL
0x00007ffa87700000 - 0x00007ffa87723000 	C:\WINDOWS\SYSTEM32\WINMM.dll
0x00007ffa7ff90000 - 0x00007ffa7ff99000 	C:\WINDOWS\SYSTEM32\WSOCK32.dll
0x00007ffa8b580000 - 0x00007ffa8b5ea000 	C:\WINDOWS\System32\WS2_32.dll
0x00007ffa876a0000 - 0x00007ffa876cb000 	C:\WINDOWS\SYSTEM32\WINMMBASE.dll
0x00007ffa8a190000 - 0x00007ffa8a1d2000 	C:\WINDOWS\System32\cfgmgr32.dll
0x0000000064ac0000 - 0x0000000064acf000 	C:\Program Files\Java\jdk1.8.0_31\jre\bin\verify.dll
0x0000000064a90000 - 0x0000000064ab8000 	C:\Program Files\Java\jdk1.8.0_31\jre\bin\java.dll
0x0000000064a70000 - 0x0000000064a86000 	C:\Program Files\Java\jdk1.8.0_31\jre\bin\zip.dll
0x00007ffa8b690000 - 0x00007ffa8cb98000 	C:\WINDOWS\System32\SHELL32.dll
0x00007ffa89790000 - 0x00007ffa89e6a000 	C:\WINDOWS\System32\windows.storage.dll
0x00007ffa89700000 - 0x00007ffa8974c000 	C:\WINDOWS\System32\powrprof.dll
0x00007ffa8cd70000 - 0x00007ffa8cdc2000 	C:\WINDOWS\System32\shlwapi.dll
0x00007ffa89780000 - 0x00007ffa8978f000 	C:\WINDOWS\System32\kernel.appcore.dll
0x00007ffa8a0e0000 - 0x00007ffa8a189000 	C:\WINDOWS\System32\shcore.dll
0x00007ffa89760000 - 0x00007ffa89774000 	C:\WINDOWS\System32\profapi.dll
0x00007ffa6d060000 - 0x00007ffa6d1f2000 	C:\WINDOWS\SYSTEM32\dbghelp.dll

VM Arguments:
jvm_args: -Djava.awt.headless=true -Xmx1024M -Dfile.encoding=GBK -Duser.country=CN -Duser.language=zh -Duser.variant 
java_command: com.android.dx.command.Main --dex --num-threads=4 --multi-dex --main-dex-list G:\BaiduNetdiskDownload\BaseProject\BaseProject\app\build\intermediates\multi-dex\debug\maindexlist.txt --output G:\BaiduNetdiskDownload\BaseProject\BaseProject\app\build\intermediates\transforms\dex\debug\folders\1000\1f\main G:\BaiduNetdiskDownload\BaseProject\BaseProject\app\build\intermediates\transforms\jarMerging\debug\jars\1\1f\combined.jar
java_class_path (initial): E:\AndroidStudio\Sdk\build-tools\25.0.0\lib\dx.jar
Launcher Type: SUN_STANDARD

Environment Variables:
JAVA_HOME=C:\Program Files\Java\jdk1.8.0_31
CLASSPATH=.;C:\Program Files\Java\jdk1.8.0_31\lib\dt.jar;C:\Program Files\Java\jdk1.8.0_31\lib\tools.jar;
PATH=C:\ProgramData\Oracle\Java\javapath;C:\WINDOWS\system32;C:\WINDOWS;C:\WINDOWS\System32\Wbem;C:\WINDOWS\System32\WindowsPowerShell\v1.0\;C:\Program Files\Java\jdk1.8.0_73\bin;C:\Program Files\TortoiseSVN\bin;E:\VisualSVN Server\bin;C:\Program Files\Java\jdk1.8.0_31\bin;G:\java\jdk\bin
USERNAME=SEELE
OS=Windows_NT
PROCESSOR_IDENTIFIER=Intel64 Family 6 Model 158 Stepping 9, GenuineIntel



---------------  S Y S T E M  ---------------

OS: Windows 8.1 , 64 bit Build 9600 

CPU:total 4 (4 cores per cpu, 1 threads per core) family 6 model 158 stepping 9, cmov, cx8, fxsr, mmx, sse, sse2, sse3, ssse3, sse4.1, sse4.2, popcnt, avx, avx2, aes, clmul, erms, rtm, lzcnt, tsc, tscinvbit, bmi1, bmi2

Memory: 4k page, physical 8305452k(723280k free), swap 14798260k(7244k free)

vm_info: Java HotSpot(TM) 64-Bit Server VM (25.31-b07) for windows-amd64 JRE (1.8.0_31-b13), built on Dec 17 2014 21:00:28 by "java_re" with MS VC++ 10.0 (VS2010)

time: Thu Jul 20 11:41:45 2017
elapsed time: 3 seconds (0d 0h 0m 3s)

