#
# There is insufficient memory for the Java Runtime Environment to continue.
# Native memory allocation (malloc) failed to allocate 1149136 bytes for Chunk::new
# Possible reasons:
#   The system is out of physical RAM or swap space
#   In 32 bit mode, the process size limit was hit
# Possible solutions:
#   Reduce memory load on the system
#   Increase physical memory or swap space
#   Check if swap backing store is full
#   Use 64 bit Java on a 64 bit OS
#   Decrease Java heap size (-Xmx/-Xms)
#   Decrease number of Java threads
#   Decrease Java thread stack sizes (-Xss)
#   Set larger code cache with -XX:ReservedCodeCacheSize=
# This output file may be truncated or incomplete.
#
#  Out of Memory Error (allocation.cpp:390), pid=5012, tid=43784
#
# JRE version: Java(TM) SE Runtime Environment (8.0_31-b13) (build 1.8.0_31-b13)
# Java VM: Java HotSpot(TM) 64-Bit Server VM (25.31-b07 mixed mode windows-amd64 compressed oops)
# Failed to write core dump. Minidumps are not enabled by default on client versions of Windows
#

---------------  T H R E A D  ---------------

Current thread (0x0000000016940800):  JavaThread "C2 CompilerThread1" daemon [_thread_in_native, id=43784, stack(0x0000000016d40000,0x0000000016e40000)]

Stack: [0x0000000016d40000,0x0000000016e40000]
Native frames: (J=compiled Java code, j=interpreted, Vv=VM code, C=native code)
V  [jvm.dll+0x3169ba]
V  [jvm.dll+0x2674c3]
V  [jvm.dll+0x268103]
V  [jvm.dll+0x25f8f5]
V  [jvm.dll+0xbf025]
V  [jvm.dll+0xbf4cc]
V  [jvm.dll+0x45df82]
V  [jvm.dll+0x49f21f]
V  [jvm.dll+0x453401]
V  [jvm.dll+0x454124]
V  [jvm.dll+0x437c62]
V  [jvm.dll+0x988e2]
V  [jvm.dll+0x990d3]
V  [jvm.dll+0x22c194]
V  [jvm.dll+0x28576a]
C  [msvcr100.dll+0x21d9f]
C  [msvcr100.dll+0x21e3b]
C  [KERNEL32.DLL+0x8364]
C  [ntdll.dll+0x670d1]


Current CompileTask:
C2:   1450 1453       4       com.android.dx.ssa.SCCP::simulateStmt (481 bytes)


---------------  P R O C E S S  ---------------

Java Threads: ( => current thread )
  0x00000000171cb000 JavaThread "pool-1-thread-4" [_thread_blocked, id=8464, stack(0x0000000017d40000,0x0000000017e40000)]
  0x00000000171c8000 JavaThread "pool-1-thread-3" [_thread_blocked, id=6012, stack(0x0000000017c40000,0x0000000017d40000)]
  0x00000000171c6800 JavaThread "pool-1-thread-2" [_thread_blocked, id=25876, stack(0x0000000017b40000,0x0000000017c40000)]
  0x00000000171c4000 JavaThread "pool-2-thread-1" [_thread_in_vm, id=23816, stack(0x0000000017a40000,0x0000000017b40000)]
  0x00000000171b3000 JavaThread "pool-1-thread-1" [_thread_blocked, id=35264, stack(0x0000000017940000,0x0000000017a40000)]
  0x0000000016994800 JavaThread "Service Thread" daemon [_thread_blocked, id=7832, stack(0x0000000016f40000,0x0000000017040000)]
  0x0000000016987000 JavaThread "C1 CompilerThread2" daemon [_thread_in_native, id=9336, stack(0x0000000016e40000,0x0000000016f40000)]
=>0x0000000016940800 JavaThread "C2 CompilerThread1" daemon [_thread_in_native, id=43784, stack(0x0000000016d40000,0x0000000016e40000)]
  0x0000000015349000 JavaThread "C2 CompilerThread0" daemon [_thread_in_native, id=22176, stack(0x0000000016840000,0x0000000016940000)]
  0x0000000015348800 JavaThread "Attach Listener" daemon [_thread_blocked, id=27932, stack(0x0000000016740000,0x0000000016840000)]
  0x00000000152fc000 JavaThread "Signal Dispatcher" daemon [_thread_blocked, id=9848, stack(0x0000000016640000,0x0000000016740000)]
  0x0000000002c14800 JavaThread "Finalizer" daemon [_thread_blocked, id=33108, stack(0x0000000016540000,0x0000000016640000)]
  0x00000000152b8800 JavaThread "Reference Handler" daemon [_thread_blocked, id=44388, stack(0x0000000016440000,0x0000000016540000)]
  0x0000000002b21000 JavaThread "main" [_thread_in_Java, id=27372, stack(0x0000000002920000,0x0000000002a20000)]

Other Threads:
  0x00000000152b6800 VMThread [stack: 0x0000000016340000,0x0000000016440000] [id=32688]
  0x0000000016997000 WatcherThread [stack: 0x0000000017040000,0x0000000017140000] [id=39436]

VM state:not at safepoint (normal execution)

VM Mutex/Monitor currently owned by a thread: None

Heap:
 PSYoungGen      total 38400K, used 8328K [0x00000000eab00000, 0x00000000ee880000, 0x0000000100000000)
  eden space 33280K, 9% used [0x00000000eab00000,0x00000000eae2a1d8,0x00000000ecb80000)
  from space 5120K, 99% used [0x00000000ee380000,0x00000000ee878010,0x00000000ee880000)
  to   space 5120K, 0% used [0x00000000ecb80000,0x00000000ecb80000,0x00000000ed080000)
 ParOldGen       total 54272K, used 10938K [0x00000000c0000000, 0x00000000c3500000, 0x00000000eab00000)
  object space 54272K, 20% used [0x00000000c0000000,0x00000000c0aae8a0,0x00000000c3500000)
 Metaspace       used 6345K, capacity 7152K, committed 7296K, reserved 1058816K
  class space    used 598K, capacity 616K, committed 640K, reserved 1048576K

Card table byte_map: [0x0000000011fe0000,0x00000000121f0000] byte_map_base: 0x00000000119e0000

Marking Bits: (ParMarkBitMap*) 0x00000000652ad4f0
 Begin Bits: [0x0000000012750000, 0x0000000013750000)
 End Bits:   [0x0000000013750000, 0x0000000014750000)

Polling page: 0x0000000000b70000

CodeCache: size=245760Kb used=6399Kb max_used=6399Kb free=239360Kb
 bounds [0x0000000002c20000, 0x0000000003270000, 0x0000000011c20000]
 total_blobs=2027 nmethods=1759 adapters=181
 compilation: enabled

Compilation events (10 events):
Event: 1.414 Thread 0x0000000016987000 1762       2       java.util.Collections$UnmodifiableCollection::size (10 bytes)
Event: 1.414 Thread 0x0000000016987000 nmethod 1762 0x00000000032551d0 code [0x0000000003255340, 0x00000000032554c8]
Event: 1.414 Thread 0x0000000016987000 1763   !   2       com.android.dx.dex.cf.CfTranslator::processFields (251 bytes)
Event: 1.416 Thread 0x0000000016987000 nmethod 1763 0x0000000003255550 code [0x0000000003255880, 0x0000000003256588]
Event: 1.416 Thread 0x0000000016987000 1764   !   2       com.android.dx.dex.cf.CfTranslator::processMethods (583 bytes)
Event: 1.418 Thread 0x0000000016987000 nmethod 1764 0x0000000003257d90 code [0x0000000003258240, 0x0000000003259888]
Event: 1.418 Thread 0x0000000016987000 1765       2       java.util.concurrent.locks.AbstractQueuedSynchronizer::hasQueuedPredecessors (40 bytes)
Event: 1.419 Thread 0x0000000016987000 nmethod 1765 0x000000000325d410 code [0x000000000325d560, 0x000000000325d710]
Event: 1.419 Thread 0x0000000016987000 1766       2       java.util.concurrent.locks.ReentrantLock$NonfairSync::lock (25 bytes)
Event: 1.420 Thread 0x0000000016987000 nmethod 1766 0x000000000325d7d0 code [0x000000000325d960, 0x000000000325dbb8]

GC Heap History (8 events):
Event: 0.880 GC heap before
{Heap before GC invocations=1 (full 0):
 PSYoungGen      total 38400K, used 33280K [0x00000000eab00000, 0x00000000ed580000, 0x0000000100000000)
  eden space 33280K, 100% used [0x00000000eab00000,0x00000000ecb80000,0x00000000ecb80000)
  from space 5120K, 0% used [0x00000000ed080000,0x00000000ed080000,0x00000000ed580000)
  to   space 5120K, 0% used [0x00000000ecb80000,0x00000000ecb80000,0x00000000ed080000)
 ParOldGen       total 87552K, used 0K [0x00000000c0000000, 0x00000000c5580000, 0x00000000eab00000)
  object space 87552K, 0% used [0x00000000c0000000,0x00000000c0000000,0x00000000c5580000)
 Metaspace       used 5915K, capacity 6832K, committed 7040K, reserved 1056768K
  class space    used 593K, capacity 616K, committed 640K, reserved 1048576K
Event: 0.918 GC heap after
Heap after GC invocations=1 (full 0):
 PSYoungGen      total 38400K, used 5118K [0x00000000eab00000, 0x00000000ed580000, 0x0000000100000000)
  eden space 33280K, 0% used [0x00000000eab00000,0x00000000eab00000,0x00000000ecb80000)
  from space 5120K, 99% used [0x00000000ecb80000,0x00000000ed07fb80,0x00000000ed080000)
  to   space 5120K, 0% used [0x00000000ed080000,0x00000000ed080000,0x00000000ed580000)
 ParOldGen       total 87552K, used 196K [0x00000000c0000000, 0x00000000c5580000, 0x00000000eab00000)
  object space 87552K, 0% used [0x00000000c0000000,0x00000000c0031028,0x00000000c5580000)
 Metaspace       used 5915K, capacity 6832K, committed 7040K, reserved 1056768K
  class space    used 593K, capacity 616K, committed 640K, reserved 1048576K
}
Event: 1.130 GC heap before
{Heap before GC invocations=2 (full 0):
 PSYoungGen      total 38400K, used 24769K [0x00000000eab00000, 0x00000000ed580000, 0x0000000100000000)
  eden space 33280K, 59% used [0x00000000eab00000,0x00000000ebe30a90,0x00000000ecb80000)
  from space 5120K, 99% used [0x00000000ecb80000,0x00000000ed07fb80,0x00000000ed080000)
  to   space 5120K, 0% used [0x00000000ed080000,0x00000000ed080000,0x00000000ed580000)
 ParOldGen       total 87552K, used 196K [0x00000000c0000000, 0x00000000c5580000, 0x00000000eab00000)
  object space 87552K, 0% used [0x00000000c0000000,0x00000000c0031028,0x00000000c5580000)
 Metaspace       used 6115K, capacity 6960K, committed 7040K, reserved 1060864K
  class space    used 598K, capacity 616K, committed 640K, reserved 1048576K
Event: 1.151 GC heap after
Heap after GC invocations=2 (full 0):
 PSYoungGen      total 38400K, used 5090K [0x00000000eab00000, 0x00000000ed580000, 0x0000000100000000)
  eden space 33280K, 0% used [0x00000000eab00000,0x00000000eab00000,0x00000000ecb80000)
  from space 5120K, 99% used [0x00000000ed080000,0x00000000ed578ae8,0x00000000ed580000)
  to   space 5120K, 0% used [0x00000000ecb80000,0x00000000ecb80000,0x00000000ed080000)
 ParOldGen       total 87552K, used 1433K [0x00000000c0000000, 0x00000000c5580000, 0x00000000eab00000)
  object space 87552K, 1% used [0x00000000c0000000,0x00000000c0166500,0x00000000c5580000)
 Metaspace       used 6115K, capacity 6960K, committed 7040K, reserved 1060864K
  class space    used 598K, capacity 616K, committed 640K, reserved 1048576K
}
Event: 1.151 GC heap before
{Heap before GC invocations=3 (full 1):
 PSYoungGen      total 38400K, used 5090K [0x00000000eab00000, 0x00000000ed580000, 0x0000000100000000)
  eden space 33280K, 0% used [0x00000000eab00000,0x00000000eab00000,0x00000000ecb80000)
  from space 5120K, 99% used [0x00000000ed080000,0x00000000ed578ae8,0x00000000ed580000)
  to   space 5120K, 0% used [0x00000000ecb80000,0x00000000ecb80000,0x00000000ed080000)
 ParOldGen       total 87552K, used 1433K [0x00000000c0000000, 0x00000000c5580000, 0x00000000eab00000)
  object space 87552K, 1% used [0x00000000c0000000,0x00000000c0166500,0x00000000c5580000)
 Metaspace       used 6115K, capacity 6960K, committed 7040K, reserved 1060864K
  class space    used 598K, capacity 616K, committed 640K, reserved 1048576K
Event: 1.197 GC heap after
Heap after GC invocations=3 (full 1):
 PSYoungGen      total 38400K, used 0K [0x00000000eab00000, 0x00000000ed580000, 0x0000000100000000)
  eden space 33280K, 0% used [0x00000000eab00000,0x00000000eab00000,0x00000000ecb80000)
  from space 5120K, 0% used [0x00000000ed080000,0x00000000ed080000,0x00000000ed580000)
  to   space 5120K, 0% used [0x00000000ecb80000,0x00000000ecb80000,0x00000000ed080000)
 ParOldGen       total 54272K, used 6251K [0x00000000c0000000, 0x00000000c3500000, 0x00000000eab00000)
  object space 54272K, 11% used [0x00000000c0000000,0x00000000c061af60,0x00000000c3500000)
 Metaspace       used 6115K, capacity 6960K, committed 7040K, reserved 1058816K
  class space    used 598K, capacity 616K, committed 640K, reserved 1048576K
}
Event: 1.307 GC heap before
{Heap before GC invocations=4 (full 1):
 PSYoungGen      total 38400K, used 33280K [0x00000000eab00000, 0x00000000ed580000, 0x0000000100000000)
  eden space 33280K, 100% used [0x00000000eab00000,0x00000000ecb80000,0x00000000ecb80000)
  from space 5120K, 0% used [0x00000000ed080000,0x00000000ed080000,0x00000000ed580000)
  to   space 5120K, 0% used [0x00000000ecb80000,0x00000000ecb80000,0x00000000ed080000)
 ParOldGen       total 54272K, used 6251K [0x00000000c0000000, 0x00000000c3500000, 0x00000000eab00000)
  object space 54272K, 11% used [0x00000000c0000000,0x00000000c061af60,0x00000000c3500000)
 Metaspace       used 6260K, capacity 7088K, committed 7296K, reserved 1058816K
  class space    used 598K, capacity 616K, committed 640K, reserved 1048576K
Event: 1.311 GC heap after
Heap after GC invocations=4 (full 1):
 PSYoungGen      total 38400K, used 4832K [0x00000000eab00000, 0x00000000ee880000, 0x0000000100000000)
  eden space 33280K, 0% used [0x00000000eab00000,0x00000000eab00000,0x00000000ecb80000)
  from space 5120K, 94% used [0x00000000ecb80000,0x00000000ed038010,0x00000000ed080000)
  to   space 5120K, 0% used [0x00000000ee380000,0x00000000ee380000,0x00000000ee880000)
 ParOldGen       total 54272K, used 6251K [0x00000000c0000000, 0x00000000c3500000, 0x00000000eab00000)
  object space 54272K, 11% used [0x00000000c0000000,0x00000000c061af60,0x00000000c3500000)
 Metaspace       used 6260K, capacity 7088K, committed 7296K, reserved 1058816K
  class space    used 598K, capacity 616K, committed 640K, reserved 1048576K
}

Deoptimization events (10 events):
Event: 0.875 Thread 0x0000000002b21000 Uncommon trap: reason=class_check action=maybe_recompile pc=0x0000000002fbfd3c method=com.android.dx.rop.type.Type.equals(Ljava/lang/Object;)Z @ 8
Event: 0.875 Thread 0x0000000002b21000 Uncommon trap: reason=class_check action=maybe_recompile pc=0x0000000002fbfd3c method=com.android.dx.rop.type.Type.equals(Ljava/lang/Object;)Z @ 8
Event: 0.875 Thread 0x0000000002b21000 Uncommon trap: reason=class_check action=maybe_recompile pc=0x0000000002fbfd3c method=com.android.dx.rop.type.Type.equals(Ljava/lang/Object;)Z @ 8
Event: 0.876 Thread 0x0000000002b21000 Uncommon trap: reason=class_check action=maybe_recompile pc=0x0000000002fbfd3c method=com.android.dx.rop.type.Type.equals(Ljava/lang/Object;)Z @ 8
Event: 0.876 Thread 0x0000000002b21000 Uncommon trap: reason=class_check action=maybe_recompile pc=0x0000000002f0a20c method=com.android.dx.rop.type.Type.equals(Ljava/lang/Object;)Z @ 8
Event: 1.030 Thread 0x0000000002b21000 Uncommon trap: reason=class_check action=maybe_recompile pc=0x0000000002e93434 method=com.android.dx.rop.type.Type.equals(Ljava/lang/Object;)Z @ 8
Event: 1.032 Thread 0x0000000002b21000 Uncommon trap: reason=unreached action=reinterpret pc=0x0000000002ef0c9c method=com.android.dx.rop.cst.Constant.compareTo(Lcom/android/dx/rop/cst/Constant;)I @ 12
Event: 1.089 Thread 0x00000000171c6800 Uncommon trap: reason=unreached action=reinterpret pc=0x000000000303021c method=com.android.dx.ssa.SsaMethod.updateOneDefinition(Lcom/android/dx/ssa/SsaInsn;Lcom/android/dx/rop/code/RegisterSpec;)V @ 4
Event: 1.257 Thread 0x00000000171cb000 Uncommon trap: reason=null_check action=make_not_entrant pc=0x0000000003004650 method=com.android.dx.ssa.SsaRenamer.getLocalForNewReg(I)Lcom/android/dx/rop/code/LocalItem; @ 19
Event: 1.337 Thread 0x00000000171cb000 Uncommon trap: reason=null_check action=make_not_entrant pc=0x0000000003032a24 method=com.android.dx.rop.type.Type.equals(Ljava/lang/Object;)Z @ 8

Internal exceptions (10 events):
Event: 0.600 Thread 0x0000000002b21000 Exception <a 'java/security/PrivilegedActionException'> (0x00000000ec40d0e8) thrown at [C:\workspace\8-2-build-windows-amd64-cygwin\jdk8u31\2394\hotspot\src\share\vm\prims\jvm.cpp, line 1312]
Event: 0.632 Thread 0x0000000002b21000 Exception <a 'java/security/PrivilegedActionException'> (0x00000000ec4a4e98) thrown at [C:\workspace\8-2-build-windows-amd64-cygwin\jdk8u31\2394\hotspot\src\share\vm\prims\jvm.cpp, line 1312]
Event: 0.633 Thread 0x00000000171c6800 Exception <a 'java/security/PrivilegedActionException'> (0x00000000ec58b2e8) thrown at [C:\workspace\8-2-build-windows-amd64-cygwin\jdk8u31\2394\hotspot\src\share\vm\prims\jvm.cpp, line 1312]
Event: 0.634 Thread 0x00000000171c6800 Exception <a 'java/security/PrivilegedActionException'> (0x00000000ec590b20) thrown at [C:\workspace\8-2-build-windows-amd64-cygwin\jdk8u31\2394\hotspot\src\share\vm\prims\jvm.cpp, line 1312]
Event: 0.634 Thread 0x00000000171c6800 Exception <a 'java/security/PrivilegedActionException'> (0x00000000ec596018) thrown at [C:\workspace\8-2-build-windows-amd64-cygwin\jdk8u31\2394\hotspot\src\share\vm\prims\jvm.cpp, line 1312]
Event: 1.030 Thread 0x0000000002b21000 Exception <a 'java/security/PrivilegedActionException'> (0x00000000eab06e70) thrown at [C:\workspace\8-2-build-windows-amd64-cygwin\jdk8u31\2394\hotspot\src\share\vm\prims\jvm.cpp, line 1312]
Event: 1.088 Thread 0x00000000171c6800 Exception <a 'java/security/PrivilegedActionException'> (0x00000000eb204fb8) thrown at [C:\workspace\8-2-build-windows-amd64-cygwin\jdk8u31\2394\hotspot\src\share\vm\prims\jvm.cpp, line 1312]
Event: 1.094 Thread 0x0000000002b21000 Exception <a 'java/security/PrivilegedActionException'> (0x00000000eb29def0) thrown at [C:\workspace\8-2-build-windows-amd64-cygwin\jdk8u31\2394\hotspot\src\share\vm\prims\jvm.cpp, line 1312]
Event: 1.257 Thread 0x00000000171cb000 Implicit null exception at 0x00000000030030d3 to 0x0000000003004615
Event: 1.337 Thread 0x00000000171cb000 Implicit null exception at 0x0000000003032922 to 0x0000000003032a15

Events (10 events):
Event: 1.257 Thread 0x00000000171cb000 DEOPT UNPACKING pc=0x0000000002c6556a sp=0x0000000017e3e648 mode 2
Event: 1.302 Executing VM operation: ParallelGCFailedAllocation
Event: 1.311 Executing VM operation: ParallelGCFailedAllocation done
Event: 1.337 Thread 0x00000000171cb000 Uncommon trap: trap_request=0xfffffff4 fr.pc=0x0000000003032a24
Event: 1.337 Thread 0x00000000171cb000 DEOPT PACKING pc=0x0000000003032a24 sp=0x0000000017e3e420
Event: 1.337 Thread 0x00000000171cb000 DEOPT UNPACKING pc=0x0000000002c6556a sp=0x0000000017e3e3a8 mode 2
Event: 1.345 Thread 0x0000000002b21000 DEOPT PACKING pc=0x00000000031cb2a1 sp=0x0000000002a1ec10
Event: 1.345 Thread 0x0000000002b21000 DEOPT UNPACKING pc=0x0000000002c675bf sp=0x0000000002a1e9d0 mode 0
Event: 1.349 Thread 0x0000000002b21000 DEOPT PACKING pc=0x00000000031df3c1 sp=0x0000000002a1ed10
Event: 1.349 Thread 0x0000000002b21000 DEOPT UNPACKING pc=0x0000000002c675bf sp=0x0000000002a1eb20 mode 0


Dynamic libraries:
0x00007ff68bf40000 - 0x00007ff68bf74000 	C:\Program Files\Java\jdk1.8.0_31\bin\java.exe
0x00007ffa8d2a0000 - 0x00007ffa8d471000 	C:\WINDOWS\SYSTEM32\ntdll.dll
0x00007ffa8b1a0000 - 0x00007ffa8b24c000 	C:\WINDOWS\System32\KERNEL32.DLL
0x00007ffa8a1e0000 - 0x00007ffa8a3fd000 	C:\WINDOWS\System32\KERNELBASE.dll
0x00007ffa8b330000 - 0x00007ffa8b3d2000 	C:\WINDOWS\System32\ADVAPI32.dll
0x00007ffa8d0d0000 - 0x00007ffa8d16e000 	C:\WINDOWS\System32\msvcrt.dll
0x00007ffa8ab90000 - 0x00007ffa8abe9000 	C:\WINDOWS\System32\sechost.dll
0x00007ffa8d170000 - 0x00007ffa8d291000 	C:\WINDOWS\System32\RPCRT4.dll
0x00007ffa8b020000 - 0x00007ffa8b185000 	C:\WINDOWS\System32\USER32.dll
0x00007ffa8a470000 - 0x00007ffa8a48e000 	C:\WINDOWS\System32\win32u.dll
0x00007ffa8b250000 - 0x00007ffa8b284000 	C:\WINDOWS\System32\GDI32.dll
0x00007ffa8a490000 - 0x00007ffa8a612000 	C:\WINDOWS\System32\gdi32full.dll
0x00007ffa7c4b0000 - 0x00007ffa7c72a000 	C:\WINDOWS\WinSxS\amd64_microsoft.windows.common-controls_6595b64144ccf1df_6.0.14393.953_none_42151e83c686086b\COMCTL32.dll
0x00007ffa8a860000 - 0x00007ffa8ab28000 	C:\WINDOWS\System32\combase.dll
0x00007ffa8a620000 - 0x00007ffa8a715000 	C:\WINDOWS\System32\ucrtbase.dll
0x00007ffa8a400000 - 0x00007ffa8a46a000 	C:\WINDOWS\System32\bcryptPrimitives.dll
0x00007ffa8a830000 - 0x00007ffa8a85e000 	C:\WINDOWS\System32\IMM32.DLL
0x0000000065330000 - 0x0000000065402000 	C:\Program Files\Java\jdk1.8.0_31\jre\bin\msvcr100.dll
0x0000000064ad0000 - 0x000000006532a000 	C:\Program Files\Java\jdk1.8.0_31\jre\bin\server\jvm.dll
0x00007ffa8b190000 - 0x00007ffa8b198000 	C:\WINDOWS\System32\PSAPI.DLL
0x00007ffa7ff90000 - 0x00007ffa7ff99000 	C:\WINDOWS\SYSTEM32\WSOCK32.dll
0x00007ffa8b580000 - 0x00007ffa8b5ea000 	C:\WINDOWS\System32\WS2_32.dll
0x00007ffa87700000 - 0x00007ffa87723000 	C:\WINDOWS\SYSTEM32\WINMM.dll
0x00007ffa876a0000 - 0x00007ffa876cb000 	C:\WINDOWS\SYSTEM32\WINMMBASE.dll
0x00007ffa8a190000 - 0x00007ffa8a1d2000 	C:\WINDOWS\System32\cfgmgr32.dll
0x0000000064ac0000 - 0x0000000064acf000 	C:\Program Files\Java\jdk1.8.0_31\jre\bin\verify.dll
0x0000000064a90000 - 0x0000000064ab8000 	C:\Program Files\Java\jdk1.8.0_31\jre\bin\java.dll
0x0000000064a70000 - 0x0000000064a86000 	C:\Program Files\Java\jdk1.8.0_31\jre\bin\zip.dll
0x00007ffa8b690000 - 0x00007ffa8cb98000 	C:\WINDOWS\System32\SHELL32.dll
0x00007ffa89790000 - 0x00007ffa89e6a000 	C:\WINDOWS\System32\windows.storage.dll
0x00007ffa89700000 - 0x00007ffa8974c000 	C:\WINDOWS\System32\powrprof.dll
0x00007ffa8cd70000 - 0x00007ffa8cdc2000 	C:\WINDOWS\System32\shlwapi.dll
0x00007ffa89780000 - 0x00007ffa8978f000 	C:\WINDOWS\System32\kernel.appcore.dll
0x00007ffa8a0e0000 - 0x00007ffa8a189000 	C:\WINDOWS\System32\shcore.dll
0x00007ffa89760000 - 0x00007ffa89774000 	C:\WINDOWS\System32\profapi.dll
0x00007ffa6d060000 - 0x00007ffa6d1f2000 	C:\WINDOWS\SYSTEM32\dbghelp.dll

VM Arguments:
jvm_args: -Djava.awt.headless=true -Xmx1024M -Dfile.encoding=GBK -Duser.country=CN -Duser.language=zh -Duser.variant 
java_command: com.android.dx.command.Main --dex --num-threads=4 --output G:\BaiduNetdiskDownload\BaseProject\BaseProject\app\build\intermediates\pre-dexed\debug\com.android.support-support-compat-25.3.1_1b36ed4fee603471889ca0d5c62acdfe247bc5e3.jar G:\BaiduNetdiskDownload\BaseProject\BaseProject\app\build\intermediates\exploded-aar\com.android.support\support-compat\25.3.1\jars\classes.jar
java_class_path (initial): E:\AndroidStudio\Sdk\build-tools\25.0.0\lib\dx.jar
Launcher Type: SUN_STANDARD

Environment Variables:
JAVA_HOME=C:\Program Files\Java\jdk1.8.0_31
CLASSPATH=.;C:\Program Files\Java\jdk1.8.0_31\lib\dt.jar;C:\Program Files\Java\jdk1.8.0_31\lib\tools.jar;
PATH=C:\ProgramData\Oracle\Java\javapath;C:\WINDOWS\system32;C:\WINDOWS;C:\WINDOWS\System32\Wbem;C:\WINDOWS\System32\WindowsPowerShell\v1.0\;C:\Program Files\Java\jdk1.8.0_73\bin;C:\Program Files\TortoiseSVN\bin;E:\VisualSVN Server\bin;C:\Program Files\Java\jdk1.8.0_31\bin;G:\java\jdk\bin
USERNAME=SEELE
OS=Windows_NT
PROCESSOR_IDENTIFIER=Intel64 Family 6 Model 158 Stepping 9, GenuineIntel



---------------  S Y S T E M  ---------------

OS: Windows 8.1 , 64 bit Build 9600 

CPU:total 4 (4 cores per cpu, 1 threads per core) family 6 model 158 stepping 9, cmov, cx8, fxsr, mmx, sse, sse2, sse3, ssse3, sse4.1, sse4.2, popcnt, avx, avx2, aes, clmul, erms, rtm, lzcnt, tsc, tscinvbit, bmi1, bmi2

Memory: 4k page, physical 8305452k(985108k free), swap 14798260k(6600k free)

vm_info: Java HotSpot(TM) 64-Bit Server VM (25.31-b07) for windows-amd64 JRE (1.8.0_31-b13), built on Dec 17 2014 21:00:28 by "java_re" with MS VC++ 10.0 (VS2010)

time: Thu Jul 20 11:36:38 2017
elapsed time: 1 seconds (0d 0h 0m 1s)

