#
# There is insufficient memory for the Java Runtime Environment to continue.
# Native memory allocation (malloc) failed to allocate 139344 bytes for Chunk::new
# Possible reasons:
#   The system is out of physical RAM or swap space
#   In 32 bit mode, the process size limit was hit
# Possible solutions:
#   Reduce memory load on the system
#   Increase physical memory or swap space
#   Check if swap backing store is full
#   Use 64 bit Java on a 64 bit OS
#   Decrease Java heap size (-Xmx/-Xms)
#   Decrease number of Java threads
#   Decrease Java thread stack sizes (-Xss)
#   Set larger code cache with -XX:ReservedCodeCacheSize=
# This output file may be truncated or incomplete.
#
#  Out of Memory Error (allocation.cpp:390), pid=38388, tid=30932
#
# JRE version: Java(TM) SE Runtime Environment (8.0_31-b13) (build 1.8.0_31-b13)
# Java VM: Java HotSpot(TM) 64-Bit Server VM (25.31-b07 mixed mode windows-amd64 compressed oops)
# Failed to write core dump. Minidumps are not enabled by default on client versions of Windows
#

---------------  T H R E A D  ---------------

Current thread (0x0000000014ded000):  JavaThread "C2 CompilerThread1" daemon [_thread_in_native, id=30932, stack(0x00000000167e0000,0x00000000168e0000)]

Stack: [0x00000000167e0000,0x00000000168e0000]
Native frames: (J=compiled Java code, j=interpreted, Vv=VM code, C=native code)
V  [jvm.dll+0x3169ba]
V  [jvm.dll+0x2674c3]
V  [jvm.dll+0x268103]
V  [jvm.dll+0x25f8f5]
V  [jvm.dll+0xbf025]
V  [jvm.dll+0xbf4cc]
V  [jvm.dll+0x479917]
V  [jvm.dll+0x446b54]
V  [jvm.dll+0x451bce]
V  [jvm.dll+0x4541b8]
V  [jvm.dll+0x437c62]
V  [jvm.dll+0x988e2]
V  [jvm.dll+0x990d3]
V  [jvm.dll+0x22c194]
V  [jvm.dll+0x28576a]
C  [msvcr100.dll+0x21d9f]
C  [msvcr100.dll+0x21e3b]
C  [KERNEL32.DLL+0x8364]
C  [ntdll.dll+0x670d1]


Current CompileTask:
C2:   1271  698       4       com.android.dx.ssa.SsaBasicBlock::forEachInsn (37 bytes)


---------------  P R O C E S S  ---------------

Java Threads: ( => current thread )
  0x0000000016605800 JavaThread "pool-1-thread-4" [_thread_in_Java, id=13620, stack(0x0000000016fe0000,0x00000000170e0000)]
  0x0000000016602800 JavaThread "pool-1-thread-3" [_thread_in_Java, id=50548, stack(0x0000000016ee0000,0x0000000016fe0000)]
  0x00000000166d2000 JavaThread "pool-1-thread-2" [_thread_in_Java, id=42460, stack(0x0000000016de0000,0x0000000016ee0000)]
  0x0000000016679800 JavaThread "pool-2-thread-1" [_thread_blocked, id=29248, stack(0x0000000016ce0000,0x0000000016de0000)]
  0x0000000016576000 JavaThread "pool-1-thread-1" [_thread_blocked, id=23664, stack(0x0000000016be0000,0x0000000016ce0000)]
  0x0000000016435800 JavaThread "Service Thread" daemon [_thread_blocked, id=31604, stack(0x00000000169e0000,0x0000000016ae0000)]
  0x0000000016434000 JavaThread "C1 CompilerThread2" daemon [_thread_in_native, id=27904, stack(0x00000000168e0000,0x00000000169e0000)]
=>0x0000000014ded000 JavaThread "C2 CompilerThread1" daemon [_thread_in_native, id=30932, stack(0x00000000167e0000,0x00000000168e0000)]
  0x0000000014de9000 JavaThread "C2 CompilerThread0" daemon [_thread_in_native, id=21292, stack(0x00000000162e0000,0x00000000163e0000)]
  0x0000000014de8800 JavaThread "Attach Listener" daemon [_thread_blocked, id=7184, stack(0x00000000161e0000,0x00000000162e0000)]
  0x0000000014d9c800 JavaThread "Signal Dispatcher" daemon [_thread_blocked, id=9448, stack(0x00000000160e0000,0x00000000161e0000)]
  0x00000000026af000 JavaThread "Finalizer" daemon [_thread_blocked, id=28384, stack(0x0000000015fe0000,0x00000000160e0000)]
  0x0000000014d58800 JavaThread "Reference Handler" daemon [_thread_blocked, id=39648, stack(0x0000000015ee0000,0x0000000015fe0000)]
  0x00000000025c1000 JavaThread "main" [_thread_blocked, id=7744, stack(0x0000000002320000,0x0000000002420000)]

Other Threads:
  0x0000000014d56800 VMThread [stack: 0x0000000015de0000,0x0000000015ee0000] [id=39644]
  0x0000000016438000 WatcherThread [stack: 0x0000000016ae0000,0x0000000016be0000] [id=34572]

VM state:not at safepoint (normal execution)

VM Mutex/Monitor currently owned by a thread: None

Heap:
 PSYoungGen      total 38400K, used 22908K [0x00000000eab00000, 0x00000000ed580000, 0x0000000100000000)
  eden space 33280K, 68% used [0x00000000eab00000,0x00000000ec15f258,0x00000000ecb80000)
  from space 5120K, 0% used [0x00000000ed080000,0x00000000ed080000,0x00000000ed580000)
  to   space 5120K, 0% used [0x00000000ecb80000,0x00000000ecb80000,0x00000000ed080000)
 ParOldGen       total 87552K, used 0K [0x00000000c0000000, 0x00000000c5580000, 0x00000000eab00000)
  object space 87552K, 0% used [0x00000000c0000000,0x00000000c0000000,0x00000000c5580000)
 Metaspace       used 5776K, capacity 6704K, committed 6784K, reserved 1056768K
  class space    used 591K, capacity 616K, committed 640K, reserved 1048576K

Card table byte_map: [0x0000000011a80000,0x0000000011c90000] byte_map_base: 0x0000000011480000

Marking Bits: (ParMarkBitMap*) 0x00000000652ad4f0
 Begin Bits: [0x00000000121f0000, 0x00000000131f0000)
 End Bits:   [0x00000000131f0000, 0x00000000141f0000)

Polling page: 0x0000000000790000

CodeCache: size=245760Kb used=3024Kb max_used=3024Kb free=242735Kb
 bounds [0x00000000026c0000, 0x00000000029c0000, 0x00000000116c0000]
 total_blobs=1038 nmethods=771 adapters=181
 compilation: enabled

Compilation events (10 events):
Event: 1.251 Thread 0x0000000016434000  733       3       com.android.dx.rop.code.ThrowingCstInsn::accept (8 bytes)
Event: 1.251 Thread 0x0000000016434000 nmethod 733 0x00000000029709d0 code [0x0000000002970b40, 0x0000000002970d68]
Event: 1.251 Thread 0x0000000016434000  732       3       com.android.dx.cf.code.BaseMachine::getLocalTarget (151 bytes)
Event: 1.252 Thread 0x0000000016434000 nmethod 732 0x0000000002977b50 code [0x0000000002977de0, 0x0000000002978f68]
Event: 1.252 Thread 0x0000000016434000  751       3       com.android.dx.cf.code.RopperMachine::getSources (264 bytes)
Event: 1.253 Thread 0x0000000016434000 nmethod 751 0x0000000002979790 code [0x0000000002979d40, 0x000000000297e4d8]
Event: 1.253 Thread 0x0000000016434000  756       1       com.android.dx.rop.cst.CstInteger::getType (4 bytes)
Event: 1.253 Thread 0x0000000016434000 nmethod 756 0x0000000002970710 code [0x0000000002970860, 0x0000000002970970]
Event: 1.253 Thread 0x0000000016434000  750   !   3       com.android.dx.cf.code.RopperMachine::run (1550 bytes)
Event: 1.264 Thread 0x0000000014de9000  714       4       java.util.BitSet::recalculateWordsInUse (39 bytes)

GC Heap History (0 events):
No events

Deoptimization events (0 events):
No events

Internal exceptions (10 events):
Event: 1.194 Thread 0x00000000166d2000 Exception <a 'java/security/PrivilegedActionException'> (0x00000000eb8dd4b0) thrown at [C:\workspace\8-2-build-windows-amd64-cygwin\jdk8u31\2394\hotspot\src\share\vm\prims\jvm.cpp, line 1312]
Event: 1.197 Thread 0x0000000016605800 Exception <a 'java/security/PrivilegedActionException'> (0x00000000eba06008) thrown at [C:\workspace\8-2-build-windows-amd64-cygwin\jdk8u31\2394\hotspot\src\share\vm\prims\jvm.cpp, line 1312]
Event: 1.199 Thread 0x0000000016605800 Exception <a 'java/security/PrivilegedActionException'> (0x00000000eba0c8d8) thrown at [C:\workspace\8-2-build-windows-amd64-cygwin\jdk8u31\2394\hotspot\src\share\vm\prims\jvm.cpp, line 1312]
Event: 1.200 Thread 0x00000000166d2000 Exception <a 'java/security/PrivilegedActionException'> (0x00000000eb90d8f8) thrown at [C:\workspace\8-2-build-windows-amd64-cygwin\jdk8u31\2394\hotspot\src\share\vm\prims\jvm.cpp, line 1312]
Event: 1.201 Thread 0x0000000016605800 Exception <a 'java/security/PrivilegedActionException'> (0x00000000eba1a990) thrown at [C:\workspace\8-2-build-windows-amd64-cygwin\jdk8u31\2394\hotspot\src\share\vm\prims\jvm.cpp, line 1312]
Event: 1.210 Thread 0x00000000025c1000 Exception <a 'java/security/PrivilegedActionException'> (0x00000000ebb40bf0) thrown at [C:\workspace\8-2-build-windows-amd64-cygwin\jdk8u31\2394\hotspot\src\share\vm\prims\jvm.cpp, line 1312]
Event: 1.220 Thread 0x00000000025c1000 Exception <a 'java/security/PrivilegedActionException'> (0x00000000ebb696f8) thrown at [C:\workspace\8-2-build-windows-amd64-cygwin\jdk8u31\2394\hotspot\src\share\vm\prims\jvm.cpp, line 1312]
Event: 1.230 Thread 0x00000000166d2000 Exception <a 'java/security/PrivilegedActionException'> (0x00000000ebc22b20) thrown at [C:\workspace\8-2-build-windows-amd64-cygwin\jdk8u31\2394\hotspot\src\share\vm\prims\jvm.cpp, line 1312]
Event: 1.231 Thread 0x00000000166d2000 Exception <a 'java/security/PrivilegedActionException'> (0x00000000ebc28358) thrown at [C:\workspace\8-2-build-windows-amd64-cygwin\jdk8u31\2394\hotspot\src\share\vm\prims\jvm.cpp, line 1312]
Event: 1.231 Thread 0x00000000166d2000 Exception <a 'java/security/PrivilegedActionException'> (0x00000000ebe20f70) thrown at [C:\workspace\8-2-build-windows-amd64-cygwin\jdk8u31\2394\hotspot\src\share\vm\prims\jvm.cpp, line 1312]

Events (10 events):
Event: 1.227 loading class java/util/ArrayList$1
Event: 1.227 loading class java/util/ArrayList$1 done
Event: 1.230 loading class com/android/dx/dex/file/ParameterAnnotationStruct
Event: 1.230 loading class com/android/dx/dex/file/ParameterAnnotationStruct done
Event: 1.231 loading class com/android/dx/dex/file/UniformListItem
Event: 1.231 loading class com/android/dx/dex/file/UniformListItem done
Event: 1.231 loading class com/android/dx/dex/file/AnnotationSetRefItem
Event: 1.231 loading class com/android/dx/dex/file/AnnotationSetRefItem done
Event: 1.249 Executing VM operation: ForceSafepoint
Event: 1.250 Executing VM operation: ForceSafepoint done


Dynamic libraries:
0x00007ff68bf40000 - 0x00007ff68bf74000 	C:\Program Files\Java\jdk1.8.0_31\bin\java.exe
0x00007ffa8d2a0000 - 0x00007ffa8d471000 	C:\WINDOWS\SYSTEM32\ntdll.dll
0x00007ffa8b1a0000 - 0x00007ffa8b24c000 	C:\WINDOWS\System32\KERNEL32.DLL
0x00007ffa8a1e0000 - 0x00007ffa8a3fd000 	C:\WINDOWS\System32\KERNELBASE.dll
0x00007ffa8b330000 - 0x00007ffa8b3d2000 	C:\WINDOWS\System32\ADVAPI32.dll
0x00007ffa8d0d0000 - 0x00007ffa8d16e000 	C:\WINDOWS\System32\msvcrt.dll
0x00007ffa8ab90000 - 0x00007ffa8abe9000 	C:\WINDOWS\System32\sechost.dll
0x00007ffa8d170000 - 0x00007ffa8d291000 	C:\WINDOWS\System32\RPCRT4.dll
0x00007ffa8b020000 - 0x00007ffa8b185000 	C:\WINDOWS\System32\USER32.dll
0x00007ffa8a470000 - 0x00007ffa8a48e000 	C:\WINDOWS\System32\win32u.dll
0x00007ffa8b250000 - 0x00007ffa8b284000 	C:\WINDOWS\System32\GDI32.dll
0x00007ffa8a490000 - 0x00007ffa8a612000 	C:\WINDOWS\System32\gdi32full.dll
0x00007ffa7c4b0000 - 0x00007ffa7c72a000 	C:\WINDOWS\WinSxS\amd64_microsoft.windows.common-controls_6595b64144ccf1df_6.0.14393.953_none_42151e83c686086b\COMCTL32.dll
0x00007ffa8a860000 - 0x00007ffa8ab28000 	C:\WINDOWS\System32\combase.dll
0x00007ffa8a620000 - 0x00007ffa8a715000 	C:\WINDOWS\System32\ucrtbase.dll
0x00007ffa8a400000 - 0x00007ffa8a46a000 	C:\WINDOWS\System32\bcryptPrimitives.dll
0x00007ffa8a830000 - 0x00007ffa8a85e000 	C:\WINDOWS\System32\IMM32.DLL
0x0000000065330000 - 0x0000000065402000 	C:\Program Files\Java\jdk1.8.0_31\jre\bin\msvcr100.dll
0x0000000064ad0000 - 0x000000006532a000 	C:\Program Files\Java\jdk1.8.0_31\jre\bin\server\jvm.dll
0x00007ffa8b190000 - 0x00007ffa8b198000 	C:\WINDOWS\System32\PSAPI.DLL
0x00007ffa7ff90000 - 0x00007ffa7ff99000 	C:\WINDOWS\SYSTEM32\WSOCK32.dll
0x00007ffa8b580000 - 0x00007ffa8b5ea000 	C:\WINDOWS\System32\WS2_32.dll
0x00007ffa87700000 - 0x00007ffa87723000 	C:\WINDOWS\SYSTEM32\WINMM.dll
0x00007ffa876a0000 - 0x00007ffa876cb000 	C:\WINDOWS\SYSTEM32\WINMMBASE.dll
0x00007ffa8a190000 - 0x00007ffa8a1d2000 	C:\WINDOWS\System32\cfgmgr32.dll
0x0000000064ac0000 - 0x0000000064acf000 	C:\Program Files\Java\jdk1.8.0_31\jre\bin\verify.dll
0x0000000064a90000 - 0x0000000064ab8000 	C:\Program Files\Java\jdk1.8.0_31\jre\bin\java.dll
0x0000000064a70000 - 0x0000000064a86000 	C:\Program Files\Java\jdk1.8.0_31\jre\bin\zip.dll
0x00007ffa8b690000 - 0x00007ffa8cb98000 	C:\WINDOWS\System32\SHELL32.dll
0x00007ffa89790000 - 0x00007ffa89e6a000 	C:\WINDOWS\System32\windows.storage.dll
0x00007ffa89700000 - 0x00007ffa8974c000 	C:\WINDOWS\System32\powrprof.dll
0x00007ffa8cd70000 - 0x00007ffa8cdc2000 	C:\WINDOWS\System32\shlwapi.dll
0x00007ffa89780000 - 0x00007ffa8978f000 	C:\WINDOWS\System32\kernel.appcore.dll
0x00007ffa8a0e0000 - 0x00007ffa8a189000 	C:\WINDOWS\System32\shcore.dll
0x00007ffa89760000 - 0x00007ffa89774000 	C:\WINDOWS\System32\profapi.dll
0x00007ffa6d060000 - 0x00007ffa6d1f2000 	C:\WINDOWS\SYSTEM32\dbghelp.dll

VM Arguments:
jvm_args: -Djava.awt.headless=true -Xmx1024M -Dfile.encoding=GBK -Duser.country=CN -Duser.language=zh -Duser.variant 
java_command: com.android.dx.command.Main --dex --num-threads=4 --output G:\BaiduNetdiskDownload\BaseProject\BaseProject\app\build\intermediates\pre-dexed\debug\com.android.support-design-25.3.1_454270c4b7595007f33174b1d1b3d672eb8b6b20.jar G:\BaiduNetdiskDownload\BaseProject\BaseProject\app\build\intermediates\exploded-aar\com.android.support\design\25.3.1\jars\classes.jar
java_class_path (initial): E:\AndroidStudio\Sdk\build-tools\25.0.0\lib\dx.jar
Launcher Type: SUN_STANDARD

Environment Variables:
JAVA_HOME=C:\Program Files\Java\jdk1.8.0_31
CLASSPATH=.;C:\Program Files\Java\jdk1.8.0_31\lib\dt.jar;C:\Program Files\Java\jdk1.8.0_31\lib\tools.jar;
PATH=C:\ProgramData\Oracle\Java\javapath;C:\WINDOWS\system32;C:\WINDOWS;C:\WINDOWS\System32\Wbem;C:\WINDOWS\System32\WindowsPowerShell\v1.0\;C:\Program Files\Java\jdk1.8.0_73\bin;C:\Program Files\TortoiseSVN\bin;E:\VisualSVN Server\bin;C:\Program Files\Java\jdk1.8.0_31\bin;G:\java\jdk\bin
USERNAME=SEELE
OS=Windows_NT
PROCESSOR_IDENTIFIER=Intel64 Family 6 Model 158 Stepping 9, GenuineIntel



---------------  S Y S T E M  ---------------

OS: Windows 8.1 , 64 bit Build 9600 

CPU:total 4 (4 cores per cpu, 1 threads per core) family 6 model 158 stepping 9, cmov, cx8, fxsr, mmx, sse, sse2, sse3, ssse3, sse4.1, sse4.2, popcnt, avx, avx2, aes, clmul, erms, rtm, lzcnt, tsc, tscinvbit, bmi1, bmi2

Memory: 4k page, physical 8305452k(1078116k free), swap 14798260k(1256k free)

vm_info: Java HotSpot(TM) 64-Bit Server VM (25.31-b07) for windows-amd64 JRE (1.8.0_31-b13), built on Dec 17 2014 21:00:28 by "java_re" with MS VC++ 10.0 (VS2010)

time: Thu Jul 20 11:36:41 2017
elapsed time: 1 seconds (0d 0h 0m 1s)

