#
# There is insufficient memory for the Java Runtime Environment to continue.
# Native memory allocation (malloc) failed to allocate 2231856 bytes for Chunk::new
# Possible reasons:
#   The system is out of physical RAM or swap space
#   In 32 bit mode, the process size limit was hit
# Possible solutions:
#   Reduce memory load on the system
#   Increase physical memory or swap space
#   Check if swap backing store is full
#   Use 64 bit Java on a 64 bit OS
#   Decrease Java heap size (-Xmx/-Xms)
#   Decrease number of Java threads
#   Decrease Java thread stack sizes (-Xss)
#   Set larger code cache with -XX:ReservedCodeCacheSize=
# This output file may be truncated or incomplete.
#
#  Out of Memory Error (allocation.cpp:390), pid=13012, tid=6556
#
# JRE version: Java(TM) SE Runtime Environment (8.0_31-b13) (build 1.8.0_31-b13)
# Java VM: Java HotSpot(TM) 64-Bit Server VM (25.31-b07 mixed mode windows-amd64 compressed oops)
# Failed to write core dump. Minidumps are not enabled by default on client versions of Windows
#

---------------  T H R E A D  ---------------

Current thread (0x0000000016382000):  JavaThread "C2 CompilerThread1" daemon [_thread_in_native, id=6556, stack(0x0000000016730000,0x0000000016830000)]

Stack: [0x0000000016730000,0x0000000016830000]
Native frames: (J=compiled Java code, j=interpreted, Vv=VM code, C=native code)
V  [jvm.dll+0x3169ba]
V  [jvm.dll+0x2674c3]
V  [jvm.dll+0x268103]
V  [jvm.dll+0x25f8f5]
V  [jvm.dll+0xbf025]
V  [jvm.dll+0xbf4cc]
V  [jvm.dll+0x45df82]
V  [jvm.dll+0x49f21f]
V  [jvm.dll+0x453401]
V  [jvm.dll+0x454124]
V  [jvm.dll+0x437c62]
V  [jvm.dll+0x988e2]
V  [jvm.dll+0x990d3]
V  [jvm.dll+0x22c194]
V  [jvm.dll+0x28576a]
C  [msvcr100.dll+0x21d9f]
C  [msvcr100.dll+0x21e3b]
C  [KERNEL32.DLL+0x8364]
C  [ntdll.dll+0x670d1]


Current CompileTask:
C2:   1831 1592   !   4       com.android.dx.cf.code.BytecodeArray::parseInstruction (2764 bytes)


---------------  P R O C E S S  ---------------

Java Threads: ( => current thread )
  0x0000000016711000 JavaThread "pool-1-thread-4" [_thread_blocked, id=49384, stack(0x0000000017730000,0x0000000017830000)]
  0x0000000016710800 JavaThread "pool-1-thread-3" [_thread_in_Java, id=16948, stack(0x0000000017630000,0x0000000017730000)]
  0x000000001670f800 JavaThread "pool-1-thread-2" [_thread_in_vm, id=14448, stack(0x0000000017530000,0x0000000017630000)]
  0x00000000166a2000 JavaThread "pool-2-thread-1" [_thread_blocked, id=3644, stack(0x0000000017430000,0x0000000017530000)]
  0x00000000166a1000 JavaThread "pool-1-thread-1" [_thread_in_Java, id=11124, stack(0x0000000017330000,0x0000000017430000)]
  0x0000000016388000 JavaThread "Service Thread" daemon [_thread_blocked, id=33116, stack(0x0000000016930000,0x0000000016a30000)]
  0x0000000016383000 JavaThread "C1 CompilerThread2" daemon [_thread_blocked, id=22296, stack(0x0000000016830000,0x0000000016930000)]
=>0x0000000016382000 JavaThread "C2 CompilerThread1" daemon [_thread_in_native, id=6556, stack(0x0000000016730000,0x0000000016830000)]
  0x0000000014d19000 JavaThread "C2 CompilerThread0" daemon [_thread_in_native, id=37528, stack(0x0000000016230000,0x0000000016330000)]
  0x0000000014d18800 JavaThread "Attach Listener" daemon [_thread_blocked, id=15708, stack(0x0000000016130000,0x0000000016230000)]
  0x0000000014ccc000 JavaThread "Signal Dispatcher" daemon [_thread_blocked, id=40200, stack(0x0000000016030000,0x0000000016130000)]
  0x00000000025de800 JavaThread "Finalizer" daemon [_thread_blocked, id=35540, stack(0x0000000015f30000,0x0000000016030000)]
  0x0000000014c88800 JavaThread "Reference Handler" daemon [_thread_blocked, id=35040, stack(0x0000000015e30000,0x0000000015f30000)]
  0x00000000024f1000 JavaThread "main" [_thread_blocked, id=31468, stack(0x0000000001f50000,0x0000000002050000)]

Other Threads:
  0x0000000014c86800 VMThread [stack: 0x0000000015d30000,0x0000000015e30000] [id=20560]
  0x000000001638a800 WatcherThread [stack: 0x0000000016a30000,0x0000000016b30000] [id=16580]

VM state:not at safepoint (normal execution)

VM Mutex/Monitor currently owned by a thread: None

Heap:
 PSYoungGen      total 71680K, used 47998K [0x00000000eab00000, 0x00000000f3700000, 0x0000000100000000)
  eden space 66560K, 64% used [0x00000000eab00000,0x00000000ed4dfbf0,0x00000000eec00000)
  from space 5120K, 99% used [0x00000000ef100000,0x00000000ef5ffdb0,0x00000000ef600000)
  to   space 5120K, 0% used [0x00000000eec00000,0x00000000eec00000,0x00000000ef100000)
 ParOldGen       total 87552K, used 23538K [0x00000000c0000000, 0x00000000c5580000, 0x00000000eab00000)
  object space 87552K, 26% used [0x00000000c0000000,0x00000000c16fcb38,0x00000000c5580000)
 Metaspace       used 6424K, capacity 7216K, committed 7296K, reserved 1056768K
  class space    used 598K, capacity 616K, committed 640K, reserved 1048576K

Card table byte_map: [0x00000000119b0000,0x0000000011bc0000] byte_map_base: 0x00000000113b0000

Marking Bits: (ParMarkBitMap*) 0x00000000652ad4f0
 Begin Bits: [0x0000000012120000, 0x0000000013120000)
 End Bits:   [0x0000000013120000, 0x0000000014120000)

Polling page: 0x0000000000790000

CodeCache: size=245760Kb used=7440Kb max_used=7440Kb free=238319Kb
 bounds [0x00000000025f0000, 0x0000000002d40000, 0x00000000115f0000]
 total_blobs=2188 nmethods=1920 adapters=181
 compilation: enabled

Compilation events (10 events):
Event: 1.788 Thread 0x0000000016383000 1966       2       com.android.dx.ssa.PhiInsn::canThrow (2 bytes)
Event: 1.788 Thread 0x0000000016383000 nmethod 1966 0x0000000002d1d450 code [0x0000000002d1d5a0, 0x0000000002d1d6f0]
Event: 1.792 Thread 0x0000000014d19000 nmethod 1955 0x0000000002d35550 code [0x0000000002d35700, 0x0000000002d36598]
Event: 1.792 Thread 0x0000000014d19000 1856       4       com.android.dx.cf.iface.StdAttributeList::findFirst (44 bytes)
Event: 1.793 Thread 0x0000000014d19000 nmethod 1856 0x0000000002d32010 code [0x0000000002d32160, 0x0000000002d32418]
Event: 1.793 Thread 0x0000000014d19000 1879       4       com.android.dx.ssa.DeadCodeRemover::pruneDeadInstructions (246 bytes)
Event: 1.802 Thread 0x0000000014d19000 nmethod 1879 0x0000000002d32690 code [0x0000000002d328a0, 0x0000000002d33100]
Event: 1.802 Thread 0x0000000014d19000 1872       4       com.android.dx.ssa.SsaMethod::forEachBlockDepthFirst (194 bytes)
Event: 1.817 Thread 0x0000000016383000 1969   !   2       com.android.dx.cf.direct.DirectClassFile$DcfTypeList::<init> (137 bytes)
Event: 1.818 Thread 0x0000000016383000 nmethod 1969 0x0000000002d39010 code [0x0000000002d392c0, 0x0000000002d3a038]

GC Heap History (8 events):
Event: 0.783 GC heap before
{Heap before GC invocations=1 (full 0):
 PSYoungGen      total 38400K, used 33280K [0x00000000eab00000, 0x00000000ed580000, 0x0000000100000000)
  eden space 33280K, 100% used [0x00000000eab00000,0x00000000ecb80000,0x00000000ecb80000)
  from space 5120K, 0% used [0x00000000ed080000,0x00000000ed080000,0x00000000ed580000)
  to   space 5120K, 0% used [0x00000000ecb80000,0x00000000ecb80000,0x00000000ed080000)
 ParOldGen       total 87552K, used 0K [0x00000000c0000000, 0x00000000c5580000, 0x00000000eab00000)
  object space 87552K, 0% used [0x00000000c0000000,0x00000000c0000000,0x00000000c5580000)
 Metaspace       used 5964K, capacity 6896K, committed 7040K, reserved 1056768K
  class space    used 593K, capacity 616K, committed 640K, reserved 1048576K
Event: 0.805 GC heap after
Heap after GC invocations=1 (full 0):
 PSYoungGen      total 38400K, used 5098K [0x00000000eab00000, 0x00000000ef600000, 0x0000000100000000)
  eden space 33280K, 0% used [0x00000000eab00000,0x00000000eab00000,0x00000000ecb80000)
  from space 5120K, 99% used [0x00000000ecb80000,0x00000000ed07a950,0x00000000ed080000)
  to   space 5120K, 0% used [0x00000000ef100000,0x00000000ef100000,0x00000000ef600000)
 ParOldGen       total 87552K, used 35K [0x00000000c0000000, 0x00000000c5580000, 0x00000000eab00000)
  object space 87552K, 0% used [0x00000000c0000000,0x00000000c0008fc8,0x00000000c5580000)
 Metaspace       used 5964K, capacity 6896K, committed 7040K, reserved 1056768K
  class space    used 593K, capacity 616K, committed 640K, reserved 1048576K
}
Event: 1.194 GC heap before
{Heap before GC invocations=2 (full 0):
 PSYoungGen      total 38400K, used 38378K [0x00000000eab00000, 0x00000000ef600000, 0x0000000100000000)
  eden space 33280K, 100% used [0x00000000eab00000,0x00000000ecb80000,0x00000000ecb80000)
  from space 5120K, 99% used [0x00000000ecb80000,0x00000000ed07a950,0x00000000ed080000)
  to   space 5120K, 0% used [0x00000000ef100000,0x00000000ef100000,0x00000000ef600000)
 ParOldGen       total 87552K, used 35K [0x00000000c0000000, 0x00000000c5580000, 0x00000000eab00000)
  object space 87552K, 0% used [0x00000000c0000000,0x00000000c0008fc8,0x00000000c5580000)
 Metaspace       used 6234K, capacity 7088K, committed 7296K, reserved 1056768K
  class space    used 598K, capacity 616K, committed 640K, reserved 1048576K
Event: 1.214 GC heap after
Heap after GC invocations=2 (full 0):
 PSYoungGen      total 71680K, used 5090K [0x00000000eab00000, 0x00000000ef600000, 0x0000000100000000)
  eden space 66560K, 0% used [0x00000000eab00000,0x00000000eab00000,0x00000000eec00000)
  from space 5120K, 99% used [0x00000000ef100000,0x00000000ef5f8ae8,0x00000000ef600000)
  to   space 5120K, 0% used [0x00000000eec00000,0x00000000eec00000,0x00000000ef100000)
 ParOldGen       total 87552K, used 3445K [0x00000000c0000000, 0x00000000c5580000, 0x00000000eab00000)
  object space 87552K, 3% used [0x00000000c0000000,0x00000000c035d438,0x00000000c5580000)
 Metaspace       used 6234K, capacity 7088K, committed 7296K, reserved 1056768K
  class space    used 598K, capacity 616K, committed 640K, reserved 1048576K
}
Event: 1.529 GC heap before
{Heap before GC invocations=3 (full 0):
 PSYoungGen      total 71680K, used 71650K [0x00000000eab00000, 0x00000000ef600000, 0x0000000100000000)
  eden space 66560K, 100% used [0x00000000eab00000,0x00000000eec00000,0x00000000eec00000)
  from space 5120K, 99% used [0x00000000ef100000,0x00000000ef5f8ae8,0x00000000ef600000)
  to   space 5120K, 0% used [0x00000000eec00000,0x00000000eec00000,0x00000000ef100000)
 ParOldGen       total 87552K, used 3445K [0x00000000c0000000, 0x00000000c5580000, 0x00000000eab00000)
  object space 87552K, 3% used [0x00000000c0000000,0x00000000c035d438,0x00000000c5580000)
 Metaspace       used 6372K, capacity 7152K, committed 7296K, reserved 1056768K
  class space    used 598K, capacity 616K, committed 640K, reserved 1048576K
Event: 1.543 GC heap after
Heap after GC invocations=3 (full 0):
 PSYoungGen      total 71680K, used 5088K [0x00000000eab00000, 0x00000000ef600000, 0x0000000100000000)
  eden space 66560K, 0% used [0x00000000eab00000,0x00000000eab00000,0x00000000eec00000)
  from space 5120K, 99% used [0x00000000eec00000,0x00000000ef0f8028,0x00000000ef100000)
  to   space 5120K, 0% used [0x00000000ef100000,0x00000000ef100000,0x00000000ef600000)
 ParOldGen       total 87552K, used 13391K [0x00000000c0000000, 0x00000000c5580000, 0x00000000eab00000)
  object space 87552K, 15% used [0x00000000c0000000,0x00000000c0d13fc0,0x00000000c5580000)
 Metaspace       used 6372K, capacity 7152K, committed 7296K, reserved 1056768K
  class space    used 598K, capacity 616K, committed 640K, reserved 1048576K
}
Event: 1.706 GC heap before
{Heap before GC invocations=4 (full 0):
 PSYoungGen      total 71680K, used 71648K [0x00000000eab00000, 0x00000000ef600000, 0x0000000100000000)
  eden space 66560K, 100% used [0x00000000eab00000,0x00000000eec00000,0x00000000eec00000)
  from space 5120K, 99% used [0x00000000eec00000,0x00000000ef0f8028,0x00000000ef100000)
  to   space 5120K, 0% used [0x00000000ef100000,0x00000000ef100000,0x00000000ef600000)
 ParOldGen       total 87552K, used 13391K [0x00000000c0000000, 0x00000000c5580000, 0x00000000eab00000)
  object space 87552K, 15% used [0x00000000c0000000,0x00000000c0d13fc0,0x00000000c5580000)
 Metaspace       used 6415K, capacity 7216K, committed 7296K, reserved 1056768K
  class space    used 598K, capacity 616K, committed 640K, reserved 1048576K
Event: 1.727 GC heap after
Heap after GC invocations=4 (full 0):
 PSYoungGen      total 71680K, used 5119K [0x00000000eab00000, 0x00000000f3700000, 0x0000000100000000)
  eden space 66560K, 0% used [0x00000000eab00000,0x00000000eab00000,0x00000000eec00000)
  from space 5120K, 99% used [0x00000000ef100000,0x00000000ef5ffdb0,0x00000000ef600000)
  to   space 5120K, 0% used [0x00000000eec00000,0x00000000eec00000,0x00000000ef100000)
 ParOldGen       total 87552K, used 23538K [0x00000000c0000000, 0x00000000c5580000, 0x00000000eab00000)
  object space 87552K, 26% used [0x00000000c0000000,0x00000000c16fcb38,0x00000000c5580000)
 Metaspace       used 6415K, capacity 7216K, committed 7296K, reserved 1056768K
  class space    used 598K, capacity 616K, committed 640K, reserved 1048576K
}

Deoptimization events (10 events):
Event: 0.965 Thread 0x0000000016711000 Uncommon trap: reason=unreached action=reinterpret pc=0x0000000002a3075c method=com.android.dx.rop.cst.Constant.compareTo(Lcom/android/dx/rop/cst/Constant;)I @ 12
Event: 0.966 Thread 0x0000000016711000 Uncommon trap: reason=unreached action=reinterpret pc=0x0000000002b034dc method=com.android.dx.util.LabeledList.set(ILcom/android/dx/util/LabeledItem;)V @ 16
Event: 0.981 Thread 0x000000001670f800 Uncommon trap: reason=unreached action=reinterpret pc=0x0000000002a3bf1c method=com.android.dx.ssa.SsaMethod.updateOneDefinition(Lcom/android/dx/ssa/SsaInsn;Lcom/android/dx/rop/code/RegisterSpec;)V @ 4
Event: 1.067 Thread 0x00000000024f1000 Uncommon trap: reason=null_check action=make_not_entrant pc=0x0000000002a91070 method=com.android.dx.ssa.SsaRenamer.getLocalForNewReg(I)Lcom/android/dx/rop/code/LocalItem; @ 19
Event: 1.074 Thread 0x00000000166a1000 Uncommon trap: reason=class_check action=maybe_recompile pc=0x000000000288c370 method=com.android.dx.ssa.NormalSsaInsn.accept(Lcom/android/dx/ssa/SsaInsn$Visitor;)V @ 9
Event: 1.397 Thread 0x000000001670f800 Uncommon trap: reason=null_check action=make_not_entrant pc=0x0000000002b114e4 method=com.android.dx.rop.type.Type.equals(Ljava/lang/Object;)Z @ 8
Event: 1.624 Thread 0x00000000166a1000 Uncommon trap: reason=bimorphic action=maybe_recompile pc=0x0000000002b1031c method=java.util.HashMap.getNode(ILjava/lang/Object;)Ljava/util/HashMap$Node; @ 126
Event: 1.626 Thread 0x00000000024f1000 Uncommon trap: reason=bimorphic action=maybe_recompile pc=0x0000000002b1031c method=java.util.HashMap.getNode(ILjava/lang/Object;)Ljava/util/HashMap$Node; @ 126
Event: 1.629 Thread 0x00000000024f1000 Uncommon trap: reason=bimorphic action=maybe_recompile pc=0x0000000002b1031c method=java.util.HashMap.getNode(ILjava/lang/Object;)Ljava/util/HashMap$Node; @ 126
Event: 1.693 Thread 0x00000000024f1000 Uncommon trap: reason=unloaded action=reinterpret pc=0x0000000002c694d8 method=com.android.dx.cf.cst.ConstantPoolParser.parse0(ILjava/util/BitSet;)Lcom/android/dx/rop/cst/Constant; @ 220

Internal exceptions (10 events):
Event: 0.634 Thread 0x00000000166a1000 Exception <a 'java/security/PrivilegedActionException'> (0x00000000ec4e21a0) thrown at [C:\workspace\8-2-build-windows-amd64-cygwin\jdk8u31\2394\hotspot\src\share\vm\prims\jvm.cpp, line 1312]
Event: 0.635 Thread 0x00000000166a1000 Exception <a 'java/security/PrivilegedActionException'> (0x00000000ec4e79d8) thrown at [C:\workspace\8-2-build-windows-amd64-cygwin\jdk8u31\2394\hotspot\src\share\vm\prims\jvm.cpp, line 1312]
Event: 0.635 Thread 0x00000000166a1000 Exception <a 'java/security/PrivilegedActionException'> (0x00000000ec4eced0) thrown at [C:\workspace\8-2-build-windows-amd64-cygwin\jdk8u31\2394\hotspot\src\share\vm\prims\jvm.cpp, line 1312]
Event: 0.638 Thread 0x00000000166a1000 Exception <a 'java/security/PrivilegedActionException'> (0x00000000ec505e98) thrown at [C:\workspace\8-2-build-windows-amd64-cygwin\jdk8u31\2394\hotspot\src\share\vm\prims\jvm.cpp, line 1312]
Event: 0.657 Thread 0x00000000024f1000 Exception <a 'java/security/PrivilegedActionException'> (0x00000000ec5e7488) thrown at [C:\workspace\8-2-build-windows-amd64-cygwin\jdk8u31\2394\hotspot\src\share\vm\prims\jvm.cpp, line 1312]
Event: 0.960 Thread 0x0000000016711000 Exception <a 'java/security/PrivilegedActionException'> (0x00000000eb103768) thrown at [C:\workspace\8-2-build-windows-amd64-cygwin\jdk8u31\2394\hotspot\src\share\vm\prims\jvm.cpp, line 1312]
Event: 0.981 Thread 0x000000001670f800 Exception <a 'java/security/PrivilegedActionException'> (0x00000000eb2f1bc0) thrown at [C:\workspace\8-2-build-windows-amd64-cygwin\jdk8u31\2394\hotspot\src\share\vm\prims\jvm.cpp, line 1312]
Event: 0.984 Thread 0x00000000024f1000 Exception <a 'java/security/PrivilegedActionException'> (0x00000000eb33fd50) thrown at [C:\workspace\8-2-build-windows-amd64-cygwin\jdk8u31\2394\hotspot\src\share\vm\prims\jvm.cpp, line 1312]
Event: 1.067 Thread 0x00000000024f1000 Implicit null exception at 0x0000000002a8fa6d to 0x0000000002a91055
Event: 1.397 Thread 0x000000001670f800 Implicit null exception at 0x0000000002b113e2 to 0x0000000002b114d5

Events (10 events):
Event: 1.629 Thread 0x00000000024f1000 DEOPT UNPACKING pc=0x000000000263556a sp=0x000000000204e308 mode 2
Event: 1.685 Thread 0x00000000024f1000 DEOPT PACKING pc=0x0000000002c17b21 sp=0x000000000204ea00
Event: 1.685 Thread 0x00000000024f1000 DEOPT UNPACKING pc=0x00000000026375bf sp=0x000000000204e7c0 mode 0
Event: 1.685 Thread 0x00000000024f1000 DEOPT PACKING pc=0x0000000002c19d41 sp=0x000000000204eb00
Event: 1.685 Thread 0x00000000024f1000 DEOPT UNPACKING pc=0x00000000026375bf sp=0x000000000204e910 mode 0
Event: 1.693 Thread 0x00000000024f1000 Uncommon trap: trap_request=0x000000d4 fr.pc=0x0000000002c694d8
Event: 1.693 Thread 0x00000000024f1000 DEOPT PACKING pc=0x0000000002c694d8 sp=0x000000000204e9f0
Event: 1.693 Thread 0x00000000024f1000 DEOPT UNPACKING pc=0x000000000263556a sp=0x000000000204ea20 mode 2
Event: 1.706 Executing VM operation: ParallelGCFailedAllocation
Event: 1.727 Executing VM operation: ParallelGCFailedAllocation done


Dynamic libraries:
0x00007ff68bf40000 - 0x00007ff68bf74000 	C:\Program Files\Java\jdk1.8.0_31\bin\java.exe
0x00007ffa8d2a0000 - 0x00007ffa8d471000 	C:\WINDOWS\SYSTEM32\ntdll.dll
0x00007ffa8b1a0000 - 0x00007ffa8b24c000 	C:\WINDOWS\System32\KERNEL32.DLL
0x00007ffa8a1e0000 - 0x00007ffa8a3fd000 	C:\WINDOWS\System32\KERNELBASE.dll
0x00007ffa8b330000 - 0x00007ffa8b3d2000 	C:\WINDOWS\System32\ADVAPI32.dll
0x00007ffa8d0d0000 - 0x00007ffa8d16e000 	C:\WINDOWS\System32\msvcrt.dll
0x00007ffa8ab90000 - 0x00007ffa8abe9000 	C:\WINDOWS\System32\sechost.dll
0x00007ffa8d170000 - 0x00007ffa8d291000 	C:\WINDOWS\System32\RPCRT4.dll
0x00007ffa8b020000 - 0x00007ffa8b185000 	C:\WINDOWS\System32\USER32.dll
0x00007ffa8a470000 - 0x00007ffa8a48e000 	C:\WINDOWS\System32\win32u.dll
0x00007ffa8b250000 - 0x00007ffa8b284000 	C:\WINDOWS\System32\GDI32.dll
0x00007ffa8a490000 - 0x00007ffa8a612000 	C:\WINDOWS\System32\gdi32full.dll
0x00007ffa7c4b0000 - 0x00007ffa7c72a000 	C:\WINDOWS\WinSxS\amd64_microsoft.windows.common-controls_6595b64144ccf1df_6.0.14393.953_none_42151e83c686086b\COMCTL32.dll
0x00007ffa8a860000 - 0x00007ffa8ab28000 	C:\WINDOWS\System32\combase.dll
0x00007ffa8a620000 - 0x00007ffa8a715000 	C:\WINDOWS\System32\ucrtbase.dll
0x00007ffa8a400000 - 0x00007ffa8a46a000 	C:\WINDOWS\System32\bcryptPrimitives.dll
0x00007ffa8a830000 - 0x00007ffa8a85e000 	C:\WINDOWS\System32\IMM32.DLL
0x0000000065330000 - 0x0000000065402000 	C:\Program Files\Java\jdk1.8.0_31\jre\bin\msvcr100.dll
0x0000000064ad0000 - 0x000000006532a000 	C:\Program Files\Java\jdk1.8.0_31\jre\bin\server\jvm.dll
0x00007ffa8b190000 - 0x00007ffa8b198000 	C:\WINDOWS\System32\PSAPI.DLL
0x00007ffa7ff90000 - 0x00007ffa7ff99000 	C:\WINDOWS\SYSTEM32\WSOCK32.dll
0x00007ffa8b580000 - 0x00007ffa8b5ea000 	C:\WINDOWS\System32\WS2_32.dll
0x00007ffa87700000 - 0x00007ffa87723000 	C:\WINDOWS\SYSTEM32\WINMM.dll
0x00007ffa876a0000 - 0x00007ffa876cb000 	C:\WINDOWS\SYSTEM32\WINMMBASE.dll
0x00007ffa8a190000 - 0x00007ffa8a1d2000 	C:\WINDOWS\System32\cfgmgr32.dll
0x0000000064ac0000 - 0x0000000064acf000 	C:\Program Files\Java\jdk1.8.0_31\jre\bin\verify.dll
0x0000000064a90000 - 0x0000000064ab8000 	C:\Program Files\Java\jdk1.8.0_31\jre\bin\java.dll
0x0000000064a70000 - 0x0000000064a86000 	C:\Program Files\Java\jdk1.8.0_31\jre\bin\zip.dll
0x00007ffa8b690000 - 0x00007ffa8cb98000 	C:\WINDOWS\System32\SHELL32.dll
0x00007ffa89790000 - 0x00007ffa89e6a000 	C:\WINDOWS\System32\windows.storage.dll
0x00007ffa89700000 - 0x00007ffa8974c000 	C:\WINDOWS\System32\powrprof.dll
0x00007ffa8cd70000 - 0x00007ffa8cdc2000 	C:\WINDOWS\System32\shlwapi.dll
0x00007ffa89780000 - 0x00007ffa8978f000 	C:\WINDOWS\System32\kernel.appcore.dll
0x00007ffa8a0e0000 - 0x00007ffa8a189000 	C:\WINDOWS\System32\shcore.dll
0x00007ffa89760000 - 0x00007ffa89774000 	C:\WINDOWS\System32\profapi.dll
0x00007ffa6d060000 - 0x00007ffa6d1f2000 	C:\WINDOWS\SYSTEM32\dbghelp.dll

VM Arguments:
jvm_args: -Djava.awt.headless=true -Xmx1024M -Dfile.encoding=GBK -Duser.country=CN -Duser.language=zh -Duser.variant 
java_command: com.android.dx.command.Main --dex --num-threads=4 --output G:\BaiduNetdiskDownload\BaseProject\BaseProject\app\build\intermediates\pre-dexed\debug\com.android.support-support-compat-25.3.1_1b36ed4fee603471889ca0d5c62acdfe247bc5e3.jar G:\BaiduNetdiskDownload\BaseProject\BaseProject\app\build\intermediates\exploded-aar\com.android.support\support-compat\25.3.1\jars\classes.jar
java_class_path (initial): E:\AndroidStudio\Sdk\build-tools\25.0.0\lib\dx.jar
Launcher Type: SUN_STANDARD

Environment Variables:
JAVA_HOME=C:\Program Files\Java\jdk1.8.0_31
CLASSPATH=.;C:\Program Files\Java\jdk1.8.0_31\lib\dt.jar;C:\Program Files\Java\jdk1.8.0_31\lib\tools.jar;
PATH=C:\ProgramData\Oracle\Java\javapath;C:\WINDOWS\system32;C:\WINDOWS;C:\WINDOWS\System32\Wbem;C:\WINDOWS\System32\WindowsPowerShell\v1.0\;C:\Program Files\Java\jdk1.8.0_73\bin;C:\Program Files\TortoiseSVN\bin;E:\VisualSVN Server\bin;C:\Program Files\Java\jdk1.8.0_31\bin;G:\java\jdk\bin
USERNAME=SEELE
OS=Windows_NT
PROCESSOR_IDENTIFIER=Intel64 Family 6 Model 158 Stepping 9, GenuineIntel



---------------  S Y S T E M  ---------------

OS: Windows 8.1 , 64 bit Build 9600 

CPU:total 4 (4 cores per cpu, 1 threads per core) family 6 model 158 stepping 9, cmov, cx8, fxsr, mmx, sse, sse2, sse3, ssse3, sse4.1, sse4.2, popcnt, avx, avx2, aes, clmul, erms, rtm, lzcnt, tsc, tscinvbit, bmi1, bmi2

Memory: 4k page, physical 8305452k(1074260k free), swap 14798260k(6068k free)

vm_info: Java HotSpot(TM) 64-Bit Server VM (25.31-b07) for windows-amd64 JRE (1.8.0_31-b13), built on Dec 17 2014 21:00:28 by "java_re" with MS VC++ 10.0 (VS2010)

time: Thu Jul 20 11:39:39 2017
elapsed time: 1 seconds (0d 0h 0m 1s)

