#
# There is insufficient memory for the Java Runtime Environment to continue.
# Native memory allocation (malloc) failed to allocate 131088 bytes for Chunk::new
# Possible reasons:
#   The system is out of physical RAM or swap space
#   In 32 bit mode, the process size limit was hit
# Possible solutions:
#   Reduce memory load on the system
#   Increase physical memory or swap space
#   Check if swap backing store is full
#   Use 64 bit Java on a 64 bit OS
#   Decrease Java heap size (-Xmx/-Xms)
#   Decrease number of Java threads
#   Decrease Java thread stack sizes (-Xss)
#   Set larger code cache with -XX:ReservedCodeCacheSize=
# This output file may be truncated or incomplete.
#
#  Out of Memory Error (allocation.cpp:390), pid=48540, tid=36980
#
# JRE version: Java(TM) SE Runtime Environment (8.0_31-b13) (build 1.8.0_31-b13)
# Java VM: Java HotSpot(TM) 64-Bit Server VM (25.31-b07 mixed mode windows-amd64 compressed oops)
# Failed to write core dump. Minidumps are not enabled by default on client versions of Windows
#

---------------  T H R E A D  ---------------

Current thread (0x0000000016700000):  JavaThread "C2 CompilerThread1" daemon [_thread_in_native, id=36980, stack(0x0000000016ab0000,0x0000000016bb0000)]

Stack: [0x0000000016ab0000,0x0000000016bb0000]
Native frames: (J=compiled Java code, j=interpreted, Vv=VM code, C=native code)
V  [GDI32.dll+0x3169ba]


Current CompileTask:
C2:   1057 1211       4       com.android.dx.dex.code.OutputFinisher::addConstants (93 bytes)


---------------  P R O C E S S  ---------------

Java Threads: ( => current thread )
  0x0000000016707800 JavaThread "Service Thread" daemon [_thread_blocked, id=23928, stack(0x0000000016cb0000,0x0000000016db0000)]
  0x0000000016702800 JavaThread "C1 CompilerThread2" daemon [_thread_in_native, id=30392, stack(0x0000000016bb0000,0x0000000016cb0000)]
=>0x0000000016700000 JavaThread "C2 CompilerThread1" daemon [_thread_in_native, id=36980, stack(0x0000000016ab0000,0x0000000016bb0000)]
  0x00000000150b9000 JavaThread "C2 CompilerThread0" daemon [_thread_in_native, id=13996, stack(0x00000000165b0000,0x00000000166b0000)]
  0x00000000150b8800 JavaThread "Attach Listener" daemon [_thread_blocked, id=18804, stack(0x00000000164b0000,0x00000000165b0000)]
  0x000000001506c800 JavaThread "Signal Dispatcher" daemon [_thread_blocked, id=7172, stack(0x00000000163b0000,0x00000000164b0000)]
  0x000000000297f000 JavaThread "Finalizer" daemon [_thread_blocked, id=12820, stack(0x00000000162b0000,0x00000000163b0000)]
  0x000000000297c000 JavaThread "Reference Handler" daemon [_thread_blocked, id=17604, stack(0x00000000161b0000,0x00000000162b0000)]
  0x0000000002891000 JavaThread "main" [_thread_in_Java, id=42060, stack(0x0000000002370000,0x0000000002470000)]

Other Threads:
  0x0000000015026800 VMThread [stack: 0x00000000160b0000,0x00000000161b0000] [id=23380]
  0x000000001670a800 WatcherThread [stack: 0x0000000016db0000,0x0000000016eb0000] [id=37712]

VM state:not at safepoint (normal execution)

VM Mutex/Monitor currently owned by a thread: None

Heap:
 PSYoungGen      total 38400K, used 11264K [0x00000000eab00000, 0x00000000ed580000, 0x0000000100000000)
  eden space 33280K, 18% used [0x00000000eab00000,0x00000000eb1016e8,0x00000000ecb80000)
  from space 5120K, 99% used [0x00000000ecb80000,0x00000000ed07ec88,0x00000000ed080000)
  to   space 5120K, 0% used [0x00000000ed080000,0x00000000ed080000,0x00000000ed580000)
 ParOldGen       total 87552K, used 1332K [0x00000000c0000000, 0x00000000c5580000, 0x00000000eab00000)
  object space 87552K, 1% used [0x00000000c0000000,0x00000000c014d138,0x00000000c5580000)
 Metaspace       used 6093K, capacity 7024K, committed 7296K, reserved 1056768K
  class space    used 610K, capacity 616K, committed 640K, reserved 1048576K

Card table byte_map: [0x0000000011d50000,0x0000000011f60000] byte_map_base: 0x0000000011750000

Marking Bits: (ParMarkBitMap*) 0x00000000652ad4f0
 Begin Bits: [0x00000000124c0000, 0x00000000134c0000)
 End Bits:   [0x00000000134c0000, 0x00000000144c0000)

Polling page: 0x0000000000b00000

CodeCache: size=245760Kb used=4185Kb max_used=4185Kb free=241574Kb
 bounds [0x0000000002990000, 0x0000000002db0000, 0x0000000011990000]
 total_blobs=1493 nmethods=1226 adapters=181
 compilation: enabled

Compilation events (10 events):
Event: 1.054 Thread 0x0000000016702800 nmethod 1257 0x0000000002da8890 code [0x0000000002da89e0, 0x0000000002da8af0]
Event: 1.054 Thread 0x0000000016702800 1262       3       com.android.dx.rop.code.SourcePosition::equals (46 bytes)
Event: 1.055 Thread 0x0000000016702800 nmethod 1262 0x0000000002da8b50 code [0x0000000002da8ce0, 0x0000000002da9208]
Event: 1.055 Thread 0x0000000016702800 1263       3       java.util.ArrayDeque::poll (5 bytes)
Event: 1.055 Thread 0x0000000016702800 nmethod 1263 0x0000000002da9310 code [0x0000000002da9480, 0x0000000002da9628]
Event: 1.055 Thread 0x0000000016702800 1264       3       java.util.ArrayDeque::pollFirst (42 bytes)
Event: 1.055 Thread 0x0000000016702800 nmethod 1264 0x0000000002da96d0 code [0x0000000002da9840, 0x0000000002da9b70]
Event: 1.055 Thread 0x0000000016702800 1265       3       com.android.dx.dex.code.DalvInsnList::get (9 bytes)
Event: 1.055 Thread 0x0000000016702800 nmethod 1265 0x0000000002da9cd0 code [0x0000000002da9e40, 0x0000000002daa128]
Event: 1.055 Thread 0x0000000016702800 1266       3       java.util.zip.ZipUtils::dosToJavaTime (71 bytes)

GC Heap History (2 events):
Event: 0.814 GC heap before
{Heap before GC invocations=1 (full 0):
 PSYoungGen      total 38400K, used 33280K [0x00000000eab00000, 0x00000000ed580000, 0x0000000100000000)
  eden space 33280K, 100% used [0x00000000eab00000,0x00000000ecb80000,0x00000000ecb80000)
  from space 5120K, 0% used [0x00000000ed080000,0x00000000ed080000,0x00000000ed580000)
  to   space 5120K, 0% used [0x00000000ecb80000,0x00000000ecb80000,0x00000000ed080000)
 ParOldGen       total 87552K, used 0K [0x00000000c0000000, 0x00000000c5580000, 0x00000000eab00000)
  object space 87552K, 0% used [0x00000000c0000000,0x00000000c0000000,0x00000000c5580000)
 Metaspace       used 5891K, capacity 6832K, committed 7040K, reserved 1056768K
  class space    used 597K, capacity 616K, committed 640K, reserved 1048576K
Event: 1.015 GC heap after
Heap after GC invocations=1 (full 0):
 PSYoungGen      total 38400K, used 5115K [0x00000000eab00000, 0x00000000ed580000, 0x0000000100000000)
  eden space 33280K, 0% used [0x00000000eab00000,0x00000000eab00000,0x00000000ecb80000)
  from space 5120K, 99% used [0x00000000ecb80000,0x00000000ed07ec88,0x00000000ed080000)
  to   space 5120K, 0% used [0x00000000ed080000,0x00000000ed080000,0x00000000ed580000)
 ParOldGen       total 87552K, used 1332K [0x00000000c0000000, 0x00000000c5580000, 0x00000000eab00000)
  object space 87552K, 1% used [0x00000000c0000000,0x00000000c014d138,0x00000000c5580000)
 Metaspace       used 5891K, capacity 6832K, committed 7040K, reserved 1056768K
  class space    used 597K, capacity 616K, committed 640K, reserved 1048576K
}

Deoptimization events (10 events):
Event: 1.041 Thread 0x0000000002891000 Uncommon trap: reason=class_check action=maybe_recompile pc=0x0000000002d6cc88 method=java.util.Arrays.hashCode([Ljava/lang/Object;)I @ 43
Event: 1.041 Thread 0x0000000002891000 Uncommon trap: reason=class_check action=maybe_recompile pc=0x0000000002d6cc88 method=java.util.Arrays.hashCode([Ljava/lang/Object;)I @ 43
Event: 1.041 Thread 0x0000000002891000 Uncommon trap: reason=class_check action=maybe_recompile pc=0x0000000002d6cc88 method=java.util.Arrays.hashCode([Ljava/lang/Object;)I @ 43
Event: 1.041 Thread 0x0000000002891000 Uncommon trap: reason=class_check action=maybe_recompile pc=0x0000000002d6cc88 method=java.util.Arrays.hashCode([Ljava/lang/Object;)I @ 43
Event: 1.043 Thread 0x0000000002891000 Uncommon trap: reason=bimorphic action=maybe_recompile pc=0x0000000002d661a0 method=java.util.HashMap.putVal(ILjava/lang/Object;Ljava/lang/Object;ZZ)Ljava/lang/Object; @ 203
Event: 1.045 Thread 0x0000000002891000 Uncommon trap: reason=bimorphic action=maybe_recompile pc=0x0000000002d661a0 method=java.util.HashMap.putVal(ILjava/lang/Object;Ljava/lang/Object;ZZ)Ljava/lang/Object; @ 203
Event: 1.045 Thread 0x0000000002891000 Uncommon trap: reason=bimorphic action=maybe_recompile pc=0x0000000002d661a0 method=java.util.HashMap.putVal(ILjava/lang/Object;Ljava/lang/Object;ZZ)Ljava/lang/Object; @ 203
Event: 1.045 Thread 0x0000000002891000 Uncommon trap: reason=bimorphic action=maybe_recompile pc=0x0000000002d661a0 method=java.util.HashMap.putVal(ILjava/lang/Object;Ljava/lang/Object;ZZ)Ljava/lang/Object; @ 203
Event: 1.049 Thread 0x0000000002891000 Uncommon trap: reason=bimorphic action=maybe_recompile pc=0x0000000002c1f130 method=java.util.HashMap.getNode(ILjava/lang/Object;)Ljava/util/HashMap$Node; @ 126
Event: 1.051 Thread 0x0000000002891000 Uncommon trap: reason=bimorphic action=maybe_recompile pc=0x0000000002b9539c method=java.util.HashMap.getNode(ILjava/lang/Object;)Ljava/util/HashMap$Node; @ 126

Internal exceptions (10 events):
Event: 1.050 Thread 0x0000000002891000 Exception <a 'java/security/PrivilegedActionException'> (0x00000000eb070a18) thrown at [C:\workspace\8-2-build-windows-amd64-cygwin\jdk8u31\2394\hotspot\src\share\vm\prims\jvm.cpp, line 1312]
Event: 1.052 Thread 0x0000000002891000 Exception <a 'java/security/PrivilegedActionException'> (0x00000000eb091ac0) thrown at [C:\workspace\8-2-build-windows-amd64-cygwin\jdk8u31\2394\hotspot\src\share\vm\prims\jvm.cpp, line 1312]
Event: 1.053 Thread 0x0000000002891000 Exception <a 'java/security/PrivilegedActionException'> (0x00000000eb09e408) thrown at [C:\workspace\8-2-build-windows-amd64-cygwin\jdk8u31\2394\hotspot\src\share\vm\prims\jvm.cpp, line 1312]
Event: 1.053 Thread 0x0000000002891000 Exception <a 'java/security/PrivilegedActionException'> (0x00000000eb0a09c0) thrown at [C:\workspace\8-2-build-windows-amd64-cygwin\jdk8u31\2394\hotspot\src\share\vm\prims\jvm.cpp, line 1312]
Event: 1.054 Thread 0x0000000002891000 Exception <a 'java/security/PrivilegedActionException'> (0x00000000eb0a3580) thrown at [C:\workspace\8-2-build-windows-amd64-cygwin\jdk8u31\2394\hotspot\src\share\vm\prims\jvm.cpp, line 1312]
Event: 1.054 Thread 0x0000000002891000 Exception <a 'java/security/PrivilegedActionException'> (0x00000000eb0a8d18) thrown at [C:\workspace\8-2-build-windows-amd64-cygwin\jdk8u31\2394\hotspot\src\share\vm\prims\jvm.cpp, line 1312]
Event: 1.054 Thread 0x0000000002891000 Exception <a 'java/security/PrivilegedActionException'> (0x00000000eb0ac170) thrown at [C:\workspace\8-2-build-windows-amd64-cygwin\jdk8u31\2394\hotspot\src\share\vm\prims\jvm.cpp, line 1312]
Event: 1.054 Thread 0x0000000002891000 Exception <a 'java/security/PrivilegedActionException'> (0x00000000eb0aed60) thrown at [C:\workspace\8-2-build-windows-amd64-cygwin\jdk8u31\2394\hotspot\src\share\vm\prims\jvm.cpp, line 1312]
Event: 1.055 Thread 0x0000000002891000 Exception <a 'java/security/PrivilegedActionException'> (0x00000000eb0b3e80) thrown at [C:\workspace\8-2-build-windows-amd64-cygwin\jdk8u31\2394\hotspot\src\share\vm\prims\jvm.cpp, line 1312]
Event: 1.055 Thread 0x0000000002891000 Exception <a 'java/security/PrivilegedActionException'> (0x00000000eb0ba528) thrown at [C:\workspace\8-2-build-windows-amd64-cygwin\jdk8u31\2394\hotspot\src\share\vm\prims\jvm.cpp, line 1312]

Events (10 events):
Event: 1.054 loading class com/android/dx/dex/code/PositionList
Event: 1.054 loading class com/android/dx/dex/code/PositionList done
Event: 1.054 loading class com/android/dx/dex/code/PositionList$Entry
Event: 1.054 loading class com/android/dx/dex/code/PositionList$Entry done
Event: 1.054 loading class com/android/dx/dex/code/LocalList
Event: 1.054 loading class com/android/dx/dex/code/LocalList done
Event: 1.055 loading class com/android/dx/dex/code/LocalList$MakeState
Event: 1.055 loading class com/android/dx/dex/code/LocalList$MakeState done
Event: 1.055 loading class com/android/dx/dex/code/CatchHandlerList
Event: 1.055 loading class com/android/dx/dex/code/CatchHandlerList done


Dynamic libraries:
0x00007ff68bf40000 - 0x00007ff68bf74000 	C:\Program Files\Java\jdk1.8.0_31\bin\java.exe
0x00007ffa8d2a0000 - 0x00007ffa8d471000 	C:\WINDOWS\SYSTEM32\ntdll.dll
0x00007ffa8b1a0000 - 0x00007ffa8b24c000 	C:\WINDOWS\System32\KERNEL32.DLL
0x00007ffa8a1e0000 - 0x00007ffa8a3fd000 	C:\WINDOWS\System32\KERNELBASE.dll
0x00007ffa8b330000 - 0x00007ffa8b3d2000 	C:\WINDOWS\System32\ADVAPI32.dll
0x00007ffa8d0d0000 - 0x00007ffa8d16e000 	C:\WINDOWS\System32\msvcrt.dll
0x00007ffa8ab90000 - 0x00007ffa8abe9000 	C:\WINDOWS\System32\sechost.dll
0x00007ffa8d170000 - 0x00007ffa8d291000 	C:\WINDOWS\System32\RPCRT4.dll
0x00007ffa8b020000 - 0x00007ffa8b185000 	C:\WINDOWS\System32\USER32.dll
0x00007ffa8a470000 - 0x00007ffa8a48e000 	C:\WINDOWS\System32\win32u.dll
0x00007ffa8b250000 - 0x00007ffa8b284000 	C:\WINDOWS\System32\GDI32.dll
0x00007ffa8a490000 - 0x00007ffa8a612000 	C:\WINDOWS\System32\gdi32full.dll
0x00007ffa7c4b0000 - 0x00007ffa7c72a000 	C:\WINDOWS\WinSxS\amd64_microsoft.windows.common-controls_6595b64144ccf1df_6.0.14393.953_none_42151e83c686086b\COMCTL32.dll
0x00007ffa8a860000 - 0x00007ffa8ab28000 	C:\WINDOWS\System32\combase.dll
0x00007ffa8a620000 - 0x00007ffa8a715000 	C:\WINDOWS\System32\ucrtbase.dll
0x00007ffa8a400000 - 0x00007ffa8a46a000 	C:\WINDOWS\System32\bcryptPrimitives.dll
0x00007ffa8a830000 - 0x00007ffa8a85e000 	C:\WINDOWS\System32\IMM32.DLL
0x0000000065330000 - 0x0000000065402000 	C:\Program Files\Java\jdk1.8.0_31\jre\bin\msvcr100.dll
0x0000000064ad0000 - 0x000000006532a000 	C:\Program Files\Java\jdk1.8.0_31\jre\bin\server\jvm.dll
0x00007ffa8b190000 - 0x00007ffa8b198000 	C:\WINDOWS\System32\PSAPI.DLL
0x00007ffa7ff90000 - 0x00007ffa7ff99000 	C:\WINDOWS\SYSTEM32\WSOCK32.dll
0x00007ffa8b580000 - 0x00007ffa8b5ea000 	C:\WINDOWS\System32\WS2_32.dll
0x00007ffa87700000 - 0x00007ffa87723000 	C:\WINDOWS\SYSTEM32\WINMM.dll
0x00007ffa876a0000 - 0x00007ffa876cb000 	C:\WINDOWS\SYSTEM32\WINMMBASE.dll
0x00007ffa8a190000 - 0x00007ffa8a1d2000 	C:\WINDOWS\System32\cfgmgr32.dll
0x0000000064ac0000 - 0x0000000064acf000 	C:\Program Files\Java\jdk1.8.0_31\jre\bin\verify.dll
0x0000000064a90000 - 0x0000000064ab8000 	C:\Program Files\Java\jdk1.8.0_31\jre\bin\java.dll
0x0000000064a70000 - 0x0000000064a86000 	C:\Program Files\Java\jdk1.8.0_31\jre\bin\zip.dll
0x00007ffa8b690000 - 0x00007ffa8cb98000 	C:\WINDOWS\System32\SHELL32.dll
0x00007ffa89790000 - 0x00007ffa89e6a000 	C:\WINDOWS\System32\windows.storage.dll
0x00007ffa89700000 - 0x00007ffa8974c000 	C:\WINDOWS\System32\powrprof.dll
0x00007ffa8cd70000 - 0x00007ffa8cdc2000 	C:\WINDOWS\System32\shlwapi.dll
0x00007ffa89780000 - 0x00007ffa8978f000 	C:\WINDOWS\System32\kernel.appcore.dll
0x00007ffa8a0e0000 - 0x00007ffa8a189000 	C:\WINDOWS\System32\shcore.dll
0x00007ffa89760000 - 0x00007ffa89774000 	C:\WINDOWS\System32\profapi.dll
0x00007ffa6d060000 - 0x00007ffa6d1f2000 	C:\WINDOWS\SYSTEM32\dbghelp.dll

VM Arguments:
jvm_args: -Djava.awt.headless=true -Xmx1024M -Dfile.encoding=GBK -Duser.country=CN -Duser.language=zh -Duser.variant 
java_command: com.android.dx.command.Main --dex --num-threads=4 --output G:\BaiduNetdiskDownload\BaseProject\BaseProject\app\build\intermediates\pre-dexed\debug\com.android.support-support-vector-drawable-25.3.1_11289e69579f8b2609ea7187c01cf3fc69d2fd74.jar G:\BaiduNetdiskDownload\BaseProject\BaseProject\app\build\intermediates\exploded-aar\com.android.support\support-vector-drawable\25.3.1\jars\classes.jar
java_class_path (initial): E:\AndroidStudio\Sdk\build-tools\25.0.0\lib\dx.jar
Launcher Type: SUN_STANDARD

Environment Variables:
JAVA_HOME=C:\Program Files\Java\jdk1.8.0_31
CLASSPATH=.;C:\Program Files\Java\jdk1.8.0_31\lib\dt.jar;C:\Program Files\Java\jdk1.8.0_31\lib\tools.jar;
PATH=C:\ProgramData\Oracle\Java\javapath;C:\WINDOWS\system32;C:\WINDOWS;C:\WINDOWS\System32\Wbem;C:\WINDOWS\System32\WindowsPowerShell\v1.0\;C:\Program Files\Java\jdk1.8.0_73\bin;C:\Program Files\TortoiseSVN\bin;E:\VisualSVN Server\bin;C:\Program Files\Java\jdk1.8.0_31\bin;G:\java\jdk\bin
USERNAME=SEELE
OS=Windows_NT
PROCESSOR_IDENTIFIER=Intel64 Family 6 Model 158 Stepping 9, GenuineIntel



---------------  S Y S T E M  ---------------

OS: Windows 8.1 , 64 bit Build 9600 

CPU:total 4 (4 cores per cpu, 1 threads per core) family 6 model 158 stepping 9, cmov, cx8, fxsr, mmx, sse, sse2, sse3, ssse3, sse4.1, sse4.2, popcnt, avx, avx2, aes, clmul, erms, rtm, lzcnt, tsc, tscinvbit, bmi1, bmi2

Memory: 4k page, physical 8305452k(1076984k free), swap 14798260k(3540k free)

vm_info: Java HotSpot(TM) 64-Bit Server VM (25.31-b07) for windows-amd64 JRE (1.8.0_31-b13), built on Dec 17 2014 21:00:28 by "java_re" with MS VC++ 10.0 (VS2010)

time: Thu Jul 20 11:36:42 2017
elapsed time: 1 seconds (0d 0h 0m 1s)

