#
# There is insufficient memory for the Java Runtime Environment to continue.
# Native memory allocation (malloc) failed to allocate 1130768 bytes for Chunk::new
# Possible reasons:
#   The system is out of physical RAM or swap space
#   In 32 bit mode, the process size limit was hit
# Possible solutions:
#   Reduce memory load on the system
#   Increase physical memory or swap space
#   Check if swap backing store is full
#   Use 64 bit Java on a 64 bit OS
#   Decrease Java heap size (-Xmx/-Xms)
#   Decrease number of Java threads
#   Decrease Java thread stack sizes (-Xss)
#   Set larger code cache with -XX:ReservedCodeCacheSize=
# This output file may be truncated or incomplete.
#
#  Out of Memory Error (allocation.cpp:390), pid=49312, tid=26472
#
# JRE version: Java(TM) SE Runtime Environment (8.0_31-b13) (build 1.8.0_31-b13)
# Java VM: Java HotSpot(TM) 64-Bit Server VM (25.31-b07 mixed mode windows-amd64 compressed oops)
# Failed to write core dump. Minidumps are not enabled by default on client versions of Windows
#

---------------  T H R E A D  ---------------

Current thread (0x0000000016fa7800):  JavaThread "C2 CompilerThread1" daemon [_thread_in_native, id=26472, stack(0x0000000017360000,0x0000000017460000)]

Stack: [0x0000000017360000,0x0000000017460000]
Native frames: (J=compiled Java code, j=interpreted, Vv=VM code, C=native code)
V  [jvm.dll+0x3169ba]


Current CompileTask:
C2:   1042 1376   !   4       com.android.dx.cf.code.BytecodeArray::parseInstruction (2764 bytes)


---------------  P R O C E S S  ---------------

Java Threads: ( => current thread )
  0x0000000017771000 JavaThread "pool-1-thread-4" [_thread_blocked, id=26708, stack(0x0000000018360000,0x0000000018460000)]
  0x0000000017770800 JavaThread "pool-1-thread-3" [_thread_in_Java, id=29016, stack(0x0000000018260000,0x0000000018360000)]
  0x0000000017221800 JavaThread "pool-1-thread-2" [_thread_blocked, id=24840, stack(0x0000000018160000,0x0000000018260000)]
  0x0000000017279000 JavaThread "pool-2-thread-1" [_thread_blocked, id=32212, stack(0x0000000018060000,0x0000000018160000)]
  0x0000000017291000 JavaThread "pool-1-thread-1" [_thread_blocked, id=10104, stack(0x0000000017f60000,0x0000000018060000)]
  0x0000000016fde000 JavaThread "Service Thread" daemon [_thread_blocked, id=21892, stack(0x0000000017560000,0x0000000017660000)]
  0x0000000016fb2800 JavaThread "C1 CompilerThread2" daemon [_thread_in_native, id=25360, stack(0x0000000017460000,0x0000000017560000)]
=>0x0000000016fa7800 JavaThread "C2 CompilerThread1" daemon [_thread_in_native, id=26472, stack(0x0000000017360000,0x0000000017460000)]
  0x0000000015859000 JavaThread "C2 CompilerThread0" daemon [_thread_in_native, id=43292, stack(0x0000000016e60000,0x0000000016f60000)]
  0x0000000015858800 JavaThread "Attach Listener" daemon [_thread_blocked, id=6524, stack(0x0000000016d60000,0x0000000016e60000)]
  0x000000001580c000 JavaThread "Signal Dispatcher" daemon [_thread_blocked, id=41876, stack(0x0000000016c60000,0x0000000016d60000)]
  0x0000000003124800 JavaThread "Finalizer" daemon [_thread_blocked, id=14288, stack(0x0000000016a60000,0x0000000016b60000)]
  0x000000000311c800 JavaThread "Reference Handler" daemon [_thread_blocked, id=13688, stack(0x0000000016960000,0x0000000016a60000)]
  0x0000000003031000 JavaThread "main" [_thread_blocked, id=16668, stack(0x0000000002b70000,0x0000000002c70000)]

Other Threads:
  0x00000000157c6800 VMThread [stack: 0x0000000016860000,0x0000000016960000] [id=7556]
  0x0000000016fe1000 WatcherThread [stack: 0x0000000017660000,0x0000000017760000] [id=19244]

VM state:not at safepoint (normal execution)

VM Mutex/Monitor currently owned by a thread: None

Heap:
 PSYoungGen      total 38400K, used 22955K [0x00000000eab00000, 0x00000000ed580000, 0x0000000100000000)
  eden space 33280K, 53% used [0x00000000eab00000,0x00000000ebc6d848,0x00000000ecb80000)
  from space 5120K, 99% used [0x00000000ecb80000,0x00000000ed07d6c0,0x00000000ed080000)
  to   space 5120K, 0% used [0x00000000ed080000,0x00000000ed080000,0x00000000ed580000)
 ParOldGen       total 87552K, used 86K [0x00000000c0000000, 0x00000000c5580000, 0x00000000eab00000)
  object space 87552K, 0% used [0x00000000c0000000,0x00000000c0015bd0,0x00000000c5580000)
 Metaspace       used 6144K, capacity 7024K, committed 7296K, reserved 1056768K
  class space    used 598K, capacity 616K, committed 640K, reserved 1048576K

Card table byte_map: [0x00000000124f0000,0x0000000012700000] byte_map_base: 0x0000000011ef0000

Marking Bits: (ParMarkBitMap*) 0x00000000652ad4f0
 Begin Bits: [0x0000000012c60000, 0x0000000013c60000)
 End Bits:   [0x0000000013c60000, 0x0000000014c60000)

Polling page: 0x0000000002c70000

CodeCache: size=245760Kb used=5590Kb max_used=5590Kb free=240169Kb
 bounds [0x0000000003130000, 0x00000000036b0000, 0x0000000012130000]
 total_blobs=1700 nmethods=1433 adapters=181
 compilation: enabled

Compilation events (10 events):
Event: 1.037 Thread 0x0000000016fb2800 nmethod 1430 0x00000000036923d0 code [0x0000000003692600, 0x00000000036933c8]
Event: 1.037 Thread 0x0000000016fb2800 1434       3       com.android.dx.rop.code.DexTranslationAdvice::hasConstantOperation (163 bytes)
Event: 1.037 Thread 0x0000000016fb2800 nmethod 1434 0x0000000003693a90 code [0x0000000003693ce0, 0x0000000003695578]
Event: 1.037 Thread 0x0000000016fb2800 1435       3       com.android.dx.cf.direct.DirectClassFile::getSourceFile (31 bytes)
Event: 1.037 Thread 0x0000000016fb2800 nmethod 1435 0x0000000003695a90 code [0x0000000003695c40, 0x00000000036961d8]
Event: 1.037 Thread 0x0000000016fb2800 1436       3       com.android.dx.rop.cst.TypedConstant::getBasicType (8 bytes)
Event: 1.037 Thread 0x0000000016fb2800 nmethod 1436 0x0000000003696390 code [0x0000000003696500, 0x00000000036967a8]
Event: 1.038 Thread 0x0000000016fb2800 1437       3       com.android.dx.dex.code.OutputFinisher::hasLocalInfo (20 bytes)
Event: 1.038 Thread 0x0000000016fb2800 nmethod 1437 0x0000000003696850 code [0x00000000036969c0, 0x0000000003696c50]
Event: 1.039 Thread 0x0000000016fb2800 1438       3       com.android.dx.cf.direct.StdAttributeFactory::code (613 bytes)

GC Heap History (2 events):
Event: 0.865 GC heap before
{Heap before GC invocations=1 (full 0):
 PSYoungGen      total 38400K, used 33280K [0x00000000eab00000, 0x00000000ed580000, 0x0000000100000000)
  eden space 33280K, 100% used [0x00000000eab00000,0x00000000ecb80000,0x00000000ecb80000)
  from space 5120K, 0% used [0x00000000ed080000,0x00000000ed080000,0x00000000ed580000)
  to   space 5120K, 0% used [0x00000000ecb80000,0x00000000ecb80000,0x00000000ed080000)
 ParOldGen       total 87552K, used 0K [0x00000000c0000000, 0x00000000c5580000, 0x00000000eab00000)
  object space 87552K, 0% used [0x00000000c0000000,0x00000000c0000000,0x00000000c5580000)
 Metaspace       used 5946K, capacity 6832K, committed 7040K, reserved 1056768K
  class space    used 593K, capacity 616K, committed 640K, reserved 1048576K
Event: 0.870 GC heap after
Heap after GC invocations=1 (full 0):
 PSYoungGen      total 38400K, used 5109K [0x00000000eab00000, 0x00000000ed580000, 0x0000000100000000)
  eden space 33280K, 0% used [0x00000000eab00000,0x00000000eab00000,0x00000000ecb80000)
  from space 5120K, 99% used [0x00000000ecb80000,0x00000000ed07d6c0,0x00000000ed080000)
  to   space 5120K, 0% used [0x00000000ed080000,0x00000000ed080000,0x00000000ed580000)
 ParOldGen       total 87552K, used 86K [0x00000000c0000000, 0x00000000c5580000, 0x00000000eab00000)
  object space 87552K, 0% used [0x00000000c0000000,0x00000000c0015bd0,0x00000000c5580000)
 Metaspace       used 5946K, capacity 6832K, committed 7040K, reserved 1056768K
  class space    used 593K, capacity 616K, committed 640K, reserved 1048576K
}

Deoptimization events (10 events):
Event: 0.846 Thread 0x0000000017771000 Uncommon trap: reason=class_check action=maybe_recompile pc=0x00000000033ae24c method=com.android.dx.ssa.NormalSsaInsn.accept(Lcom/android/dx/ssa/SsaInsn$Visitor;)V @ 9
Event: 0.848 Thread 0x0000000017291000 Uncommon trap: reason=class_check action=maybe_recompile pc=0x00000000033ae24c method=com.android.dx.ssa.NormalSsaInsn.accept(Lcom/android/dx/ssa/SsaInsn$Visitor;)V @ 9
Event: 0.859 Thread 0x0000000017770800 Uncommon trap: reason=class_check action=maybe_recompile pc=0x0000000003384fb0 method=com.android.dx.ssa.NormalSsaInsn.accept(Lcom/android/dx/ssa/SsaInsn$Visitor;)V @ 9
Event: 0.894 Thread 0x0000000017771000 Uncommon trap: reason=class_check action=maybe_recompile pc=0x00000000034ce33c method=com.android.dx.rop.type.Type.equals(Ljava/lang/Object;)Z @ 8
Event: 0.894 Thread 0x0000000017771000 Uncommon trap: reason=class_check action=maybe_recompile pc=0x00000000034ce33c method=com.android.dx.rop.type.Type.equals(Ljava/lang/Object;)Z @ 8
Event: 0.894 Thread 0x0000000017771000 Uncommon trap: reason=class_check action=maybe_recompile pc=0x00000000034ce33c method=com.android.dx.rop.type.Type.equals(Ljava/lang/Object;)Z @ 8
Event: 0.894 Thread 0x0000000017771000 Uncommon trap: reason=class_check action=maybe_recompile pc=0x00000000034ce33c method=com.android.dx.rop.type.Type.equals(Ljava/lang/Object;)Z @ 8
Event: 0.894 Thread 0x0000000017771000 Uncommon trap: reason=class_check action=maybe_recompile pc=0x000000000343d54c method=com.android.dx.rop.type.Type.equals(Ljava/lang/Object;)Z @ 8
Event: 0.898 Thread 0x0000000017771000 Uncommon trap: reason=unreached action=reinterpret pc=0x000000000357a15c method=com.android.dx.rop.cst.Constant.compareTo(Lcom/android/dx/rop/cst/Constant;)I @ 12
Event: 0.900 Thread 0x0000000017771000 Uncommon trap: reason=class_check action=maybe_recompile pc=0x000000000337a964 method=com.android.dx.rop.type.Type.equals(Ljava/lang/Object;)Z @ 8

Internal exceptions (10 events):
Event: 0.703 Thread 0x0000000017770800 Exception <a 'java/security/PrivilegedActionException'> (0x00000000ec341690) thrown at [C:\workspace\8-2-build-windows-amd64-cygwin\jdk8u31\2394\hotspot\src\share\vm\prims\jvm.cpp, line 1312]
Event: 0.734 Thread 0x0000000003031000 Exception <a 'java/security/PrivilegedActionException'> (0x00000000ec3c24b8) thrown at [C:\workspace\8-2-build-windows-amd64-cygwin\jdk8u31\2394\hotspot\src\share\vm\prims\jvm.cpp, line 1312]
Event: 0.735 Thread 0x0000000003031000 Exception <a 'java/security/PrivilegedActionException'> (0x00000000ec3c8010) thrown at [C:\workspace\8-2-build-windows-amd64-cygwin\jdk8u31\2394\hotspot\src\share\vm\prims\jvm.cpp, line 1312]
Event: 0.735 Thread 0x0000000003031000 Exception <a 'java/security/PrivilegedActionException'> (0x00000000ec3cd828) thrown at [C:\workspace\8-2-build-windows-amd64-cygwin\jdk8u31\2394\hotspot\src\share\vm\prims\jvm.cpp, line 1312]
Event: 0.736 Thread 0x0000000017291000 Exception <a 'java/security/PrivilegedActionException'> (0x00000000ebfc3b90) thrown at [C:\workspace\8-2-build-windows-amd64-cygwin\jdk8u31\2394\hotspot\src\share\vm\prims\jvm.cpp, line 1312]
Event: 0.769 Thread 0x0000000003031000 Exception <a 'java/security/PrivilegedActionException'> (0x00000000ec3e6b10) thrown at [C:\workspace\8-2-build-windows-amd64-cygwin\jdk8u31\2394\hotspot\src\share\vm\prims\jvm.cpp, line 1312]
Event: 0.785 Thread 0x0000000003031000 Exception <a 'java/security/PrivilegedActionException'> (0x00000000ec6a4908) thrown at [C:\workspace\8-2-build-windows-amd64-cygwin\jdk8u31\2394\hotspot\src\share\vm\prims\jvm.cpp, line 1312]
Event: 0.895 Thread 0x0000000017771000 Exception <a 'java/security/PrivilegedActionException'> (0x00000000eaede788) thrown at [C:\workspace\8-2-build-windows-amd64-cygwin\jdk8u31\2394\hotspot\src\share\vm\prims\jvm.cpp, line 1312]
Event: 0.909 Thread 0x0000000017771000 Exception <a 'java/security/PrivilegedActionException'> (0x00000000eb03c800) thrown at [C:\workspace\8-2-build-windows-amd64-cygwin\jdk8u31\2394\hotspot\src\share\vm\prims\jvm.cpp, line 1312]
Event: 0.963 Thread 0x0000000003031000 Exception <a 'java/security/PrivilegedActionException'> (0x00000000eaccbe78) thrown at [C:\workspace\8-2-build-windows-amd64-cygwin\jdk8u31\2394\hotspot\src\share\vm\prims\jvm.cpp, line 1312]

Events (10 events):
Event: 0.909 loading class com/android/dx/rop/code/RegOps
Event: 0.909 loading class com/android/dx/rop/code/RegOps done
Event: 0.963 loading class com/android/dx/cf/attrib/AttRuntimeVisibleAnnotations
Event: 0.963 loading class com/android/dx/cf/attrib/AttRuntimeVisibleAnnotations done
Event: 0.980 loading class java/util/TreeMap$EntrySet
Event: 0.980 loading class java/util/TreeMap$EntrySet done
Event: 0.980 loading class java/util/TreeMap$EntryIterator
Event: 0.980 loading class java/util/TreeMap$EntryIterator done
Event: 0.980 Executing VM operation: Deoptimize
Event: 0.986 Executing VM operation: Deoptimize done


Dynamic libraries:
0x00007ff61d850000 - 0x00007ff61d884000 	C:\Program Files\Java\jdk1.8.0_31\bin\java.exe
0x00007ffa8d2a0000 - 0x00007ffa8d471000 	C:\WINDOWS\SYSTEM32\ntdll.dll
0x00007ffa8b1a0000 - 0x00007ffa8b24c000 	C:\WINDOWS\System32\KERNEL32.DLL
0x00007ffa8a1e0000 - 0x00007ffa8a3fd000 	C:\WINDOWS\System32\KERNELBASE.dll
0x00007ffa8b330000 - 0x00007ffa8b3d2000 	C:\WINDOWS\System32\ADVAPI32.dll
0x00007ffa8d0d0000 - 0x00007ffa8d16e000 	C:\WINDOWS\System32\msvcrt.dll
0x00007ffa8ab90000 - 0x00007ffa8abe9000 	C:\WINDOWS\System32\sechost.dll
0x00007ffa8d170000 - 0x00007ffa8d291000 	C:\WINDOWS\System32\RPCRT4.dll
0x00007ffa8b020000 - 0x00007ffa8b185000 	C:\WINDOWS\System32\USER32.dll
0x00007ffa8a470000 - 0x00007ffa8a48e000 	C:\WINDOWS\System32\win32u.dll
0x00007ffa8b250000 - 0x00007ffa8b284000 	C:\WINDOWS\System32\GDI32.dll
0x00007ffa8a490000 - 0x00007ffa8a612000 	C:\WINDOWS\System32\gdi32full.dll
0x00007ffa7c4b0000 - 0x00007ffa7c72a000 	C:\WINDOWS\WinSxS\amd64_microsoft.windows.common-controls_6595b64144ccf1df_6.0.14393.953_none_42151e83c686086b\COMCTL32.dll
0x00007ffa8a860000 - 0x00007ffa8ab28000 	C:\WINDOWS\System32\combase.dll
0x00007ffa8a620000 - 0x00007ffa8a715000 	C:\WINDOWS\System32\ucrtbase.dll
0x00007ffa8a400000 - 0x00007ffa8a46a000 	C:\WINDOWS\System32\bcryptPrimitives.dll
0x00007ffa8a830000 - 0x00007ffa8a85e000 	C:\WINDOWS\System32\IMM32.DLL
0x0000000065330000 - 0x0000000065402000 	C:\Program Files\Java\jdk1.8.0_31\jre\bin\msvcr100.dll
0x0000000064ad0000 - 0x000000006532a000 	C:\Program Files\Java\jdk1.8.0_31\jre\bin\server\jvm.dll
0x00007ffa8b190000 - 0x00007ffa8b198000 	C:\WINDOWS\System32\PSAPI.DLL
0x00007ffa86a30000 - 0x00007ffa86a39000 	C:\WINDOWS\SYSTEM32\WSOCK32.dll
0x00007ffa8b580000 - 0x00007ffa8b5ea000 	C:\WINDOWS\System32\WS2_32.dll
0x00007ffa87700000 - 0x00007ffa87723000 	C:\WINDOWS\SYSTEM32\WINMM.dll
0x00007ffa876a0000 - 0x00007ffa876cb000 	C:\WINDOWS\SYSTEM32\WINMMBASE.dll
0x00007ffa8a190000 - 0x00007ffa8a1d2000 	C:\WINDOWS\System32\cfgmgr32.dll
0x0000000066170000 - 0x000000006617f000 	C:\Program Files\Java\jdk1.8.0_31\jre\bin\verify.dll
0x0000000066140000 - 0x0000000066168000 	C:\Program Files\Java\jdk1.8.0_31\jre\bin\java.dll
0x0000000066120000 - 0x0000000066136000 	C:\Program Files\Java\jdk1.8.0_31\jre\bin\zip.dll
0x00007ffa8b690000 - 0x00007ffa8cb98000 	C:\WINDOWS\System32\SHELL32.dll
0x00007ffa89790000 - 0x00007ffa89e6a000 	C:\WINDOWS\System32\windows.storage.dll
0x00007ffa89700000 - 0x00007ffa8974c000 	C:\WINDOWS\System32\powrprof.dll
0x00007ffa8cd70000 - 0x00007ffa8cdc2000 	C:\WINDOWS\System32\shlwapi.dll
0x00007ffa89780000 - 0x00007ffa8978f000 	C:\WINDOWS\System32\kernel.appcore.dll
0x00007ffa8a0e0000 - 0x00007ffa8a189000 	C:\WINDOWS\System32\shcore.dll
0x00007ffa89760000 - 0x00007ffa89774000 	C:\WINDOWS\System32\profapi.dll

VM Arguments:
jvm_args: -Djava.awt.headless=true -Xmx1024M -Dfile.encoding=GBK -Duser.country=CN -Duser.language=zh -Duser.variant 
java_command: com.android.dx.command.Main --dex --num-threads=4 --output G:\BaiduNetdiskDownload\BaseProject\BaseProject\app\build\intermediates\pre-dexed\debug\com.android.support-support-compat-25.3.1_1b36ed4fee603471889ca0d5c62acdfe247bc5e3.jar G:\BaiduNetdiskDownload\BaseProject\BaseProject\app\build\intermediates\exploded-aar\com.android.support\support-compat\25.3.1\jars\classes.jar
java_class_path (initial): E:\AndroidStudio\Sdk\build-tools\25.0.0\lib\dx.jar
Launcher Type: SUN_STANDARD

Environment Variables:
JAVA_HOME=C:\Program Files\Java\jdk1.8.0_31
CLASSPATH=.;C:\Program Files\Java\jdk1.8.0_31\lib\dt.jar;C:\Program Files\Java\jdk1.8.0_31\lib\tools.jar;
PATH=C:\ProgramData\Oracle\Java\javapath;C:\WINDOWS\system32;C:\WINDOWS;C:\WINDOWS\System32\Wbem;C:\WINDOWS\System32\WindowsPowerShell\v1.0\;C:\Program Files\Java\jdk1.8.0_73\bin;C:\Program Files\TortoiseSVN\bin;E:\VisualSVN Server\bin;C:\Program Files\Java\jdk1.8.0_31\bin;G:\java\jdk\bin
USERNAME=SEELE
OS=Windows_NT
PROCESSOR_IDENTIFIER=Intel64 Family 6 Model 158 Stepping 9, GenuineIntel



---------------  S Y S T E M  ---------------

OS: Windows 8.1 , 64 bit Build 9600 

CPU:total 4 (4 cores per cpu, 1 threads per core) family 6 model 158 stepping 9, cmov, cx8, fxsr, mmx, sse, sse2, sse3, ssse3, sse4.1, sse4.2, popcnt, avx, avx2, aes, clmul, erms, rtm, lzcnt, tsc, tscinvbit, bmi1, bmi2

Memory: 4k page, physical 8305452k(1329016k free), swap 14798260k(5144k free)

vm_info: Java HotSpot(TM) 64-Bit Server VM (25.31-b07) for windows-amd64 JRE (1.8.0_31-b13), built on Dec 17 2014 21:00:28 by "java_re" with MS VC++ 10.0 (VS2010)

time: Tue Jul 18 20:18:56 2017
elapsed time: 1 seconds (0d 0h 0m 1s)

