#
# There is insufficient memory for the Java Runtime Environment to continue.
# Native memory allocation (malloc) failed to allocate 1159216 bytes for Chunk::new
# Possible reasons:
#   The system is out of physical RAM or swap space
#   In 32 bit mode, the process size limit was hit
# Possible solutions:
#   Reduce memory load on the system
#   Increase physical memory or swap space
#   Check if swap backing store is full
#   Use 64 bit Java on a 64 bit OS
#   Decrease Java heap size (-Xmx/-Xms)
#   Decrease number of Java threads
#   Decrease Java thread stack sizes (-Xss)
#   Set larger code cache with -XX:ReservedCodeCacheSize=
# This output file may be truncated or incomplete.
#
#  Out of Memory Error (allocation.cpp:390), pid=300, tid=43416
#
# JRE version: Java(TM) SE Runtime Environment (8.0_31-b13) (build 1.8.0_31-b13)
# Java VM: Java HotSpot(TM) 64-Bit Server VM (25.31-b07 mixed mode windows-amd64 compressed oops)
# Failed to write core dump. Minidumps are not enabled by default on client versions of Windows
#

---------------  T H R E A D  ---------------

Current thread (0x0000000014e69000):  JavaThread "C2 CompilerThread0" daemon [_thread_in_native, id=43416, stack(0x0000000016390000,0x0000000016490000)]

Stack: [0x0000000016390000,0x0000000016490000]
Native frames: (J=compiled Java code, j=interpreted, Vv=VM code, C=native code)
V  [jvm.dll+0x3169ba]
V  [jvm.dll+0x2674c3]
V  [jvm.dll+0x268103]
V  [jvm.dll+0x25f8f5]
V  [jvm.dll+0xbf025]
V  [jvm.dll+0xbf4cc]
V  [jvm.dll+0x4798bc]
V  [jvm.dll+0x446e60]
V  [jvm.dll+0x451bce]
V  [jvm.dll+0x4541b8]
V  [jvm.dll+0x437c62]
V  [jvm.dll+0x988e2]
V  [jvm.dll+0x990d3]
V  [jvm.dll+0x22c194]
V  [jvm.dll+0x28576a]
C  [msvcr100.dll+0x21d9f]
C  [msvcr100.dll+0x21e3b]
C  [KERNEL32.DLL+0x8364]
C  [ntdll.dll+0x670d1]


Current CompileTask:
C2:   1571 1571   !   4       com.android.dx.cf.code.RopperMachine::run (1550 bytes)


---------------  P R O C E S S  ---------------

Java Threads: ( => current thread )
  0x00000000164e7800 JavaThread "Service Thread" daemon [_thread_blocked, id=49568, stack(0x0000000016a90000,0x0000000016b90000)]
  0x00000000164e2800 JavaThread "C1 CompilerThread2" daemon [_thread_blocked, id=13016, stack(0x0000000016990000,0x0000000016a90000)]
  0x00000000164e0000 JavaThread "C2 CompilerThread1" daemon [_thread_in_native, id=2152, stack(0x0000000016890000,0x0000000016990000)]
=>0x0000000014e69000 JavaThread "C2 CompilerThread0" daemon [_thread_in_native, id=43416, stack(0x0000000016390000,0x0000000016490000)]
  0x0000000014e68800 JavaThread "Attach Listener" daemon [_thread_blocked, id=11900, stack(0x0000000016290000,0x0000000016390000)]
  0x0000000014e1c000 JavaThread "Signal Dispatcher" daemon [_thread_blocked, id=7608, stack(0x0000000016190000,0x0000000016290000)]
  0x000000000272e800 JavaThread "Finalizer" daemon [_thread_blocked, id=25104, stack(0x0000000016090000,0x0000000016190000)]
  0x0000000014dd8800 JavaThread "Reference Handler" daemon [_thread_blocked, id=50068, stack(0x0000000015f90000,0x0000000016090000)]
  0x0000000002641000 JavaThread "main" [_thread_in_vm, id=24136, stack(0x0000000002440000,0x0000000002540000)]

Other Threads:
  0x0000000014dd6800 VMThread [stack: 0x0000000015e90000,0x0000000015f90000] [id=24252]
  0x00000000164ea800 WatcherThread [stack: 0x0000000016b90000,0x0000000016c90000] [id=33472]

VM state:not at safepoint (normal execution)

VM Mutex/Monitor currently owned by a thread: None

Heap:
 PSYoungGen      total 71680K, used 53313K [0x00000000eab00000, 0x00000000ef600000, 0x0000000100000000)
  eden space 66560K, 72% used [0x00000000eab00000,0x00000000eda10c10,0x00000000eec00000)
  from space 5120K, 99% used [0x00000000ef100000,0x00000000ef5ffba0,0x00000000ef600000)
  to   space 5120K, 0% used [0x00000000eec00000,0x00000000eec00000,0x00000000ef100000)
 ParOldGen       total 87552K, used 7591K [0x00000000c0000000, 0x00000000c5580000, 0x00000000eab00000)
  object space 87552K, 8% used [0x00000000c0000000,0x00000000c0769d58,0x00000000c5580000)
 Metaspace       used 6678K, capacity 7568K, committed 7936K, reserved 1056768K
  class space    used 617K, capacity 648K, committed 768K, reserved 1048576K

Card table byte_map: [0x0000000011b00000,0x0000000011d10000] byte_map_base: 0x0000000011500000

Marking Bits: (ParMarkBitMap*) 0x00000000652ad4f0
 Begin Bits: [0x0000000012270000, 0x0000000013270000)
 End Bits:   [0x0000000013270000, 0x0000000014270000)

Polling page: 0x0000000002050000

CodeCache: size=245760Kb used=7564Kb max_used=7564Kb free=238195Kb
 bounds [0x0000000002740000, 0x0000000002eb0000, 0x0000000011740000]
 total_blobs=2423 nmethods=2155 adapters=181
 compilation: enabled

Compilation events (10 events):
Event: 1.522 Thread 0x00000000164e2800 2107       2       com.android.dx.rop.cst.CstArray$List::get (9 bytes)
Event: 1.522 Thread 0x00000000164e2800 nmethod 2107 0x0000000002e6aed0 code [0x0000000002e6b040, 0x0000000002e6b1e8]
Event: 1.524 Thread 0x00000000164e2800 2108       2       com.android.dx.dex.file.TypeIdsSection::indexOf (23 bytes)
Event: 1.524 Thread 0x00000000164e2800 nmethod 2108 0x0000000002e6b290 code [0x0000000002e6b400, 0x0000000002e6b5f8]
Event: 1.524 Thread 0x00000000164e2800 2109       2       java.util.Collections$UnmodifiableCollection::size (10 bytes)
Event: 1.524 Thread 0x00000000164e2800 nmethod 2109 0x0000000002e6b710 code [0x0000000002e6b880, 0x0000000002e6ba08]
Event: 1.525 Thread 0x00000000164e2800 2110       2       com.android.dx.dex.file.ValueEncoder::writeConstant (494 bytes)
Event: 1.525 Thread 0x00000000164e2800 nmethod 2110 0x0000000002e6ba90 code [0x0000000002e6bda0, 0x0000000002e6c868]
Event: 1.526 Thread 0x00000000164e2800 2111       2       java.lang.Long::numberOfLeadingZeros (94 bytes)
Event: 1.526 Thread 0x00000000164e2800 nmethod 2111 0x0000000002e6d1d0 code [0x0000000002e6d320, 0x0000000002e6d4f0]

GC Heap History (4 events):
Event: 0.760 GC heap before
{Heap before GC invocations=1 (full 0):
 PSYoungGen      total 38400K, used 33280K [0x00000000eab00000, 0x00000000ed580000, 0x0000000100000000)
  eden space 33280K, 100% used [0x00000000eab00000,0x00000000ecb80000,0x00000000ecb80000)
  from space 5120K, 0% used [0x00000000ed080000,0x00000000ed080000,0x00000000ed580000)
  to   space 5120K, 0% used [0x00000000ecb80000,0x00000000ecb80000,0x00000000ed080000)
 ParOldGen       total 87552K, used 0K [0x00000000c0000000, 0x00000000c5580000, 0x00000000eab00000)
  object space 87552K, 0% used [0x00000000c0000000,0x00000000c0000000,0x00000000c5580000)
 Metaspace       used 5939K, capacity 6896K, committed 7040K, reserved 1056768K
  class space    used 592K, capacity 616K, committed 640K, reserved 1048576K
Event: 0.771 GC heap after
Heap after GC invocations=1 (full 0):
 PSYoungGen      total 38400K, used 5102K [0x00000000eab00000, 0x00000000ef600000, 0x0000000100000000)
  eden space 33280K, 0% used [0x00000000eab00000,0x00000000eab00000,0x00000000ecb80000)
  from space 5120K, 99% used [0x00000000ecb80000,0x00000000ed07bbc0,0x00000000ed080000)
  to   space 5120K, 0% used [0x00000000ef100000,0x00000000ef100000,0x00000000ef600000)
 ParOldGen       total 87552K, used 2763K [0x00000000c0000000, 0x00000000c5580000, 0x00000000eab00000)
  object space 87552K, 3% used [0x00000000c0000000,0x00000000c02b2c08,0x00000000c5580000)
 Metaspace       used 5939K, capacity 6896K, committed 7040K, reserved 1056768K
  class space    used 592K, capacity 616K, committed 640K, reserved 1048576K
}
Event: 1.019 GC heap before
{Heap before GC invocations=2 (full 0):
 PSYoungGen      total 38400K, used 38382K [0x00000000eab00000, 0x00000000ef600000, 0x0000000100000000)
  eden space 33280K, 100% used [0x00000000eab00000,0x00000000ecb80000,0x00000000ecb80000)
  from space 5120K, 99% used [0x00000000ecb80000,0x00000000ed07bbc0,0x00000000ed080000)
  to   space 5120K, 0% used [0x00000000ef100000,0x00000000ef100000,0x00000000ef600000)
 ParOldGen       total 87552K, used 2763K [0x00000000c0000000, 0x00000000c5580000, 0x00000000eab00000)
  object space 87552K, 3% used [0x00000000c0000000,0x00000000c02b2c08,0x00000000c5580000)
 Metaspace       used 6162K, capacity 7088K, committed 7296K, reserved 1056768K
  class space    used 596K, capacity 616K, committed 640K, reserved 1048576K
Event: 1.028 GC heap after
Heap after GC invocations=2 (full 0):
 PSYoungGen      total 71680K, used 5118K [0x00000000eab00000, 0x00000000ef600000, 0x0000000100000000)
  eden space 66560K, 0% used [0x00000000eab00000,0x00000000eab00000,0x00000000eec00000)
  from space 5120K, 99% used [0x00000000ef100000,0x00000000ef5ffba0,0x00000000ef600000)
  to   space 5120K, 0% used [0x00000000eec00000,0x00000000eec00000,0x00000000ef100000)
 ParOldGen       total 87552K, used 7591K [0x00000000c0000000, 0x00000000c5580000, 0x00000000eab00000)
  object space 87552K, 8% used [0x00000000c0000000,0x00000000c0769d58,0x00000000c5580000)
 Metaspace       used 6162K, capacity 7088K, committed 7296K, reserved 1056768K
  class space    used 596K, capacity 616K, committed 640K, reserved 1048576K
}

Deoptimization events (10 events):
Event: 1.234 Thread 0x0000000002641000 Uncommon trap: reason=class_check action=maybe_recompile pc=0x0000000002a49258 method=java.util.HashMap.putVal(ILjava/lang/Object;Ljava/lang/Object;ZZ)Ljava/lang/Object; @ 203
Event: 1.234 Thread 0x0000000002641000 Uncommon trap: reason=class_check action=maybe_recompile pc=0x0000000002a49258 method=java.util.HashMap.putVal(ILjava/lang/Object;Ljava/lang/Object;ZZ)Ljava/lang/Object; @ 203
Event: 1.354 Thread 0x0000000002641000 Uncommon trap: reason=speculate_class_check action=maybe_recompile pc=0x0000000002b3c860 method=com.android.dx.util.FixedSizeList.equals(Ljava/lang/Object;)Z @ 25
Event: 1.354 Thread 0x0000000002641000 Uncommon trap: reason=class_check action=maybe_recompile pc=0x0000000002ae4a10 method=java.util.Arrays.equals([Ljava/lang/Object;[Ljava/lang/Object;)Z @ 62
Event: 1.354 Thread 0x0000000002641000 Uncommon trap: reason=speculate_class_check action=maybe_recompile pc=0x0000000002b3c860 method=com.android.dx.util.FixedSizeList.equals(Ljava/lang/Object;)Z @ 25
Event: 1.354 Thread 0x0000000002641000 Uncommon trap: reason=class_check action=maybe_recompile pc=0x0000000002ae4a10 method=java.util.Arrays.equals([Ljava/lang/Object;[Ljava/lang/Object;)Z @ 62
Event: 1.354 Thread 0x0000000002641000 Uncommon trap: reason=speculate_class_check action=maybe_recompile pc=0x0000000002b3c860 method=com.android.dx.util.FixedSizeList.equals(Ljava/lang/Object;)Z @ 25
Event: 1.354 Thread 0x0000000002641000 Uncommon trap: reason=class_check action=maybe_recompile pc=0x0000000002ae4a10 method=java.util.Arrays.equals([Ljava/lang/Object;[Ljava/lang/Object;)Z @ 62
Event: 1.354 Thread 0x0000000002641000 Uncommon trap: reason=speculate_class_check action=maybe_recompile pc=0x0000000002b3c860 method=com.android.dx.util.FixedSizeList.equals(Ljava/lang/Object;)Z @ 25
Event: 1.354 Thread 0x0000000002641000 Uncommon trap: reason=class_check action=maybe_recompile pc=0x0000000002ae4a10 method=java.util.Arrays.equals([Ljava/lang/Object;[Ljava/lang/Object;)Z @ 62

Internal exceptions (10 events):
Event: 1.346 Thread 0x0000000002641000 Exception <a 'java/security/PrivilegedActionException'> (0x00000000ed5b8da8) thrown at [C:\workspace\8-2-build-windows-amd64-cygwin\jdk8u31\2394\hotspot\src\share\vm\prims\jvm.cpp, line 1312]
Event: 1.347 Thread 0x0000000002641000 Exception <a 'java/security/PrivilegedActionException'> (0x00000000ed5bd350) thrown at [C:\workspace\8-2-build-windows-amd64-cygwin\jdk8u31\2394\hotspot\src\share\vm\prims\jvm.cpp, line 1312]
Event: 1.353 Thread 0x0000000002641000 Exception <a 'java/security/PrivilegedActionException'> (0x00000000ed5d63e8) thrown at [C:\workspace\8-2-build-windows-amd64-cygwin\jdk8u31\2394\hotspot\src\share\vm\prims\jvm.cpp, line 1312]
Event: 1.354 Thread 0x0000000002641000 Exception <a 'java/security/PrivilegedActionException'> (0x00000000ed5d9600) thrown at [C:\workspace\8-2-build-windows-amd64-cygwin\jdk8u31\2394\hotspot\src\share\vm\prims\jvm.cpp, line 1312]
Event: 1.354 Thread 0x0000000002641000 Exception <a 'java/security/PrivilegedActionException'> (0x00000000ed5dc688) thrown at [C:\workspace\8-2-build-windows-amd64-cygwin\jdk8u31\2394\hotspot\src\share\vm\prims\jvm.cpp, line 1312]
Event: 1.371 Thread 0x0000000002641000 Exception <a 'java/security/PrivilegedActionException'> (0x00000000ed6332d0) thrown at [C:\workspace\8-2-build-windows-amd64-cygwin\jdk8u31\2394\hotspot\src\share\vm\prims\jvm.cpp, line 1312]
Event: 1.448 Thread 0x0000000002641000 Exception <a 'java/security/PrivilegedActionException'> (0x00000000ed7fb728) thrown at [C:\workspace\8-2-build-windows-amd64-cygwin\jdk8u31\2394\hotspot\src\share\vm\prims\jvm.cpp, line 1312]
Event: 1.450 Thread 0x0000000002641000 Exception <a 'java/security/PrivilegedActionException'> (0x00000000ed8081e0) thrown at [C:\workspace\8-2-build-windows-amd64-cygwin\jdk8u31\2394\hotspot\src\share\vm\prims\jvm.cpp, line 1312]
Event: 1.450 Thread 0x0000000002641000 Exception <a 'java/security/PrivilegedActionException'> (0x00000000ed80ad38) thrown at [C:\workspace\8-2-build-windows-amd64-cygwin\jdk8u31\2394\hotspot\src\share\vm\prims\jvm.cpp, line 1312]
Event: 1.520 Thread 0x0000000002641000 Exception <a 'java/security/PrivilegedActionException'> (0x00000000ed934458) thrown at [C:\workspace\8-2-build-windows-amd64-cygwin\jdk8u31\2394\hotspot\src\share\vm\prims\jvm.cpp, line 1312]

Events (10 events):
Event: 1.418 Thread 0x0000000002641000 DEOPT PACKING pc=0x0000000002dea6ad sp=0x000000000253f070
Event: 1.418 Thread 0x0000000002641000 DEOPT UNPACKING pc=0x00000000027875bf sp=0x000000000253edc0 mode 0
Event: 1.448 loading class com/android/dx/dex/file/DebugInfoEncoder
Event: 1.448 loading class com/android/dx/dex/file/DebugInfoEncoder done
Event: 1.450 loading class com/android/dx/dex/file/DebugInfoEncoder$1
Event: 1.450 loading class com/android/dx/dex/file/DebugInfoEncoder$1 done
Event: 1.450 loading class com/android/dx/dex/file/DebugInfoEncoder$2
Event: 1.450 loading class com/android/dx/dex/file/DebugInfoEncoder$2 done
Event: 1.520 loading class com/android/dex/EncodedValueCodec
Event: 1.520 loading class com/android/dex/EncodedValueCodec done


Dynamic libraries:
0x00007ff68bf40000 - 0x00007ff68bf74000 	C:\Program Files\Java\jdk1.8.0_31\bin\java.exe
0x00007ffa8d2a0000 - 0x00007ffa8d471000 	C:\WINDOWS\SYSTEM32\ntdll.dll
0x00007ffa8b1a0000 - 0x00007ffa8b24c000 	C:\WINDOWS\System32\KERNEL32.DLL
0x00007ffa8a1e0000 - 0x00007ffa8a3fd000 	C:\WINDOWS\System32\KERNELBASE.dll
0x00007ffa8b330000 - 0x00007ffa8b3d2000 	C:\WINDOWS\System32\ADVAPI32.dll
0x00007ffa8d0d0000 - 0x00007ffa8d16e000 	C:\WINDOWS\System32\msvcrt.dll
0x00007ffa8ab90000 - 0x00007ffa8abe9000 	C:\WINDOWS\System32\sechost.dll
0x00007ffa8d170000 - 0x00007ffa8d291000 	C:\WINDOWS\System32\RPCRT4.dll
0x00007ffa8b020000 - 0x00007ffa8b185000 	C:\WINDOWS\System32\USER32.dll
0x00007ffa8a470000 - 0x00007ffa8a48e000 	C:\WINDOWS\System32\win32u.dll
0x00007ffa8b250000 - 0x00007ffa8b284000 	C:\WINDOWS\System32\GDI32.dll
0x00007ffa8a490000 - 0x00007ffa8a612000 	C:\WINDOWS\System32\gdi32full.dll
0x00007ffa7c4b0000 - 0x00007ffa7c72a000 	C:\WINDOWS\WinSxS\amd64_microsoft.windows.common-controls_6595b64144ccf1df_6.0.14393.953_none_42151e83c686086b\COMCTL32.dll
0x00007ffa8a860000 - 0x00007ffa8ab28000 	C:\WINDOWS\System32\combase.dll
0x00007ffa8a620000 - 0x00007ffa8a715000 	C:\WINDOWS\System32\ucrtbase.dll
0x00007ffa8a400000 - 0x00007ffa8a46a000 	C:\WINDOWS\System32\bcryptPrimitives.dll
0x00007ffa8a830000 - 0x00007ffa8a85e000 	C:\WINDOWS\System32\IMM32.DLL
0x0000000065330000 - 0x0000000065402000 	C:\Program Files\Java\jdk1.8.0_31\jre\bin\msvcr100.dll
0x0000000064ad0000 - 0x000000006532a000 	C:\Program Files\Java\jdk1.8.0_31\jre\bin\server\jvm.dll
0x00007ffa8b190000 - 0x00007ffa8b198000 	C:\WINDOWS\System32\PSAPI.DLL
0x00007ffa7ff90000 - 0x00007ffa7ff99000 	C:\WINDOWS\SYSTEM32\WSOCK32.dll
0x00007ffa8b580000 - 0x00007ffa8b5ea000 	C:\WINDOWS\System32\WS2_32.dll
0x00007ffa87700000 - 0x00007ffa87723000 	C:\WINDOWS\SYSTEM32\WINMM.dll
0x00007ffa876a0000 - 0x00007ffa876cb000 	C:\WINDOWS\SYSTEM32\WINMMBASE.dll
0x00007ffa8a190000 - 0x00007ffa8a1d2000 	C:\WINDOWS\System32\cfgmgr32.dll
0x0000000064ac0000 - 0x0000000064acf000 	C:\Program Files\Java\jdk1.8.0_31\jre\bin\verify.dll
0x0000000064a90000 - 0x0000000064ab8000 	C:\Program Files\Java\jdk1.8.0_31\jre\bin\java.dll
0x0000000064a70000 - 0x0000000064a86000 	C:\Program Files\Java\jdk1.8.0_31\jre\bin\zip.dll
0x00007ffa8b690000 - 0x00007ffa8cb98000 	C:\WINDOWS\System32\SHELL32.dll
0x00007ffa89790000 - 0x00007ffa89e6a000 	C:\WINDOWS\System32\windows.storage.dll
0x00007ffa89700000 - 0x00007ffa8974c000 	C:\WINDOWS\System32\powrprof.dll
0x00007ffa8cd70000 - 0x00007ffa8cdc2000 	C:\WINDOWS\System32\shlwapi.dll
0x00007ffa89780000 - 0x00007ffa8978f000 	C:\WINDOWS\System32\kernel.appcore.dll
0x00007ffa8a0e0000 - 0x00007ffa8a189000 	C:\WINDOWS\System32\shcore.dll
0x00007ffa89760000 - 0x00007ffa89774000 	C:\WINDOWS\System32\profapi.dll
0x00007ffa6d060000 - 0x00007ffa6d1f2000 	C:\WINDOWS\SYSTEM32\dbghelp.dll

VM Arguments:
jvm_args: -Djava.awt.headless=true -Xmx1024M -Dfile.encoding=GBK -Duser.country=CN -Duser.language=zh -Duser.variant 
java_command: com.android.dx.command.Main --dex --num-threads=4 --output G:\BaiduNetdiskDownload\BaseProject\BaseProject\app\build\intermediates\pre-dexed\debug\debug_182e8e1506b15397903bebd484d5d11e27f6a92f.jar G:\BaiduNetdiskDownload\BaseProject\BaseProject\app\build\intermediates\classes\debug
java_class_path (initial): E:\AndroidStudio\Sdk\build-tools\25.0.0\lib\dx.jar
Launcher Type: SUN_STANDARD

Environment Variables:
JAVA_HOME=C:\Program Files\Java\jdk1.8.0_31
CLASSPATH=.;C:\Program Files\Java\jdk1.8.0_31\lib\dt.jar;C:\Program Files\Java\jdk1.8.0_31\lib\tools.jar;
PATH=C:\ProgramData\Oracle\Java\javapath;C:\WINDOWS\system32;C:\WINDOWS;C:\WINDOWS\System32\Wbem;C:\WINDOWS\System32\WindowsPowerShell\v1.0\;C:\Program Files\Java\jdk1.8.0_73\bin;C:\Program Files\TortoiseSVN\bin;E:\VisualSVN Server\bin;C:\Program Files\Java\jdk1.8.0_31\bin;G:\java\jdk\bin
USERNAME=SEELE
OS=Windows_NT
PROCESSOR_IDENTIFIER=Intel64 Family 6 Model 158 Stepping 9, GenuineIntel



---------------  S Y S T E M  ---------------

OS: Windows 8.1 , 64 bit Build 9600 

CPU:total 4 (4 cores per cpu, 1 threads per core) family 6 model 158 stepping 9, cmov, cx8, fxsr, mmx, sse, sse2, sse3, ssse3, sse4.1, sse4.2, popcnt, avx, avx2, aes, clmul, erms, rtm, lzcnt, tsc, tscinvbit, bmi1, bmi2

Memory: 4k page, physical 8305452k(1085308k free), swap 14798260k(9868k free)

vm_info: Java HotSpot(TM) 64-Bit Server VM (25.31-b07) for windows-amd64 JRE (1.8.0_31-b13), built on Dec 17 2014 21:00:28 by "java_re" with MS VC++ 10.0 (VS2010)

time: Thu Jul 20 11:36:41 2017
elapsed time: 1 seconds (0d 0h 0m 1s)

