#
# There is insufficient memory for the Java Runtime Environment to continue.
# Native memory allocation (malloc) failed to allocate 1365376 bytes for Chunk::new
# Possible reasons:
#   The system is out of physical RAM or swap space
#   In 32 bit mode, the process size limit was hit
# Possible solutions:
#   Reduce memory load on the system
#   Increase physical memory or swap space
#   Check if swap backing store is full
#   Use 64 bit Java on a 64 bit OS
#   Decrease Java heap size (-Xmx/-Xms)
#   Decrease number of Java threads
#   Decrease Java thread stack sizes (-Xss)
#   Set larger code cache with -XX:ReservedCodeCacheSize=
# This output file may be truncated or incomplete.
#
#  Out of Memory Error (allocation.cpp:390), pid=21432, tid=22248
#
# JRE version: Java(TM) SE Runtime Environment (8.0_31-b13) (build 1.8.0_31-b13)
# Java VM: Java HotSpot(TM) 64-Bit Server VM (25.31-b07 mixed mode windows-amd64 compressed oops)
# Failed to write core dump. Minidumps are not enabled by default on client versions of Windows
#

---------------  T H R E A D  ---------------

Current thread (0x0000000016e40000):  JavaThread "C2 CompilerThread1" daemon [_thread_in_native, id=22248, stack(0x00000000171f0000,0x00000000172f0000)]

Stack: [0x00000000171f0000,0x00000000172f0000]
Native frames: (J=compiled Java code, j=interpreted, Vv=VM code, C=native code)
V  [jvm.dll+0x3169ba]
V  [jvm.dll+0x2674c3]
V  [jvm.dll+0x268103]
V  [jvm.dll+0x25f8f5]
V  [jvm.dll+0xbf025]
V  [jvm.dll+0xbf4cc]
V  [jvm.dll+0x45df82]
V  [jvm.dll+0x49f21f]
V  [jvm.dll+0x452daf]
V  [jvm.dll+0x454124]
V  [jvm.dll+0x437c62]
V  [jvm.dll+0x988e2]
V  [jvm.dll+0x990d3]
V  [jvm.dll+0x22c194]
V  [jvm.dll+0x28576a]
C  [msvcr100.dll+0x21d9f]
C  [msvcr100.dll+0x21e3b]
C  [KERNEL32.DLL+0x8364]
C  [ntdll.dll+0x670d1]


Current CompileTask:
C2:    896 1401   !   4       com.android.dx.cf.code.BytecodeArray::parseInstruction (2764 bytes)


---------------  P R O C E S S  ---------------

Java Threads: ( => current thread )
  0x0000000017115000 JavaThread "pool-1-thread-4" [_thread_blocked, id=5952, stack(0x00000000181f0000,0x00000000182f0000)]
  0x0000000017114000 JavaThread "pool-1-thread-3" [_thread_in_Java, id=9188, stack(0x00000000180f0000,0x00000000181f0000)]
  0x0000000017110800 JavaThread "pool-1-thread-2" [_thread_in_Java, id=31000, stack(0x0000000017ff0000,0x00000000180f0000)]
  0x000000001714e800 JavaThread "pool-2-thread-1" [_thread_blocked, id=18724, stack(0x0000000017ef0000,0x0000000017ff0000)]
  0x000000001714b800 JavaThread "pool-1-thread-1" [_thread_in_Java, id=30112, stack(0x0000000017df0000,0x0000000017ef0000)]
  0x0000000016e47800 JavaThread "Service Thread" daemon [_thread_blocked, id=16704, stack(0x00000000173f0000,0x00000000174f0000)]
  0x0000000016e42800 JavaThread "C1 CompilerThread2" daemon [_thread_blocked, id=14092, stack(0x00000000172f0000,0x00000000173f0000)]
=>0x0000000016e40000 JavaThread "C2 CompilerThread1" daemon [_thread_in_native, id=22248, stack(0x00000000171f0000,0x00000000172f0000)]
  0x00000000157e9000 JavaThread "C2 CompilerThread0" daemon [_thread_in_native, id=12800, stack(0x0000000016cf0000,0x0000000016df0000)]
  0x00000000157e8800 JavaThread "Attach Listener" daemon [_thread_blocked, id=8776, stack(0x0000000016bf0000,0x0000000016cf0000)]
  0x000000001579c800 JavaThread "Signal Dispatcher" daemon [_thread_blocked, id=19424, stack(0x0000000016af0000,0x0000000016bf0000)]
  0x000000000307f000 JavaThread "Finalizer" daemon [_thread_blocked, id=42076, stack(0x00000000169e0000,0x0000000016ae0000)]
  0x0000000015758800 JavaThread "Reference Handler" daemon [_thread_blocked, id=26992, stack(0x00000000168e0000,0x00000000169e0000)]
  0x0000000002f91000 JavaThread "main" [_thread_in_native, id=29460, stack(0x0000000002a30000,0x0000000002b30000)]

Other Threads:
  0x0000000015756800 VMThread [stack: 0x00000000167e0000,0x00000000168e0000] [id=10804]
  0x0000000016e4a800 WatcherThread [stack: 0x00000000174f0000,0x00000000175f0000] [id=41632]

VM state:not at safepoint (normal execution)

VM Mutex/Monitor currently owned by a thread: None

Heap:
 PSYoungGen      total 38400K, used 26442K [0x00000000eab00000, 0x00000000ed580000, 0x0000000100000000)
  eden space 33280K, 64% used [0x00000000eab00000,0x00000000ebfd5d80,0x00000000ecb80000)
  from space 5120K, 99% used [0x00000000ecb80000,0x00000000ed07cae8,0x00000000ed080000)
  to   space 5120K, 0% used [0x00000000ed080000,0x00000000ed080000,0x00000000ed580000)
 ParOldGen       total 87552K, used 1245K [0x00000000c0000000, 0x00000000c5580000, 0x00000000eab00000)
  object space 87552K, 1% used [0x00000000c0000000,0x00000000c01375d0,0x00000000c5580000)
 Metaspace       used 6137K, capacity 7024K, committed 7296K, reserved 1056768K
  class space    used 596K, capacity 616K, committed 640K, reserved 1048576K

Card table byte_map: [0x0000000012460000,0x0000000012670000] byte_map_base: 0x0000000011e60000

Marking Bits: (ParMarkBitMap*) 0x00000000652ad4f0
 Begin Bits: [0x0000000012bd0000, 0x0000000013bd0000)
 End Bits:   [0x0000000013bd0000, 0x0000000014bd0000)

Polling page: 0x00000000012e0000

CodeCache: size=245760Kb used=5670Kb max_used=5670Kb free=240089Kb
 bounds [0x00000000030a0000, 0x0000000003630000, 0x00000000120a0000]
 total_blobs=1711 nmethods=1444 adapters=181
 compilation: enabled

Compilation events (10 events):
Event: 0.884 Thread 0x0000000016e42800 nmethod 1430 0x0000000003619990 code [0x0000000003619b00, 0x0000000003619d58]
Event: 0.884 Thread 0x0000000016e42800 1431       3       com.android.dx.ssa.back.IdenticalBlockCombiner::<init> (32 bytes)
Event: 0.884 Thread 0x0000000016e42800 nmethod 1431 0x0000000003619e50 code [0x0000000003619fe0, 0x000000000361a468]
Event: 0.884 Thread 0x0000000016e42800 1435       3       com.android.dx.ssa.ConstCollector::run (236 bytes)
Event: 0.887 Thread 0x0000000016e42800 nmethod 1435 0x000000000361a650 code [0x000000000361abe0, 0x000000000361e178]
Event: 0.887 Thread 0x0000000016e42800 1436       3       com.android.dx.cf.code.ConcreteMethod::getMaxStack (8 bytes)
Event: 0.887 Thread 0x0000000016e42800 nmethod 1436 0x0000000003620e10 code [0x0000000003620f60, 0x0000000003621150]
Event: 0.887 Thread 0x0000000016e42800 1432       3       com.android.dx.ssa.ConstCollector::process (14 bytes)
Event: 0.887 Thread 0x0000000016e42800 nmethod 1432 0x0000000003621210 code [0x0000000003621380, 0x0000000003621608]
Event: 0.887 Thread 0x0000000016e42800 1433       3       com.android.dx.dex.code.RopTranslator::calculateParamsAreInOrder (37 bytes)

GC Heap History (2 events):
Event: 0.793 GC heap before
{Heap before GC invocations=1 (full 0):
 PSYoungGen      total 38400K, used 33280K [0x00000000eab00000, 0x00000000ed580000, 0x0000000100000000)
  eden space 33280K, 100% used [0x00000000eab00000,0x00000000ecb80000,0x00000000ecb80000)
  from space 5120K, 0% used [0x00000000ed080000,0x00000000ed080000,0x00000000ed580000)
  to   space 5120K, 0% used [0x00000000ecb80000,0x00000000ecb80000,0x00000000ed080000)
 ParOldGen       total 87552K, used 0K [0x00000000c0000000, 0x00000000c5580000, 0x00000000eab00000)
  object space 87552K, 0% used [0x00000000c0000000,0x00000000c0000000,0x00000000c5580000)
 Metaspace       used 6007K, capacity 6896K, committed 7040K, reserved 1056768K
  class space    used 596K, capacity 616K, committed 640K, reserved 1048576K
Event: 0.800 GC heap after
Heap after GC invocations=1 (full 0):
 PSYoungGen      total 38400K, used 5106K [0x00000000eab00000, 0x00000000ed580000, 0x0000000100000000)
  eden space 33280K, 0% used [0x00000000eab00000,0x00000000eab00000,0x00000000ecb80000)
  from space 5120K, 99% used [0x00000000ecb80000,0x00000000ed07cae8,0x00000000ed080000)
  to   space 5120K, 0% used [0x00000000ed080000,0x00000000ed080000,0x00000000ed580000)
 ParOldGen       total 87552K, used 1245K [0x00000000c0000000, 0x00000000c5580000, 0x00000000eab00000)
  object space 87552K, 1% used [0x00000000c0000000,0x00000000c01375d0,0x00000000c5580000)
 Metaspace       used 6007K, capacity 6896K, committed 7040K, reserved 1056768K
  class space    used 596K, capacity 616K, committed 640K, reserved 1048576K
}

Deoptimization events (4 events):
Event: 0.718 Thread 0x0000000017115000 Uncommon trap: reason=bimorphic action=maybe_recompile pc=0x000000000335609c method=java.util.HashMap.getNode(ILjava/lang/Object;)Ljava/util/HashMap$Node; @ 126
Event: 0.733 Thread 0x0000000017110800 Uncommon trap: reason=unreached action=reinterpret pc=0x000000000347122c method=com.android.dx.rop.code.LocalItem.hashCode()I @ 25
Event: 0.733 Thread 0x0000000017110800 Uncommon trap: reason=unreached action=reinterpret pc=0x0000000003410cdc method=com.android.dx.rop.code.LocalItem.hashCode()I @ 25
Event: 0.849 Thread 0x000000001714b800 Uncommon trap: reason=bimorphic action=maybe_recompile pc=0x000000000335609c method=java.util.HashMap.getNode(ILjava/lang/Object;)Ljava/util/HashMap$Node; @ 126

Internal exceptions (10 events):
Event: 0.504 Thread 0x0000000017114000 Exception <a 'java/security/PrivilegedActionException'> (0x00000000eb9d1d70) thrown at [C:\workspace\8-2-build-windows-amd64-cygwin\jdk8u31\2394\hotspot\src\share\vm\prims\jvm.cpp, line 1312]
Event: 0.505 Thread 0x0000000017114000 Exception <a 'java/security/PrivilegedActionException'> (0x00000000eb9d75a8) thrown at [C:\workspace\8-2-build-windows-amd64-cygwin\jdk8u31\2394\hotspot\src\share\vm\prims\jvm.cpp, line 1312]
Event: 0.505 Thread 0x0000000017114000 Exception <a 'java/security/PrivilegedActionException'> (0x00000000eb9dcb60) thrown at [C:\workspace\8-2-build-windows-amd64-cygwin\jdk8u31\2394\hotspot\src\share\vm\prims\jvm.cpp, line 1312]
Event: 0.508 Thread 0x0000000017110800 Exception <a 'java/security/PrivilegedActionException'> (0x00000000ebad5828) thrown at [C:\workspace\8-2-build-windows-amd64-cygwin\jdk8u31\2394\hotspot\src\share\vm\prims\jvm.cpp, line 1312]
Event: 0.559 Thread 0x0000000017114000 Exception <a 'java/security/PrivilegedActionException'> (0x00000000ebc1b760) thrown at [C:\workspace\8-2-build-windows-amd64-cygwin\jdk8u31\2394\hotspot\src\share\vm\prims\jvm.cpp, line 1312]
Event: 0.568 Thread 0x000000001714b800 Exception <a 'java/security/PrivilegedActionException'> (0x00000000ebe845e0) thrown at [C:\workspace\8-2-build-windows-amd64-cygwin\jdk8u31\2394\hotspot\src\share\vm\prims\jvm.cpp, line 1312]
Event: 0.588 Thread 0x0000000017110800 Exception <a 'java/security/PrivilegedActionException'> (0x00000000ebb3f400) thrown at [C:\workspace\8-2-build-windows-amd64-cygwin\jdk8u31\2394\hotspot\src\share\vm\prims\jvm.cpp, line 1312]
Event: 0.723 Thread 0x0000000002f91000 Exception <a 'java/security/PrivilegedActionException'> (0x00000000ebe7fcb8) thrown at [C:\workspace\8-2-build-windows-amd64-cygwin\jdk8u31\2394\hotspot\src\share\vm\prims\jvm.cpp, line 1312]
Event: 0.727 Thread 0x0000000002f91000 Exception <a 'java/security/PrivilegedActionException'> (0x00000000ec3c6fb8) thrown at [C:\workspace\8-2-build-windows-amd64-cygwin\jdk8u31\2394\hotspot\src\share\vm\prims\jvm.cpp, line 1312]
Event: 0.738 Thread 0x0000000017115000 Exception <a 'java/security/PrivilegedActionException'> (0x00000000ec554208) thrown at [C:\workspace\8-2-build-windows-amd64-cygwin\jdk8u31\2394\hotspot\src\share\vm\prims\jvm.cpp, line 1312]

Events (10 events):
Event: 0.738 loading class com/android/dx/cf/code/SwitchList done
Event: 0.780 loading class java/util/DualPivotQuicksort
Event: 0.780 loading class java/util/DualPivotQuicksort done
Event: 0.786 Executing VM operation: ForceSafepoint
Event: 0.790 Executing VM operation: ForceSafepoint done
Event: 0.793 Executing VM operation: ParallelGCFailedAllocation
Event: 0.800 Executing VM operation: ParallelGCFailedAllocation done
Event: 0.849 Thread 0x000000001714b800 Uncommon trap: trap_request=0xffffffc6 fr.pc=0x000000000335609c
Event: 0.849 Thread 0x000000001714b800 DEOPT PACKING pc=0x000000000335609c sp=0x0000000017eee720
Event: 0.849 Thread 0x000000001714b800 DEOPT UNPACKING pc=0x00000000030e556a sp=0x0000000017eee638 mode 2


Dynamic libraries:
0x00007ff61d850000 - 0x00007ff61d884000 	C:\Program Files\Java\jdk1.8.0_31\bin\java.exe
0x00007ffa8d2a0000 - 0x00007ffa8d471000 	C:\WINDOWS\SYSTEM32\ntdll.dll
0x00007ffa8b1a0000 - 0x00007ffa8b24c000 	C:\WINDOWS\System32\KERNEL32.DLL
0x00007ffa8a1e0000 - 0x00007ffa8a3fd000 	C:\WINDOWS\System32\KERNELBASE.dll
0x00007ffa8b330000 - 0x00007ffa8b3d2000 	C:\WINDOWS\System32\ADVAPI32.dll
0x00007ffa8d0d0000 - 0x00007ffa8d16e000 	C:\WINDOWS\System32\msvcrt.dll
0x00007ffa8ab90000 - 0x00007ffa8abe9000 	C:\WINDOWS\System32\sechost.dll
0x00007ffa8d170000 - 0x00007ffa8d291000 	C:\WINDOWS\System32\RPCRT4.dll
0x00007ffa8b020000 - 0x00007ffa8b185000 	C:\WINDOWS\System32\USER32.dll
0x00007ffa8a470000 - 0x00007ffa8a48e000 	C:\WINDOWS\System32\win32u.dll
0x00007ffa8b250000 - 0x00007ffa8b284000 	C:\WINDOWS\System32\GDI32.dll
0x00007ffa8a490000 - 0x00007ffa8a612000 	C:\WINDOWS\System32\gdi32full.dll
0x00007ffa7c4b0000 - 0x00007ffa7c72a000 	C:\WINDOWS\WinSxS\amd64_microsoft.windows.common-controls_6595b64144ccf1df_6.0.14393.953_none_42151e83c686086b\COMCTL32.dll
0x00007ffa8a860000 - 0x00007ffa8ab28000 	C:\WINDOWS\System32\combase.dll
0x00007ffa8a620000 - 0x00007ffa8a715000 	C:\WINDOWS\System32\ucrtbase.dll
0x00007ffa8a400000 - 0x00007ffa8a46a000 	C:\WINDOWS\System32\bcryptPrimitives.dll
0x00007ffa8a830000 - 0x00007ffa8a85e000 	C:\WINDOWS\System32\IMM32.DLL
0x0000000065330000 - 0x0000000065402000 	C:\Program Files\Java\jdk1.8.0_31\jre\bin\msvcr100.dll
0x0000000064ad0000 - 0x000000006532a000 	C:\Program Files\Java\jdk1.8.0_31\jre\bin\server\jvm.dll
0x00007ffa8b190000 - 0x00007ffa8b198000 	C:\WINDOWS\System32\PSAPI.DLL
0x00007ffa86a30000 - 0x00007ffa86a39000 	C:\WINDOWS\SYSTEM32\WSOCK32.dll
0x00007ffa8b580000 - 0x00007ffa8b5ea000 	C:\WINDOWS\System32\WS2_32.dll
0x00007ffa87700000 - 0x00007ffa87723000 	C:\WINDOWS\SYSTEM32\WINMM.dll
0x00007ffa876a0000 - 0x00007ffa876cb000 	C:\WINDOWS\SYSTEM32\WINMMBASE.dll
0x00007ffa8a190000 - 0x00007ffa8a1d2000 	C:\WINDOWS\System32\cfgmgr32.dll
0x0000000066170000 - 0x000000006617f000 	C:\Program Files\Java\jdk1.8.0_31\jre\bin\verify.dll
0x0000000066140000 - 0x0000000066168000 	C:\Program Files\Java\jdk1.8.0_31\jre\bin\java.dll
0x0000000066120000 - 0x0000000066136000 	C:\Program Files\Java\jdk1.8.0_31\jre\bin\zip.dll
0x00007ffa8b690000 - 0x00007ffa8cb98000 	C:\WINDOWS\System32\SHELL32.dll
0x00007ffa89790000 - 0x00007ffa89e6a000 	C:\WINDOWS\System32\windows.storage.dll
0x00007ffa89700000 - 0x00007ffa8974c000 	C:\WINDOWS\System32\powrprof.dll
0x00007ffa8cd70000 - 0x00007ffa8cdc2000 	C:\WINDOWS\System32\shlwapi.dll
0x00007ffa89780000 - 0x00007ffa8978f000 	C:\WINDOWS\System32\kernel.appcore.dll
0x00007ffa8a0e0000 - 0x00007ffa8a189000 	C:\WINDOWS\System32\shcore.dll
0x00007ffa89760000 - 0x00007ffa89774000 	C:\WINDOWS\System32\profapi.dll
0x00007ffa6d060000 - 0x00007ffa6d1f2000 	C:\WINDOWS\SYSTEM32\dbghelp.dll

VM Arguments:
jvm_args: -Djava.awt.headless=true -Xmx1024M -Dfile.encoding=GBK -Duser.country=CN -Duser.language=zh -Duser.variant 
java_command: com.android.dx.command.Main --dex --num-threads=4 --output G:\BaiduNetdiskDownload\BaseProject\BaseProject\app\build\intermediates\pre-dexed\debug\com.android.support-appcompat-v7-25.3.1_4694909b8df168a8c28c85c28c7dd3315a7c4033.jar G:\BaiduNetdiskDownload\BaseProject\BaseProject\app\build\intermediates\exploded-aar\com.android.support\appcompat-v7\25.3.1\jars\classes.jar
java_class_path (initial): E:\AndroidStudio\Sdk\build-tools\25.0.0\lib\dx.jar
Launcher Type: SUN_STANDARD

Environment Variables:
JAVA_HOME=C:\Program Files\Java\jdk1.8.0_31
CLASSPATH=.;C:\Program Files\Java\jdk1.8.0_31\lib\dt.jar;C:\Program Files\Java\jdk1.8.0_31\lib\tools.jar;
PATH=C:\ProgramData\Oracle\Java\javapath;C:\WINDOWS\system32;C:\WINDOWS;C:\WINDOWS\System32\Wbem;C:\WINDOWS\System32\WindowsPowerShell\v1.0\;C:\Program Files\Java\jdk1.8.0_73\bin;C:\Program Files\TortoiseSVN\bin;E:\VisualSVN Server\bin;C:\Program Files\Java\jdk1.8.0_31\bin;G:\java\jdk\bin
USERNAME=SEELE
OS=Windows_NT
PROCESSOR_IDENTIFIER=Intel64 Family 6 Model 158 Stepping 9, GenuineIntel



---------------  S Y S T E M  ---------------

OS: Windows 8.1 , 64 bit Build 9600 

CPU:total 4 (4 cores per cpu, 1 threads per core) family 6 model 158 stepping 9, cmov, cx8, fxsr, mmx, sse, sse2, sse3, ssse3, sse4.1, sse4.2, popcnt, avx, avx2, aes, clmul, erms, rtm, lzcnt, tsc, tscinvbit, bmi1, bmi2

Memory: 4k page, physical 8305452k(1310712k free), swap 14798260k(4308k free)

vm_info: Java HotSpot(TM) 64-Bit Server VM (25.31-b07) for windows-amd64 JRE (1.8.0_31-b13), built on Dec 17 2014 21:00:28 by "java_re" with MS VC++ 10.0 (VS2010)

time: Tue Jul 18 20:18:57 2017
elapsed time: 0 seconds (0d 0h 0m 0s)

