#
# There is insufficient memory for the Java Runtime Environment to continue.
# Native memory allocation (malloc) failed to allocate 438816 bytes for Chunk::new
# Possible reasons:
#   The system is out of physical RAM or swap space
#   In 32 bit mode, the process size limit was hit
# Possible solutions:
#   Reduce memory load on the system
#   Increase physical memory or swap space
#   Check if swap backing store is full
#   Use 64 bit Java on a 64 bit OS
#   Decrease Java heap size (-Xmx/-Xms)
#   Decrease number of Java threads
#   Decrease Java thread stack sizes (-Xss)
#   Set larger code cache with -XX:ReservedCodeCacheSize=
# This output file may be truncated or incomplete.
#
#  Out of Memory Error (allocation.cpp:390), pid=14156, tid=49780
#
# JRE version: Java(TM) SE Runtime Environment (8.0_31-b13) (build 1.8.0_31-b13)
# Java VM: Java HotSpot(TM) 64-Bit Server VM (25.31-b07 mixed mode windows-amd64 compressed oops)
# Failed to write core dump. Minidumps are not enabled by default on client versions of Windows
#

---------------  T H R E A D  ---------------

Current thread (0x00000000151fc800):  JavaThread "C2 CompilerThread1" daemon [_thread_in_native, id=49780, stack(0x0000000016bf0000,0x0000000016cf0000)]

Stack: [0x0000000016bf0000,0x0000000016cf0000]
Native frames: (J=compiled Java code, j=interpreted, Vv=VM code, C=native code)
V  [jvm.dll+0x3169ba]


Current CompileTask:
C2:    827 1049       4       com.android.dx.ssa.SCCP::simulatePhi (169 bytes)


---------------  P R O C E S S  ---------------

Java Threads: ( => current thread )
  0x0000000016963800 JavaThread "pool-2-thread-1" [_thread_blocked, id=4768, stack(0x00000000170f0000,0x00000000171f0000)]
  0x000000001695e800 JavaThread "pool-1-thread-1" [_thread_in_Java, id=42092, stack(0x0000000016ff0000,0x00000000170f0000)]
  0x000000001684f000 JavaThread "Service Thread" daemon [_thread_blocked, id=5292, stack(0x0000000016df0000,0x0000000016ef0000)]
  0x0000000016842000 JavaThread "C1 CompilerThread2" daemon [_thread_blocked, id=6480, stack(0x0000000016cf0000,0x0000000016df0000)]
=>0x00000000151fc800 JavaThread "C2 CompilerThread1" daemon [_thread_in_native, id=49780, stack(0x0000000016bf0000,0x0000000016cf0000)]
  0x00000000151f8800 JavaThread "C2 CompilerThread0" daemon [_thread_in_native, id=44388, stack(0x00000000166f0000,0x00000000167f0000)]
  0x00000000151ae000 JavaThread "Attach Listener" daemon [_thread_blocked, id=21620, stack(0x00000000165f0000,0x00000000166f0000)]
  0x00000000151ad000 JavaThread "Signal Dispatcher" daemon [_thread_blocked, id=14208, stack(0x00000000164f0000,0x00000000165f0000)]
  0x0000000002ac4800 JavaThread "Finalizer" daemon [_thread_blocked, id=44788, stack(0x00000000163f0000,0x00000000164f0000)]
  0x0000000015168800 JavaThread "Reference Handler" daemon [_thread_blocked, id=46368, stack(0x00000000162f0000,0x00000000163f0000)]
  0x00000000029d1000 JavaThread "main" [_thread_blocked, id=48108, stack(0x00000000028d0000,0x00000000029d0000)]

Other Threads:
  0x0000000015166800 VMThread [stack: 0x00000000161f0000,0x00000000162f0000] [id=22044]
  0x0000000016852000 WatcherThread [stack: 0x0000000016ef0000,0x0000000016ff0000] [id=48860]

VM state:not at safepoint (normal execution)

VM Mutex/Monitor currently owned by a thread: None

Heap:
 PSYoungGen      total 38400K, used 23344K [0x00000000eab00000, 0x00000000ed580000, 0x0000000100000000)
  eden space 33280K, 70% used [0x00000000eab00000,0x00000000ec1cc240,0x00000000ecb80000)
  from space 5120K, 0% used [0x00000000ed080000,0x00000000ed080000,0x00000000ed580000)
  to   space 5120K, 0% used [0x00000000ecb80000,0x00000000ecb80000,0x00000000ed080000)
 ParOldGen       total 87552K, used 0K [0x00000000c0000000, 0x00000000c5580000, 0x00000000eab00000)
  object space 87552K, 0% used [0x00000000c0000000,0x00000000c0000000,0x00000000c5580000)
 Metaspace       used 5871K, capacity 6832K, committed 7040K, reserved 1056768K
  class space    used 593K, capacity 616K, committed 640K, reserved 1048576K

Card table byte_map: [0x0000000011e90000,0x00000000120a0000] byte_map_base: 0x0000000011890000

Marking Bits: (ParMarkBitMap*) 0x00000000652ad4f0
 Begin Bits: [0x0000000012600000, 0x0000000013600000)
 End Bits:   [0x0000000013600000, 0x0000000014600000)

Polling page: 0x00000000024d0000

CodeCache: size=245760Kb used=4286Kb max_used=4286Kb free=241473Kb
 bounds [0x0000000002ad0000, 0x0000000002f10000, 0x0000000011ad0000]
 total_blobs=1322 nmethods=1056 adapters=180
 compilation: enabled

Compilation events (10 events):
Event: 0.821 Thread 0x0000000016842000 nmethod 1053 0x0000000002efd250 code [0x0000000002efd3c0, 0x0000000002efd6e8]
Event: 0.821 Thread 0x0000000016842000 1054       3       com.android.dx.rop.code.InsnList::contentEquals (54 bytes)
Event: 0.821 Thread 0x0000000016842000 nmethod 1054 0x0000000002ee3a10 code [0x0000000002ee3be0, 0x0000000002ee4688]
Event: 0.822 Thread 0x0000000016842000 1055       1       com.android.dx.rop.code.Insn$BaseVisitor::visitPlainInsn (1 bytes)
Event: 0.822 Thread 0x0000000016842000 nmethod 1055 0x0000000002ee3750 code [0x0000000002ee38a0, 0x0000000002ee39b0]
Event: 0.822 Thread 0x0000000016842000 1057       3       com.android.dx.rop.type.StdTypeList::withFirst (53 bytes)
Event: 0.823 Thread 0x0000000016842000 nmethod 1057 0x0000000002f00990 code [0x0000000002f00c00, 0x0000000002f01cb8]
Event: 0.825 Thread 0x0000000016842000 1058       3       com.android.dx.ssa.NormalSsaInsn::canThrow (8 bytes)
Event: 0.825 Thread 0x0000000016842000 nmethod 1058 0x0000000002efcad0 code [0x0000000002efcc60, 0x0000000002efd0a8]
Event: 0.825 Thread 0x0000000016842000 1059       3       com.android.dx.dex.code.OutputFinisher::hasLocalInfo (75 bytes)

GC Heap History (0 events):
No events

Deoptimization events (10 events):
Event: 0.558 Thread 0x000000001695e800 Uncommon trap: reason=class_check action=maybe_recompile pc=0x0000000002d5bebc method=com.android.dx.rop.type.Type.equals(Ljava/lang/Object;)Z @ 8
Event: 0.590 Thread 0x000000001695e800 Uncommon trap: reason=class_check action=maybe_recompile pc=0x0000000002e716ac method=com.android.dx.ssa.NormalSsaInsn.accept(Lcom/android/dx/ssa/SsaInsn$Visitor;)V @ 9
Event: 0.590 Thread 0x000000001695e800 Uncommon trap: reason=class_check action=maybe_recompile pc=0x0000000002e716ac method=com.android.dx.ssa.NormalSsaInsn.accept(Lcom/android/dx/ssa/SsaInsn$Visitor;)V @ 9
Event: 0.590 Thread 0x000000001695e800 Uncommon trap: reason=class_check action=maybe_recompile pc=0x0000000002e716ac method=com.android.dx.ssa.NormalSsaInsn.accept(Lcom/android/dx/ssa/SsaInsn$Visitor;)V @ 9
Event: 0.590 Thread 0x000000001695e800 Uncommon trap: reason=class_check action=maybe_recompile pc=0x0000000002e716ac method=com.android.dx.ssa.NormalSsaInsn.accept(Lcom/android/dx/ssa/SsaInsn$Visitor;)V @ 9
Event: 0.590 Thread 0x000000001695e800 Uncommon trap: reason=class_check action=maybe_recompile pc=0x0000000002d2c570 method=com.android.dx.ssa.NormalSsaInsn.accept(Lcom/android/dx/ssa/SsaInsn$Visitor;)V @ 9
Event: 0.617 Thread 0x000000001695e800 Uncommon trap: reason=class_check action=maybe_recompile pc=0x0000000002e5ec14 method=java.util.Collections$UnmodifiableCollection$1.hasNext()Z @ 4
Event: 0.617 Thread 0x000000001695e800 Uncommon trap: reason=class_check action=maybe_recompile pc=0x0000000002e5ec14 method=java.util.Collections$UnmodifiableCollection$1.hasNext()Z @ 4
Event: 0.617 Thread 0x000000001695e800 Uncommon trap: reason=class_check action=maybe_recompile pc=0x0000000002e5ec14 method=java.util.Collections$UnmodifiableCollection$1.hasNext()Z @ 4
Event: 0.824 Thread 0x000000001695e800 Uncommon trap: reason=class_check action=maybe_recompile pc=0x0000000002d5bebc method=com.android.dx.rop.type.Type.equals(Ljava/lang/Object;)Z @ 8

Internal exceptions (10 events):
Event: 0.335 Thread 0x0000000016972000 Exception <a 'java/security/PrivilegedActionException'> (0x00000000eb5e2ec0) thrown at [C:\workspace\8-2-build-windows-amd64-cygwin\jdk8u31\2394\hotspot\src\share\vm\prims\jvm.cpp, line 1312]
Event: 0.336 Thread 0x0000000016964800 Exception <a 'java/security/PrivilegedActionException'> (0x00000000eb1dfc18) thrown at [C:\workspace\8-2-build-windows-amd64-cygwin\jdk8u31\2394\hotspot\src\share\vm\prims\jvm.cpp, line 1312]
Event: 0.337 Thread 0x0000000016964800 Exception <a 'java/security/PrivilegedActionException'> (0x00000000eb1ec458) thrown at [C:\workspace\8-2-build-windows-amd64-cygwin\jdk8u31\2394\hotspot\src\share\vm\prims\jvm.cpp, line 1312]
Event: 0.338 Thread 0x0000000016964800 Exception <a 'java/security/PrivilegedActionException'> (0x00000000eb1f2508) thrown at [C:\workspace\8-2-build-windows-amd64-cygwin\jdk8u31\2394\hotspot\src\share\vm\prims\jvm.cpp, line 1312]
Event: 0.338 Thread 0x0000000016964800 Exception <a 'java/security/PrivilegedActionException'> (0x00000000eb1f6c30) thrown at [C:\workspace\8-2-build-windows-amd64-cygwin\jdk8u31\2394\hotspot\src\share\vm\prims\jvm.cpp, line 1312]
Event: 0.342 Thread 0x0000000016964800 Exception <a 'java/security/PrivilegedActionException'> (0x00000000eb217e48) thrown at [C:\workspace\8-2-build-windows-amd64-cygwin\jdk8u31\2394\hotspot\src\share\vm\prims\jvm.cpp, line 1312]
Event: 0.355 Thread 0x0000000016964800 Exception <a 'java/security/PrivilegedActionException'> (0x00000000eb6e6438) thrown at [C:\workspace\8-2-build-windows-amd64-cygwin\jdk8u31\2394\hotspot\src\share\vm\prims\jvm.cpp, line 1312]
Event: 0.367 Thread 0x0000000016964800 Exception <a 'java/security/PrivilegedActionException'> (0x00000000eb70deb0) thrown at [C:\workspace\8-2-build-windows-amd64-cygwin\jdk8u31\2394\hotspot\src\share\vm\prims\jvm.cpp, line 1312]
Event: 0.462 Thread 0x000000001695e800 Exception <a 'java/security/PrivilegedActionException'> (0x00000000eb92c950) thrown at [C:\workspace\8-2-build-windows-amd64-cygwin\jdk8u31\2394\hotspot\src\share\vm\prims\jvm.cpp, line 1312]
Event: 0.502 Thread 0x0000000016964800 Implicit null exception at 0x0000000002de4747 to 0x0000000002de66fd

Events (10 events):
Event: 0.617 Thread 0x000000001695e800 DEOPT PACKING pc=0x0000000002e5ec14 sp=0x00000000170ee9e0
Event: 0.617 Thread 0x000000001695e800 DEOPT UNPACKING pc=0x0000000002b1556a sp=0x00000000170ee978 mode 2
Event: 0.617 Thread 0x000000001695e800 Uncommon trap: trap_request=0xffffffde fr.pc=0x0000000002e5ec14
Event: 0.617 Thread 0x000000001695e800 DEOPT PACKING pc=0x0000000002e5ec14 sp=0x00000000170eeb40
Event: 0.617 Thread 0x000000001695e800 DEOPT UNPACKING pc=0x0000000002b1556a sp=0x00000000170eead8 mode 2
Event: 0.819 Executing VM operation: ForceSafepoint
Event: 0.819 Executing VM operation: ForceSafepoint done
Event: 0.824 Thread 0x000000001695e800 Uncommon trap: trap_request=0xffffffde fr.pc=0x0000000002d5bebc
Event: 0.824 Thread 0x000000001695e800 DEOPT PACKING pc=0x0000000002d5bebc sp=0x00000000170edc10
Event: 0.824 Thread 0x000000001695e800 DEOPT UNPACKING pc=0x0000000002b1556a sp=0x00000000170ed988 mode 2


Dynamic libraries:
0x00007ff61d850000 - 0x00007ff61d884000 	C:\Program Files\Java\jdk1.8.0_31\bin\java.exe
0x00007ffa8d2a0000 - 0x00007ffa8d471000 	C:\WINDOWS\SYSTEM32\ntdll.dll
0x00007ffa8b1a0000 - 0x00007ffa8b24c000 	C:\WINDOWS\System32\KERNEL32.DLL
0x00007ffa8a1e0000 - 0x00007ffa8a3fd000 	C:\WINDOWS\System32\KERNELBASE.dll
0x00007ffa8b330000 - 0x00007ffa8b3d2000 	C:\WINDOWS\System32\ADVAPI32.dll
0x00007ffa8d0d0000 - 0x00007ffa8d16e000 	C:\WINDOWS\System32\msvcrt.dll
0x00007ffa8ab90000 - 0x00007ffa8abe9000 	C:\WINDOWS\System32\sechost.dll
0x00007ffa8d170000 - 0x00007ffa8d291000 	C:\WINDOWS\System32\RPCRT4.dll
0x00007ffa8b020000 - 0x00007ffa8b185000 	C:\WINDOWS\System32\USER32.dll
0x00007ffa8a470000 - 0x00007ffa8a48e000 	C:\WINDOWS\System32\win32u.dll
0x00007ffa8b250000 - 0x00007ffa8b284000 	C:\WINDOWS\System32\GDI32.dll
0x00007ffa8a490000 - 0x00007ffa8a612000 	C:\WINDOWS\System32\gdi32full.dll
0x00007ffa7c4b0000 - 0x00007ffa7c72a000 	C:\WINDOWS\WinSxS\amd64_microsoft.windows.common-controls_6595b64144ccf1df_6.0.14393.953_none_42151e83c686086b\COMCTL32.dll
0x00007ffa8a860000 - 0x00007ffa8ab28000 	C:\WINDOWS\System32\combase.dll
0x00007ffa8a620000 - 0x00007ffa8a715000 	C:\WINDOWS\System32\ucrtbase.dll
0x00007ffa8a400000 - 0x00007ffa8a46a000 	C:\WINDOWS\System32\bcryptPrimitives.dll
0x00007ffa8a830000 - 0x00007ffa8a85e000 	C:\WINDOWS\System32\IMM32.DLL
0x0000000065330000 - 0x0000000065402000 	C:\Program Files\Java\jdk1.8.0_31\jre\bin\msvcr100.dll
0x0000000064ad0000 - 0x000000006532a000 	C:\Program Files\Java\jdk1.8.0_31\jre\bin\server\jvm.dll
0x00007ffa8b190000 - 0x00007ffa8b198000 	C:\WINDOWS\System32\PSAPI.DLL
0x00007ffa86a30000 - 0x00007ffa86a39000 	C:\WINDOWS\SYSTEM32\WSOCK32.dll
0x00007ffa8b580000 - 0x00007ffa8b5ea000 	C:\WINDOWS\System32\WS2_32.dll
0x00007ffa87700000 - 0x00007ffa87723000 	C:\WINDOWS\SYSTEM32\WINMM.dll
0x00007ffa876a0000 - 0x00007ffa876cb000 	C:\WINDOWS\SYSTEM32\WINMMBASE.dll
0x00007ffa8a190000 - 0x00007ffa8a1d2000 	C:\WINDOWS\System32\cfgmgr32.dll
0x0000000066170000 - 0x000000006617f000 	C:\Program Files\Java\jdk1.8.0_31\jre\bin\verify.dll
0x0000000066140000 - 0x0000000066168000 	C:\Program Files\Java\jdk1.8.0_31\jre\bin\java.dll
0x0000000066120000 - 0x0000000066136000 	C:\Program Files\Java\jdk1.8.0_31\jre\bin\zip.dll
0x00007ffa8b690000 - 0x00007ffa8cb98000 	C:\WINDOWS\System32\SHELL32.dll
0x00007ffa89790000 - 0x00007ffa89e6a000 	C:\WINDOWS\System32\windows.storage.dll
0x00007ffa89700000 - 0x00007ffa8974c000 	C:\WINDOWS\System32\powrprof.dll
0x00007ffa8cd70000 - 0x00007ffa8cdc2000 	C:\WINDOWS\System32\shlwapi.dll
0x00007ffa89780000 - 0x00007ffa8978f000 	C:\WINDOWS\System32\kernel.appcore.dll
0x00007ffa8a0e0000 - 0x00007ffa8a189000 	C:\WINDOWS\System32\shcore.dll
0x00007ffa89760000 - 0x00007ffa89774000 	C:\WINDOWS\System32\profapi.dll

VM Arguments:
jvm_args: -Djava.awt.headless=true -Xmx1024M -Dfile.encoding=GBK -Duser.country=CN -Duser.language=zh -Duser.variant 
java_command: com.android.dx.command.Main --dex --num-threads=4 --output G:\BaiduNetdiskDownload\BaseProject\BaseProject\app\build\intermediates\pre-dexed\debug\gifdecoder-4.0.0-RC0_0a5d3c58c7b085ea3ecd7ba540aebb870a49c336.jar C:\Users\SEELE\.gradle\caches\modules-2\files-2.1\com.github.bumptech.glide\gifdecoder\4.0.0-RC0\c64f5d4805b528de434a5a8bb9a8091b6f9cd1a7\gifdecoder-4.0.0-RC0.jar
java_class_path (initial): E:\AndroidStudio\Sdk\build-tools\25.0.0\lib\dx.jar
Launcher Type: SUN_STANDARD

Environment Variables:
JAVA_HOME=C:\Program Files\Java\jdk1.8.0_31
CLASSPATH=.;C:\Program Files\Java\jdk1.8.0_31\lib\dt.jar;C:\Program Files\Java\jdk1.8.0_31\lib\tools.jar;
PATH=C:\ProgramData\Oracle\Java\javapath;C:\WINDOWS\system32;C:\WINDOWS;C:\WINDOWS\System32\Wbem;C:\WINDOWS\System32\WindowsPowerShell\v1.0\;C:\Program Files\Java\jdk1.8.0_73\bin;C:\Program Files\TortoiseSVN\bin;E:\VisualSVN Server\bin;C:\Program Files\Java\jdk1.8.0_31\bin;G:\java\jdk\bin
USERNAME=SEELE
OS=Windows_NT
PROCESSOR_IDENTIFIER=Intel64 Family 6 Model 158 Stepping 9, GenuineIntel



---------------  S Y S T E M  ---------------

OS: Windows 8.1 , 64 bit Build 9600 

CPU:total 4 (4 cores per cpu, 1 threads per core) family 6 model 158 stepping 9, cmov, cx8, fxsr, mmx, sse, sse2, sse3, ssse3, sse4.1, sse4.2, popcnt, avx, avx2, aes, clmul, erms, rtm, lzcnt, tsc, tscinvbit, bmi1, bmi2

Memory: 4k page, physical 8305452k(1398796k free), swap 14798260k(4592k free)

vm_info: Java HotSpot(TM) 64-Bit Server VM (25.31-b07) for windows-amd64 JRE (1.8.0_31-b13), built on Dec 17 2014 21:00:28 by "java_re" with MS VC++ 10.0 (VS2010)

time: Tue Jul 18 20:19:41 2017
elapsed time: 0 seconds (0d 0h 0m 0s)

